2025-04-17T20:57:32.636908 [DEBUG] [14411]model.hpp:122:processVertices > mesh预加载骨骼名称#骨骼 id#0 offset#
1#0#0#0#
0#1#0#0#
0#0#1#0#
0#0#0#1#
2025-04-17T20:57:32.640580 [DEBUG] [14411]model.hpp:122:processVertices > mesh预加载骨骼名称#骨骼 id#0 offset#
1#0#0#0#
0#1#0#0#
0#0#1#0#
0#0#0#1#
2025-04-17T20:57:32.643263 [DEBUG] [14411]animation.hpp:56:readKeyFrames > 本动画所有有关骨骼名称#骨架 id#1 offset#
1#0#0#0#
0#1#0#0#
0#0#1#0#
0#0#0#1#
2025-04-17T20:57:32.643316 [DEBUG] [14411]keyframe.hpp:50:KeyFrame > 0 tickStamp#0 pos#
0#0#0#
2025-04-17T20:57:32.643353 [DEBUG] [14411]keyframe.hpp:50:KeyFrame > 1 tickStamp#19 pos#
0#0#0#
2025-04-17T20:57:32.643379 [DEBUG] [14411]keyframe.hpp:63:KeyFrame > 0 tickStamp#0 ort#
-0.707107#0#0#0.707107#
2025-04-17T20:57:32.643413 [DEBUG] [14411]keyframe.hpp:63:KeyFrame > 1 tickStamp#19 ort#
-0.707107#0#0#0.707107#
2025-04-17T20:57:32.643433 [DEBUG] [14411]keyframe.hpp:77:KeyFrame > 0 tickStamp#0 scl#
1#1#1#
2025-04-17T20:57:32.643456 [DEBUG] [14411]keyframe.hpp:77:KeyFrame > 1 tickStamp#19 scl#
1#1#1#
2025-04-17T20:57:32.643486 [DEBUG] [14411]animation.hpp:56:readKeyFrames > 本动画所有有关骨骼名称#骨骼 id#0 offset#
1#0#0#0#
0#1#0#0#
0#0#1#0#
0#0#0#1#
2025-04-17T20:57:32.643534 [DEBUG] [14411]keyframe.hpp:50:KeyFrame > 0 tickStamp#0 pos#
0#0#0#
2025-04-17T20:57:32.643549 [DEBUG] [14411]keyframe.hpp:50:KeyFrame > 1 tickStamp#1 pos#
0#0#0#
2025-04-17T20:57:32.643561 [DEBUG] [14411]keyframe.hpp:50:KeyFrame > 2 tickStamp#2 pos#
0#0#0#
2025-04-17T20:57:32.643576 [DEBUG] [14411]keyframe.hpp:50:KeyFrame > 3 tickStamp#3 pos#
0#0#0#
2025-04-17T20:57:32.643588 [DEBUG] [14411]keyframe.hpp:50:KeyFrame > 4 tickStamp#4 pos#
0#0#0#
2025-04-17T20:57:32.643601 [DEBUG] [14411]keyframe.hpp:50:KeyFrame > 5 tickStamp#5 pos#
0#0#0#
2025-04-17T20:57:32.643615 [DEBUG] [14411]keyframe.hpp:50:KeyFrame > 6 tickStamp#6 pos#
0#0#0#
2025-04-17T20:57:32.643630 [DEBUG] [14411]keyframe.hpp:50:KeyFrame > 7 tickStamp#7 pos#
0#0#0#
2025-04-17T20:57:32.643643 [DEBUG] [14411]keyframe.hpp:50:KeyFrame > 8 tickStamp#8 pos#
0#0#0#
2025-04-17T20:57:32.643658 [DEBUG] [14411]keyframe.hpp:50:KeyFrame > 9 tickStamp#9 pos#
0#0#0#
2025-04-17T20:57:32.643670 [DEBUG] [14411]keyframe.hpp:50:KeyFrame > 10 tickStamp#10 pos#
0#0#0#
2025-04-17T20:57:32.643686 [DEBUG] [14411]keyframe.hpp:50:KeyFrame > 11 tickStamp#11 pos#
0#0#0#
2025-04-17T20:57:32.643698 [DEBUG] [14411]keyframe.hpp:50:KeyFrame > 12 tickStamp#12 pos#
0#0#0#
2025-04-17T20:57:32.643712 [DEBUG] [14411]keyframe.hpp:50:KeyFrame > 13 tickStamp#13 pos#
0#0#0#
2025-04-17T20:57:32.643726 [DEBUG] [14411]keyframe.hpp:50:KeyFrame > 14 tickStamp#14 pos#
0#0#0#
2025-04-17T20:57:32.643740 [DEBUG] [14411]keyframe.hpp:50:KeyFrame > 15 tickStamp#15 pos#
0#0#0#
2025-04-17T20:57:32.643752 [DEBUG] [14411]keyframe.hpp:50:KeyFrame > 16 tickStamp#16 pos#
0#0#0#
2025-04-17T20:57:32.643768 [DEBUG] [14411]keyframe.hpp:50:KeyFrame > 17 tickStamp#17 pos#
0#0#0#
2025-04-17T20:57:32.643780 [DEBUG] [14411]keyframe.hpp:50:KeyFrame > 18 tickStamp#18 pos#
0#0#0#
2025-04-17T20:57:32.643796 [DEBUG] [14411]keyframe.hpp:50:KeyFrame > 19 tickStamp#19 pos#
0#0#0#
2025-04-17T20:57:32.643809 [DEBUG] [14411]keyframe.hpp:63:KeyFrame > 0 tickStamp#0 ort#
0.707107#0#0#0.707107#
2025-04-17T20:57:32.643825 [DEBUG] [14411]keyframe.hpp:63:KeyFrame > 1 tickStamp#1 ort#
0.706895#-0.0173156#-0.0173156#0.706895#
2025-04-17T20:57:32.643842 [DEBUG] [14411]keyframe.hpp:63:KeyFrame > 2 tickStamp#2 ort#
0.70409#-0.0652425#-0.0652425#0.704091#
2025-04-17T20:57:32.643859 [DEBUG] [14411]keyframe.hpp:63:KeyFrame > 3 tickStamp#3 ort#
0.693589#-0.1376#-0.1376#0.693589#
2025-04-17T20:57:32.643874 [DEBUG] [14411]keyframe.hpp:63:KeyFrame > 4 tickStamp#4 ort#
0.670303#-0.225153#-0.225153#0.670303#
2025-04-17T20:57:32.643890 [DEBUG] [14411]keyframe.hpp:63:KeyFrame > 5 tickStamp#5 ort#
0.633183#-0.314769#-0.314769#0.633183#
2025-04-17T20:57:32.643906 [DEBUG] [14411]keyframe.hpp:63:KeyFrame > 6 tickStamp#6 ort#
0.58774#-0.393144#-0.393144#0.58774#
2025-04-17T20:57:32.643924 [DEBUG] [14411]keyframe.hpp:63:KeyFrame > 7 tickStamp#7 ort#
0.544001#-0.451734#-0.451734#0.544001#
2025-04-17T20:57:32.643938 [DEBUG] [14411]keyframe.hpp:63:KeyFrame > 8 tickStamp#8 ort#
0.512094#-0.487606#-0.487606#0.512094#
2025-04-17T20:57:32.643983 [DEBUG] [14411]keyframe.hpp:63:KeyFrame > 9 tickStamp#9 ort#
-0.5#0.5#0.5#-0.5#
2025-04-17T20:57:32.643997 [DEBUG] [14411]keyframe.hpp:63:KeyFrame > 10 tickStamp#10 ort#
0.51419#-0.485395#-0.485395#0.51419#
2025-04-17T20:57:32.644016 [DEBUG] [14411]keyframe.hpp:63:KeyFrame > 11 tickStamp#11 ort#
0.554314#-0.439017#-0.439017#0.554314#
2025-04-17T20:57:32.644043 [DEBUG] [14411]keyframe.hpp:63:KeyFrame > 12 tickStamp#12 ort#
0.614847#-0.349233#-0.349233#0.614847#
2025-04-17T20:57:32.644068 [DEBUG] [14411]keyframe.hpp:63:KeyFrame > 13 tickStamp#13 ort#
0.678027#-0.200696#-0.200696#0.678027#
2025-04-17T20:57:32.644084 [DEBUG] [14411]keyframe.hpp:63:KeyFrame > 14 tickStamp#14 ort#
0.707107#8.9407e-08#8.9407e-08#0.707107#
2025-04-17T20:57:32.644104 [DEBUG] [14411]keyframe.hpp:63:KeyFrame > 15 tickStamp#15 ort#
0.678027#0.200696#0.200696#0.678027#
2025-04-17T20:57:32.644119 [DEBUG] [14411]keyframe.hpp:63:KeyFrame > 16 tickStamp#16 ort#
0.614847#0.349233#0.349233#0.614847#
2025-04-17T20:57:32.644134 [DEBUG] [14411]keyframe.hpp:63:KeyFrame > 17 tickStamp#17 ort#
0.554314#0.439017#0.439017#0.554314#
2025-04-17T20:57:32.644150 [DEBUG] [14411]keyframe.hpp:63:KeyFrame > 18 tickStamp#18 ort#
0.51419#0.485395#0.485395#0.51419#
2025-04-17T20:57:32.644168 [DEBUG] [14411]keyframe.hpp:63:KeyFrame > 19 tickStamp#19 ort#
0.5#0.5#0.5#0.5#
2025-04-17T20:57:32.644185 [DEBUG] [14411]keyframe.hpp:77:KeyFrame > 0 tickStamp#0 scl#
1#1#1#
2025-04-17T20:57:32.644200 [DEBUG] [14411]keyframe.hpp:77:KeyFrame > 1 tickStamp#1 scl#
1#1#1#
2025-04-17T20:57:32.644214 [DEBUG] [14411]keyframe.hpp:77:KeyFrame > 2 tickStamp#2 scl#
1#1#1#
2025-04-17T20:57:32.644229 [DEBUG] [14411]keyframe.hpp:77:KeyFrame > 3 tickStamp#3 scl#
1#1#1#
2025-04-17T20:57:32.644242 [DEBUG] [14411]keyframe.hpp:77:KeyFrame > 4 tickStamp#4 scl#
1#1#1#
2025-04-17T20:57:32.644259 [DEBUG] [14411]keyframe.hpp:77:KeyFrame > 5 tickStamp#5 scl#
1#1#1#
2025-04-17T20:57:32.644271 [DEBUG] [14411]keyframe.hpp:77:KeyFrame > 6 tickStamp#6 scl#
1#1#1#
2025-04-17T20:57:32.644284 [DEBUG] [14411]keyframe.hpp:77:KeyFrame > 7 tickStamp#7 scl#
1#1#1#
2025-04-17T20:57:32.644299 [DEBUG] [14411]keyframe.hpp:77:KeyFrame > 8 tickStamp#8 scl#
1#1#1#
2025-04-17T20:57:32.644312 [DEBUG] [14411]keyframe.hpp:77:KeyFrame > 9 tickStamp#9 scl#
1#1#1#
2025-04-17T20:57:32.644325 [DEBUG] [14411]keyframe.hpp:77:KeyFrame > 10 tickStamp#10 scl#
1#1#1#
2025-04-17T20:57:32.644340 [DEBUG] [14411]keyframe.hpp:77:KeyFrame > 11 tickStamp#11 scl#
1#1#1#
2025-04-17T20:57:32.644353 [DEBUG] [14411]keyframe.hpp:77:KeyFrame > 12 tickStamp#12 scl#
1#1#1#
2025-04-17T20:57:32.644371 [DEBUG] [14411]keyframe.hpp:77:KeyFrame > 13 tickStamp#13 scl#
1#1#1#
2025-04-17T20:57:32.644399 [DEBUG] [14411]keyframe.hpp:77:KeyFrame > 14 tickStamp#14 scl#
1#1#1#
2025-04-17T20:57:32.644419 [DEBUG] [14411]keyframe.hpp:77:KeyFrame > 15 tickStamp#15 scl#
1#1#1#
2025-04-17T20:57:32.644433 [DEBUG] [14411]keyframe.hpp:77:KeyFrame > 16 tickStamp#16 scl#
1#1#1#
2025-04-17T20:57:32.644447 [DEBUG] [14411]keyframe.hpp:77:KeyFrame > 17 tickStamp#17 scl#
1#1#1#
2025-04-17T20:57:32.644464 [DEBUG] [14411]keyframe.hpp:77:KeyFrame > 18 tickStamp#18 scl#
1#1#1#
2025-04-17T20:57:32.644479 [DEBUG] [14411]keyframe.hpp:77:KeyFrame > 19 tickStamp#19 scl#
1#1#1#
2025-04-17T20:57:32.644527 [INFO ] [14411]animator.hpp:36:Animator > 骨架|Action
2025-04-17T20:57:32.644663 [INFO ] [14411]animator.hpp:58:setCurAnimation > Set animation: 骨架|Action, duration: 19, ticks/s: 24
2025-04-17T20:57:32.644700 [DEBUG] [14411]animator.hpp:82:calculateFinalTransform > 当前节点名称#骨骼
2025-04-17T20:57:32.644742 [DEBUG] [14411]keyframe.hpp:95:interpolate > 模型变换矩阵#
1#0#0#0#
0#1.78814e-07#-1#0#
0#1#1.78814e-07#0#
0#0#0#1#
2025-04-17T20:57:32.648282 [DEBUG] [14411]animator.hpp:82:calculateFinalTransform > 当前节点名称#骨骼
2025-04-17T20:57:32.648339 [DEBUG] [14411]keyframe.hpp:95:interpolate > 模型变换矩阵#
0.913948#1.93715e-07#-0.405831#0#
-0.405831#8.34465e-07#-0.913948#0#
1.93715e-07#1#8.34465e-07#0#
0#0#0#1#
2025-04-17T20:57:32.677857 [DEBUG] [14411]animator.hpp:82:calculateFinalTransform > 当前节点名称#骨骼
2025-04-17T20:57:32.677929 [DEBUG] [14411]keyframe.hpp:95:interpolate > 模型变换矩阵#
0.848499#-1.19209e-07#-0.529197#0#
-0.529197#-2.38419e-07#-0.848499#0#
2.98023e-08#1#-2.38419e-07#0#
0#0#0#1#
2025-04-17T20:57:32.680613 [DEBUG] [14411]animator.hpp:82:calculateFinalTransform > 当前节点名称#骨骼
2025-04-17T20:57:32.680783 [DEBUG] [14411]keyframe.hpp:95:interpolate > 模型变换矩阵#
0.711364#0#-0.702824#0#
-0.702824#0#-0.711364#0#
0#1#0#0#
0#0#0#1#
2025-04-17T20:57:32.697198 [DEBUG] [14411]animator.hpp:82:calculateFinalTransform > 当前节点名称#骨骼
2025-04-17T20:57:32.697317 [DEBUG] [14411]keyframe.hpp:95:interpolate > 模型变换矩阵#
0.69198#-8.9407e-08#-0.721916#0#
-0.721916#0#-0.69198#0#
8.9407e-08#1#0#0#
0#0#0#1#
2025-04-17T20:57:32.714382 [DEBUG] [14411]animator.hpp:82:calculateFinalTransform > 当前节点名称#骨骼
2025-04-17T20:57:32.714611 [DEBUG] [14411]keyframe.hpp:95:interpolate > 模型变换矩阵#
0.608996#-1.78814e-07#-0.793173#0#
-0.793173#-1.19209e-07#-0.608997#0#
1.19209e-07#1#-2.38419e-07#0#
0#0#0#1#
2025-04-17T20:57:32.888621 [DEBUG] [14411]animator.hpp:82:calculateFinalTransform > 当前节点名称#骨骼
2025-04-17T20:57:32.888690 [DEBUG] [14411]keyframe.hpp:95:interpolate > 模型变换矩阵#
0.521784#-1.19209e-07#-0.853078#0#
-0.853078#-2.38419e-07#-0.521784#0#
2.98023e-08#1#-2.38419e-07#0#
0#0#0#1#
2025-04-17T20:57:32.916343 [DEBUG] [14411]animator.hpp:82:calculateFinalTransform > 当前节点名称#骨骼
2025-04-17T20:57:32.916435 [DEBUG] [14411]keyframe.hpp:95:interpolate > 模型变换矩阵#
-0.340029#1.78814e-07#-0.940415#0#
-0.940415#1.19209e-07#0.340029#0#
1.78814e-07#1#1.19209e-07#0#
0#0#0#1#
2025-04-17T20:57:32.916731 [DEBUG] [14411]animator.hpp:82:calculateFinalTransform > 当前节点名称#骨骼
2025-04-17T20:57:32.916777 [DEBUG] [14411]keyframe.hpp:95:interpolate > 模型变换矩阵#
-0.251891#4.17232e-07#-0.967756#0#
-0.967756#2.98023e-07#0.251891#0#
5.06639e-07#1#1.78814e-07#0#
0#0#0#1#
2025-04-17T20:57:32.929921 [DEBUG] [14411]animator.hpp:82:calculateFinalTransform > 当前节点名称#骨骼
2025-04-17T20:57:32.930030 [DEBUG] [14411]keyframe.hpp:95:interpolate > 模型变换矩阵#
-0.0609459#-1.49012e-07#-0.998141#0#
-0.998141#-1.19209e-07#0.0609459#0#
-1.49012e-07#1#-1.19209e-07#0#
0#0#0#1#
2025-04-17T20:57:32.946962 [DEBUG] [14411]animator.hpp:82:calculateFinalTransform > 当前节点名称#骨骼
2025-04-17T20:57:32.947193 [DEBUG] [14411]keyframe.hpp:95:interpolate > 模型变换矩阵#
0.0897856#-1.49012e-07#-0.995961#0#
-0.995961#-3.57628e-07#-0.0897857#0#
-2.68221e-07#1#-2.38419e-07#0#
0#0#0#1#
2025-04-17T20:57:32.963878 [DEBUG] [14411]animator.hpp:82:calculateFinalTransform > 当前节点名称#骨骼
2025-04-17T20:57:32.964092 [DEBUG] [14411]keyframe.hpp:95:interpolate > 模型变换矩阵#
0.223934#3.57628e-07#-0.974604#0#
-0.974604#2.98023e-07#-0.223934#0#
1.49012e-07#1#4.76837e-07#0#
0#0#0#1#
2025-04-17T20:57:32.980644 [DEBUG] [14411]animator.hpp:82:calculateFinalTransform > 当前节点名称#骨骼
2025-04-17T20:57:32.980844 [DEBUG] [14411]keyframe.hpp:95:interpolate > 模型变换矩阵#
0.339379#2.98023e-07#-0.94065#0#
-0.94065#1.78814e-07#-0.339379#0#
8.9407e-08#1#3.57628e-07#0#
0#0#0#1#
2025-04-17T20:57:32.997304 [DEBUG] [14411]animator.hpp:82:calculateFinalTransform > 当前节点名称#骨骼
2025-04-17T20:57:32.997527 [DEBUG] [14411]keyframe.hpp:95:interpolate > 模型变换矩阵#
0.452539#2.38419e-07#-0.891745#0#
-0.891745#-1.19209e-07#-0.452539#0#
-5.96046e-08#1#1.19209e-07#0#
0#0#0#1#
2025-04-17T20:57:33.013947 [DEBUG] [14411]animator.hpp:82:calculateFinalTransform > 当前节点名称#骨骼
2025-04-17T20:57:33.014121 [DEBUG] [14411]keyframe.hpp:95:interpolate > 模型变换矩阵#
0.580266#1.49012e-07#-0.814427#0#
-0.814427#0#-0.580266#0#
-8.9407e-08#1#5.96046e-08#0#
0#0#0#1#
2025-04-17T20:57:33.030578 [DEBUG] [14411]animator.hpp:82:calculateFinalTransform > 当前节点名称#骨骼
2025-04-17T20:57:33.030778 [DEBUG] [14411]keyframe.hpp:95:interpolate > 模型变换矩阵#
0.718604#8.9407e-08#-0.695419#0#
-0.695419#-1.19209e-07#-0.718604#0#
-8.9407e-08#1#0#0#
0#0#0#1#
2025-04-17T20:57:33.047186 [DEBUG] [14411]animator.hpp:82:calculateFinalTransform > 当前节点名称#骨骼
2025-04-17T20:57:33.047418 [DEBUG] [14411]keyframe.hpp:95:interpolate > 模型变换矩阵#
0.832937#0#-0.553368#0#
-0.553368#-2.38419e-07#-0.832937#0#
-5.96046e-08#1#-2.38419e-07#0#
0#0#0#1#
2025-04-17T20:57:33.064157 [DEBUG] [14411]animator.hpp:82:calculateFinalTransform > 当前节点名称#骨骼
2025-04-17T20:57:33.064338 [DEBUG] [14411]keyframe.hpp:95:interpolate > 模型变换矩阵#
0.935944#4.47035e-08#-0.352148#0#
-0.352148#0#-0.935944#0#
-1.49012e-08#1#0#0#
0#0#0#1#
2025-04-17T20:57:33.080619 [DEBUG] [14411]animator.hpp:82:calculateFinalTransform > 当前节点名称#骨骼
2025-04-17T20:57:33.080815 [DEBUG] [14411]keyframe.hpp:95:interpolate > 模型变换矩阵#
0.992173#2.6077e-08#-0.124868#0#
-0.124868#1.78814e-07#-0.992173#0#
3.72529e-09#1#1.78814e-07#0#
0#0#0#1#
2025-04-17T20:57:33.097214 [DEBUG] [14411]animator.hpp:82:calculateFinalTransform > 当前节点名称#骨骼
2025-04-17T20:57:33.097398 [DEBUG] [14411]keyframe.hpp:95:interpolate > 模型变换矩阵#
0.99481#-2.23517e-08#0.101749#0#
0.101749#1.78814e-07#-0.99481#0#
0#1#1.78814e-07#0#
0#0#0#1#
2025-04-17T20:57:33.113803 [DEBUG] [14411]animator.hpp:82:calculateFinalTransform > 当前节点名称#骨骼
2025-04-17T20:57:33.113987 [DEBUG] [14411]keyframe.hpp:95:interpolate > 模型变换矩阵#
0.945683#-5.96046e-08#0.325089#0#
0.325089#1.78814e-07#-0.945683#0#
0#1#2.38419e-07#0#
0#0#0#1#
2025-04-17T20:57:33.129773 [DEBUG] [14411]animator.hpp:82:calculateFinalTransform > 当前节点名称#骨骼
2025-04-17T20:57:33.129865 [DEBUG] [14411]keyframe.hpp:95:interpolate > 模型变换矩阵#
0.847027#-8.9407e-08#0.53155#0#
0.53155#0#-0.847027#0#
2.98023e-08#1#5.96046e-08#0#
0#0#0#1#
2025-04-17T20:57:33.147247 [DEBUG] [14411]animator.hpp:82:calculateFinalTransform > 当前节点名称#骨骼
2025-04-17T20:57:33.147551 [DEBUG] [14411]keyframe.hpp:95:interpolate > 模型变换矩阵#
0.739032#-1.19209e-07#0.67367#0#
0.67367#0#-0.739033#0#
0#1#0#0#
0#0#0#1#
2025-04-17T20:57:33.164016 [DEBUG] [14411]animator.hpp:82:calculateFinalTransform > 当前节点名称#骨骼
2025-04-17T20:57:33.164193 [DEBUG] [14411]keyframe.hpp:95:interpolate > 模型变换矩阵#
0.597306#-1.78814e-07#0.802013#0#
0.802013#1.19209e-07#-0.597306#0#
2.98023e-08#1#2.38419e-07#0#
0#0#0#1#
2025-04-17T20:57:33.180727 [DEBUG] [14411]animator.hpp:82:calculateFinalTransform > 当前节点名称#骨骼
2025-04-17T20:57:33.180930 [DEBUG] [14411]keyframe.hpp:95:interpolate > 模型变换矩阵#
0.46446#-2.38419e-07#0.885594#0#
0.885594#1.19209e-07#-0.46446#0#
-2.98023e-08#1#2.38419e-07#0#
0#0#0#1#
2025-04-17T20:57:33.197308 [DEBUG] [14411]animator.hpp:82:calculateFinalTransform > 当前节点名称#骨骼
2025-04-17T20:57:33.197602 [DEBUG] [14411]keyframe.hpp:95:interpolate > 模型变换矩阵#
0.352198#-2.98023e-07#0.935925#0#
0.935926#5.96046e-08#-0.352198#0#
-8.9407e-08#1#2.38419e-07#0#
0#0#0#1#
2025-04-17T20:57:33.213848 [DEBUG] [14411]animator.hpp:82:calculateFinalTransform > 当前节点名称#骨骼
2025-04-17T20:57:33.214114 [DEBUG] [14411]keyframe.hpp:95:interpolate > 模型变换矩阵#
0.235794#-3.27826e-07#0.971803#0#
0.971803#1.19209e-07#-0.235794#0#
-1.78814e-07#1#2.38419e-07#0#
0#0#0#1#
2025-04-17T20:57:33.229854 [DEBUG] [14411]animator.hpp:82:calculateFinalTransform > 当前节点名称#骨骼
2025-04-17T20:57:33.230032 [DEBUG] [14411]keyframe.hpp:95:interpolate > 模型变换矩阵#
0.165319#-2.08616e-07#0.98624#0#
0.98624#0#-0.165319#0#
-2.98023e-08#1#1.78814e-07#0#
0#0#0#1#
2025-04-17T20:57:33.246491 [DEBUG] [14411]animator.hpp:82:calculateFinalTransform > 当前节点名称#骨骼
2025-04-17T20:57:33.246579 [DEBUG] [14411]keyframe.hpp:95:interpolate > 模型变换矩阵#
0.0992482#0#0.995063#0#
0.995063#-2.38419e-07#-0.0992482#0#
2.08616e-07#1#0#0#
0#0#0#1#
2025-04-17T20:57:33.263195 [DEBUG] [14411]animator.hpp:82:calculateFinalTransform > 当前节点名称#骨骼
2025-04-17T20:57:33.263284 [DEBUG] [14411]keyframe.hpp:95:interpolate > 模型变换矩阵#
0.0484302#8.9407e-08#0.998827#0#
0.998827#-2.38419e-07#-0.0484302#0#
2.68221e-07#1#-1.19209e-07#0#
0#0#0#1#
2025-04-17T20:57:33.280054 [DEBUG] [14411]animator.hpp:82:calculateFinalTransform > 当前节点名称#骨骼
2025-04-17T20:57:33.280139 [DEBUG] [14411]keyframe.hpp:95:interpolate > 模型变换矩阵#
0.0253919#-2.98023e-08#0.999678#0#
0.999678#-3.57628e-07#-0.0253921#0#
2.68221e-07#1#-1.19209e-07#0#
0#0#0#1#
2025-04-17T20:57:33.296842 [DEBUG] [14411]animator.hpp:82:calculateFinalTransform > 当前节点名称#骨骼
2025-04-17T20:57:33.296978 [DEBUG] [14411]keyframe.hpp:95:interpolate > 模型变换矩阵#
0.00208259#-1.78814e-07#0.999998#0#
0.999998#-2.38419e-07#-0.00208265#0#
1.78814e-07#1#1.19209e-07#0#
0#0#0#1#
