2025-04-17T22:13:24.209778 [DEBUG] [17897]model.hpp:155:processVertices > mesh预加载骨骼名称#骨骼 id#0 offset#
1#0#0#0#
0#1#0#0#
0#0#1#0#
0#0#0#1#
2025-04-17T22:13:24.214028 [DEBUG] [17897]model.hpp:155:processVertices > mesh预加载骨骼名称#骨骼 id#0 offset#
1#0#0#0#
0#1#-4.37114e-08#0#
0#4.37114e-08#1#0#
0#0#0#1#
2025-04-17T22:13:24.216745 [DEBUG] [17897]animation.hpp:56:readKeyFrames > 本动画所有有关骨骼名称#骨架 id#1 offset#
1#0#0#0#
0#1#0#0#
0#0#1#0#
0#0#0#1#
2025-04-17T22:13:24.216806 [DEBUG] [17897]keyframe.hpp:50:KeyFrame > 0 tickStamp#0 pos#
0#0#0#
2025-04-17T22:13:24.216831 [DEBUG] [17897]keyframe.hpp:50:KeyFrame > 1 tickStamp#19 pos#
0#0#0#
2025-04-17T22:13:24.216851 [DEBUG] [17897]keyframe.hpp:63:KeyFrame > 0 tickStamp#0 ort#
-0.707107#0#0#0.707107#
2025-04-17T22:13:24.216873 [DEBUG] [17897]keyframe.hpp:63:KeyFrame > 1 tickStamp#19 ort#
-0.707107#0#0#0.707107#
2025-04-17T22:13:24.216895 [DEBUG] [17897]keyframe.hpp:77:KeyFrame > 0 tickStamp#0 scl#
1#1#1#
2025-04-17T22:13:24.216915 [DEBUG] [17897]keyframe.hpp:77:KeyFrame > 1 tickStamp#19 scl#
1#1#1#
2025-04-17T22:13:24.216946 [DEBUG] [17897]animation.hpp:56:readKeyFrames > 本动画所有有关骨骼名称#骨骼 id#0 offset#
1#0#0#0#
0#1#0#0#
0#0#1#0#
0#0#0#1#
2025-04-17T22:13:24.216991 [DEBUG] [17897]keyframe.hpp:50:KeyFrame > 0 tickStamp#0 pos#
0#0#0#
2025-04-17T22:13:24.217009 [DEBUG] [17897]keyframe.hpp:50:KeyFrame > 1 tickStamp#1 pos#
0#0#0#
2025-04-17T22:13:24.217023 [DEBUG] [17897]keyframe.hpp:50:KeyFrame > 2 tickStamp#2 pos#
0#0#0#
2025-04-17T22:13:24.217042 [DEBUG] [17897]keyframe.hpp:50:KeyFrame > 3 tickStamp#3 pos#
0#0#0#
2025-04-17T22:13:24.217055 [DEBUG] [17897]keyframe.hpp:50:KeyFrame > 4 tickStamp#4 pos#
0#0#0#
2025-04-17T22:13:24.217071 [DEBUG] [17897]keyframe.hpp:50:KeyFrame > 5 tickStamp#5 pos#
0#0#0#
2025-04-17T22:13:24.217085 [DEBUG] [17897]keyframe.hpp:50:KeyFrame > 6 tickStamp#6 pos#
0#0#0#
2025-04-17T22:13:24.217107 [DEBUG] [17897]keyframe.hpp:50:KeyFrame > 7 tickStamp#7 pos#
0#0#0#
2025-04-17T22:13:24.217120 [DEBUG] [17897]keyframe.hpp:50:KeyFrame > 8 tickStamp#8 pos#
0#0#0#
2025-04-17T22:13:24.217134 [DEBUG] [17897]keyframe.hpp:50:KeyFrame > 9 tickStamp#9 pos#
0#0#0#
2025-04-17T22:13:24.217146 [DEBUG] [17897]keyframe.hpp:50:KeyFrame > 10 tickStamp#10 pos#
0#0#0#
2025-04-17T22:13:24.217164 [DEBUG] [17897]keyframe.hpp:50:KeyFrame > 11 tickStamp#11 pos#
0#0#0#
2025-04-17T22:13:24.217179 [DEBUG] [17897]keyframe.hpp:50:KeyFrame > 12 tickStamp#12 pos#
0#0#0#
2025-04-17T22:13:24.217192 [DEBUG] [17897]keyframe.hpp:50:KeyFrame > 13 tickStamp#13 pos#
0#0#0#
2025-04-17T22:13:24.217206 [DEBUG] [17897]keyframe.hpp:50:KeyFrame > 14 tickStamp#14 pos#
0#0#0#
2025-04-17T22:13:24.217221 [DEBUG] [17897]keyframe.hpp:50:KeyFrame > 15 tickStamp#15 pos#
0#0#0#
2025-04-17T22:13:24.217234 [DEBUG] [17897]keyframe.hpp:50:KeyFrame > 16 tickStamp#16 pos#
0#0#0#
2025-04-17T22:13:24.217248 [DEBUG] [17897]keyframe.hpp:50:KeyFrame > 17 tickStamp#17 pos#
0#0#0#
2025-04-17T22:13:24.217260 [DEBUG] [17897]keyframe.hpp:50:KeyFrame > 18 tickStamp#18 pos#
0#0#0#
2025-04-17T22:13:24.217278 [DEBUG] [17897]keyframe.hpp:50:KeyFrame > 19 tickStamp#19 pos#
0#0#0#
2025-04-17T22:13:24.217291 [DEBUG] [17897]keyframe.hpp:63:KeyFrame > 0 tickStamp#0 ort#
0.707107#0#0#0.707107#
2025-04-17T22:13:24.217309 [DEBUG] [17897]keyframe.hpp:63:KeyFrame > 1 tickStamp#1 ort#
0.706895#-0.0173156#-0.0173156#0.706895#
2025-04-17T22:13:24.217339 [DEBUG] [17897]keyframe.hpp:63:KeyFrame > 2 tickStamp#2 ort#
0.70409#-0.0652425#-0.0652425#0.704091#
2025-04-17T22:13:24.217362 [DEBUG] [17897]keyframe.hpp:63:KeyFrame > 3 tickStamp#3 ort#
0.693589#-0.1376#-0.1376#0.693589#
2025-04-17T22:13:24.217380 [DEBUG] [17897]keyframe.hpp:63:KeyFrame > 4 tickStamp#4 ort#
0.670303#-0.225153#-0.225153#0.670303#
2025-04-17T22:13:24.217410 [DEBUG] [17897]keyframe.hpp:63:KeyFrame > 5 tickStamp#5 ort#
0.633183#-0.314769#-0.314769#0.633183#
2025-04-17T22:13:24.217428 [DEBUG] [17897]keyframe.hpp:63:KeyFrame > 6 tickStamp#6 ort#
0.58774#-0.393144#-0.393144#0.58774#
2025-04-17T22:13:24.217445 [DEBUG] [17897]keyframe.hpp:63:KeyFrame > 7 tickStamp#7 ort#
0.544001#-0.451734#-0.451734#0.544001#
2025-04-17T22:13:24.217460 [DEBUG] [17897]keyframe.hpp:63:KeyFrame > 8 tickStamp#8 ort#
0.512094#-0.487606#-0.487606#0.512094#
2025-04-17T22:13:24.217482 [DEBUG] [17897]keyframe.hpp:63:KeyFrame > 9 tickStamp#9 ort#
-0.5#0.5#0.5#-0.5#
2025-04-17T22:13:24.217505 [DEBUG] [17897]keyframe.hpp:63:KeyFrame > 10 tickStamp#10 ort#
0.51419#-0.485395#-0.485395#0.51419#
2025-04-17T22:13:24.217522 [DEBUG] [17897]keyframe.hpp:63:KeyFrame > 11 tickStamp#11 ort#
0.554314#-0.439017#-0.439017#0.554314#
2025-04-17T22:13:24.217537 [DEBUG] [17897]keyframe.hpp:63:KeyFrame > 12 tickStamp#12 ort#
0.614847#-0.349233#-0.349233#0.614847#
2025-04-17T22:13:24.217552 [DEBUG] [17897]keyframe.hpp:63:KeyFrame > 13 tickStamp#13 ort#
0.678027#-0.200696#-0.200696#0.678027#
2025-04-17T22:13:24.217568 [DEBUG] [17897]keyframe.hpp:63:KeyFrame > 14 tickStamp#14 ort#
0.707107#8.9407e-08#8.9407e-08#0.707107#
2025-04-17T22:13:24.217585 [DEBUG] [17897]keyframe.hpp:63:KeyFrame > 15 tickStamp#15 ort#
0.678027#0.200696#0.200696#0.678027#
2025-04-17T22:13:24.217602 [DEBUG] [17897]keyframe.hpp:63:KeyFrame > 16 tickStamp#16 ort#
0.614847#0.349233#0.349233#0.614847#
2025-04-17T22:13:24.217626 [DEBUG] [17897]keyframe.hpp:63:KeyFrame > 17 tickStamp#17 ort#
0.554314#0.439017#0.439017#0.554314#
2025-04-17T22:13:24.217643 [DEBUG] [17897]keyframe.hpp:63:KeyFrame > 18 tickStamp#18 ort#
0.51419#0.485395#0.485395#0.51419#
2025-04-17T22:13:24.217660 [DEBUG] [17897]keyframe.hpp:63:KeyFrame > 19 tickStamp#19 ort#
0.5#0.5#0.5#0.5#
2025-04-17T22:13:24.217676 [DEBUG] [17897]keyframe.hpp:77:KeyFrame > 0 tickStamp#0 scl#
1#1#1#
2025-04-17T22:13:24.217691 [DEBUG] [17897]keyframe.hpp:77:KeyFrame > 1 tickStamp#1 scl#
1#1#1#
2025-04-17T22:13:24.217707 [DEBUG] [17897]keyframe.hpp:77:KeyFrame > 2 tickStamp#2 scl#
1#1#1#
2025-04-17T22:13:24.217721 [DEBUG] [17897]keyframe.hpp:77:KeyFrame > 3 tickStamp#3 scl#
1#1#1#
2025-04-17T22:13:24.217737 [DEBUG] [17897]keyframe.hpp:77:KeyFrame > 4 tickStamp#4 scl#
1#1#1#
2025-04-17T22:13:24.217752 [DEBUG] [17897]keyframe.hpp:77:KeyFrame > 5 tickStamp#5 scl#
1#1#1#
2025-04-17T22:13:24.217764 [DEBUG] [17897]keyframe.hpp:77:KeyFrame > 6 tickStamp#6 scl#
1#1#1#
2025-04-17T22:13:24.217778 [DEBUG] [17897]keyframe.hpp:77:KeyFrame > 7 tickStamp#7 scl#
1#1#1#
2025-04-17T22:13:24.217791 [DEBUG] [17897]keyframe.hpp:77:KeyFrame > 8 tickStamp#8 scl#
1#1#1#
2025-04-17T22:13:24.217806 [DEBUG] [17897]keyframe.hpp:77:KeyFrame > 9 tickStamp#9 scl#
1#1#1#
2025-04-17T22:13:24.217819 [DEBUG] [17897]keyframe.hpp:77:KeyFrame > 10 tickStamp#10 scl#
1#1#1#
2025-04-17T22:13:24.217834 [DEBUG] [17897]keyframe.hpp:77:KeyFrame > 11 tickStamp#11 scl#
1#1#1#
2025-04-17T22:13:24.217850 [DEBUG] [17897]keyframe.hpp:77:KeyFrame > 12 tickStamp#12 scl#
1#1#1#
2025-04-17T22:13:24.217864 [DEBUG] [17897]keyframe.hpp:77:KeyFrame > 13 tickStamp#13 scl#
1#1#1#
2025-04-17T22:13:24.217877 [DEBUG] [17897]keyframe.hpp:77:KeyFrame > 14 tickStamp#14 scl#
1#1#1#
2025-04-17T22:13:24.217892 [DEBUG] [17897]keyframe.hpp:77:KeyFrame > 15 tickStamp#15 scl#
1#1#1#
2025-04-17T22:13:24.217906 [DEBUG] [17897]keyframe.hpp:77:KeyFrame > 16 tickStamp#16 scl#
1#1#1#
2025-04-17T22:13:24.217919 [DEBUG] [17897]keyframe.hpp:77:KeyFrame > 17 tickStamp#17 scl#
1#1#1#
2025-04-17T22:13:24.217934 [DEBUG] [17897]keyframe.hpp:77:KeyFrame > 18 tickStamp#18 scl#
1#1#1#
2025-04-17T22:13:24.217948 [DEBUG] [17897]keyframe.hpp:77:KeyFrame > 19 tickStamp#19 scl#
1#1#1#
2025-04-17T22:13:24.217996 [INFO ] [17897]animator.hpp:36:Animator > 骨架|Action
2025-04-17T22:13:24.218100 [INFO ] [17897]animator.hpp:58:setCurAnimation > Set animation: 骨架|Action, duration: 19, ticks/s: 24
2025-04-17T22:13:24.218125 [DEBUG] [17897]animator.hpp:82:calculateFinalTransform > 当前节点名称#骨骼
2025-04-17T22:13:24.218161 [DEBUG] [17897]keyframe.hpp:95:interpolate > 模型变换矩阵#
1#0#0#0#
0#1.78814e-07#-1#0#
0#1#1.78814e-07#0#
0#0#0#1#
2025-04-17T22:13:24.222341 [DEBUG] [17897]animator.hpp:82:calculateFinalTransform > 当前节点名称#骨骼
2025-04-17T22:13:24.222425 [DEBUG] [17897]keyframe.hpp:95:interpolate > 模型变换矩阵#
0.91268#1.19209e-07#-0.408675#0#
-0.408675#4.17232e-07#-0.91268#0#
1.19209e-07#1#4.17233e-07#0#
0#0#0#1#
2025-04-17T22:13:24.247403 [DEBUG] [17897]animator.hpp:82:calculateFinalTransform > 当前节点名称#骨骼
2025-04-17T22:13:24.247464 [DEBUG] [17897]keyframe.hpp:95:interpolate > 模型变换矩阵#
0.844298#-5.96046e-08#-0.535874#0#
-0.535874#0#-0.844298#0#
2.98023e-08#1#0#0#
0#0#0#1#
2025-04-17T22:13:24.251975 [DEBUG] [17897]animator.hpp:82:calculateFinalTransform > 当前节点名称#骨骼
2025-04-17T22:13:24.252049 [DEBUG] [17897]keyframe.hpp:95:interpolate > 模型变换矩阵#
0.723968#0#-0.689834#0#
-0.689834#-1.19209e-07#-0.723968#0#
0#1#-1.19209e-07#0#
0#0#0#1#
2025-04-17T22:13:24.412828 [DEBUG] [17897]animator.hpp:82:calculateFinalTransform > 当前节点名称#骨骼
2025-04-17T22:13:24.412905 [DEBUG] [17897]keyframe.hpp:95:interpolate > 模型变换矩阵#
0.69707#-1.19209e-07#-0.717003#0#
-0.717003#-1.19209e-07#-0.69707#0#
5.96046e-08#1#-1.19209e-07#0#
0#0#0#1#
2025-04-17T22:13:24.420850 [DEBUG] [17897]animator.hpp:82:calculateFinalTransform > 当前节点名称#骨骼
2025-04-17T22:13:24.420924 [DEBUG] [17897]keyframe.hpp:95:interpolate > 模型变换矩阵#
-0.224755#1.49012e-07#-0.974415#0#
-0.974415#-1.19209e-07#0.224756#0#
-1.49012e-07#1#2.38419e-07#0#
0#0#0#1#
2025-04-17T22:13:24.428808 [DEBUG] [17897]animator.hpp:82:calculateFinalTransform > 当前节点名称#骨骼
2025-04-17T22:13:24.428890 [DEBUG] [17897]keyframe.hpp:95:interpolate > 模型变换矩阵#
-0.146589#1.19209e-07#-0.989198#0#
-0.989197#1.19209e-07#0.146589#0#
1.19209e-07#1#1.19209e-07#0#
0#0#0#1#
2025-04-17T22:13:24.445546 [DEBUG] [17897]animator.hpp:82:calculateFinalTransform > 当前节点名称#骨骼
2025-04-17T22:13:24.445640 [DEBUG] [17897]keyframe.hpp:95:interpolate > 模型变换矩阵#
-0.0589873#2.68221e-07#-0.998259#0#
-0.998259#1.19209e-07#0.0589872#0#
2.68221e-07#1#1.19209e-07#0#
0#0#0#1#
2025-04-17T22:13:24.462875 [DEBUG] [17897]animator.hpp:82:calculateFinalTransform > 当前节点名称#骨骼
2025-04-17T22:13:24.463064 [DEBUG] [17897]keyframe.hpp:95:interpolate > 模型变换矩阵#
-0.00962996#-5.96046e-08#-0.999954#0#
-0.999954#-1.19209e-07#0.00962988#0#
-5.96046e-08#1#-1.19209e-07#0#
0#0#0#1#
2025-04-17T22:13:24.478866 [DEBUG] [17897]animator.hpp:82:calculateFinalTransform > 当前节点名称#骨骼
2025-04-17T22:13:24.478936 [DEBUG] [17897]keyframe.hpp:95:interpolate > 模型变换矩阵#
0.0352297#-5.96046e-08#-0.999379#0#
-0.999379#-1.19209e-07#-0.0352297#0#
-1.78814e-07#1#0#0#
0#0#0#1#
2025-04-17T22:13:24.496402 [DEBUG] [17897]animator.hpp:82:calculateFinalTransform > 当前节点名称#骨骼
2025-04-17T22:13:24.496554 [DEBUG] [17897]keyframe.hpp:95:interpolate > 模型变换矩阵#
0.0573674#-1.19209e-07#-0.998353#0#
-0.998353#-2.38419e-07#-0.0573674#0#
-2.38419e-07#1#0#0#
0#0#0#1#
2025-04-17T22:13:24.513086 [DEBUG] [17897]animator.hpp:82:calculateFinalTransform > 当前节点名称#骨骼
2025-04-17T22:13:24.513230 [DEBUG] [17897]keyframe.hpp:95:interpolate > 模型变换矩阵#
0.129503#2.98023e-08#-0.991579#0#
-0.991579#-2.38419e-07#-0.129503#0#
-2.98023e-08#1#-1.19209e-07#0#
0#0#0#1#
2025-04-17T22:13:24.529488 [DEBUG] [17897]animator.hpp:82:calculateFinalTransform > 当前节点名称#骨骼
2025-04-17T22:13:24.529636 [DEBUG] [17897]keyframe.hpp:95:interpolate > 模型变换矩阵#
0.198089#2.68221e-07#-0.980184#0#
-0.980184#1.19209e-07#-0.198089#0#
5.96046e-08#1#2.38419e-07#0#
0#0#0#1#
2025-04-17T22:13:24.545585 [DEBUG] [17897]animator.hpp:82:calculateFinalTransform > 当前节点名称#骨骼
2025-04-17T22:13:24.545684 [DEBUG] [17897]keyframe.hpp:95:interpolate > 模型变换矩阵#
0.291558#3.8743e-07#-0.956553#0#
-0.956553#5.96046e-08#-0.291558#0#
1.19209e-07#1#2.38419e-07#0#
0#0#0#1#
2025-04-17T22:13:24.562194 [DEBUG] [17897]animator.hpp:82:calculateFinalTransform > 当前节点名称#骨骼
2025-04-17T22:13:24.562267 [DEBUG] [17897]keyframe.hpp:95:interpolate > 模型变换矩阵#
0.402607#2.98023e-07#-0.915373#0#
-0.915373#1.19209e-07#-0.402607#0#
0#1#2.38419e-07#0#
0#0#0#1#
2025-04-17T22:13:24.578762 [DEBUG] [17897]animator.hpp:82:calculateFinalTransform > 当前节点名称#骨骼
2025-04-17T22:13:24.578837 [DEBUG] [17897]keyframe.hpp:95:interpolate > 模型变换矩阵#
0.511131#1.78814e-07#-0.859503#0#
-0.859503#-1.19209e-07#-0.511131#0#
-1.19209e-07#1#1.19209e-07#0#
0#0#0#1#
2025-04-17T22:13:24.595603 [DEBUG] [17897]animator.hpp:82:calculateFinalTransform > 当前节点名称#骨骼
2025-04-17T22:13:24.595692 [DEBUG] [17897]keyframe.hpp:95:interpolate > 模型变换矩阵#
0.657839#1.49012e-07#-0.753158#0#
-0.753158#-1.19209e-07#-0.657839#0#
-1.49012e-07#1#5.96046e-08#0#
0#0#0#1#
2025-04-17T22:13:24.612471 [DEBUG] [17897]animator.hpp:82:calculateFinalTransform > 当前节点名称#骨骼
2025-04-17T22:13:24.612577 [DEBUG] [17897]keyframe.hpp:95:interpolate > 模型变换矩阵#
0.785049#2.98023e-08#-0.619433#0#
-0.619433#-1.19209e-07#-0.785049#0#
-8.9407e-08#1#0#0#
0#0#0#1#
2025-04-17T22:13:24.629019 [DEBUG] [17897]animator.hpp:82:calculateFinalTransform > 当前节点名称#骨骼
2025-04-17T22:13:24.629157 [DEBUG] [17897]keyframe.hpp:95:interpolate > 模型变换矩阵#
0.89655#4.47035e-08#-0.442942#0#
-0.442942#0#-0.89655#0#
0#1#0#0#
0#0#0#1#
2025-04-17T22:13:24.645431 [DEBUG] [17897]animator.hpp:82:calculateFinalTransform > 当前节点名称#骨骼
2025-04-17T22:13:24.645535 [DEBUG] [17897]keyframe.hpp:95:interpolate > 模型变换矩阵#
0.973594#3.72529e-08#-0.228288#0#
-0.228288#5.96046e-08#-0.973594#0#
0#1#5.96046e-08#0#
0#0#0#1#
2025-04-17T22:13:24.662878 [DEBUG] [17897]animator.hpp:82:calculateFinalTransform > 当前节点名称#骨骼
2025-04-17T22:13:24.663082 [DEBUG] [17897]keyframe.hpp:95:interpolate > 模型变换矩阵#
0.999994#1.04774e-09#-0.00345001#0#
-0.00345001#4.17232e-07#-0.999994#0#
4.65661e-10#1#4.17232e-07#0#
0#0#0#1#
2025-04-17T22:13:24.679609 [DEBUG] [17897]animator.hpp:82:calculateFinalTransform > 当前节点名称#骨骼
2025-04-17T22:13:24.679802 [DEBUG] [17897]keyframe.hpp:95:interpolate > 模型变换矩阵#
0.972015#-3.72529e-08#0.234918#0#
0.234918#1.78814e-07#-0.972015#0#
-2.23517e-08#1#1.78814e-07#0#
0#0#0#1#
2025-04-17T22:13:24.696283 [DEBUG] [17897]animator.hpp:82:calculateFinalTransform > 当前节点名称#骨骼
2025-04-17T22:13:24.696506 [DEBUG] [17897]keyframe.hpp:95:interpolate > 模型变换矩阵#
0.892413#-5.96046e-08#0.451219#0#
0.45122#5.96046e-08#-0.892413#0#
2.98023e-08#1#1.19209e-07#0#
0#0#0#1#
2025-04-17T22:13:24.712622 [DEBUG] [17897]animator.hpp:82:calculateFinalTransform > 当前节点名称#骨骼
2025-04-17T22:13:24.712858 [DEBUG] [17897]keyframe.hpp:95:interpolate > 模型变换矩阵#
0.781742#-5.96046e-08#0.623602#0#
0.623602#-1.19209e-07#-0.781742#0#
5.96046e-08#1#0#0#
0#0#0#1#
2025-04-17T22:13:24.729338 [DEBUG] [17897]animator.hpp:82:calculateFinalTransform > 当前节点名称#骨骼
2025-04-17T22:13:24.729557 [DEBUG] [17897]keyframe.hpp:95:interpolate > 模型变换矩阵#
0.657793#-2.08616e-07#0.753199#0#
0.753199#5.96046e-08#-0.657793#0#
2.98023e-08#1#1.78814e-07#0#
0#0#0#1#
2025-04-17T22:13:24.745971 [DEBUG] [17897]animator.hpp:82:calculateFinalTransform > 当前节点名称#骨骼
2025-04-17T22:13:24.746184 [DEBUG] [17897]keyframe.hpp:95:interpolate > 模型变换矩阵#
0.510264#-2.08616e-07#0.860018#0#
0.860018#5.96046e-08#-0.510264#0#
5.96046e-08#1#2.38419e-07#0#
0#0#0#1#
2025-04-17T22:13:24.762640 [DEBUG] [17897]animator.hpp:82:calculateFinalTransform > 当前节点名称#骨骼
2025-04-17T22:13:24.762859 [DEBUG] [17897]keyframe.hpp:95:interpolate > 模型变换矩阵#
0.401497#-2.68221e-07#0.91586#0#
0.91586#1.19209e-07#-0.401497#0#
0#1#2.98023e-07#0#
0#0#0#1#
2025-04-17T22:13:24.779337 [DEBUG] [17897]animator.hpp:82:calculateFinalTransform > 当前节点名称#骨骼
2025-04-17T22:13:24.779577 [DEBUG] [17897]keyframe.hpp:95:interpolate > 模型变换矩阵#
0.286404#-3.27826e-07#0.958109#0#
0.958109#2.38419e-07#-0.286404#0#
-5.96046e-08#1#4.17232e-07#0#
0#0#0#1#
2025-04-17T22:13:24.796081 [DEBUG] [17897]animator.hpp:82:calculateFinalTransform > 当前节点名称#骨骼
2025-04-17T22:13:24.796303 [DEBUG] [17897]keyframe.hpp:95:interpolate > 模型变换矩阵#
0.193902#-2.98023e-07#0.981021#0#
0.981021#5.96046e-08#-0.193902#0#
-1.19209e-07#1#2.38419e-07#0#
0#0#0#1#
2025-04-17T22:13:24.812237 [DEBUG] [17897]animator.hpp:82:calculateFinalTransform > 当前节点名称#骨骼
2025-04-17T22:13:24.812320 [DEBUG] [17897]keyframe.hpp:95:interpolate > 模型变换矩阵#
0.12509#-8.9407e-08#0.992145#0#
0.992146#0#-0.12509#0#
-2.98023e-08#1#1.19209e-07#0#
0#0#0#1#
2025-04-17T22:13:24.828837 [DEBUG] [17897]animator.hpp:82:calculateFinalTransform > 当前节点名称#骨骼
2025-04-17T22:13:24.828904 [DEBUG] [17897]keyframe.hpp:95:interpolate > 模型变换矩阵#
0.0580403#8.9407e-08#0.998314#0#
0.998314#-2.38419e-07#-0.0580402#0#
2.68221e-07#1#0#0#
0#0#0#1#
2025-04-17T22:13:24.845486 [DEBUG] [17897]animator.hpp:82:calculateFinalTransform > 当前节点名称#骨骼
2025-04-17T22:13:24.845563 [DEBUG] [17897]keyframe.hpp:95:interpolate > 模型变换矩阵#
0.0348092#0#0.999394#0#
0.999394#-3.57628e-07#-0.0348093#0#
2.38419e-07#1#-1.19209e-07#0#
0#0#0#1#
2025-04-17T22:13:24.862642 [DEBUG] [17897]animator.hpp:82:calculateFinalTransform > 当前节点名称#骨骼
2025-04-17T22:13:24.862759 [DEBUG] [17897]keyframe.hpp:95:interpolate > 模型变换矩阵#
0.0117778#-1.19209e-07#0.999931#0#
0.999931#-3.57628e-07#-0.011778#0#
2.38419e-07#1#0#0#
0#0#0#1#
