2025-04-17T20:47:06.314201 [DEBUG] [13969]model.hpp:122:processVertices > mesh预加载骨骼名称#骨骼 id#0 offset#
1#0#0#0#
0#1#0#0#
0#0#1#0#
0#0#0#1#
2025-04-17T20:47:06.318551 [DEBUG] [13969]animation.hpp:56:readKeyFrames > 本动画所有有关骨骼名称#骨架 id#1 offset#
1#0#0#0#
0#1#0#0#
0#0#1#0#
0#0#0#1#
2025-04-17T20:47:06.318615 [DEBUG] [13969]keyframe.hpp:50:KeyFrame > 0 tickStamp#0 pos#
0#0#0#
2025-04-17T20:47:06.318649 [DEBUG] [13969]keyframe.hpp:50:KeyFrame > 1 tickStamp#19 pos#
0#0#0#
2025-04-17T20:47:06.318681 [DEBUG] [13969]keyframe.hpp:63:KeyFrame > 0 tickStamp#0 ort#
-0.707107#0#0#0.707107#
2025-04-17T20:47:06.318720 [DEBUG] [13969]keyframe.hpp:63:KeyFrame > 1 tickStamp#19 ort#
-0.707107#0#0#0.707107#
2025-04-17T20:47:06.318747 [DEBUG] [13969]keyframe.hpp:77:KeyFrame > 0 tickStamp#0 scl#
1#1#1#
2025-04-17T20:47:06.318767 [DEBUG] [13969]keyframe.hpp:77:KeyFrame > 1 tickStamp#19 scl#
1#1#1#
2025-04-17T20:47:06.318795 [DEBUG] [13969]animation.hpp:56:readKeyFrames > 本动画所有有关骨骼名称#骨骼 id#0 offset#
1#0#0#0#
0#1#0#0#
0#0#1#0#
0#0#0#1#
2025-04-17T20:47:06.318840 [DEBUG] [13969]keyframe.hpp:50:KeyFrame > 0 tickStamp#0 pos#
0#0#0#
2025-04-17T20:47:06.318855 [DEBUG] [13969]keyframe.hpp:50:KeyFrame > 1 tickStamp#1 pos#
0#0#0#
2025-04-17T20:47:06.318873 [DEBUG] [13969]keyframe.hpp:50:KeyFrame > 2 tickStamp#2 pos#
0#0#0#
2025-04-17T20:47:06.318888 [DEBUG] [13969]keyframe.hpp:50:KeyFrame > 3 tickStamp#3 pos#
0#0#0#
2025-04-17T20:47:06.318902 [DEBUG] [13969]keyframe.hpp:50:KeyFrame > 4 tickStamp#4 pos#
0#0#0#
2025-04-17T20:47:06.318922 [DEBUG] [13969]keyframe.hpp:50:KeyFrame > 5 tickStamp#5 pos#
0#0#0#
2025-04-17T20:47:06.318936 [DEBUG] [13969]keyframe.hpp:50:KeyFrame > 6 tickStamp#6 pos#
0#0#0#
2025-04-17T20:47:06.318949 [DEBUG] [13969]keyframe.hpp:50:KeyFrame > 7 tickStamp#7 pos#
0#0#0#
2025-04-17T20:47:06.318967 [DEBUG] [13969]keyframe.hpp:50:KeyFrame > 8 tickStamp#8 pos#
0#0#0#
2025-04-17T20:47:06.318982 [DEBUG] [13969]keyframe.hpp:50:KeyFrame > 9 tickStamp#9 pos#
0#0#0#
2025-04-17T20:47:06.318998 [DEBUG] [13969]keyframe.hpp:50:KeyFrame > 10 tickStamp#10 pos#
0#0#0#
2025-04-17T20:47:06.319013 [DEBUG] [13969]keyframe.hpp:50:KeyFrame > 11 tickStamp#11 pos#
0#0#0#
2025-04-17T20:47:06.319028 [DEBUG] [13969]keyframe.hpp:50:KeyFrame > 12 tickStamp#12 pos#
0#0#0#
2025-04-17T20:47:06.319043 [DEBUG] [13969]keyframe.hpp:50:KeyFrame > 13 tickStamp#13 pos#
0#0#0#
2025-04-17T20:47:06.319060 [DEBUG] [13969]keyframe.hpp:50:KeyFrame > 14 tickStamp#14 pos#
0#0#0#
2025-04-17T20:47:06.319074 [DEBUG] [13969]keyframe.hpp:50:KeyFrame > 15 tickStamp#15 pos#
0#0#0#
2025-04-17T20:47:06.319090 [DEBUG] [13969]keyframe.hpp:50:KeyFrame > 16 tickStamp#16 pos#
0#0#0#
2025-04-17T20:47:06.319105 [DEBUG] [13969]keyframe.hpp:50:KeyFrame > 17 tickStamp#17 pos#
0#0#0#
2025-04-17T20:47:06.319122 [DEBUG] [13969]keyframe.hpp:50:KeyFrame > 18 tickStamp#18 pos#
0#0#0#
2025-04-17T20:47:06.319137 [DEBUG] [13969]keyframe.hpp:50:KeyFrame > 19 tickStamp#19 pos#
0#0#0#
2025-04-17T20:47:06.319152 [DEBUG] [13969]keyframe.hpp:63:KeyFrame > 0 tickStamp#0 ort#
0.707107#0#0#0.707107#
2025-04-17T20:47:06.319175 [DEBUG] [13969]keyframe.hpp:63:KeyFrame > 1 tickStamp#1 ort#
0.706895#-0.0173156#-0.0173156#0.706895#
2025-04-17T20:47:06.319200 [DEBUG] [13969]keyframe.hpp:63:KeyFrame > 2 tickStamp#2 ort#
0.70409#-0.0652425#-0.0652425#0.704091#
2025-04-17T20:47:06.319219 [DEBUG] [13969]keyframe.hpp:63:KeyFrame > 3 tickStamp#3 ort#
0.693589#-0.1376#-0.1376#0.693589#
2025-04-17T20:47:06.319236 [DEBUG] [13969]keyframe.hpp:63:KeyFrame > 4 tickStamp#4 ort#
0.670303#-0.225153#-0.225153#0.670303#
2025-04-17T20:47:06.319255 [DEBUG] [13969]keyframe.hpp:63:KeyFrame > 5 tickStamp#5 ort#
0.633183#-0.314769#-0.314769#0.633183#
2025-04-17T20:47:06.319284 [DEBUG] [13969]keyframe.hpp:63:KeyFrame > 6 tickStamp#6 ort#
0.58774#-0.393144#-0.393144#0.58774#
2025-04-17T20:47:06.319300 [DEBUG] [13969]keyframe.hpp:63:KeyFrame > 7 tickStamp#7 ort#
0.544001#-0.451734#-0.451734#0.544001#
2025-04-17T20:47:06.319317 [DEBUG] [13969]keyframe.hpp:63:KeyFrame > 8 tickStamp#8 ort#
0.512094#-0.487606#-0.487606#0.512094#
2025-04-17T20:47:06.319334 [DEBUG] [13969]keyframe.hpp:63:KeyFrame > 9 tickStamp#9 ort#
-0.5#0.5#0.5#-0.5#
2025-04-17T20:47:06.319352 [DEBUG] [13969]keyframe.hpp:63:KeyFrame > 10 tickStamp#10 ort#
0.51419#-0.485395#-0.485395#0.51419#
2025-04-17T20:47:06.319375 [DEBUG] [13969]keyframe.hpp:63:KeyFrame > 11 tickStamp#11 ort#
0.554314#-0.439017#-0.439017#0.554314#
2025-04-17T20:47:06.319392 [DEBUG] [13969]keyframe.hpp:63:KeyFrame > 12 tickStamp#12 ort#
0.614847#-0.349233#-0.349233#0.614847#
2025-04-17T20:47:06.319411 [DEBUG] [13969]keyframe.hpp:63:KeyFrame > 13 tickStamp#13 ort#
0.678027#-0.200696#-0.200696#0.678027#
2025-04-17T20:47:06.319437 [DEBUG] [13969]keyframe.hpp:63:KeyFrame > 14 tickStamp#14 ort#
0.707107#8.9407e-08#8.9407e-08#0.707107#
2025-04-17T20:47:06.319453 [DEBUG] [13969]keyframe.hpp:63:KeyFrame > 15 tickStamp#15 ort#
0.678027#0.200696#0.200696#0.678027#
2025-04-17T20:47:06.319468 [DEBUG] [13969]keyframe.hpp:63:KeyFrame > 16 tickStamp#16 ort#
0.614847#0.349233#0.349233#0.614847#
2025-04-17T20:47:06.319485 [DEBUG] [13969]keyframe.hpp:63:KeyFrame > 17 tickStamp#17 ort#
0.554314#0.439017#0.439017#0.554314#
2025-04-17T20:47:06.319499 [DEBUG] [13969]keyframe.hpp:63:KeyFrame > 18 tickStamp#18 ort#
0.51419#0.485395#0.485395#0.51419#
2025-04-17T20:47:06.319517 [DEBUG] [13969]keyframe.hpp:63:KeyFrame > 19 tickStamp#19 ort#
0.5#0.5#0.5#0.5#
2025-04-17T20:47:06.319536 [DEBUG] [13969]keyframe.hpp:77:KeyFrame > 0 tickStamp#0 scl#
1#1#1#
2025-04-17T20:47:06.319552 [DEBUG] [13969]keyframe.hpp:77:KeyFrame > 1 tickStamp#1 scl#
1#1#1#
2025-04-17T20:47:06.319575 [DEBUG] [13969]keyframe.hpp:77:KeyFrame > 2 tickStamp#2 scl#
1#1#1#
2025-04-17T20:47:06.319588 [DEBUG] [13969]keyframe.hpp:77:KeyFrame > 3 tickStamp#3 scl#
1#1#1#
2025-04-17T20:47:06.319601 [DEBUG] [13969]keyframe.hpp:77:KeyFrame > 4 tickStamp#4 scl#
1#1#1#
2025-04-17T20:47:06.319614 [DEBUG] [13969]keyframe.hpp:77:KeyFrame > 5 tickStamp#5 scl#
1#1#1#
2025-04-17T20:47:06.319628 [DEBUG] [13969]keyframe.hpp:77:KeyFrame > 6 tickStamp#6 scl#
1#1#1#
2025-04-17T20:47:06.319640 [DEBUG] [13969]keyframe.hpp:77:KeyFrame > 7 tickStamp#7 scl#
1#1#1#
2025-04-17T20:47:06.319653 [DEBUG] [13969]keyframe.hpp:77:KeyFrame > 8 tickStamp#8 scl#
1#1#1#
2025-04-17T20:47:06.319668 [DEBUG] [13969]keyframe.hpp:77:KeyFrame > 9 tickStamp#9 scl#
1#1#1#
2025-04-17T20:47:06.319681 [DEBUG] [13969]keyframe.hpp:77:KeyFrame > 10 tickStamp#10 scl#
1#1#1#
2025-04-17T20:47:06.319693 [DEBUG] [13969]keyframe.hpp:77:KeyFrame > 11 tickStamp#11 scl#
1#1#1#
2025-04-17T20:47:06.319709 [DEBUG] [13969]keyframe.hpp:77:KeyFrame > 12 tickStamp#12 scl#
1#1#1#
2025-04-17T20:47:06.319723 [DEBUG] [13969]keyframe.hpp:77:KeyFrame > 13 tickStamp#13 scl#
1#1#1#
2025-04-17T20:47:06.319735 [DEBUG] [13969]keyframe.hpp:77:KeyFrame > 14 tickStamp#14 scl#
1#1#1#
2025-04-17T20:47:06.319748 [DEBUG] [13969]keyframe.hpp:77:KeyFrame > 15 tickStamp#15 scl#
1#1#1#
2025-04-17T20:47:06.319762 [DEBUG] [13969]keyframe.hpp:77:KeyFrame > 16 tickStamp#16 scl#
1#1#1#
2025-04-17T20:47:06.319774 [DEBUG] [13969]keyframe.hpp:77:KeyFrame > 17 tickStamp#17 scl#
1#1#1#
2025-04-17T20:47:06.319792 [DEBUG] [13969]keyframe.hpp:77:KeyFrame > 18 tickStamp#18 scl#
1#1#1#
2025-04-17T20:47:06.319804 [DEBUG] [13969]keyframe.hpp:77:KeyFrame > 19 tickStamp#19 scl#
1#1#1#
2025-04-17T20:47:06.319854 [INFO ] [13969]animator.hpp:36:Animator > 骨架|Action
2025-04-17T20:47:06.320007 [INFO ] [13969]animator.hpp:58:setCurAnimation > Set animation: 骨架|Action, duration: 19, ticks/s: 24
2025-04-17T20:47:06.320033 [DEBUG] [13969]animator.hpp:82:calculateFinalTransform > 当前节点名称#骨骼
2025-04-17T20:47:06.320070 [DEBUG] [13969]keyframe.hpp:95:interpolate > 模型变换矩阵#
1#0#0#0#
0#1.78814e-07#-1#0#
0#1#1.78814e-07#0#
0#0#0#1#
2025-04-17T20:47:06.323315 [DEBUG] [13969]animator.hpp:82:calculateFinalTransform > 当前节点名称#骨骼
2025-04-17T20:47:06.323384 [DEBUG] [13969]keyframe.hpp:95:interpolate > 模型变换矩阵#
0.916217#1.19209e-07#-0.400681#0#
-0.400681#4.76837e-07#-0.916217#0#
1.19209e-07#1#4.76837e-07#0#
0#0#0#1#
2025-04-17T20:47:06.356992 [DEBUG] [13969]animator.hpp:82:calculateFinalTransform > 当前节点名称#骨骼
2025-04-17T20:47:06.357068 [DEBUG] [13969]keyframe.hpp:95:interpolate > 模型变换矩阵#
0.853833#-8.9407e-08#-0.520547#0#
-0.520548#-3.57628e-07#-0.853833#0#
0#1#-3.57628e-07#0#
0#0#0#1#
2025-04-17T20:47:06.358159 [DEBUG] [13969]animator.hpp:82:calculateFinalTransform > 当前节点名称#骨骼
2025-04-17T20:47:06.358231 [DEBUG] [13969]keyframe.hpp:95:interpolate > 模型变换矩阵#
0.70235#0#-0.711832#0#
-0.711832#0#-0.70235#0#
0#1#0#0#
0#0#0#1#
2025-04-17T20:47:06.395494 [DEBUG] [13969]animator.hpp:82:calculateFinalTransform > 当前节点名称#骨骼
2025-04-17T20:47:06.395789 [DEBUG] [13969]keyframe.hpp:95:interpolate > 模型变换矩阵#
0.689492#-1.49012e-07#-0.724293#0#
-0.724293#-2.38419e-07#-0.689492#0#
0#1#-3.57628e-07#0#
0#0#0#1#
2025-04-17T20:47:06.410060 [DEBUG] [13969]animator.hpp:82:calculateFinalTransform > 当前节点名称#骨骼
2025-04-17T20:47:06.410174 [DEBUG] [13969]keyframe.hpp:95:interpolate > 模型变换矩阵#
0.500263#-5.96046e-08#-0.865874#0#
-0.865874#-1.19209e-07#-0.500263#0#
0#1#-1.19209e-07#0#
0#0#0#1#
2025-04-17T20:47:06.438938 [DEBUG] [13969]animator.hpp:82:calculateFinalTransform > 当前节点名称#骨骼
2025-04-17T20:47:06.439019 [DEBUG] [13969]keyframe.hpp:95:interpolate > 模型变换矩阵#
0.420522#-2.98023e-08#-0.907283#0#
-0.907283#-2.38419e-07#-0.420522#0#
-2.98023e-08#1#-2.38419e-07#0#
0#0#0#1#
2025-04-17T20:47:06.456479 [DEBUG] [13969]animator.hpp:82:calculateFinalTransform > 当前节点名称#骨骼
2025-04-17T20:47:06.456631 [DEBUG] [13969]keyframe.hpp:95:interpolate > 模型变换矩阵#
0.278669#-5.96046e-08#-0.960387#0#
-0.960387#0#-0.278669#0#
-5.96046e-08#1#0#0#
0#0#0#1#
2025-04-17T20:47:06.473515 [DEBUG] [13969]animator.hpp:82:calculateFinalTransform > 当前节点名称#骨骼
2025-04-17T20:47:06.473649 [DEBUG] [13969]keyframe.hpp:95:interpolate > 模型变换矩阵#
0.194194#0#-0.980963#0#
-0.980963#0#-0.194194#0#
0#1#0#0#
0#0#0#1#
2025-04-17T20:47:06.507164 [DEBUG] [13969]animator.hpp:82:calculateFinalTransform > 当前节点名称#骨骼
2025-04-17T20:47:06.507335 [DEBUG] [13969]keyframe.hpp:95:interpolate > 模型变换矩阵#
0.135775#0#-0.99074#0#
-0.99074#-1.19209e-07#-0.135775#0#
0#1#-1.19209e-07#0#
0#0#0#1#
2025-04-17T20:47:06.519893 [DEBUG] [13969]animator.hpp:82:calculateFinalTransform > 当前节点名称#骨骼
2025-04-17T20:47:06.520004 [DEBUG] [13969]keyframe.hpp:95:interpolate > 模型变换矩阵#
0.0408848#1.19209e-07#-0.999164#0#
-0.999164#5.96046e-08#-0.0408849#0#
1.19209e-07#1#5.96046e-08#0#
0#0#0#1#
2025-04-17T20:47:06.536541 [DEBUG] [13969]animator.hpp:82:calculateFinalTransform > 当前节点名称#骨骼
2025-04-17T20:47:06.536760 [DEBUG] [13969]keyframe.hpp:95:interpolate > 模型变换矩阵#
0.0259183#5.96046e-08#-0.999664#0#
-0.999664#1.19209e-07#-0.0259183#0#
5.96046e-08#1#1.19209e-07#0#
0#0#0#1#
2025-04-17T20:47:06.552766 [DEBUG] [13969]animator.hpp:82:calculateFinalTransform > 当前节点名称#骨骼
2025-04-17T20:47:06.552902 [DEBUG] [13969]keyframe.hpp:95:interpolate > 模型变换矩阵#
0.00638318#-2.98023e-08#-0.99998#0#
-0.99998#-1.19209e-07#-0.00638336#0#
2.98023e-08#1#-2.38419e-07#0#
0#0#0#1#
2025-04-17T20:47:06.569178 [DEBUG] [13969]animator.hpp:82:calculateFinalTransform > 当前节点名称#骨骼
2025-04-17T20:47:06.569288 [DEBUG] [13969]keyframe.hpp:95:interpolate > 模型变换矩阵#
0.014956#-2.98023e-08#-0.999888#0#
-0.999888#-2.38419e-07#-0.0149562#0#
-8.9407e-08#1#-2.38419e-07#0#
0#0#0#1#
2025-04-17T20:47:06.586282 [DEBUG] [13969]animator.hpp:82:calculateFinalTransform > 当前节点名称#骨骼
2025-04-17T20:47:06.586505 [DEBUG] [13969]keyframe.hpp:95:interpolate > 模型变换矩阵#
0.0376403#-8.9407e-08#-0.999291#0#
-0.999292#-2.38419e-07#-0.0376404#0#
-1.49012e-07#1#-1.19209e-07#0#
0#0#0#1#
2025-04-17T20:47:06.602554 [DEBUG] [13969]animator.hpp:82:calculateFinalTransform > 当前节点名称#骨骼
2025-04-17T20:47:06.602664 [DEBUG] [13969]keyframe.hpp:95:interpolate > 模型变换矩阵#
0.0686475#-1.49012e-07#-0.997641#0#
-0.997641#-4.76837e-07#-0.0686477#0#
-2.08616e-07#1#-3.57628e-07#0#
0#0#0#1#
2025-04-17T20:47:06.619632 [DEBUG] [13969]animator.hpp:82:calculateFinalTransform > 当前节点名称#骨骼
2025-04-17T20:47:06.619844 [DEBUG] [13969]keyframe.hpp:95:interpolate > 模型变换矩阵#
0.136064#5.96046e-08#-0.9907#0#
-0.9907#-1.19209e-07#-0.136064#0#
-5.96046e-08#1#0#0#
0#0#0#1#
2025-04-17T20:47:06.636386 [DEBUG] [13969]animator.hpp:82:calculateFinalTransform > 当前节点名称#骨骼
2025-04-17T20:47:06.636819 [DEBUG] [13969]keyframe.hpp:95:interpolate > 模型变换矩阵#
0.206024#2.98023e-07#-0.978547#0#
-0.978547#3.57628e-07#-0.206024#0#
2.38419e-07#1#3.57628e-07#0#
0#0#0#1#
2025-04-17T20:47:06.652981 [DEBUG] [13969]animator.hpp:82:calculateFinalTransform > 当前节点名称#骨骼
2025-04-17T20:47:06.653373 [DEBUG] [13969]keyframe.hpp:95:interpolate > 模型变换矩阵#
0.307432#2.98023e-07#-0.95157#0#
-0.95157#1.19209e-07#-0.307432#0#
8.9407e-08#1#2.38419e-07#0#
0#0#0#1#
2025-04-17T20:47:06.670063 [DEBUG] [13969]animator.hpp:82:calculateFinalTransform > 当前节点名称#骨骼
2025-04-17T20:47:06.670462 [DEBUG] [13969]keyframe.hpp:95:interpolate > 模型变换矩阵#
0.421219#2.98023e-07#-0.906959#0#
-0.906959#2.38419e-07#-0.421219#0#
5.96046e-08#1#3.57628e-07#0#
0#0#0#1#
2025-04-17T20:47:06.686561 [DEBUG] [13969]animator.hpp:82:calculateFinalTransform > 当前节点名称#骨骼
2025-04-17T20:47:06.686990 [DEBUG] [13969]keyframe.hpp:95:interpolate > 模型变换矩阵#
0.54095#1.78814e-07#-0.841054#0#
-0.841055#0#-0.54095#0#
-2.98023e-08#1#5.96046e-08#0#
0#0#0#1#
2025-04-17T20:47:06.703063 [DEBUG] [13969]animator.hpp:82:calculateFinalTransform > 当前节点名称#骨骼
2025-04-17T20:47:06.703298 [DEBUG] [13969]keyframe.hpp:95:interpolate > 模型变换矩阵#
0.683754#1.49012e-07#-0.729713#0#
-0.729713#-1.19209e-07#-0.683754#0#
-8.9407e-08#1#0#0#
0#0#0#1#
2025-04-17T20:47:06.719039 [DEBUG] [13969]animator.hpp:82:calculateFinalTransform > 当前节点名称#骨骼
2025-04-17T20:47:06.719135 [DEBUG] [13969]keyframe.hpp:95:interpolate > 模型变换矩阵#
0.80404#0#-0.594576#0#
-0.594576#-1.19209e-07#-0.80404#0#
-5.96046e-08#1#-1.19209e-07#0#
0#0#0#1#
2025-04-17T20:47:06.736428 [DEBUG] [13969]animator.hpp:82:calculateFinalTransform > 当前节点名称#骨骼
2025-04-17T20:47:06.736630 [DEBUG] [13969]keyframe.hpp:95:interpolate > 模型变换矩阵#
0.908379#2.98023e-08#-0.418148#0#
-0.418148#-1.19209e-07#-0.908379#0#
-2.98023e-08#1#-1.19209e-07#0#
0#0#0#1#
2025-04-17T20:47:06.753304 [DEBUG] [13969]animator.hpp:82:calculateFinalTransform > 当前节点名称#骨骼
2025-04-17T20:47:06.753714 [DEBUG] [13969]keyframe.hpp:95:interpolate > 模型变换矩阵#
0.981645#2.23517e-08#-0.190718#0#
-0.190718#1.19209e-07#-0.981645#0#
7.45058e-09#1#1.19209e-07#0#
0#0#0#1#
2025-04-17T20:47:06.769728 [DEBUG] [13969]animator.hpp:82:calculateFinalTransform > 当前节点名称#骨骼
2025-04-17T20:47:06.769944 [DEBUG] [13969]keyframe.hpp:95:interpolate > 模型变换矩阵#
0.999136#-1.30385e-08#0.041552#0#
0.041552#2.38419e-07#-0.999136#0#
-1.86264e-09#1#2.38419e-07#0#
0#0#0#1#
2025-04-17T20:47:06.786550 [DEBUG] [13969]animator.hpp:82:calculateFinalTransform > 当前节点名称#骨骼
2025-04-17T20:47:06.786946 [DEBUG] [13969]keyframe.hpp:95:interpolate > 模型变换矩阵#
0.964168#-7.45058e-08#0.265291#0#
0.265291#1.19209e-07#-0.964168#0#
-1.49012e-08#1#1.19209e-07#0#
0#0#0#1#
2025-04-17T20:47:06.803278 [DEBUG] [13969]animator.hpp:82:calculateFinalTransform > 当前节点名称#骨骼
2025-04-17T20:47:06.803637 [DEBUG] [13969]keyframe.hpp:95:interpolate > 模型变换矩阵#
0.877153#-8.9407e-08#0.480211#0#
0.480211#1.19209e-07#-0.877153#0#
4.47035e-08#1#1.19209e-07#0#
0#0#0#1#
2025-04-17T20:47:06.819837 [DEBUG] [13969]animator.hpp:82:calculateFinalTransform > 当前节点名称#骨骼
2025-04-17T20:47:06.820243 [DEBUG] [13969]keyframe.hpp:95:interpolate > 模型变换矩阵#
0.764967#-1.19209e-07#0.644069#0#
0.644069#0#-0.764967#0#
5.96046e-08#1#5.96046e-08#0#
0#0#0#1#
2025-04-17T20:47:06.836514 [DEBUG] [13969]animator.hpp:82:calculateFinalTransform > 当前节点名称#骨骼
2025-04-17T20:47:06.836673 [DEBUG] [13969]keyframe.hpp:95:interpolate > 模型变换矩阵#
0.635831#-1.78814e-07#0.771829#0#
0.771829#-1.19209e-07#-0.635831#0#
2.98023e-08#1#0#0#
0#0#0#1#
2025-04-17T20:47:06.852706 [DEBUG] [13969]animator.hpp:82:calculateFinalTransform > 当前节点名称#骨骼
2025-04-17T20:47:06.853083 [DEBUG] [13969]keyframe.hpp:95:interpolate > 模型变换矩阵#
0.495195#-2.68221e-07#0.868782#0#
0.868782#1.78814e-07#-0.495195#0#
2.98023e-08#1#3.57628e-07#0#
0#0#0#1#
2025-04-17T20:47:06.869614 [DEBUG] [13969]animator.hpp:82:calculateFinalTransform > 当前节点名称#骨骼
2025-04-17T20:47:06.869772 [DEBUG] [13969]keyframe.hpp:95:interpolate > 模型变换矩阵#
0.386895#-2.38419e-07#0.922124#0#
0.922124#1.19209e-07#-0.386895#0#
-2.98023e-08#1#2.38419e-07#0#
0#0#0#1#
2025-04-17T20:47:06.886020 [DEBUG] [13969]animator.hpp:82:calculateFinalTransform > 当前节点名称#骨骼
2025-04-17T20:47:06.886238 [DEBUG] [13969]keyframe.hpp:95:interpolate > 模型变换矩阵#
0.270898#-2.98023e-07#0.962608#0#
0.962608#1.19209e-07#-0.270898#0#
-8.9407e-08#1#2.38419e-07#0#
0#0#0#1#
2025-04-17T20:47:06.902796 [DEBUG] [13969]animator.hpp:82:calculateFinalTransform > 当前节点名称#骨骼
2025-04-17T20:47:06.902969 [DEBUG] [13969]keyframe.hpp:95:interpolate > 模型变换矩阵#
0.185355#-2.38419e-07#0.982672#0#
0.982672#2.38419e-07#-0.185354#0#
-1.19209e-07#1#3.57628e-07#0#
0#0#0#1#
2025-04-17T20:47:06.918815 [DEBUG] [13969]animator.hpp:82:calculateFinalTransform > 当前节点名称#骨骼
2025-04-17T20:47:06.918887 [DEBUG] [13969]keyframe.hpp:95:interpolate > 模型变换矩阵#
0.11625#-2.98023e-08#0.99322#0#
0.99322#-1.19209e-07#-0.11625#0#
1.49012e-07#1#0#0#
0#0#0#1#
2025-04-17T20:47:06.935700 [DEBUG] [13969]animator.hpp:82:calculateFinalTransform > 当前节点名称#骨骼
2025-04-17T20:47:06.935804 [DEBUG] [13969]keyframe.hpp:95:interpolate > 模型变换矩阵#
0.054962#0#0.998488#0#
0.998489#-2.38419e-07#-0.054962#0#
2.08616e-07#1#0#0#
0#0#0#1#
2025-04-17T20:47:06.952318 [DEBUG] [13969]animator.hpp:82:calculateFinalTransform > 当前节点名称#骨骼
2025-04-17T20:47:06.952411 [DEBUG] [13969]keyframe.hpp:95:interpolate > 模型变换矩阵#
0.0316578#-2.98023e-08#0.999499#0#
0.999499#-2.38419e-07#-0.0316579#0#
1.49012e-07#1#0#0#
0#0#0#1#
2025-04-17T20:47:06.969614 [DEBUG] [13969]animator.hpp:82:calculateFinalTransform > 当前节点名称#骨骼
2025-04-17T20:47:06.969820 [DEBUG] [13969]keyframe.hpp:95:interpolate > 模型变换矩阵#
0.00868547#-1.78814e-07#0.999962#0#
0.999963#-3.57628e-07#-0.00868565#0#
1.78814e-07#1#0#0#
0#0#0#1#
