2025-04-17T21:14:25.788831 [DEBUG] [15424]model.hpp:122:processVertices > mesh预加载骨骼名称#骨骼 id#0 offset#
1#0#0#0#
0#1#0#0#
0#0#1#0#
0#0#0#1#
2025-04-17T21:14:25.792656 [DEBUG] [15424]model.hpp:122:processVertices > mesh预加载骨骼名称#骨骼 id#0 offset#
1#0#0#0#
0#1#0#0#
0#0#1#0#
0#0#0#1#
2025-04-17T21:14:25.796242 [DEBUG] [15424]model.hpp:122:processVertices > mesh预加载骨骼名称#骨骼 id#0 offset#
0.999995#0#0#0#
0#0.999995#0#0#
0#0#0.999995#0#
0#0#0#1#
2025-04-17T21:14:25.799693 [DEBUG] [15424]animation.hpp:56:readKeyFrames > 本动画所有有关骨骼名称#骨架 id#1 offset#
1#0#0#0#
0#1#0#0#
0#0#1#0#
0#0#0#1#
2025-04-17T21:14:25.799750 [DEBUG] [15424]keyframe.hpp:50:KeyFrame > 0 tickStamp#0 pos#
0#0#0#
2025-04-17T21:14:25.799776 [DEBUG] [15424]keyframe.hpp:50:KeyFrame > 1 tickStamp#19 pos#
0#0#0#
2025-04-17T21:14:25.799802 [DEBUG] [15424]keyframe.hpp:63:KeyFrame > 0 tickStamp#0 ort#
-0.707107#0#0#0.707107#
2025-04-17T21:14:25.799820 [DEBUG] [15424]keyframe.hpp:63:KeyFrame > 1 tickStamp#19 ort#
-0.707107#0#0#0.707107#
2025-04-17T21:14:25.799839 [DEBUG] [15424]keyframe.hpp:77:KeyFrame > 0 tickStamp#0 scl#
1#1#1#
2025-04-17T21:14:25.799856 [DEBUG] [15424]keyframe.hpp:77:KeyFrame > 1 tickStamp#19 scl#
1#1#1#
2025-04-17T21:14:25.799884 [DEBUG] [15424]animation.hpp:56:readKeyFrames > 本动画所有有关骨骼名称#骨骼 id#0 offset#
1#0#0#0#
0#1#0#0#
0#0#1#0#
0#0#0#1#
2025-04-17T21:14:25.799924 [DEBUG] [15424]keyframe.hpp:50:KeyFrame > 0 tickStamp#0 pos#
0#0#0#
2025-04-17T21:14:25.799939 [DEBUG] [15424]keyframe.hpp:50:KeyFrame > 1 tickStamp#1 pos#
0#0#0#
2025-04-17T21:14:25.799952 [DEBUG] [15424]keyframe.hpp:50:KeyFrame > 2 tickStamp#2 pos#
0#0#0#
2025-04-17T21:14:25.799966 [DEBUG] [15424]keyframe.hpp:50:KeyFrame > 3 tickStamp#3 pos#
0#0#0#
2025-04-17T21:14:25.799981 [DEBUG] [15424]keyframe.hpp:50:KeyFrame > 4 tickStamp#4 pos#
0#0#0#
2025-04-17T21:14:25.799994 [DEBUG] [15424]keyframe.hpp:50:KeyFrame > 5 tickStamp#5 pos#
0#0#0#
2025-04-17T21:14:25.800008 [DEBUG] [15424]keyframe.hpp:50:KeyFrame > 6 tickStamp#6 pos#
0#0#0#
2025-04-17T21:14:25.800022 [DEBUG] [15424]keyframe.hpp:50:KeyFrame > 7 tickStamp#7 pos#
0#0#0#
2025-04-17T21:14:25.800037 [DEBUG] [15424]keyframe.hpp:50:KeyFrame > 8 tickStamp#8 pos#
0#0#0#
2025-04-17T21:14:25.800054 [DEBUG] [15424]keyframe.hpp:50:KeyFrame > 9 tickStamp#9 pos#
0#0#0#
2025-04-17T21:14:25.800068 [DEBUG] [15424]keyframe.hpp:50:KeyFrame > 10 tickStamp#10 pos#
0#0#0#
2025-04-17T21:14:25.800080 [DEBUG] [15424]keyframe.hpp:50:KeyFrame > 11 tickStamp#11 pos#
0#0#0#
2025-04-17T21:14:25.800095 [DEBUG] [15424]keyframe.hpp:50:KeyFrame > 12 tickStamp#12 pos#
0#0#0#
2025-04-17T21:14:25.800108 [DEBUG] [15424]keyframe.hpp:50:KeyFrame > 13 tickStamp#13 pos#
0#0#0#
2025-04-17T21:14:25.800124 [DEBUG] [15424]keyframe.hpp:50:KeyFrame > 14 tickStamp#14 pos#
0#0#0#
2025-04-17T21:14:25.800137 [DEBUG] [15424]keyframe.hpp:50:KeyFrame > 15 tickStamp#15 pos#
0#0#0#
2025-04-17T21:14:25.800152 [DEBUG] [15424]keyframe.hpp:50:KeyFrame > 16 tickStamp#16 pos#
0#0#0#
2025-04-17T21:14:25.800169 [DEBUG] [15424]keyframe.hpp:50:KeyFrame > 17 tickStamp#17 pos#
0#0#0#
2025-04-17T21:14:25.800182 [DEBUG] [15424]keyframe.hpp:50:KeyFrame > 18 tickStamp#18 pos#
0#0#0#
2025-04-17T21:14:25.800194 [DEBUG] [15424]keyframe.hpp:50:KeyFrame > 19 tickStamp#19 pos#
0#0#0#
2025-04-17T21:14:25.800209 [DEBUG] [15424]keyframe.hpp:63:KeyFrame > 0 tickStamp#0 ort#
0.707107#0#0#0.707107#
2025-04-17T21:14:25.800225 [DEBUG] [15424]keyframe.hpp:63:KeyFrame > 1 tickStamp#1 ort#
0.706895#-0.0173156#-0.0173156#0.706895#
2025-04-17T21:14:25.800241 [DEBUG] [15424]keyframe.hpp:63:KeyFrame > 2 tickStamp#2 ort#
0.70409#-0.0652425#-0.0652425#0.704091#
2025-04-17T21:14:25.800258 [DEBUG] [15424]keyframe.hpp:63:KeyFrame > 3 tickStamp#3 ort#
0.693589#-0.1376#-0.1376#0.693589#
2025-04-17T21:14:25.800274 [DEBUG] [15424]keyframe.hpp:63:KeyFrame > 4 tickStamp#4 ort#
0.670303#-0.225153#-0.225153#0.670303#
2025-04-17T21:14:25.800305 [DEBUG] [15424]keyframe.hpp:63:KeyFrame > 5 tickStamp#5 ort#
0.633183#-0.314769#-0.314769#0.633183#
2025-04-17T21:14:25.800319 [DEBUG] [15424]keyframe.hpp:63:KeyFrame > 6 tickStamp#6 ort#
0.58774#-0.393144#-0.393144#0.58774#
2025-04-17T21:14:25.800335 [DEBUG] [15424]keyframe.hpp:63:KeyFrame > 7 tickStamp#7 ort#
0.544001#-0.451734#-0.451734#0.544001#
2025-04-17T21:14:25.800352 [DEBUG] [15424]keyframe.hpp:63:KeyFrame > 8 tickStamp#8 ort#
0.512094#-0.487606#-0.487606#0.512094#
2025-04-17T21:14:25.800375 [DEBUG] [15424]keyframe.hpp:63:KeyFrame > 9 tickStamp#9 ort#
-0.5#0.5#0.5#-0.5#
2025-04-17T21:14:25.800404 [DEBUG] [15424]keyframe.hpp:63:KeyFrame > 10 tickStamp#10 ort#
0.51419#-0.485395#-0.485395#0.51419#
2025-04-17T21:14:25.800424 [DEBUG] [15424]keyframe.hpp:63:KeyFrame > 11 tickStamp#11 ort#
0.554314#-0.439017#-0.439017#0.554314#
2025-04-17T21:14:25.800440 [DEBUG] [15424]keyframe.hpp:63:KeyFrame > 12 tickStamp#12 ort#
0.614847#-0.349233#-0.349233#0.614847#
2025-04-17T21:14:25.800459 [DEBUG] [15424]keyframe.hpp:63:KeyFrame > 13 tickStamp#13 ort#
0.678027#-0.200696#-0.200696#0.678027#
2025-04-17T21:14:25.800476 [DEBUG] [15424]keyframe.hpp:63:KeyFrame > 14 tickStamp#14 ort#
0.707107#8.9407e-08#8.9407e-08#0.707107#
2025-04-17T21:14:25.800494 [DEBUG] [15424]keyframe.hpp:63:KeyFrame > 15 tickStamp#15 ort#
0.678027#0.200696#0.200696#0.678027#
2025-04-17T21:14:25.800511 [DEBUG] [15424]keyframe.hpp:63:KeyFrame > 16 tickStamp#16 ort#
0.614847#0.349233#0.349233#0.614847#
2025-04-17T21:14:25.800528 [DEBUG] [15424]keyframe.hpp:63:KeyFrame > 17 tickStamp#17 ort#
0.554314#0.439017#0.439017#0.554314#
2025-04-17T21:14:25.800547 [DEBUG] [15424]keyframe.hpp:63:KeyFrame > 18 tickStamp#18 ort#
0.51419#0.485395#0.485395#0.51419#
2025-04-17T21:14:25.800563 [DEBUG] [15424]keyframe.hpp:63:KeyFrame > 19 tickStamp#19 ort#
0.5#0.5#0.5#0.5#
2025-04-17T21:14:25.800581 [DEBUG] [15424]keyframe.hpp:77:KeyFrame > 0 tickStamp#0 scl#
1#1#1#
2025-04-17T21:14:25.800596 [DEBUG] [15424]keyframe.hpp:77:KeyFrame > 1 tickStamp#1 scl#
1#1#1#
2025-04-17T21:14:25.800611 [DEBUG] [15424]keyframe.hpp:77:KeyFrame > 2 tickStamp#2 scl#
1#1#1#
2025-04-17T21:14:25.800626 [DEBUG] [15424]keyframe.hpp:77:KeyFrame > 3 tickStamp#3 scl#
1#1#1#
2025-04-17T21:14:25.800640 [DEBUG] [15424]keyframe.hpp:77:KeyFrame > 4 tickStamp#4 scl#
1#1#1#
2025-04-17T21:14:25.800655 [DEBUG] [15424]keyframe.hpp:77:KeyFrame > 5 tickStamp#5 scl#
1#1#1#
2025-04-17T21:14:25.800672 [DEBUG] [15424]keyframe.hpp:77:KeyFrame > 6 tickStamp#6 scl#
1#1#1#
2025-04-17T21:14:25.800685 [DEBUG] [15424]keyframe.hpp:77:KeyFrame > 7 tickStamp#7 scl#
1#1#1#
2025-04-17T21:14:25.800701 [DEBUG] [15424]keyframe.hpp:77:KeyFrame > 8 tickStamp#8 scl#
1#1#1#
2025-04-17T21:14:25.800719 [DEBUG] [15424]keyframe.hpp:77:KeyFrame > 9 tickStamp#9 scl#
1#1#1#
2025-04-17T21:14:25.800733 [DEBUG] [15424]keyframe.hpp:77:KeyFrame > 10 tickStamp#10 scl#
1#1#1#
2025-04-17T21:14:25.800748 [DEBUG] [15424]keyframe.hpp:77:KeyFrame > 11 tickStamp#11 scl#
1#1#1#
2025-04-17T21:14:25.800763 [DEBUG] [15424]keyframe.hpp:77:KeyFrame > 12 tickStamp#12 scl#
1#1#1#
2025-04-17T21:14:25.800778 [DEBUG] [15424]keyframe.hpp:77:KeyFrame > 13 tickStamp#13 scl#
1#1#1#
2025-04-17T21:14:25.800798 [DEBUG] [15424]keyframe.hpp:77:KeyFrame > 14 tickStamp#14 scl#
1#1#1#
2025-04-17T21:14:25.800812 [DEBUG] [15424]keyframe.hpp:77:KeyFrame > 15 tickStamp#15 scl#
1#1#1#
2025-04-17T21:14:25.800827 [DEBUG] [15424]keyframe.hpp:77:KeyFrame > 16 tickStamp#16 scl#
1#1#1#
2025-04-17T21:14:25.800841 [DEBUG] [15424]keyframe.hpp:77:KeyFrame > 17 tickStamp#17 scl#
1#1#1#
2025-04-17T21:14:25.800857 [DEBUG] [15424]keyframe.hpp:77:KeyFrame > 18 tickStamp#18 scl#
1#1#1#
2025-04-17T21:14:25.800871 [DEBUG] [15424]keyframe.hpp:77:KeyFrame > 19 tickStamp#19 scl#
1#1#1#
2025-04-17T21:14:25.800933 [INFO ] [15424]animator.hpp:36:Animator > 骨架|Action
2025-04-17T21:14:25.801044 [INFO ] [15424]animator.hpp:58:setCurAnimation > Set animation: 骨架|Action, duration: 19, ticks/s: 24
2025-04-17T21:14:25.801070 [DEBUG] [15424]animator.hpp:82:calculateFinalTransform > 当前节点名称#骨骼
2025-04-17T21:14:25.801109 [DEBUG] [15424]keyframe.hpp:95:interpolate > 模型变换矩阵#
1#0#0#0#
0#1.78814e-07#-1#0#
0#1#1.78814e-07#0#
0#0#0#1#
2025-04-17T21:14:25.804520 [DEBUG] [15424]animator.hpp:82:calculateFinalTransform > 当前节点名称#骨骼
2025-04-17T21:14:25.804589 [DEBUG] [15424]keyframe.hpp:95:interpolate > 模型变换矩阵#
0.905843#2.23517e-07#-0.423614#0#
-0.423614#8.34465e-07#-0.905843#0#
1.78814e-07#1#8.34465e-07#0#
0#0#0#1#
2025-04-17T21:14:25.828257 [DEBUG] [15424]animator.hpp:82:calculateFinalTransform > 当前节点名称#骨骼
2025-04-17T21:14:25.828329 [DEBUG] [15424]keyframe.hpp:95:interpolate > 模型变换矩阵#
0.83278#-8.9407e-08#-0.553604#0#
-0.553604#-3.57628e-07#-0.83278#0#
0#1#-3.57628e-07#0#
0#0#0#1#
2025-04-17T21:14:25.833532 [DEBUG] [15424]animator.hpp:82:calculateFinalTransform > 当前节点名称#骨骼
2025-04-17T21:14:25.833636 [DEBUG] [15424]keyframe.hpp:95:interpolate > 模型变换矩阵#
0.711269#0#-0.70292#0#
-0.70292#0#-0.711269#0#
0#1#0#0#
0#0#0#1#
2025-04-17T21:14:25.850305 [DEBUG] [15424]animator.hpp:82:calculateFinalTransform > 当前节点名称#骨骼
2025-04-17T21:14:25.850406 [DEBUG] [15424]keyframe.hpp:95:interpolate > 模型变换矩阵#
0.679643#-8.9407e-08#-0.733544#0#
-0.733544#-1.19209e-07#-0.679643#0#
8.9407e-08#1#-2.38419e-07#0#
0#0#0#1#
2025-04-17T21:14:25.867689 [DEBUG] [15424]animator.hpp:82:calculateFinalTransform > 当前节点名称#骨骼
2025-04-17T21:14:25.867837 [DEBUG] [15424]keyframe.hpp:95:interpolate > 模型变换矩阵#
0.595186#-1.19209e-07#-0.803588#0#
-0.803588#-1.19209e-07#-0.595187#0#
2.98023e-08#1#-2.38419e-07#0#
0#0#0#1#
2025-04-17T21:14:25.898014 [DEBUG] [15424]animator.hpp:82:calculateFinalTransform > 当前节点名称#骨骼
2025-04-17T21:14:25.898102 [DEBUG] [15424]keyframe.hpp:95:interpolate > 模型变换矩阵#
0.506136#-1.19209e-07#-0.862454#0#
-0.862454#-2.38419e-07#-0.506136#0#
-2.98023e-08#1#-2.38419e-07#0#
0#0#0#1#
2025-04-17T21:14:25.913096 [DEBUG] [15424]animator.hpp:82:calculateFinalTransform > 当前节点名称#骨骼
2025-04-17T21:14:25.913190 [DEBUG] [15424]keyframe.hpp:95:interpolate > 模型变换矩阵#
0.345821#0#-0.9383#0#
-0.9383#5.96046e-08#-0.345821#0#
0#1#5.96046e-08#0#
0#0#0#1#
2025-04-17T21:14:25.929197 [DEBUG] [15424]animator.hpp:82:calculateFinalTransform > 当前节点名称#骨骼
2025-04-17T21:14:25.929299 [DEBUG] [15424]keyframe.hpp:95:interpolate > 模型变换矩阵#
0.274658#-2.98023e-08#-0.961542#0#
-0.961542#-1.19209e-07#-0.274658#0#
-2.98023e-08#1#-1.19209e-07#0#
0#0#0#1#
2025-04-17T21:14:25.945518 [DEBUG] [15424]animator.hpp:82:calculateFinalTransform > 当前节点名称#骨骼
2025-04-17T21:14:25.945608 [DEBUG] [15424]keyframe.hpp:95:interpolate > 模型变换矩阵#
0.196987#0#-0.980406#0#
-0.980406#0#-0.196987#0#
0#1#0#0#
0#0#0#1#
2025-04-17T21:14:25.961801 [DEBUG] [15424]animator.hpp:82:calculateFinalTransform > 当前节点名称#骨骼
2025-04-17T21:14:25.961941 [DEBUG] [15424]keyframe.hpp:95:interpolate > 模型变换矩阵#
0.14#0#-0.990152#0#
-0.990152#5.96046e-08#-0.14#0#
1.19209e-07#1#0#0#
0#0#0#1#
2025-04-17T21:14:25.979630 [DEBUG] [15424]animator.hpp:82:calculateFinalTransform > 当前节点名称#骨骼
2025-04-17T21:14:25.979763 [DEBUG] [15424]keyframe.hpp:95:interpolate > 模型变换矩阵#
0.087275#2.98023e-08#-0.996184#0#
-0.996184#0#-0.087275#0#
2.98023e-08#1#0#0#
0#0#0#1#
2025-04-17T21:14:25.993939 [DEBUG] [15424]animator.hpp:82:calculateFinalTransform > 当前节点名称#骨骼
2025-04-17T21:14:25.994133 [DEBUG] [15424]keyframe.hpp:95:interpolate > 模型变换矩阵#
0.0418605#5.96046e-08#-0.999124#0#
-0.999124#0#-0.0418606#0#
1.78814e-07#1#-1.19209e-07#0#
0#0#0#1#
2025-04-17T21:14:26.012318 [DEBUG] [15424]animator.hpp:82:calculateFinalTransform > 当前节点名称#骨骼
2025-04-17T21:14:26.012543 [DEBUG] [15424]keyframe.hpp:95:interpolate > 模型变换矩阵#
0.0250717#5.96046e-08#-0.999686#0#
-0.999686#5.96046e-08#-0.0250717#0#
5.96046e-08#1#5.96046e-08#0#
0#0#0#1#
2025-04-17T21:14:26.027087 [DEBUG] [15424]animator.hpp:82:calculateFinalTransform > 当前节点名称#骨骼
2025-04-17T21:14:26.027209 [DEBUG] [15424]keyframe.hpp:95:interpolate > 模型变换矩阵#
0.00349444#0#-0.999994#0#
-0.999994#-1.19209e-07#-0.00349459#0#
0#1#-1.19209e-07#0#
0#0#0#1#
2025-04-17T21:14:26.043822 [DEBUG] [15424]animator.hpp:82:calculateFinalTransform > 当前节点名称#骨骼
2025-04-17T21:14:26.043898 [DEBUG] [15424]keyframe.hpp:95:interpolate > 模型变换矩阵#
0.0163512#-2.98023e-08#-0.999866#0#
-0.999866#-2.38419e-07#-0.0163514#0#
-8.9407e-08#1#-2.38419e-07#0#
0#0#0#1#
2025-04-17T21:14:26.060228 [DEBUG] [15424]animator.hpp:82:calculateFinalTransform > 当前节点名称#骨骼
2025-04-17T21:14:26.060314 [DEBUG] [15424]keyframe.hpp:95:interpolate > 模型变换矩阵#
0.0394942#-1.78814e-07#-0.99922#0#
-0.99922#-1.19209e-07#-0.0394942#0#
-1.78814e-07#1#-1.19209e-07#0#
0#0#0#1#
2025-04-17T21:14:26.077401 [DEBUG] [15424]animator.hpp:82:calculateFinalTransform > 当前节点名称#骨骼
2025-04-17T21:14:26.077518 [DEBUG] [15424]keyframe.hpp:95:interpolate > 模型变换矩阵#
0.0713364#2.98023e-08#-0.997452#0#
-0.997452#-2.38419e-07#-0.0713365#0#
-1.49012e-07#1#-1.19209e-07#0#
0#0#0#1#
2025-04-17T21:14:26.093937 [DEBUG] [15424]animator.hpp:82:calculateFinalTransform > 当前节点名称#骨骼
2025-04-17T21:14:26.094180 [DEBUG] [15424]keyframe.hpp:95:interpolate > 模型变换矩阵#
0.142393#8.9407e-08#-0.98981#0#
-0.98981#-1.19209e-07#-0.142393#0#
-8.9407e-08#1#0#0#
0#0#0#1#
2025-04-17T21:14:26.111061 [DEBUG] [15424]animator.hpp:82:calculateFinalTransform > 当前节点名称#骨骼
2025-04-17T21:14:26.111301 [DEBUG] [15424]keyframe.hpp:95:interpolate > 模型变换矩阵#
0.210081#3.27826e-07#-0.977684#0#
-0.977684#1.78814e-07#-0.210081#0#
1.19209e-07#1#3.57628e-07#0#
0#0#0#1#
2025-04-17T21:14:26.127898 [DEBUG] [15424]animator.hpp:82:calculateFinalTransform > 当前节点名称#骨骼
2025-04-17T21:14:26.128174 [DEBUG] [15424]keyframe.hpp:95:interpolate > 模型变换矩阵#
0.317102#2.98023e-07#-0.948392#0#
-0.948392#5.96046e-08#-0.317102#0#
8.9407e-08#1#2.38419e-07#0#
0#0#0#1#
2025-04-17T21:14:26.144467 [DEBUG] [15424]animator.hpp:82:calculateFinalTransform > 当前节点名称#骨骼
2025-04-17T21:14:26.144689 [DEBUG] [15424]keyframe.hpp:95:interpolate > 模型变换矩阵#
0.431856#2.38419e-07#-0.901942#0#
-0.901942#1.19209e-07#-0.431856#0#
2.98023e-08#1#2.38419e-07#0#
0#0#0#1#
2025-04-17T21:14:26.161518 [DEBUG] [15424]animator.hpp:82:calculateFinalTransform > 当前节点名称#骨骼
2025-04-17T21:14:26.161751 [DEBUG] [15424]keyframe.hpp:95:interpolate > 模型变换矩阵#
0.55095#2.08616e-07#-0.834538#0#
-0.834538#1.78814e-07#-0.55095#0#
2.98023e-08#1#2.98023e-07#0#
0#0#0#1#
2025-04-17T21:14:26.177501 [DEBUG] [15424]animator.hpp:82:calculateFinalTransform > 当前节点名称#骨骼
2025-04-17T21:14:26.177994 [DEBUG] [15424]keyframe.hpp:95:interpolate > 模型变换矩阵#
0.696823#1.19209e-07#-0.717243#0#
-0.717243#5.96046e-08#-0.696823#0#
-5.96046e-08#1#1.19209e-07#0#
0#0#0#1#
2025-04-17T21:14:26.194447 [DEBUG] [15424]animator.hpp:82:calculateFinalTransform > 当前节点名称#骨骼
2025-04-17T21:14:26.194967 [DEBUG] [15424]keyframe.hpp:95:interpolate > 模型变换矩阵#
0.811321#2.98023e-08#-0.5846#0#
-0.5846#-1.19209e-07#-0.811322#0#
-5.96046e-08#1#-1.19209e-07#0#
0#0#0#1#
2025-04-17T21:14:26.211203 [DEBUG] [15424]animator.hpp:82:calculateFinalTransform > 当前节点名称#骨骼
2025-04-17T21:14:26.211725 [DEBUG] [15424]keyframe.hpp:95:interpolate > 模型变换矩阵#
0.919955#2.98023e-08#-0.392024#0#
-0.392024#0#-0.919955#0#
0#1#0#0#
0#0#0#1#
2025-04-17T21:14:26.227602 [DEBUG] [15424]animator.hpp:82:calculateFinalTransform > 当前节点名称#骨骼
2025-04-17T21:14:26.227892 [DEBUG] [15424]keyframe.hpp:95:interpolate > 模型变换矩阵#
0.985284#4.47035e-08#-0.170926#0#
-0.170926#2.98023e-07#-0.985284#0#
1.49012e-08#1#3.57628e-07#0#
0#0#0#1#
2025-04-17T21:14:26.244555 [DEBUG] [15424]animator.hpp:82:calculateFinalTransform > 当前节点名称#骨骼
2025-04-17T21:14:26.244907 [DEBUG] [15424]keyframe.hpp:95:interpolate > 模型变换矩阵#
0.998481#-1.49012e-08#0.0551017#0#
0.0551017#2.98023e-07#-0.998481#0#
-3.72529e-09#1#2.98023e-07#0#
0#0#0#1#
2025-04-17T21:14:26.260380 [DEBUG] [15424]animator.hpp:82:calculateFinalTransform > 当前节点名称#骨骼
2025-04-17T21:14:26.260471 [DEBUG] [15424]keyframe.hpp:95:interpolate > 模型变换矩阵#
0.958395#-7.45058e-08#0.285444#0#
0.285444#1.19209e-07#-0.958395#0#
0#1#1.19209e-07#0#
0#0#0#1#
2025-04-17T21:14:26.277521 [DEBUG] [15424]animator.hpp:82:calculateFinalTransform > 当前节点名称#骨骼
2025-04-17T21:14:26.277978 [DEBUG] [15424]keyframe.hpp:95:interpolate > 模型变换矩阵#
0.873537#-8.9407e-08#0.486757#0#
0.486757#1.19209e-07#-0.873537#0#
0#1#1.19209e-07#0#
0#0#0#1#
2025-04-17T21:14:26.294271 [DEBUG] [15424]animator.hpp:82:calculateFinalTransform > 当前节点名称#骨骼
2025-04-17T21:14:26.294456 [DEBUG] [15424]keyframe.hpp:95:interpolate > 模型变换矩阵#
0.758309#-1.19209e-07#0.651895#0#
0.651895#0#-0.75831#0#
5.96046e-08#1#5.96046e-08#0#
0#0#0#1#
2025-04-17T21:14:26.310679 [DEBUG] [15424]animator.hpp:82:calculateFinalTransform > 当前节点名称#骨骼
2025-04-17T21:14:26.310838 [DEBUG] [15424]keyframe.hpp:95:interpolate > 模型变换矩阵#
0.626229#-2.38419e-07#0.779639#0#
0.779639#0#-0.62623#0#
8.9407e-08#1#1.78814e-07#0#
0#0#0#1#
2025-04-17T21:14:26.327344 [DEBUG] [15424]animator.hpp:82:calculateFinalTransform > 当前节点名称#骨骼
2025-04-17T21:14:26.327544 [DEBUG] [15424]keyframe.hpp:95:interpolate > 模型变换矩阵#
0.48824#-2.68221e-07#0.872709#0#
0.872709#1.19209e-07#-0.48824#0#
8.9407e-08#1#2.98023e-07#0#
0#0#0#1#
2025-04-17T21:14:26.343893 [DEBUG] [15424]animator.hpp:82:calculateFinalTransform > 当前节点名称#骨骼
2025-04-17T21:14:26.344079 [DEBUG] [15424]keyframe.hpp:95:interpolate > 模型变换矩阵#
0.37783#-3.27826e-07#0.925875#0#
0.925875#2.38419e-07#-0.37783#0#
-5.96046e-08#1#4.17232e-07#0#
0#0#0#1#
2025-04-17T21:14:26.360755 [DEBUG] [15424]animator.hpp:82:calculateFinalTransform > 当前节点名称#骨骼
2025-04-17T21:14:26.360960 [DEBUG] [15424]keyframe.hpp:95:interpolate > 模型变换矩阵#
0.2639#-3.27826e-07#0.96455#0#
0.96455#1.19209e-07#-0.263901#0#
-8.9407e-08#1#2.98023e-07#0#
0#0#0#1#
2025-04-17T21:14:26.377130 [DEBUG] [15424]animator.hpp:82:calculateFinalTransform > 当前节点名称#骨骼
2025-04-17T21:14:26.377354 [DEBUG] [15424]keyframe.hpp:95:interpolate > 模型变换矩阵#
0.179482#-2.38419e-07#0.983761#0#
0.983761#0#-0.179482#0#
-5.96046e-08#1#1.78814e-07#0#
0#0#0#1#
2025-04-17T21:14:26.393150 [DEBUG] [15424]animator.hpp:82:calculateFinalTransform > 当前节点名称#骨骼
2025-04-17T21:14:26.393308 [DEBUG] [15424]keyframe.hpp:95:interpolate > 模型变换矩阵#
0.112124#-2.98023e-08#0.993694#0#
0.993694#-1.19209e-07#-0.112124#0#
2.98023e-08#1#0#0#
0#0#0#1#
2025-04-17T21:14:26.409874 [DEBUG] [15424]animator.hpp:82:calculateFinalTransform > 当前节点名称#骨骼
2025-04-17T21:14:26.410020 [DEBUG] [15424]keyframe.hpp:95:interpolate > 模型变换矩阵#
0.0535785#1.19209e-07#0.998564#0#
0.998564#-2.38419e-07#-0.0535785#0#
2.38419e-07#1#-1.19209e-07#0#
0#0#0#1#
2025-04-17T21:14:26.426918 [DEBUG] [15424]animator.hpp:82:calculateFinalTransform > 当前节点名称#骨骼
2025-04-17T21:14:26.427102 [DEBUG] [15424]keyframe.hpp:95:interpolate > 模型变换矩阵#
0.0304735#-2.98023e-08#0.999536#0#
0.999536#-3.57628e-07#-0.0304736#0#
2.68221e-07#1#-1.19209e-07#0#
0#0#0#1#
2025-04-17T21:14:26.443758 [DEBUG] [15424]animator.hpp:82:calculateFinalTransform > 当前节点名称#骨骼
2025-04-17T21:14:26.443955 [DEBUG] [15424]keyframe.hpp:95:interpolate > 模型变换矩阵#
0.00692827#-1.49012e-07#0.999976#0#
0.999976#-1.19209e-07#-0.00692824#0#
1.49012e-07#1#1.78814e-07#0#
0#0#0#1#
