2025-04-17T20:58:15.055559 [DEBUG] [14495]model.hpp:122:processVertices > mesh预加载骨骼名称#骨骼 id#0 offset#
1#0#0#0#
0#1#0#0#
0#0#1#0#
0#0#0#1#
2025-04-17T20:58:15.059144 [DEBUG] [14495]model.hpp:122:processVertices > mesh预加载骨骼名称#骨骼 id#0 offset#
1#0#0#0#
0#1#0#0#
0#0#1#0#
0#0#0#1#
2025-04-17T20:58:15.061793 [DEBUG] [14495]animation.hpp:56:readKeyFrames > 本动画所有有关骨骼名称#骨架 id#1 offset#
1#0#0#0#
0#1#0#0#
0#0#1#0#
0#0#0#1#
2025-04-17T20:58:15.061895 [DEBUG] [14495]keyframe.hpp:50:KeyFrame > 0 tickStamp#0 pos#
0#0#0#
2025-04-17T20:58:15.061936 [DEBUG] [14495]keyframe.hpp:50:KeyFrame > 1 tickStamp#19 pos#
0#0#0#
2025-04-17T20:58:15.061956 [DEBUG] [14495]keyframe.hpp:63:KeyFrame > 0 tickStamp#0 ort#
-0.707107#0#0#0.707107#
2025-04-17T20:58:15.061975 [DEBUG] [14495]keyframe.hpp:63:KeyFrame > 1 tickStamp#19 ort#
-0.707107#0#0#0.707107#
2025-04-17T20:58:15.061993 [DEBUG] [14495]keyframe.hpp:77:KeyFrame > 0 tickStamp#0 scl#
1#1#1#
2025-04-17T20:58:15.062011 [DEBUG] [14495]keyframe.hpp:77:KeyFrame > 1 tickStamp#19 scl#
1#1#1#
2025-04-17T20:58:15.062042 [DEBUG] [14495]animation.hpp:56:readKeyFrames > 本动画所有有关骨骼名称#骨骼 id#0 offset#
1#0#0#0#
0#1#0#0#
0#0#1#0#
0#0#0#1#
2025-04-17T20:58:15.062080 [DEBUG] [14495]keyframe.hpp:50:KeyFrame > 0 tickStamp#0 pos#
0#0#0#
2025-04-17T20:58:15.062096 [DEBUG] [14495]keyframe.hpp:50:KeyFrame > 1 tickStamp#1 pos#
0#0#0#
2025-04-17T20:58:15.062108 [DEBUG] [14495]keyframe.hpp:50:KeyFrame > 2 tickStamp#2 pos#
0#0#0#
2025-04-17T20:58:15.062123 [DEBUG] [14495]keyframe.hpp:50:KeyFrame > 3 tickStamp#3 pos#
0#0#0#
2025-04-17T20:58:15.062135 [DEBUG] [14495]keyframe.hpp:50:KeyFrame > 4 tickStamp#4 pos#
0#0#0#
2025-04-17T20:58:15.062148 [DEBUG] [14495]keyframe.hpp:50:KeyFrame > 5 tickStamp#5 pos#
0#0#0#
2025-04-17T20:58:15.062162 [DEBUG] [14495]keyframe.hpp:50:KeyFrame > 6 tickStamp#6 pos#
0#0#0#
2025-04-17T20:58:15.062176 [DEBUG] [14495]keyframe.hpp:50:KeyFrame > 7 tickStamp#7 pos#
0#0#0#
2025-04-17T20:58:15.062189 [DEBUG] [14495]keyframe.hpp:50:KeyFrame > 8 tickStamp#8 pos#
0#0#0#
2025-04-17T20:58:15.062204 [DEBUG] [14495]keyframe.hpp:50:KeyFrame > 9 tickStamp#9 pos#
0#0#0#
2025-04-17T20:58:15.062216 [DEBUG] [14495]keyframe.hpp:50:KeyFrame > 10 tickStamp#10 pos#
0#0#0#
2025-04-17T20:58:15.062232 [DEBUG] [14495]keyframe.hpp:50:KeyFrame > 11 tickStamp#11 pos#
0#0#0#
2025-04-17T20:58:15.062244 [DEBUG] [14495]keyframe.hpp:50:KeyFrame > 12 tickStamp#12 pos#
0#0#0#
2025-04-17T20:58:15.062258 [DEBUG] [14495]keyframe.hpp:50:KeyFrame > 13 tickStamp#13 pos#
0#0#0#
2025-04-17T20:58:15.062272 [DEBUG] [14495]keyframe.hpp:50:KeyFrame > 14 tickStamp#14 pos#
0#0#0#
2025-04-17T20:58:15.062285 [DEBUG] [14495]keyframe.hpp:50:KeyFrame > 15 tickStamp#15 pos#
0#0#0#
2025-04-17T20:58:15.062297 [DEBUG] [14495]keyframe.hpp:50:KeyFrame > 16 tickStamp#16 pos#
0#0#0#
2025-04-17T20:58:15.062313 [DEBUG] [14495]keyframe.hpp:50:KeyFrame > 17 tickStamp#17 pos#
0#0#0#
2025-04-17T20:58:15.062325 [DEBUG] [14495]keyframe.hpp:50:KeyFrame > 18 tickStamp#18 pos#
0#0#0#
2025-04-17T20:58:15.062341 [DEBUG] [14495]keyframe.hpp:50:KeyFrame > 19 tickStamp#19 pos#
0#0#0#
2025-04-17T20:58:15.062354 [DEBUG] [14495]keyframe.hpp:63:KeyFrame > 0 tickStamp#0 ort#
0.707107#0#0#0.707107#
2025-04-17T20:58:15.062375 [DEBUG] [14495]keyframe.hpp:63:KeyFrame > 1 tickStamp#1 ort#
0.706895#-0.0173156#-0.0173156#0.706895#
2025-04-17T20:58:15.062392 [DEBUG] [14495]keyframe.hpp:63:KeyFrame > 2 tickStamp#2 ort#
0.70409#-0.0652425#-0.0652425#0.704091#
2025-04-17T20:58:15.062408 [DEBUG] [14495]keyframe.hpp:63:KeyFrame > 3 tickStamp#3 ort#
0.693589#-0.1376#-0.1376#0.693589#
2025-04-17T20:58:15.062424 [DEBUG] [14495]keyframe.hpp:63:KeyFrame > 4 tickStamp#4 ort#
0.670303#-0.225153#-0.225153#0.670303#
2025-04-17T20:58:15.062439 [DEBUG] [14495]keyframe.hpp:63:KeyFrame > 5 tickStamp#5 ort#
0.633183#-0.314769#-0.314769#0.633183#
2025-04-17T20:58:15.062455 [DEBUG] [14495]keyframe.hpp:63:KeyFrame > 6 tickStamp#6 ort#
0.58774#-0.393144#-0.393144#0.58774#
2025-04-17T20:58:15.062472 [DEBUG] [14495]keyframe.hpp:63:KeyFrame > 7 tickStamp#7 ort#
0.544001#-0.451734#-0.451734#0.544001#
2025-04-17T20:58:15.062486 [DEBUG] [14495]keyframe.hpp:63:KeyFrame > 8 tickStamp#8 ort#
0.512094#-0.487606#-0.487606#0.512094#
2025-04-17T20:58:15.062503 [DEBUG] [14495]keyframe.hpp:63:KeyFrame > 9 tickStamp#9 ort#
-0.5#0.5#0.5#-0.5#
2025-04-17T20:58:15.062518 [DEBUG] [14495]keyframe.hpp:63:KeyFrame > 10 tickStamp#10 ort#
0.51419#-0.485395#-0.485395#0.51419#
2025-04-17T20:58:15.062535 [DEBUG] [14495]keyframe.hpp:63:KeyFrame > 11 tickStamp#11 ort#
0.554314#-0.439017#-0.439017#0.554314#
2025-04-17T20:58:15.062562 [DEBUG] [14495]keyframe.hpp:63:KeyFrame > 12 tickStamp#12 ort#
0.614847#-0.349233#-0.349233#0.614847#
2025-04-17T20:58:15.062587 [DEBUG] [14495]keyframe.hpp:63:KeyFrame > 13 tickStamp#13 ort#
0.678027#-0.200696#-0.200696#0.678027#
2025-04-17T20:58:15.062602 [DEBUG] [14495]keyframe.hpp:63:KeyFrame > 14 tickStamp#14 ort#
0.707107#8.9407e-08#8.9407e-08#0.707107#
2025-04-17T20:58:15.062622 [DEBUG] [14495]keyframe.hpp:63:KeyFrame > 15 tickStamp#15 ort#
0.678027#0.200696#0.200696#0.678027#
2025-04-17T20:58:15.062637 [DEBUG] [14495]keyframe.hpp:63:KeyFrame > 16 tickStamp#16 ort#
0.614847#0.349233#0.349233#0.614847#
2025-04-17T20:58:15.062652 [DEBUG] [14495]keyframe.hpp:63:KeyFrame > 17 tickStamp#17 ort#
0.554314#0.439017#0.439017#0.554314#
2025-04-17T20:58:15.062668 [DEBUG] [14495]keyframe.hpp:63:KeyFrame > 18 tickStamp#18 ort#
0.51419#0.485395#0.485395#0.51419#
2025-04-17T20:58:15.062685 [DEBUG] [14495]keyframe.hpp:63:KeyFrame > 19 tickStamp#19 ort#
0.5#0.5#0.5#0.5#
2025-04-17T20:58:15.062701 [DEBUG] [14495]keyframe.hpp:77:KeyFrame > 0 tickStamp#0 scl#
1#1#1#
2025-04-17T20:58:15.062715 [DEBUG] [14495]keyframe.hpp:77:KeyFrame > 1 tickStamp#1 scl#
1#1#1#
2025-04-17T20:58:15.062729 [DEBUG] [14495]keyframe.hpp:77:KeyFrame > 2 tickStamp#2 scl#
1#1#1#
2025-04-17T20:58:15.062743 [DEBUG] [14495]keyframe.hpp:77:KeyFrame > 3 tickStamp#3 scl#
1#1#1#
2025-04-17T20:58:15.062755 [DEBUG] [14495]keyframe.hpp:77:KeyFrame > 4 tickStamp#4 scl#
1#1#1#
2025-04-17T20:58:15.062771 [DEBUG] [14495]keyframe.hpp:77:KeyFrame > 5 tickStamp#5 scl#
1#1#1#
2025-04-17T20:58:15.062785 [DEBUG] [14495]keyframe.hpp:77:KeyFrame > 6 tickStamp#6 scl#
1#1#1#
2025-04-17T20:58:15.062799 [DEBUG] [14495]keyframe.hpp:77:KeyFrame > 7 tickStamp#7 scl#
1#1#1#
2025-04-17T20:58:15.062814 [DEBUG] [14495]keyframe.hpp:77:KeyFrame > 8 tickStamp#8 scl#
1#1#1#
2025-04-17T20:58:15.062828 [DEBUG] [14495]keyframe.hpp:77:KeyFrame > 9 tickStamp#9 scl#
1#1#1#
2025-04-17T20:58:15.062840 [DEBUG] [14495]keyframe.hpp:77:KeyFrame > 10 tickStamp#10 scl#
1#1#1#
2025-04-17T20:58:15.062855 [DEBUG] [14495]keyframe.hpp:77:KeyFrame > 11 tickStamp#11 scl#
1#1#1#
2025-04-17T20:58:15.062868 [DEBUG] [14495]keyframe.hpp:77:KeyFrame > 12 tickStamp#12 scl#
1#1#1#
2025-04-17T20:58:15.062881 [DEBUG] [14495]keyframe.hpp:77:KeyFrame > 13 tickStamp#13 scl#
1#1#1#
2025-04-17T20:58:15.062896 [DEBUG] [14495]keyframe.hpp:77:KeyFrame > 14 tickStamp#14 scl#
1#1#1#
2025-04-17T20:58:15.062913 [DEBUG] [14495]keyframe.hpp:77:KeyFrame > 15 tickStamp#15 scl#
1#1#1#
2025-04-17T20:58:15.062926 [DEBUG] [14495]keyframe.hpp:77:KeyFrame > 16 tickStamp#16 scl#
1#1#1#
2025-04-17T20:58:15.062939 [DEBUG] [14495]keyframe.hpp:77:KeyFrame > 17 tickStamp#17 scl#
1#1#1#
2025-04-17T20:58:15.062954 [DEBUG] [14495]keyframe.hpp:77:KeyFrame > 18 tickStamp#18 scl#
1#1#1#
2025-04-17T20:58:15.062967 [DEBUG] [14495]keyframe.hpp:77:KeyFrame > 19 tickStamp#19 scl#
1#1#1#
2025-04-17T20:58:15.063010 [INFO ] [14495]animator.hpp:36:Animator > 骨架|Action
2025-04-17T20:58:15.063112 [INFO ] [14495]animator.hpp:58:setCurAnimation > Set animation: 骨架|Action, duration: 19, ticks/s: 24
2025-04-17T20:58:15.063137 [DEBUG] [14495]animator.hpp:82:calculateFinalTransform > 当前节点名称#骨骼
2025-04-17T20:58:15.063171 [DEBUG] [14495]keyframe.hpp:95:interpolate > 模型变换矩阵#
1#0#0#0#
0#1.78814e-07#-1#0#
0#1#1.78814e-07#0#
0#0#0#1#
2025-04-17T20:58:15.066828 [DEBUG] [14495]animator.hpp:82:calculateFinalTransform > 当前节点名称#骨骼
2025-04-17T20:58:15.066885 [DEBUG] [14495]keyframe.hpp:95:interpolate > 模型变换矩阵#
0.917374#1.93715e-07#-0.398027#0#
-0.398027#8.9407e-07#-0.917373#0#
1.93715e-07#1#8.9407e-07#0#
0#0#0#1#
2025-04-17T20:58:15.092199 [DEBUG] [14495]animator.hpp:82:calculateFinalTransform > 当前节点名称#骨骼
2025-04-17T20:58:15.092273 [DEBUG] [14495]keyframe.hpp:95:interpolate > 模型变换矩阵#
0.855022#-5.96046e-08#-0.518592#0#
-0.518592#-2.38419e-07#-0.855022#0#
2.98023e-08#1#-2.38419e-07#0#
0#0#0#1#
2025-04-17T20:58:15.096516 [DEBUG] [14495]animator.hpp:82:calculateFinalTransform > 当前节点名称#骨骼
2025-04-17T20:58:15.096594 [DEBUG] [14495]keyframe.hpp:95:interpolate > 模型变换矩阵#
0.73978#0#-0.672849#0#
-0.672849#-1.19209e-07#-0.73978#0#
0#1#-1.19209e-07#0#
0#0#0#1#
2025-04-17T20:58:15.133415 [DEBUG] [14495]animator.hpp:82:calculateFinalTransform > 当前节点名称#骨骼
2025-04-17T20:58:15.133585 [DEBUG] [14495]keyframe.hpp:95:interpolate > 模型变换矩阵#
0.715925#-8.9407e-08#-0.698177#0#
-0.698177#-1.19209e-07#-0.715925#0#
2.98023e-08#1#-1.19209e-07#0#
0#0#0#1#
2025-04-17T20:58:15.149552 [DEBUG] [14495]animator.hpp:82:calculateFinalTransform > 当前节点名称#骨骼
2025-04-17T20:58:15.149821 [DEBUG] [14495]keyframe.hpp:95:interpolate > 模型变换矩阵#
0.532203#-1.19209e-07#-0.846617#0#
-0.846617#0#-0.532203#0#
2.98023e-08#1#-1.19209e-07#0#
0#0#0#1#
2025-04-17T20:58:15.176101 [DEBUG] [14495]animator.hpp:82:calculateFinalTransform > 当前节点名称#骨骼
2025-04-17T20:58:15.176170 [DEBUG] [14495]keyframe.hpp:95:interpolate > 模型变换矩阵#
0.445717#-2.98023e-08#-0.895174#0#
-0.895174#-1.19209e-07#-0.445717#0#
2.98023e-08#1#-2.38419e-07#0#
0#0#0#1#
2025-04-17T20:58:15.193836 [DEBUG] [14495]animator.hpp:82:calculateFinalTransform > 当前节点名称#骨骼
2025-04-17T20:58:15.193962 [DEBUG] [14495]keyframe.hpp:95:interpolate > 模型变换矩阵#
0.31106#0#-0.95039#0#
-0.950391#-2.38419e-07#-0.31106#0#
0#1#-2.38419e-07#0#
0#0#0#1#
2025-04-17T20:58:15.208902 [DEBUG] [14495]animator.hpp:82:calculateFinalTransform > 当前节点名称#骨骼
2025-04-17T20:58:15.208991 [DEBUG] [14495]keyframe.hpp:95:interpolate > 模型变换矩阵#
0.226371#0#-0.974041#0#
-0.974041#-2.38419e-07#-0.226371#0#
0#1#-2.38419e-07#0#
0#0#0#1#
2025-04-17T20:58:15.225474 [DEBUG] [14495]animator.hpp:82:calculateFinalTransform > 当前节点名称#骨骼
2025-04-17T20:58:15.225567 [DEBUG] [14495]keyframe.hpp:95:interpolate > 模型变换矩阵#
0.163479#5.96046e-08#-0.986547#0#
-0.986547#-1.19209e-07#-0.163479#0#
5.96046e-08#1#-1.19209e-07#0#
0#0#0#1#
2025-04-17T20:58:15.240412 [DEBUG] [14495]animator.hpp:82:calculateFinalTransform > 当前节点名称#骨骼
2025-04-17T20:58:15.240541 [DEBUG] [14495]keyframe.hpp:95:interpolate > 模型变换矩阵#
0.110012#8.9407e-08#-0.99393#0#
-0.99393#0#-0.110012#0#
1.49012e-07#1#0#0#
0#0#0#1#
2025-04-17T20:58:15.257120 [DEBUG] [14495]animator.hpp:82:calculateFinalTransform > 当前节点名称#骨骼
2025-04-17T20:58:15.257231 [DEBUG] [14495]keyframe.hpp:95:interpolate > 模型变换矩阵#
0.0615267#0#-0.998105#0#
-0.998106#0#-0.0615268#0#
1.19209e-07#1#-1.19209e-07#0#
0#0#0#1#
2025-04-17T20:58:15.273748 [DEBUG] [14495]animator.hpp:82:calculateFinalTransform > 当前节点名称#骨骼
2025-04-17T20:58:15.273831 [DEBUG] [14495]keyframe.hpp:95:interpolate > 模型变换矩阵#
0.0338702#5.96046e-08#-0.999426#0#
-0.999426#1.19209e-07#-0.0338701#0#
5.96046e-08#1#1.19209e-07#0#
0#0#0#1#
2025-04-17T20:58:15.290740 [DEBUG] [14495]animator.hpp:82:calculateFinalTransform > 当前节点名称#骨骼
2025-04-17T20:58:15.290876 [DEBUG] [14495]keyframe.hpp:95:interpolate > 模型变换矩阵#
0.0143116#0#-0.999898#0#
-0.999898#-1.19209e-07#-0.0143118#0#
0#1#-1.19209e-07#0#
0#0#0#1#
2025-04-17T20:58:15.307317 [DEBUG] [14495]animator.hpp:82:calculateFinalTransform > 当前节点名称#骨骼
2025-04-17T20:58:15.307434 [DEBUG] [14495]keyframe.hpp:95:interpolate > 模型变换矩阵#
0.0066185#0#-0.999978#0#
-0.999978#0#-0.0066185#0#
0#1#0#0#
0#0#0#1#
2025-04-17T20:58:15.324006 [DEBUG] [14495]animator.hpp:82:calculateFinalTransform > 当前节点名称#骨骼
2025-04-17T20:58:15.324104 [DEBUG] [14495]keyframe.hpp:95:interpolate > 模型变换矩阵#
0.0295579#0#-0.999563#0#
-0.999563#-2.38419e-07#-0.029558#0#
-1.19209e-07#1#0#0#
0#0#0#1#
2025-04-17T20:58:15.340321 [DEBUG] [14495]animator.hpp:82:calculateFinalTransform > 当前节点名称#骨骼
2025-04-17T20:58:15.340390 [DEBUG] [14495]keyframe.hpp:95:interpolate > 模型变换矩阵#
0.0526134#-2.98023e-08#-0.998615#0#
-0.998615#-2.38419e-07#-0.0526134#0#
-1.78814e-07#1#0#0#
0#0#0#1#
2025-04-17T20:58:15.357631 [DEBUG] [14495]animator.hpp:82:calculateFinalTransform > 当前节点名称#骨骼
2025-04-17T20:58:15.357758 [DEBUG] [14495]keyframe.hpp:95:interpolate > 模型变换矩阵#
0.11039#8.9407e-08#-0.993888#0#
-0.993889#-2.38419e-07#-0.11039#0#
-8.9407e-08#1#-1.19209e-07#0#
0#0#0#1#
2025-04-17T20:58:15.374441 [DEBUG] [14495]animator.hpp:82:calculateFinalTransform > 当前节点名称#骨骼
2025-04-17T20:58:15.374602 [DEBUG] [14495]keyframe.hpp:95:interpolate > 模型变换矩阵#
0.181645#2.68221e-07#-0.983364#0#
-0.983364#0#-0.181646#0#
5.96046e-08#1#1.78814e-07#0#
0#0#0#1#
2025-04-17T20:58:15.391221 [DEBUG] [14495]animator.hpp:82:calculateFinalTransform > 当前节点名称#骨骼
2025-04-17T20:58:15.391414 [DEBUG] [14495]keyframe.hpp:95:interpolate > 模型变换矩阵#
0.265728#3.27826e-07#-0.964048#0#
-0.964048#1.19209e-07#-0.265729#0#
2.08616e-07#1#2.38419e-07#0#
0#0#0#1#
2025-04-17T20:58:15.407859 [DEBUG] [14495]animator.hpp:82:calculateFinalTransform > 当前节点名称#骨骼
2025-04-17T20:58:15.408204 [DEBUG] [14495]keyframe.hpp:95:interpolate > 模型变换矩阵#
0.382393#1.78814e-07#-0.924#0#
-0.924#0#-0.382393#0#
0#1#1.19209e-07#0#
0#0#0#1#
2025-04-17T20:58:15.424458 [DEBUG] [14495]animator.hpp:82:calculateFinalTransform > 当前节点名称#骨骼
2025-04-17T20:58:15.424783 [DEBUG] [14495]keyframe.hpp:95:interpolate > 模型变换矩阵#
0.492525#2.08616e-07#-0.870298#0#
-0.870298#-1.19209e-07#-0.492525#0#
-8.9407e-08#1#5.96046e-08#0#
0#0#0#1#
2025-04-17T20:58:15.441064 [DEBUG] [14495]animator.hpp:82:calculateFinalTransform > 当前节点名称#骨骼
2025-04-17T20:58:15.441233 [DEBUG] [14495]keyframe.hpp:95:interpolate > 模型变换矩阵#
0.633501#1.49012e-07#-0.773742#0#
-0.773742#0#-0.633501#0#
-8.9407e-08#1#1.19209e-07#0#
0#0#0#1#
2025-04-17T20:58:15.457910 [DEBUG] [14495]animator.hpp:82:calculateFinalTransform > 当前节点名称#骨骼
2025-04-17T20:58:15.458127 [DEBUG] [14495]keyframe.hpp:95:interpolate > 模型变换矩阵#
0.763308#8.9407e-08#-0.646035#0#
-0.646035#-1.19209e-07#-0.763308#0#
-8.9407e-08#1#-1.19209e-07#0#
0#0#0#1#
2025-04-17T20:58:15.474634 [DEBUG] [14495]animator.hpp:82:calculateFinalTransform > 当前节点名称#骨骼
2025-04-17T20:58:15.474771 [DEBUG] [14495]keyframe.hpp:95:interpolate > 模型变换矩阵#
0.876369#2.98023e-08#-0.481639#0#
-0.481639#-1.19209e-07#-0.87637#0#
-2.98023e-08#1#0#0#
0#0#0#1#
2025-04-17T20:58:15.491107 [DEBUG] [14495]animator.hpp:82:calculateFinalTransform > 当前节点名称#骨骼
2025-04-17T20:58:15.491256 [DEBUG] [14495]keyframe.hpp:95:interpolate > 模型变换矩阵#
0.963408#4.47035e-08#-0.26804#0#
-0.26804#1.19209e-07#-0.963408#0#
0#1#1.19209e-07#0#
0#0#0#1#
2025-04-17T20:58:15.507570 [DEBUG] [14495]animator.hpp:82:calculateFinalTransform > 当前节点名称#骨骼
2025-04-17T20:58:15.507661 [DEBUG] [14495]keyframe.hpp:95:interpolate > 模型变换矩阵#
0.999044#1.30385e-08#-0.0437241#0#
-0.0437241#2.38419e-07#-0.999044#0#
1.86264e-09#1#2.38419e-07#0#
0#0#0#1#
2025-04-17T20:58:15.524534 [DEBUG] [14495]animator.hpp:82:calculateFinalTransform > 当前节点名称#骨骼
2025-04-17T20:58:15.524697 [DEBUG] [14495]keyframe.hpp:95:interpolate > 模型变换矩阵#
0.983128#-4.47035e-08#0.18292#0#
0.18292#1.78814e-07#-0.983128#0#
0#1#1.78814e-07#0#
0#0#0#1#
2025-04-17T20:58:15.541322 [DEBUG] [14495]animator.hpp:82:calculateFinalTransform > 当前节点名称#骨骼
2025-04-17T20:58:15.541487 [DEBUG] [14495]keyframe.hpp:95:interpolate > 模型变换矩阵#
0.913915#-8.9407e-08#0.405906#0#
0.405906#0#-0.913915#0#
2.98023e-08#1#5.96046e-08#0#
0#0#0#1#
2025-04-17T20:58:15.561132 [DEBUG] [14495]animator.hpp:82:calculateFinalTransform > 当前节点名称#骨骼
2025-04-17T20:58:15.561231 [DEBUG] [14495]keyframe.hpp:95:interpolate > 模型变换矩阵#
0.805337#-1.19209e-07#0.592817#0#
0.592817#-1.19209e-07#-0.805337#0#
5.96046e-08#1#0#0#
0#0#0#1#
2025-04-17T20:58:15.574237 [DEBUG] [14495]animator.hpp:82:calculateFinalTransform > 当前节点名称#骨骼
2025-04-17T20:58:15.574442 [DEBUG] [14495]keyframe.hpp:95:interpolate > 模型变换矩阵#
0.658218#-1.78814e-07#0.752827#0#
0.752827#1.19209e-07#-0.658218#0#
5.96046e-08#1#2.38419e-07#0#
0#0#0#1#
2025-04-17T20:58:15.590943 [DEBUG] [14495]animator.hpp:82:calculateFinalTransform > 当前节点名称#骨骼
2025-04-17T20:58:15.591151 [DEBUG] [14495]keyframe.hpp:95:interpolate > 模型变换矩阵#
0.543574#-2.08616e-07#0.839361#0#
0.839361#0#-0.543574#0#
8.9407e-08#1#1.19209e-07#0#
0#0#0#1#
2025-04-17T20:58:15.607502 [DEBUG] [14495]animator.hpp:82:calculateFinalTransform > 当前节点名称#骨骼
2025-04-17T20:58:15.607676 [DEBUG] [14495]keyframe.hpp:95:interpolate > 模型变换矩阵#
0.425628#-2.38419e-07#0.904898#0#
0.904898#0#-0.425629#0#
-2.98023e-08#1#1.19209e-07#0#
0#0#0#1#
2025-04-17T20:58:15.624221 [DEBUG] [14495]animator.hpp:82:calculateFinalTransform > 当前节点名称#骨骼
2025-04-17T20:58:15.624388 [DEBUG] [14495]keyframe.hpp:95:interpolate > 模型变换矩阵#
0.312442#-3.8743e-07#0.949937#0#
0.949937#2.38419e-07#-0.312442#0#
-2.98023e-08#1#4.76837e-07#0#
0#0#0#1#
2025-04-17T20:58:15.641477 [DEBUG] [14495]animator.hpp:82:calculateFinalTransform > 当前节点名称#骨骼
2025-04-17T20:58:15.641648 [DEBUG] [14495]keyframe.hpp:95:interpolate > 模型变换矩阵#
0.208944#-3.57628e-07#0.977928#0#
0.977928#1.19209e-07#-0.208944#0#
-8.9407e-08#1#3.57628e-07#0#
0#0#0#1#
2025-04-17T20:58:15.657416 [DEBUG] [14495]animator.hpp:82:calculateFinalTransform > 当前节点名称#骨骼
2025-04-17T20:58:15.657503 [DEBUG] [14495]keyframe.hpp:95:interpolate > 模型变换矩阵#
0.138241#-1.49012e-07#0.990399#0#
0.990399#0#-0.138241#0#
2.98023e-08#1#1.19209e-07#0#
0#0#0#1#
2025-04-17T20:58:15.673923 [DEBUG] [14495]animator.hpp:82:calculateFinalTransform > 当前节点名称#骨骼
2025-04-17T20:58:15.674001 [DEBUG] [14495]keyframe.hpp:95:interpolate > 模型变换矩阵#
0.0721881#0#0.997391#0#
0.997391#-1.19209e-07#-0.0721881#0#
8.9407e-08#1#0#0#
0#0#0#1#
2025-04-17T20:58:15.690464 [DEBUG] [14495]animator.hpp:82:calculateFinalTransform > 当前节点名称#骨骼
2025-04-17T20:58:15.690545 [DEBUG] [14495]keyframe.hpp:95:interpolate > 模型变换矩阵#
0.0396193#2.98023e-08#0.999215#0#
0.999215#-2.38419e-07#-0.0396194#0#
2.08616e-07#1#-1.19209e-07#0#
0#0#0#1#
2025-04-17T20:58:15.707308 [DEBUG] [14495]animator.hpp:82:calculateFinalTransform > 当前节点名称#骨骼
2025-04-17T20:58:15.707407 [DEBUG] [14495]keyframe.hpp:95:interpolate > 模型变换矩阵#
0.0167677#-8.9407e-08#0.999859#0#
0.99986#-2.38419e-07#-0.0167677#0#
2.08616e-07#1#1.19209e-07#0#
0#0#0#1#
