2025-04-17T21:16:34.095785 [DEBUG] [15582]model.hpp:122:processVertices > mesh预加载骨骼名称#骨骼 id#0 offset#
1#0#0#0#
0#1#0#0#
0#0#1#0#
0#0#0#1#
2025-04-17T21:16:34.099640 [DEBUG] [15582]model.hpp:122:processVertices > mesh预加载骨骼名称#骨骼 id#0 offset#
1#0#0#0#
0#1#0#0#
0#0#1#0#
0#0#0#1#
2025-04-17T21:16:34.103384 [DEBUG] [15582]model.hpp:122:processVertices > mesh预加载骨骼名称#骨骼 id#0 offset#
0.999995#0#0#0#
0#0.999995#0#0#
0#0#0.999995#0#
0#0#0#1#
2025-04-17T21:16:34.106311 [DEBUG] [15582]animation.hpp:56:readKeyFrames > 本动画所有有关骨骼名称#骨架 id#1 offset#
1#0#0#0#
0#1#0#0#
0#0#1#0#
0#0#0#1#
2025-04-17T21:16:34.106374 [DEBUG] [15582]keyframe.hpp:50:KeyFrame > 0 tickStamp#0 pos#
0#0#0#
2025-04-17T21:16:34.106395 [DEBUG] [15582]keyframe.hpp:50:KeyFrame > 1 tickStamp#60 pos#
0#0#0#
2025-04-17T21:16:34.106413 [DEBUG] [15582]keyframe.hpp:63:KeyFrame > 0 tickStamp#0 ort#
-0.707107#0#0#0.707107#
2025-04-17T21:16:34.106432 [DEBUG] [15582]keyframe.hpp:63:KeyFrame > 1 tickStamp#60 ort#
-0.707107#0#0#0.707107#
2025-04-17T21:16:34.106451 [DEBUG] [15582]keyframe.hpp:77:KeyFrame > 0 tickStamp#0 scl#
1#1#1#
2025-04-17T21:16:34.106486 [DEBUG] [15582]keyframe.hpp:77:KeyFrame > 1 tickStamp#60 scl#
1#1#1#
2025-04-17T21:16:34.106517 [DEBUG] [15582]animation.hpp:56:readKeyFrames > 本动画所有有关骨骼名称#骨骼 id#0 offset#
1#0#0#0#
0#1#0#0#
0#0#1#0#
0#0#0#1#
2025-04-17T21:16:34.106560 [DEBUG] [15582]keyframe.hpp:50:KeyFrame > 0 tickStamp#0 pos#
0#0#0#
2025-04-17T21:16:34.106576 [DEBUG] [15582]keyframe.hpp:50:KeyFrame > 1 tickStamp#1 pos#
0#0#0.00325926#
2025-04-17T21:16:34.106611 [DEBUG] [15582]keyframe.hpp:50:KeyFrame > 2 tickStamp#2 pos#
0#0#0.0127407#
2025-04-17T21:16:34.106624 [DEBUG] [15582]keyframe.hpp:50:KeyFrame > 3 tickStamp#3 pos#
0#0#0.028#
2025-04-17T21:16:34.106643 [DEBUG] [15582]keyframe.hpp:50:KeyFrame > 4 tickStamp#4 pos#
0#0#0.0485926#
2025-04-17T21:16:34.106655 [DEBUG] [15582]keyframe.hpp:50:KeyFrame > 5 tickStamp#5 pos#
0#0#0.0740741#
2025-04-17T21:16:34.106668 [DEBUG] [15582]keyframe.hpp:50:KeyFrame > 6 tickStamp#6 pos#
0#0#0.104#
2025-04-17T21:16:34.106681 [DEBUG] [15582]keyframe.hpp:50:KeyFrame > 7 tickStamp#7 pos#
0#0#0.137926#
2025-04-17T21:16:34.106693 [DEBUG] [15582]keyframe.hpp:50:KeyFrame > 8 tickStamp#8 pos#
0#0#0.175407#
2025-04-17T21:16:34.106713 [DEBUG] [15582]keyframe.hpp:50:KeyFrame > 9 tickStamp#9 pos#
0#0#0.216#
2025-04-17T21:16:34.106727 [DEBUG] [15582]keyframe.hpp:50:KeyFrame > 10 tickStamp#10 pos#
0#0#0.259259#
2025-04-17T21:16:34.106740 [DEBUG] [15582]keyframe.hpp:50:KeyFrame > 11 tickStamp#11 pos#
0#0#0.304741#
2025-04-17T21:16:34.106755 [DEBUG] [15582]keyframe.hpp:50:KeyFrame > 12 tickStamp#12 pos#
0#0#0.352#
2025-04-17T21:16:34.106770 [DEBUG] [15582]keyframe.hpp:50:KeyFrame > 13 tickStamp#13 pos#
0#0#0.400593#
2025-04-17T21:16:34.106787 [DEBUG] [15582]keyframe.hpp:50:KeyFrame > 14 tickStamp#14 pos#
0#0#0.450074#
2025-04-17T21:16:34.106801 [DEBUG] [15582]keyframe.hpp:50:KeyFrame > 15 tickStamp#15 pos#
0#0#0.5#
2025-04-17T21:16:34.106814 [DEBUG] [15582]keyframe.hpp:50:KeyFrame > 16 tickStamp#16 pos#
0#0#0.549926#
2025-04-17T21:16:34.106830 [DEBUG] [15582]keyframe.hpp:50:KeyFrame > 17 tickStamp#17 pos#
0#0#0.599407#
2025-04-17T21:16:34.106843 [DEBUG] [15582]keyframe.hpp:50:KeyFrame > 18 tickStamp#18 pos#
0#0#0.648#
2025-04-17T21:16:34.106855 [DEBUG] [15582]keyframe.hpp:50:KeyFrame > 19 tickStamp#19 pos#
0#0#0.695259#
2025-04-17T21:16:34.106870 [DEBUG] [15582]keyframe.hpp:50:KeyFrame > 20 tickStamp#20 pos#
0#0#0.740741#
2025-04-17T21:16:34.106888 [DEBUG] [15582]keyframe.hpp:50:KeyFrame > 21 tickStamp#21 pos#
0#0#0.784#
2025-04-17T21:16:34.106902 [DEBUG] [15582]keyframe.hpp:50:KeyFrame > 22 tickStamp#22 pos#
0#0#0.824593#
2025-04-17T21:16:34.106916 [DEBUG] [15582]keyframe.hpp:50:KeyFrame > 23 tickStamp#23 pos#
0#0#0.862074#
2025-04-17T21:16:34.106931 [DEBUG] [15582]keyframe.hpp:50:KeyFrame > 24 tickStamp#24 pos#
0#0#0.896#
2025-04-17T21:16:34.106946 [DEBUG] [15582]keyframe.hpp:50:KeyFrame > 25 tickStamp#25 pos#
0#0#0.925926#
2025-04-17T21:16:34.106961 [DEBUG] [15582]keyframe.hpp:50:KeyFrame > 26 tickStamp#26 pos#
0#0#0.951408#
2025-04-17T21:16:34.106974 [DEBUG] [15582]keyframe.hpp:50:KeyFrame > 27 tickStamp#27 pos#
0#0#0.972#
2025-04-17T21:16:34.106988 [DEBUG] [15582]keyframe.hpp:50:KeyFrame > 28 tickStamp#28 pos#
0#0#0.987259#
2025-04-17T21:16:34.107003 [DEBUG] [15582]keyframe.hpp:50:KeyFrame > 29 tickStamp#29 pos#
0#0#0.996741#
2025-04-17T21:16:34.107016 [DEBUG] [15582]keyframe.hpp:50:KeyFrame > 30 tickStamp#30 pos#
0#0#1#
2025-04-17T21:16:34.107029 [DEBUG] [15582]keyframe.hpp:50:KeyFrame > 31 tickStamp#31 pos#
0#0#0.996741#
2025-04-17T21:16:34.107042 [DEBUG] [15582]keyframe.hpp:50:KeyFrame > 32 tickStamp#32 pos#
0#0#0.987259#
2025-04-17T21:16:34.107057 [DEBUG] [15582]keyframe.hpp:50:KeyFrame > 33 tickStamp#33 pos#
0#0#0.972#
2025-04-17T21:16:34.107070 [DEBUG] [15582]keyframe.hpp:50:KeyFrame > 34 tickStamp#34 pos#
0#0#0.951407#
2025-04-17T21:16:34.107083 [DEBUG] [15582]keyframe.hpp:50:KeyFrame > 35 tickStamp#35 pos#
0#0#0.925926#
2025-04-17T21:16:34.107098 [DEBUG] [15582]keyframe.hpp:50:KeyFrame > 36 tickStamp#36 pos#
0#0#0.896#
2025-04-17T21:16:34.107113 [DEBUG] [15582]keyframe.hpp:50:KeyFrame > 37 tickStamp#37 pos#
0#0#0.862074#
2025-04-17T21:16:34.107126 [DEBUG] [15582]keyframe.hpp:50:KeyFrame > 38 tickStamp#38 pos#
0#0#0.824593#
2025-04-17T21:16:34.107141 [DEBUG] [15582]keyframe.hpp:50:KeyFrame > 39 tickStamp#39 pos#
0#0#0.784#
2025-04-17T21:16:34.107154 [DEBUG] [15582]keyframe.hpp:50:KeyFrame > 40 tickStamp#40 pos#
0#0#0.740741#
2025-04-17T21:16:34.107168 [DEBUG] [15582]keyframe.hpp:50:KeyFrame > 41 tickStamp#41 pos#
0#0#0.695259#
2025-04-17T21:16:34.107184 [DEBUG] [15582]keyframe.hpp:50:KeyFrame > 42 tickStamp#42 pos#
0#0#0.648#
2025-04-17T21:16:34.107197 [DEBUG] [15582]keyframe.hpp:50:KeyFrame > 43 tickStamp#43 pos#
0#0#0.599407#
2025-04-17T21:16:34.107211 [DEBUG] [15582]keyframe.hpp:50:KeyFrame > 44 tickStamp#44 pos#
0#0#0.549926#
2025-04-17T21:16:34.107224 [DEBUG] [15582]keyframe.hpp:50:KeyFrame > 45 tickStamp#45 pos#
0#0#0.5#
2025-04-17T21:16:34.107240 [DEBUG] [15582]keyframe.hpp:50:KeyFrame > 46 tickStamp#46 pos#
0#0#0.450074#
2025-04-17T21:16:34.107255 [DEBUG] [15582]keyframe.hpp:50:KeyFrame > 47 tickStamp#47 pos#
0#0#0.400593#
2025-04-17T21:16:34.107268 [DEBUG] [15582]keyframe.hpp:50:KeyFrame > 48 tickStamp#48 pos#
0#0#0.352#
2025-04-17T21:16:34.107284 [DEBUG] [15582]keyframe.hpp:50:KeyFrame > 49 tickStamp#49 pos#
0#0#0.304741#
2025-04-17T21:16:34.107299 [DEBUG] [15582]keyframe.hpp:50:KeyFrame > 50 tickStamp#50 pos#
0#0#0.259259#
2025-04-17T21:16:34.107311 [DEBUG] [15582]keyframe.hpp:50:KeyFrame > 51 tickStamp#51 pos#
0#0#0.216#
2025-04-17T21:16:34.107327 [DEBUG] [15582]keyframe.hpp:50:KeyFrame > 52 tickStamp#52 pos#
0#0#0.175407#
2025-04-17T21:16:34.107340 [DEBUG] [15582]keyframe.hpp:50:KeyFrame > 53 tickStamp#53 pos#
0#0#0.137926#
2025-04-17T21:16:34.107355 [DEBUG] [15582]keyframe.hpp:50:KeyFrame > 54 tickStamp#54 pos#
0#0#0.104#
2025-04-17T21:16:34.107384 [DEBUG] [15582]keyframe.hpp:50:KeyFrame > 55 tickStamp#55 pos#
0#0#0.074074#
2025-04-17T21:16:34.107405 [DEBUG] [15582]keyframe.hpp:50:KeyFrame > 56 tickStamp#56 pos#
0#0#0.0485924#
2025-04-17T21:16:34.107421 [DEBUG] [15582]keyframe.hpp:50:KeyFrame > 57 tickStamp#57 pos#
0#0#0.028#
2025-04-17T21:16:34.107436 [DEBUG] [15582]keyframe.hpp:50:KeyFrame > 58 tickStamp#58 pos#
0#0#0.0127409#
2025-04-17T21:16:34.107450 [DEBUG] [15582]keyframe.hpp:50:KeyFrame > 59 tickStamp#59 pos#
0#0#0.0032593#
2025-04-17T21:16:34.107466 [DEBUG] [15582]keyframe.hpp:50:KeyFrame > 60 tickStamp#60 pos#
0#0#0#
2025-04-17T21:16:34.107483 [DEBUG] [15582]keyframe.hpp:63:KeyFrame > 0 tickStamp#0 ort#
0.707107#0#0#0.707107#
2025-04-17T21:16:34.107508 [DEBUG] [15582]keyframe.hpp:63:KeyFrame > 1 tickStamp#1 ort#
0.707103#0.00231217#0.00231217#0.707103#
2025-04-17T21:16:34.107524 [DEBUG] [15582]keyframe.hpp:63:KeyFrame > 2 tickStamp#2 ort#
0.707048#0.00912457#0.00912457#0.707048#
2025-04-17T21:16:34.107539 [DEBUG] [15582]keyframe.hpp:63:KeyFrame > 3 tickStamp#3 ort#
0.706814#0.0203609#0.0203609#0.706814#
2025-04-17T21:16:34.107556 [DEBUG] [15582]keyframe.hpp:63:KeyFrame > 4 tickStamp#4 ort#
0.706186#0.0360681#0.0360681#0.706186#
2025-04-17T21:16:34.107570 [DEBUG] [15582]keyframe.hpp:63:KeyFrame > 5 tickStamp#5 ort#
0.704855#0.0563884#0.0563884#0.704855#
2025-04-17T21:16:34.107588 [DEBUG] [15582]keyframe.hpp:63:KeyFrame > 6 tickStamp#6 ort#
0.702391#0.0815276#0.0815276#0.702391#
2025-04-17T21:16:34.107607 [DEBUG] [15582]keyframe.hpp:63:KeyFrame > 7 tickStamp#7 ort#
0.698227#0.111711#0.111711#0.698227#
2025-04-17T21:16:34.107623 [DEBUG] [15582]keyframe.hpp:63:KeyFrame > 8 tickStamp#8 ort#
0.691632#0.147124#0.147124#0.691632#
2025-04-17T21:16:34.107638 [DEBUG] [15582]keyframe.hpp:63:KeyFrame > 9 tickStamp#9 ort#
0.681707#0.187817#0.187817#0.681707#
2025-04-17T21:16:34.107653 [DEBUG] [15582]keyframe.hpp:63:KeyFrame > 10 tickStamp#10 ort#
0.667409#0.233593#0.233593#0.667409#
2025-04-17T21:16:34.107668 [DEBUG] [15582]keyframe.hpp:63:KeyFrame > 11 tickStamp#11 ort#
0.647628#0.283863#0.283863#0.647628#
2025-04-17T21:16:34.107683 [DEBUG] [15582]keyframe.hpp:63:KeyFrame > 12 tickStamp#12 ort#
0.621351#0.337524#0.337524#0.621351#
2025-04-17T21:16:34.107698 [DEBUG] [15582]keyframe.hpp:63:KeyFrame > 13 tickStamp#13 ort#
0.587901#0.392903#0.392903#0.587901#
2025-04-17T21:16:34.107711 [DEBUG] [15582]keyframe.hpp:63:KeyFrame > 14 tickStamp#14 ort#
0.547205#0.447847#0.447847#0.547205#
2025-04-17T21:16:34.107725 [DEBUG] [15582]keyframe.hpp:63:KeyFrame > 15 tickStamp#15 ort#
0.5#0.5#0.5#0.5#
2025-04-17T21:16:34.107737 [DEBUG] [15582]keyframe.hpp:63:KeyFrame > 16 tickStamp#16 ort#
0.447847#0.547205#0.547205#0.447847#
2025-04-17T21:16:34.107750 [DEBUG] [15582]keyframe.hpp:63:KeyFrame > 17 tickStamp#17 ort#
0.392903#0.587901#0.587901#0.392903#
2025-04-17T21:16:34.107762 [DEBUG] [15582]keyframe.hpp:63:KeyFrame > 18 tickStamp#18 ort#
0.337524#0.621351#0.621351#0.337524#
2025-04-17T21:16:34.107787 [DEBUG] [15582]keyframe.hpp:63:KeyFrame > 19 tickStamp#19 ort#
0.283863#0.647628#0.647628#0.283863#
2025-04-17T21:16:34.107802 [DEBUG] [15582]keyframe.hpp:63:KeyFrame > 20 tickStamp#20 ort#
0.233593#0.667409#0.667409#0.233593#
2025-04-17T21:16:34.107813 [DEBUG] [15582]keyframe.hpp:63:KeyFrame > 21 tickStamp#21 ort#
0.187817#0.681707#0.681707#0.187817#
2025-04-17T21:16:34.107826 [DEBUG] [15582]keyframe.hpp:63:KeyFrame > 22 tickStamp#22 ort#
0.147124#0.691632#0.691632#0.147124#
2025-04-17T21:16:34.107838 [DEBUG] [15582]keyframe.hpp:63:KeyFrame > 23 tickStamp#23 ort#
0.111712#0.698227#0.698227#0.111712#
2025-04-17T21:16:34.107853 [DEBUG] [15582]keyframe.hpp:63:KeyFrame > 24 tickStamp#24 ort#
0.0815275#0.702391#0.702391#0.0815275#
2025-04-17T21:16:34.107865 [DEBUG] [15582]keyframe.hpp:63:KeyFrame > 25 tickStamp#25 ort#
0.0563884#0.704855#0.704855#0.0563884#
2025-04-17T21:16:34.107879 [DEBUG] [15582]keyframe.hpp:63:KeyFrame > 26 tickStamp#26 ort#
0.036068#0.706186#0.706186#0.036068#
2025-04-17T21:16:34.107890 [DEBUG] [15582]keyframe.hpp:63:KeyFrame > 27 tickStamp#27 ort#
0.020361#0.706814#0.706814#0.020361#
2025-04-17T21:16:34.107903 [DEBUG] [15582]keyframe.hpp:63:KeyFrame > 28 tickStamp#28 ort#
0.00912468#0.707048#0.707048#0.00912468#
2025-04-17T21:16:34.107919 [DEBUG] [15582]keyframe.hpp:63:KeyFrame > 29 tickStamp#29 ort#
0.00231223#0.707103#0.707103#0.00231223#
2025-04-17T21:16:34.107931 [DEBUG] [15582]keyframe.hpp:63:KeyFrame > 30 tickStamp#30 ort#
1.37679e-07#0.707107#0.707107#1.37679e-07#
2025-04-17T21:16:34.107946 [DEBUG] [15582]keyframe.hpp:63:KeyFrame > 31 tickStamp#31 ort#
0.00231223#0.707103#0.707103#0.00231223#
2025-04-17T21:16:34.107960 [DEBUG] [15582]keyframe.hpp:63:KeyFrame > 32 tickStamp#32 ort#
0.0091246#0.707048#0.707048#0.00912459#
2025-04-17T21:16:34.107973 [DEBUG] [15582]keyframe.hpp:63:KeyFrame > 33 tickStamp#33 ort#
0.0203609#0.706814#0.706814#0.0203609#
2025-04-17T21:16:34.107986 [DEBUG] [15582]keyframe.hpp:63:KeyFrame > 34 tickStamp#34 ort#
0.0360681#0.706186#0.706186#0.0360681#
2025-04-17T21:16:34.107998 [DEBUG] [15582]keyframe.hpp:63:KeyFrame > 35 tickStamp#35 ort#
0.0563884#0.704855#0.704855#0.0563884#
2025-04-17T21:16:34.108014 [DEBUG] [15582]keyframe.hpp:63:KeyFrame > 36 tickStamp#36 ort#
0.0815276#0.702391#0.702391#0.0815276#
2025-04-17T21:16:34.108026 [DEBUG] [15582]keyframe.hpp:63:KeyFrame > 37 tickStamp#37 ort#
0.111711#0.698227#0.698227#0.111711#
2025-04-17T21:16:34.108039 [DEBUG] [15582]keyframe.hpp:63:KeyFrame > 38 tickStamp#38 ort#
0.147124#0.691632#0.691632#0.147124#
2025-04-17T21:16:34.108050 [DEBUG] [15582]keyframe.hpp:63:KeyFrame > 39 tickStamp#39 ort#
0.187817#0.681707#0.681707#0.187817#
2025-04-17T21:16:34.108064 [DEBUG] [15582]keyframe.hpp:63:KeyFrame > 40 tickStamp#40 ort#
0.233593#0.667409#0.667409#0.233593#
2025-04-17T21:16:34.108075 [DEBUG] [15582]keyframe.hpp:63:KeyFrame > 41 tickStamp#41 ort#
0.283863#0.647628#0.647628#0.283863#
2025-04-17T21:16:34.108088 [DEBUG] [15582]keyframe.hpp:63:KeyFrame > 42 tickStamp#42 ort#
0.337524#0.621351#0.621351#0.337524#
2025-04-17T21:16:34.108101 [DEBUG] [15582]keyframe.hpp:63:KeyFrame > 43 tickStamp#43 ort#
0.392903#0.587901#0.587901#0.392903#
2025-04-17T21:16:34.108116 [DEBUG] [15582]keyframe.hpp:63:KeyFrame > 44 tickStamp#44 ort#
0.447847#0.547205#0.547205#0.447847#
2025-04-17T21:16:34.108128 [DEBUG] [15582]keyframe.hpp:63:KeyFrame > 45 tickStamp#45 ort#
0.5#0.5#0.5#0.5#
2025-04-17T21:16:34.108140 [DEBUG] [15582]keyframe.hpp:63:KeyFrame > 46 tickStamp#46 ort#
0.547205#0.447847#0.447847#0.547205#
2025-04-17T21:16:34.108153 [DEBUG] [15582]keyframe.hpp:63:KeyFrame > 47 tickStamp#47 ort#
0.587901#0.392903#0.392903#0.587901#
2025-04-17T21:16:34.108165 [DEBUG] [15582]keyframe.hpp:63:KeyFrame > 48 tickStamp#48 ort#
0.621351#0.337524#0.337524#0.621351#
2025-04-17T21:16:34.108178 [DEBUG] [15582]keyframe.hpp:63:KeyFrame > 49 tickStamp#49 ort#
0.647628#0.283863#0.283863#0.647628#
2025-04-17T21:16:34.108192 [DEBUG] [15582]keyframe.hpp:63:KeyFrame > 50 tickStamp#50 ort#
0.667409#0.233593#0.233593#0.667409#
2025-04-17T21:16:34.108204 [DEBUG] [15582]keyframe.hpp:63:KeyFrame > 51 tickStamp#51 ort#
0.681707#0.187817#0.187817#0.681707#
2025-04-17T21:16:34.108219 [DEBUG] [15582]keyframe.hpp:63:KeyFrame > 52 tickStamp#52 ort#
0.691632#0.147124#0.147124#0.691632#
2025-04-17T21:16:34.108231 [DEBUG] [15582]keyframe.hpp:63:KeyFrame > 53 tickStamp#53 ort#
0.698227#0.111712#0.111712#0.698227#
2025-04-17T21:16:34.108243 [DEBUG] [15582]keyframe.hpp:63:KeyFrame > 54 tickStamp#54 ort#
0.702391#0.0815275#0.0815275#0.702391#
2025-04-17T21:16:34.108255 [DEBUG] [15582]keyframe.hpp:63:KeyFrame > 55 tickStamp#55 ort#
0.704855#0.0563884#0.0563884#0.704855#
2025-04-17T21:16:34.108268 [DEBUG] [15582]keyframe.hpp:63:KeyFrame > 56 tickStamp#56 ort#
0.706186#0.036068#0.036068#0.706186#
2025-04-17T21:16:34.108280 [DEBUG] [15582]keyframe.hpp:63:KeyFrame > 57 tickStamp#57 ort#
0.706814#0.0203609#0.0203609#0.706814#
2025-04-17T21:16:34.108292 [DEBUG] [15582]keyframe.hpp:63:KeyFrame > 58 tickStamp#58 ort#
0.707048#0.00912465#0.00912465#0.707048#
2025-04-17T21:16:34.108305 [DEBUG] [15582]keyframe.hpp:63:KeyFrame > 59 tickStamp#59 ort#
0.707103#0.0023122#0.0023122#0.707103#
2025-04-17T21:16:34.108317 [DEBUG] [15582]keyframe.hpp:63:KeyFrame > 60 tickStamp#60 ort#
0.707107#0#0#0.707107#
2025-04-17T21:16:34.108332 [DEBUG] [15582]keyframe.hpp:77:KeyFrame > 0 tickStamp#0 scl#
1#1#1#
2025-04-17T21:16:34.108343 [DEBUG] [15582]keyframe.hpp:77:KeyFrame > 1 tickStamp#1 scl#
1#1#1#
2025-04-17T21:16:34.108354 [DEBUG] [15582]keyframe.hpp:77:KeyFrame > 2 tickStamp#2 scl#
1#1#1#
2025-04-17T21:16:34.108375 [DEBUG] [15582]keyframe.hpp:77:KeyFrame > 3 tickStamp#3 scl#
1#1#1#
2025-04-17T21:16:34.108390 [DEBUG] [15582]keyframe.hpp:77:KeyFrame > 4 tickStamp#4 scl#
1#1#1#
2025-04-17T21:16:34.108409 [DEBUG] [15582]keyframe.hpp:77:KeyFrame > 5 tickStamp#5 scl#
1#1#1#
2025-04-17T21:16:34.108423 [DEBUG] [15582]keyframe.hpp:77:KeyFrame > 6 tickStamp#6 scl#
1#1#1#
2025-04-17T21:16:34.108436 [DEBUG] [15582]keyframe.hpp:77:KeyFrame > 7 tickStamp#7 scl#
1#1#1#
2025-04-17T21:16:34.108447 [DEBUG] [15582]keyframe.hpp:77:KeyFrame > 8 tickStamp#8 scl#
1#1#1#
2025-04-17T21:16:34.108458 [DEBUG] [15582]keyframe.hpp:77:KeyFrame > 9 tickStamp#9 scl#
1#1#1#
2025-04-17T21:16:34.108471 [DEBUG] [15582]keyframe.hpp:77:KeyFrame > 10 tickStamp#10 scl#
1#1#1#
2025-04-17T21:16:34.108483 [DEBUG] [15582]keyframe.hpp:77:KeyFrame > 11 tickStamp#11 scl#
1#1#1#
2025-04-17T21:16:34.108497 [DEBUG] [15582]keyframe.hpp:77:KeyFrame > 12 tickStamp#12 scl#
1#1#1#
2025-04-17T21:16:34.108515 [DEBUG] [15582]keyframe.hpp:77:KeyFrame > 13 tickStamp#13 scl#
1#1#1#
2025-04-17T21:16:34.108525 [DEBUG] [15582]keyframe.hpp:77:KeyFrame > 14 tickStamp#14 scl#
1#1#1#
2025-04-17T21:16:34.108537 [DEBUG] [15582]keyframe.hpp:77:KeyFrame > 15 tickStamp#15 scl#
1#1#1#
2025-04-17T21:16:34.108547 [DEBUG] [15582]keyframe.hpp:77:KeyFrame > 16 tickStamp#16 scl#
1#1#1#
2025-04-17T21:16:34.108557 [DEBUG] [15582]keyframe.hpp:77:KeyFrame > 17 tickStamp#17 scl#
1#1#1#
2025-04-17T21:16:34.108570 [DEBUG] [15582]keyframe.hpp:77:KeyFrame > 18 tickStamp#18 scl#
1#1#1#
2025-04-17T21:16:34.108581 [DEBUG] [15582]keyframe.hpp:77:KeyFrame > 19 tickStamp#19 scl#
1#1#1#
2025-04-17T21:16:34.108594 [DEBUG] [15582]keyframe.hpp:77:KeyFrame > 20 tickStamp#20 scl#
1#1#1#
2025-04-17T21:16:34.108605 [DEBUG] [15582]keyframe.hpp:77:KeyFrame > 21 tickStamp#21 scl#
1#1#1#
2025-04-17T21:16:34.108623 [DEBUG] [15582]keyframe.hpp:77:KeyFrame > 22 tickStamp#22 scl#
1#1#1#
2025-04-17T21:16:34.108637 [DEBUG] [15582]keyframe.hpp:77:KeyFrame > 23 tickStamp#23 scl#
1#1#1#
2025-04-17T21:16:34.108647 [DEBUG] [15582]keyframe.hpp:77:KeyFrame > 24 tickStamp#24 scl#
1#1#1#
2025-04-17T21:16:34.108657 [DEBUG] [15582]keyframe.hpp:77:KeyFrame > 25 tickStamp#25 scl#
1#1#1#
2025-04-17T21:16:34.108668 [DEBUG] [15582]keyframe.hpp:77:KeyFrame > 26 tickStamp#26 scl#
1#1#1#
2025-04-17T21:16:34.108680 [DEBUG] [15582]keyframe.hpp:77:KeyFrame > 27 tickStamp#27 scl#
1#1#1#
2025-04-17T21:16:34.108690 [DEBUG] [15582]keyframe.hpp:77:KeyFrame > 28 tickStamp#28 scl#
1#1#1#
2025-04-17T21:16:34.108701 [DEBUG] [15582]keyframe.hpp:77:KeyFrame > 29 tickStamp#29 scl#
1#1#1#
2025-04-17T21:16:34.108710 [DEBUG] [15582]keyframe.hpp:77:KeyFrame > 30 tickStamp#30 scl#
1#1#1#
2025-04-17T21:16:34.108724 [DEBUG] [15582]keyframe.hpp:77:KeyFrame > 31 tickStamp#31 scl#
1#1#1#
2025-04-17T21:16:34.108748 [DEBUG] [15582]keyframe.hpp:77:KeyFrame > 32 tickStamp#32 scl#
1#1#1#
2025-04-17T21:16:34.108759 [DEBUG] [15582]keyframe.hpp:77:KeyFrame > 33 tickStamp#33 scl#
1#1#1#
2025-04-17T21:16:34.108772 [DEBUG] [15582]keyframe.hpp:77:KeyFrame > 34 tickStamp#34 scl#
1#1#1#
2025-04-17T21:16:34.108784 [DEBUG] [15582]keyframe.hpp:77:KeyFrame > 35 tickStamp#35 scl#
1#1#1#
2025-04-17T21:16:34.108797 [DEBUG] [15582]keyframe.hpp:77:KeyFrame > 36 tickStamp#36 scl#
1#1#1#
2025-04-17T21:16:34.108809 [DEBUG] [15582]keyframe.hpp:77:KeyFrame > 37 tickStamp#37 scl#
1#1#1#
2025-04-17T21:16:34.108820 [DEBUG] [15582]keyframe.hpp:77:KeyFrame > 38 tickStamp#38 scl#
1#1#1#
2025-04-17T21:16:34.108834 [DEBUG] [15582]keyframe.hpp:77:KeyFrame > 39 tickStamp#39 scl#
1#1#1#
2025-04-17T21:16:34.108845 [DEBUG] [15582]keyframe.hpp:77:KeyFrame > 40 tickStamp#40 scl#
1#1#1#
2025-04-17T21:16:34.108862 [DEBUG] [15582]keyframe.hpp:77:KeyFrame > 41 tickStamp#41 scl#
1#1#1#
2025-04-17T21:16:34.108873 [DEBUG] [15582]keyframe.hpp:77:KeyFrame > 42 tickStamp#42 scl#
1#1#1#
2025-04-17T21:16:34.108885 [DEBUG] [15582]keyframe.hpp:77:KeyFrame > 43 tickStamp#43 scl#
1#1#1#
2025-04-17T21:16:34.108895 [DEBUG] [15582]keyframe.hpp:77:KeyFrame > 44 tickStamp#44 scl#
1#1#1#
2025-04-17T21:16:34.108906 [DEBUG] [15582]keyframe.hpp:77:KeyFrame > 45 tickStamp#45 scl#
1#1#1#
2025-04-17T21:16:34.108916 [DEBUG] [15582]keyframe.hpp:77:KeyFrame > 46 tickStamp#46 scl#
1#1#1#
2025-04-17T21:16:34.108927 [DEBUG] [15582]keyframe.hpp:77:KeyFrame > 47 tickStamp#47 scl#
1#1#1#
2025-04-17T21:16:34.108942 [DEBUG] [15582]keyframe.hpp:77:KeyFrame > 48 tickStamp#48 scl#
1#1#1#
2025-04-17T21:16:34.108952 [DEBUG] [15582]keyframe.hpp:77:KeyFrame > 49 tickStamp#49 scl#
1#1#1#
2025-04-17T21:16:34.108963 [DEBUG] [15582]keyframe.hpp:77:KeyFrame > 50 tickStamp#50 scl#
1#1#1#
2025-04-17T21:16:34.108974 [DEBUG] [15582]keyframe.hpp:77:KeyFrame > 51 tickStamp#51 scl#
1#1#1#
2025-04-17T21:16:34.108984 [DEBUG] [15582]keyframe.hpp:77:KeyFrame > 52 tickStamp#52 scl#
1#1#1#
2025-04-17T21:16:34.108998 [DEBUG] [15582]keyframe.hpp:77:KeyFrame > 53 tickStamp#53 scl#
1#1#1#
2025-04-17T21:16:34.109008 [DEBUG] [15582]keyframe.hpp:77:KeyFrame > 54 tickStamp#54 scl#
1#1#1#
2025-04-17T21:16:34.109020 [DEBUG] [15582]keyframe.hpp:77:KeyFrame > 55 tickStamp#55 scl#
1#1#1#
2025-04-17T21:16:34.109030 [DEBUG] [15582]keyframe.hpp:77:KeyFrame > 56 tickStamp#56 scl#
1#1#1#
2025-04-17T21:16:34.109040 [DEBUG] [15582]keyframe.hpp:77:KeyFrame > 57 tickStamp#57 scl#
1#1#1#
2025-04-17T21:16:34.109051 [DEBUG] [15582]keyframe.hpp:77:KeyFrame > 58 tickStamp#58 scl#
1#1#1#
2025-04-17T21:16:34.109062 [DEBUG] [15582]keyframe.hpp:77:KeyFrame > 59 tickStamp#59 scl#
1#1#1#
2025-04-17T21:16:34.109072 [DEBUG] [15582]keyframe.hpp:77:KeyFrame > 60 tickStamp#60 scl#
1#1#1#
2025-04-17T21:16:34.109129 [INFO ] [15582]animator.hpp:36:Animator > 骨架|Action
2025-04-17T21:16:34.109200 [INFO ] [15582]animator.hpp:58:setCurAnimation > Set animation: 骨架|Action, duration: 60, ticks/s: 24
2025-04-17T21:16:34.109221 [DEBUG] [15582]animator.hpp:82:calculateFinalTransform > 当前节点名称#骨骼
2025-04-17T21:16:34.109256 [DEBUG] [15582]keyframe.hpp:95:interpolate > 模型变换矩阵#
1#0#0#0#
0#1.78814e-07#-1#0#
0#1#1.78814e-07#0#
0#0#0#1#
2025-04-17T21:16:34.112784 [DEBUG] [15582]animator.hpp:82:calculateFinalTransform > 当前节点名称#骨骼
2025-04-17T21:16:34.112848 [DEBUG] [15582]keyframe.hpp:95:interpolate > 模型变换矩阵#
0.998122#3.1665e-08#0.0612537#0.00184989#
0.0612537#-7.15256e-07#-0.998122#-0.0301437#
9.31322e-09#1#-7.15256e-07#-2.1601e-08#
0#0#0#1#
2025-04-17T21:16:34.143974 [DEBUG] [15582]animator.hpp:82:calculateFinalTransform > 当前节点名称#骨骼
2025-04-17T21:16:34.144042 [DEBUG] [15582]keyframe.hpp:95:interpolate > 模型变换矩阵#
0.996213#3.72529e-09#0.0869498#0.00366431#
0.0869498#-2.38419e-07#-0.996213#-0.0419832#
3.72529e-09#1#-2.38419e-07#-1.00476e-08#
0#0#0#1#
2025-04-17T21:16:34.146059 [DEBUG] [15582]animator.hpp:82:calculateFinalTransform > 当前节点名称#骨骼
2025-04-17T21:16:34.146196 [DEBUG] [15582]keyframe.hpp:95:interpolate > 模型变换矩阵#
0.991289#1.49012e-08#0.131702#0.00823117#
0.131702#1.19209e-07#-0.991289#-0.0619541#
-5.21541e-08#1#1.19209e-07#7.45041e-09#
0#0#0#1#
2025-04-17T21:16:34.162685 [DEBUG] [15582]animator.hpp:82:calculateFinalTransform > 当前节点名称#骨骼
2025-04-17T21:16:34.162803 [DEBUG] [15582]keyframe.hpp:95:interpolate > 模型变换矩阵#
0.989675#-1.49012e-08#0.14333#0.00961305#
0.14333#2.38419e-07#-0.989675#-0.0663767#
-2.98023e-08#1#2.38419e-07#1.59905e-08#
0#0#0#1#
2025-04-17T21:16:34.336373 [DEBUG] [15582]animator.hpp:82:calculateFinalTransform > 当前节点名称#骨骼
2025-04-17T21:16:34.336446 [DEBUG] [15582]keyframe.hpp:95:interpolate > 模型变换矩阵#
0.985834#0#0.167724#0.0130464#
0.167723#1.78814e-07#-0.985834#-0.0766831#
-2.98023e-08#1#1.78814e-07#1.3909e-08#
0#0#0#1#
2025-04-17T21:16:34.336709 [DEBUG] [15582]animator.hpp:82:calculateFinalTransform > 当前节点名称#骨骼
2025-04-17T21:16:34.336748 [DEBUG] [15582]keyframe.hpp:95:interpolate > 模型变换矩阵#
0.870343#-5.96046e-08#0.492445#0.106224#
0.492445#0#-0.870343#-0.187739#
5.96047e-08#1#5.96047e-08#1.28571e-08#
0#0#0#1#
2025-04-17T21:16:34.344251 [DEBUG] [15582]animator.hpp:82:calculateFinalTransform > 当前节点名称#骨骼
2025-04-17T21:16:34.344373 [DEBUG] [15582]keyframe.hpp:95:interpolate > 模型变换矩阵#
0.851596#-2.98023e-08#0.524198#0.117513#
0.524198#4.76837e-07#-0.851596#-0.190908#
-2.38419e-07#1#4.17232e-07#9.35339e-08#
0#0#0#1#
2025-04-17T21:16:34.360793 [DEBUG] [15582]animator.hpp:82:calculateFinalTransform > 当前节点名称#骨骼
2025-04-17T21:16:34.360913 [DEBUG] [15582]keyframe.hpp:95:interpolate > 模型变换矩阵#
0.828293#2.98023e-08#0.560296#0.131977#
0.560296#-2.38419e-07#-0.828293#-0.195103#
8.9407e-08#1#-2.38419e-07#-5.61591e-08#
0#0#0#1#
2025-04-17T21:16:34.392171 [DEBUG] [15582]animator.hpp:82:calculateFinalTransform > 当前节点名称#骨骼
2025-04-17T21:16:34.392267 [DEBUG] [15582]keyframe.hpp:95:interpolate > 模型变换矩阵#
0.7919#-2.98023e-08#0.610651#0.155111#
0.610651#-1.19209e-07#-0.7919#-0.201149#
2.98023e-08#1#-1.19209e-07#-3.02802e-08#
0#0#0#1#
2025-04-17T21:16:34.408671 [DEBUG] [15582]animator.hpp:82:calculateFinalTransform > 当前节点名称#骨骼
2025-04-17T21:16:34.408750 [DEBUG] [15582]keyframe.hpp:95:interpolate > 模型变换矩阵#
0.717974#5.96046e-08#0.69607#0.200464#
0.69607#-2.38419e-07#-0.717974#-0.206772#
0#1#-2.38419e-07#-6.86631e-08#
0#0#0#1#
2025-04-17T21:16:34.426398 [DEBUG] [15582]animator.hpp:82:calculateFinalTransform > 当前节点名称#骨骼
2025-04-17T21:16:34.426851 [DEBUG] [15582]keyframe.hpp:95:interpolate > 模型变换矩阵#
0.67423#1.19209e-07#0.738521#0.226026#
0.738521#-1.19209e-07#-0.67423#-0.206349#
2.98023e-08#1#-2.38419e-07#-7.29684e-08#
0#0#0#1#
2025-04-17T21:16:34.442715 [DEBUG] [15582]animator.hpp:82:calculateFinalTransform > 当前节点名称#骨骼
2025-04-17T21:16:34.443060 [DEBUG] [15582]keyframe.hpp:95:interpolate > 模型变换矩阵#
0.619552#1.19209e-07#0.784956#0.255982#
0.784956#0#-0.619552#-0.202043#
-5.96046e-08#1#-1.19209e-07#-3.88754e-08#
0#0#0#1#
2025-04-17T21:16:34.459616 [DEBUG] [15582]animator.hpp:82:calculateFinalTransform > 当前节点名称#骨骼
2025-04-17T21:16:34.460013 [DEBUG] [15582]keyframe.hpp:95:interpolate > 模型变换矩阵#
0.566167#2.98023e-08#0.82429#0.284094#
0.82429#-2.38419e-07#-0.566168#-0.195131#
2.98023e-08#1#-2.38419e-07#-8.21715e-08#
0#0#0#1#
2025-04-17T21:16:34.476169 [DEBUG] [15582]animator.hpp:82:calculateFinalTransform > 当前节点名称#骨骼
2025-04-17T21:16:34.476566 [DEBUG] [15582]keyframe.hpp:95:interpolate > 模型变换矩阵#
0.505338#0#0.862921#0.314238#
0.862921#-1.19209e-07#-0.505338#-0.184022#
0#1#-1.19209e-07#-4.34107e-08#
0#0#0#1#
2025-04-17T21:16:34.492953 [DEBUG] [15582]animator.hpp:82:calculateFinalTransform > 当前节点名称#骨骼
2025-04-17T21:16:34.493337 [DEBUG] [15582]keyframe.hpp:95:interpolate > 模型变换矩阵#
0.441309#0#0.897355#0.344099#
0.897355#-1.19209e-07#-0.441309#-0.169224#
0#1#-1.19209e-07#-4.57118e-08#
0#0#0#1#
2025-04-17T21:16:34.509577 [DEBUG] [15582]animator.hpp:82:calculateFinalTransform > 当前节点名称#骨骼
2025-04-17T21:16:34.509941 [DEBUG] [15582]keyframe.hpp:95:interpolate > 模型变换矩阵#
0.373511#-5.96046e-08#0.927626#0.373906#
0.927626#0#-0.373511#-0.150554#
-5.96046e-08#1#0#0#
0#0#0#1#
2025-04-17T21:16:34.526353 [DEBUG] [15582]animator.hpp:82:calculateFinalTransform > 当前节点名称#骨骼
2025-04-17T21:16:34.526719 [DEBUG] [15582]keyframe.hpp:95:interpolate > 模型变换矩阵#
0.300953#0#0.953639#0.403196#
0.953639#-2.38419e-07#-0.300953#-0.127242#
0#1#-2.38419e-07#-1.00803e-07#
0#0#0#1#
2025-04-17T21:16:34.542946 [DEBUG] [15582]animator.hpp:82:calculateFinalTransform > 当前节点名称#骨骼
2025-04-17T21:16:34.543132 [DEBUG] [15582]keyframe.hpp:95:interpolate > 模型变换矩阵#
0.225732#1.19209e-07#0.974189#0.431319#
0.974189#-1.19209e-07#-0.225732#-0.0999421#
1.19209e-07#1#-1.19209e-07#-5.27795e-08#
0#0#0#1#
2025-04-17T21:16:34.559957 [DEBUG] [15582]animator.hpp:82:calculateFinalTransform > 当前节点名称#骨骼
2025-04-17T21:16:34.560346 [DEBUG] [15582]keyframe.hpp:95:interpolate > 模型变换矩阵#
0.148797#5.96046e-08#0.988868#0.457389#
0.988868#0#-0.148797#-0.0688243#
5.96046e-08#1#0#0#
0#0#0#1#
2025-04-17T21:16:34.576107 [DEBUG] [15582]animator.hpp:82:calculateFinalTransform > 当前节点名称#骨骼
2025-04-17T21:16:34.576512 [DEBUG] [15582]keyframe.hpp:95:interpolate > 模型变换矩阵#
0.067934#1.78814e-07#0.99769#0.481831#
0.99769#-2.38419e-07#-0.0679342#-0.0328086#
5.96046e-08#1#-3.57628e-07#-1.72715e-07#
0#0#0#1#
2025-04-17T21:16:34.592898 [DEBUG] [15582]animator.hpp:82:calculateFinalTransform > 当前节点名称#骨骼
2025-04-17T21:16:34.593220 [DEBUG] [15582]keyframe.hpp:95:interpolate > 模型变换矩阵#
-0.00915659#2.08616e-07#0.999958#0.502276#
0.999958#-2.38419e-07#0.00915653#0.00459929#
2.08616e-07#1#-2.38419e-07#-1.19757e-07#
0#0#0#1#
2025-04-17T21:16:34.621774 [DEBUG] [15582]animator.hpp:82:calculateFinalTransform > 当前节点名称#骨骼
2025-04-17T21:16:34.621865 [DEBUG] [15582]keyframe.hpp:95:interpolate > 模型变换矩阵#
-0.0889336#1.78814e-07#0.996038#0.520267#
0.996038#-2.38419e-07#0.0889334#0.0464532#
5.96046e-08#1#-3.57628e-07#-1.86802e-07#
0#0#0#1#
2025-04-17T21:16:34.625146 [DEBUG] [15582]animator.hpp:82:calculateFinalTransform > 当前节点名称#骨骼
2025-04-17T21:16:34.625214 [DEBUG] [15582]keyframe.hpp:95:interpolate > 模型变换矩阵#
-0.224635#0#0.974443#0.542731#
0.974443#0#0.224635#0.125114#
0#1#0#0#
0#0#0#1#
2025-04-17T21:16:34.641710 [DEBUG] [15582]animator.hpp:82:calculateFinalTransform > 当前节点名称#骨骼
2025-04-17T21:16:34.641781 [DEBUG] [15582]keyframe.hpp:95:interpolate > 模型变换矩阵#
-0.239912#0#0.970795#0.544599#
0.970795#-1.19209e-07#0.239912#0.134586#
0#1#-1.19209e-07#-6.68743e-08#
0#0#0#1#
2025-04-17T21:16:34.659212 [DEBUG] [15582]animator.hpp:82:calculateFinalTransform > 当前节点名称#骨骼
2025-04-17T21:16:34.659397 [DEBUG] [15582]keyframe.hpp:95:interpolate > 模型变换矩阵#
-0.313739#2.98023e-08#0.949509#0.551322#
0.949509#0#0.313739#0.182169#
2.98023e-08#1#0#0#
0#0#0#1#
2025-04-17T21:16:34.675866 [DEBUG] [15582]animator.hpp:82:calculateFinalTransform > 当前节点名称#骨骼
2025-04-17T21:16:34.676051 [DEBUG] [15582]keyframe.hpp:95:interpolate > 模型变换矩阵#
-0.38936#8.9407e-08#0.921086#0.553921#
0.921086#-1.19209e-07#0.38936#0.234153#
0#1#-2.38419e-07#-1.4338e-07#
0#0#0#1#
2025-04-17T21:16:34.691970 [DEBUG] [15582]animator.hpp:82:calculateFinalTransform > 当前节点名称#骨骼
2025-04-17T21:16:34.692062 [DEBUG] [15582]keyframe.hpp:95:interpolate > 模型变换矩阵#
-0.455612#0#0.890179#0.552613#
0.890179#0#0.455612#0.282839#
0#1#0#0#
0#0#0#1#
2025-04-17T21:16:34.708885 [DEBUG] [15582]animator.hpp:82:calculateFinalTransform > 当前节点名称#骨骼
2025-04-17T21:16:34.708993 [DEBUG] [15582]keyframe.hpp:95:interpolate > 模型变换矩阵#
-0.517462#0#0.855706#0.547301#
0.855706#0#0.517462#0.330963#
0#1#0#0#
0#0#0#1#
2025-04-17T21:16:34.725424 [DEBUG] [15582]animator.hpp:82:calculateFinalTransform > 当前节点名称#骨骼
2025-04-17T21:16:34.725665 [DEBUG] [15582]keyframe.hpp:95:interpolate > 模型变换矩阵#
-0.576905#5.96046e-08#0.816811#0.538284#
0.816812#-1.19209e-07#0.576905#0.380184#
0#1#-2.38419e-07#-1.57119e-07#
0#0#0#1#
2025-04-17T21:16:34.742342 [DEBUG] [15582]animator.hpp:82:calculateFinalTransform > 当前节点名称#骨骼
2025-04-17T21:16:34.742690 [DEBUG] [15582]keyframe.hpp:95:interpolate > 模型变换矩阵#
-0.630378#2.98023e-08#0.776289#0.526142#
0.776289#-2.38419e-07#0.630378#0.427249#
1.19209e-07#1#0#0#
0#0#0#1#
2025-04-17T21:16:34.766435 [DEBUG] [15582]animator.hpp:82:calculateFinalTransform > 当前节点名称#骨骼
2025-04-17T21:16:34.766583 [DEBUG] [15582]keyframe.hpp:95:interpolate > 模型变换矩阵#
-0.681687#2.98023e-08#0.731644#0.50987#
0.731644#-2.38419e-07#0.681687#0.475055#
1.19209e-07#1#-1.19209e-07#-8.30748e-08#
0#0#0#1#
2025-04-17T21:16:34.776048 [DEBUG] [15582]animator.hpp:82:calculateFinalTransform > 当前节点名称#骨骼
2025-04-17T21:16:34.776207 [DEBUG] [15582]keyframe.hpp:95:interpolate > 模型变换矩阵#
-0.74361#5.96046e-08#0.668614#0.483532#
0.668614#1.19209e-07#0.74361#0.537767#
0#1#-1.19209e-07#-8.62104e-08#
0#0#0#1#
2025-04-17T21:16:34.792517 [DEBUG] [15582]animator.hpp:82:calculateFinalTransform > 当前节点名称#骨骼
2025-04-17T21:16:34.792909 [DEBUG] [15582]keyframe.hpp:95:interpolate > 模型变换矩阵#
-0.766238#0#0.642557#0.471287#
0.642557#0#0.766238#0.562002#
0#1#0#0#
0#0#0#1#
2025-04-17T21:16:34.809372 [DEBUG] [15582]animator.hpp:82:calculateFinalTransform > 当前节点名称#骨骼
2025-04-17T21:16:34.809556 [DEBUG] [15582]keyframe.hpp:95:interpolate > 模型变换矩阵#
-0.801613#2.98023e-08#0.597843#0.44905#
0.597843#0#0.801613#0.602106#
-2.98023e-08#1#-1.19209e-07#-8.95402e-08#
0#0#0#1#
2025-04-17T21:16:34.825820 [DEBUG] [15582]animator.hpp:82:calculateFinalTransform > 当前节点名称#骨骼
2025-04-17T21:16:34.826008 [DEBUG] [15582]keyframe.hpp:95:interpolate > 模型变换矩阵#
-0.833174#0#0.553011#0.425045#
0.553011#-1.19209e-07#0.833174#0.640379#
0#1#-1.19209e-07#-9.16244e-08#
0#0#0#1#
2025-04-17T21:16:34.842423 [DEBUG] [15582]animator.hpp:82:calculateFinalTransform > 当前节点名称#骨骼
2025-04-17T21:16:34.842574 [DEBUG] [15582]keyframe.hpp:95:interpolate > 模型变换矩阵#
-0.861267#0#0.508153#0.3992#
0.508153#0#0.861267#0.676603#
0#1#0#0#
0#0#0#1#
2025-04-17T21:16:34.858371 [DEBUG] [15582]animator.hpp:82:calculateFinalTransform > 当前节点名称#骨骼
2025-04-17T21:16:34.858447 [DEBUG] [15582]keyframe.hpp:95:interpolate > 模型变换矩阵#
-0.884287#0#0.466945#0.374379#
0.466945#0#0.884286#0.708988#
0#1#0#0#
0#0#0#1#
2025-04-17T21:16:34.875163 [DEBUG] [15582]animator.hpp:82:calculateFinalTransform > 当前节点名称#骨骼
2025-04-17T21:16:34.875269 [DEBUG] [15582]keyframe.hpp:95:interpolate > 模型变换矩阵#
-0.90456#1.49012e-08#0.426346#0.348457#
0.426346#0#0.90456#0.739306#
1.49012e-08#1#0#0#
0#0#0#1#
2025-04-17T21:16:34.891899 [DEBUG] [15582]animator.hpp:82:calculateFinalTransform > 当前节点名称#骨骼
2025-04-17T21:16:34.891991 [DEBUG] [15582]keyframe.hpp:95:interpolate > 模型变换矩阵#
-0.922454#4.47035e-08#0.386108#0.321618#
0.386108#0#0.922454#0.768379#
4.47035e-08#1#0#0#
0#0#0#1#
2025-04-17T21:16:34.908574 [DEBUG] [15582]animator.hpp:82:calculateFinalTransform > 当前节点名称#骨骼
2025-04-17T21:16:34.908643 [DEBUG] [15582]keyframe.hpp:95:interpolate > 模型变换矩阵#
-0.937477#2.98023e-08#0.348048#0.295154#
0.348048#1.19209e-07#0.937477#0.795004#
-2.98023e-08#1#-2.38419e-07#-2.02185e-07#
0#0#0#1#
2025-04-17T21:16:34.925850 [DEBUG] [15582]animator.hpp:82:calculateFinalTransform > 当前节点名称#骨骼
2025-04-17T21:16:34.926018 [DEBUG] [15582]keyframe.hpp:95:interpolate > 模型变换矩阵#
-0.950769#1.49012e-08#0.309901#0.267427#
0.309901#1.78814e-07#0.950769#0.82046#
-1.49012e-08#1#-1.19209e-07#-1.02871e-07#
0#0#0#1#
2025-04-17T21:16:34.942378 [DEBUG] [15582]animator.hpp:82:calculateFinalTransform > 当前节点名称#骨骼
2025-04-17T21:16:34.942554 [DEBUG] [15582]keyframe.hpp:95:interpolate > 模型变换矩阵#
-0.961224#1.49012e-08#0.275767#0.241846#
0.275767#1.19209e-07#0.961225#0.842991#
-1.49012e-08#1#-1.19209e-07#-1.04546e-07#
0#0#0#1#
2025-04-17T21:16:34.959172 [DEBUG] [15582]animator.hpp:82:calculateFinalTransform > 当前节点名称#骨骼
2025-04-17T21:16:34.959331 [DEBUG] [15582]keyframe.hpp:95:interpolate > 模型变换矩阵#
-0.97008#1.49012e-08#0.242785#0.216185#
0.242785#5.96046e-08#0.97008#0.863798#
-1.49012e-08#1#-3.57628e-07#-3.18446e-07#
0#0#0#1#
2025-04-17T21:16:34.976023 [DEBUG] [15582]animator.hpp:82:calculateFinalTransform > 当前节点名称#骨骼
2025-04-17T21:16:34.976201 [DEBUG] [15582]keyframe.hpp:95:interpolate > 模型变换矩阵#
-0.977184#2.98023e-08#0.212393#0.191824#
0.212393#1.19209e-07#0.977184#0.88255#
-2.98023e-08#1#-3.57628e-07#-3.22994e-07#
0#0#0#1#
2025-04-17T21:16:34.992564 [DEBUG] [15582]animator.hpp:82:calculateFinalTransform > 当前节点名称#骨骼
2025-04-17T21:16:34.992734 [DEBUG] [15582]keyframe.hpp:95:interpolate > 模型变换矩阵#
-0.982919#7.45058e-09#0.184042#0.168448#
0.184042#0#0.982918#0.899638#
-7.45058e-09#1#-2.38419e-07#-2.18218e-07#
0#0#0#1#
2025-04-17T21:16:35.009200 [DEBUG] [15582]animator.hpp:82:calculateFinalTransform > 当前节点名称#骨骼
2025-04-17T21:16:35.009349 [DEBUG] [15582]keyframe.hpp:95:interpolate > 模型变换矩阵#
-0.987654#7.45058e-09#0.156653#0.145213#
0.156653#1.19209e-07#0.987654#0.915525#
-7.45058e-09#1#-1.19209e-07#-1.10503e-07#
0#0#0#1#
2025-04-17T21:16:35.025736 [DEBUG] [15582]animator.hpp:82:calculateFinalTransform > 当前节点名称#骨骼
2025-04-17T21:16:35.025945 [DEBUG] [15582]keyframe.hpp:95:interpolate > 模型变换矩阵#
-0.990996#0#0.133895#0.125479#
0.133895#5.96046e-08#0.990995#0.928707#
0#1#-1.19209e-07#-1.11716e-07#
0#0#0#1#
2025-04-17T21:16:35.042461 [DEBUG] [15582]animator.hpp:82:calculateFinalTransform > 当前节点名称#骨骼
2025-04-17T21:16:35.042632 [DEBUG] [15582]keyframe.hpp:95:interpolate > 模型变换矩阵#
-0.993797#7.45058e-09#0.111212#0.105347#
0.111212#0#0.993797#0.941381#
-7.45058e-09#1#-2.38419e-07#-2.25844e-07#
0#0#0#1#
2025-04-17T21:16:35.059186 [DEBUG] [15582]animator.hpp:82:calculateFinalTransform > 当前节点名称#骨骼
2025-04-17T21:16:35.059354 [DEBUG] [15582]keyframe.hpp:95:interpolate > 模型变换矩阵#
-0.99582#3.72529e-09#0.0913314#0.0873418#
0.0913314#0#0.995821#0.952321#
3.72529e-09#1#0#0#
0#0#0#1#
2025-04-17T21:16:35.075862 [DEBUG] [15582]animator.hpp:82:calculateFinalTransform > 当前节点名称#骨骼
2025-04-17T21:16:35.076045 [DEBUG] [15582]keyframe.hpp:95:interpolate > 模型变换矩阵#
-0.997292#1.11759e-08#0.073541#0.0709366#
0.073541#5.96046e-08#0.997292#0.961973#
1.11759e-08#1#5.96046e-08#5.74938e-08#
0#0#0#1#
2025-04-17T21:16:35.092611 [DEBUG] [15582]animator.hpp:82:calculateFinalTransform > 当前节点名称#骨骼
2025-04-17T21:16:35.092784 [DEBUG] [15582]keyframe.hpp:95:interpolate > 模型变换矩阵#
-0.998414#3.72529e-09#0.0562929#0.0547512#
0.0562929#-1.19209e-07#0.998414#0.97107#
7.45058e-09#1#5.96046e-08#5.79722e-08#
0#0#0#1#
2025-04-17T21:16:35.109070 [DEBUG] [15582]animator.hpp:82:calculateFinalTransform > 当前节点名称#骨骼
2025-04-17T21:16:35.109227 [DEBUG] [15582]keyframe.hpp:95:interpolate > 模型变换矩阵#
-0.999052#-1.86265e-09#0.0435316#0.0426064#
0.0435317#-2.38419e-07#0.999052#0.977818#
5.58794e-09#1#5.96046e-08#5.83378e-08#
0#0#0#1#
2025-04-17T21:16:35.125826 [DEBUG] [15582]animator.hpp:82:calculateFinalTransform > 当前节点名称#骨骼
2025-04-17T21:16:35.125977 [DEBUG] [15582]keyframe.hpp:95:interpolate > 模型变换矩阵#
-0.99952#1.86265e-09#0.0309803#0.0305086#
0.0309803#-2.38419e-07#0.99952#0.984302#
3.72529e-09#1#-1.19209e-07#-1.17394e-07#
0#0#0#1#
2025-04-17T21:16:35.142477 [DEBUG] [15582]animator.hpp:82:calculateFinalTransform > 当前节点名称#骨骼
2025-04-17T21:16:35.142633 [DEBUG] [15582]keyframe.hpp:95:interpolate > 模型变换矩阵#
-0.999775#2.79397e-09#0.0211986#0.0209766#
0.0211986#-1.19209e-07#0.999775#0.989305#
2.79397e-09#1#-1.19209e-07#-1.17961e-07#
0#0#0#1#
2025-04-17T21:16:35.158936 [DEBUG] [15582]animator.hpp:82:calculateFinalTransform > 当前节点名称#骨骼
2025-04-17T21:16:35.159099 [DEBUG] [15582]keyframe.hpp:95:interpolate > 模型变换矩阵#
-0.999909#2.32831e-09#0.0134975#0.0134073#
0.0134975#1.78814e-07#0.999909#0.993226#
4.65661e-10#1#-2.38419e-07#-2.36825e-07#
0#0#0#1#
2025-04-17T21:16:35.175679 [DEBUG] [15582]animator.hpp:82:calculateFinalTransform > 当前节点名称#骨骼
2025-04-17T21:16:35.175834 [DEBUG] [15582]keyframe.hpp:95:interpolate > 模型变换矩阵#
-0.99998#1.16415e-09#0.00631833#0.00629843#
0.00631833#1.78814e-07#0.99998#0.996831#
2.32831e-10#1#-1.19209e-07#-1.18834e-07#
0#0#0#1#
2025-04-17T21:16:35.192465 [DEBUG] [15582]animator.hpp:82:calculateFinalTransform > 当前节点名称#骨骼
2025-04-17T21:16:35.192624 [DEBUG] [15582]keyframe.hpp:95:interpolate > 模型变换矩阵#
-0.999993#8.14907e-10#0.00369049#0.0036837#
0.00369049#1.78814e-07#0.999993#0.998154#
-1.16415e-10#1#-3.57628e-07#-3.5697e-07#
0#0#0#1#
2025-04-17T21:16:35.209184 [DEBUG] [15582]animator.hpp:82:calculateFinalTransform > 当前节点名称#骨骼
2025-04-17T21:16:35.209342 [DEBUG] [15582]keyframe.hpp:95:interpolate > 模型变换矩阵#
-1#1.16415e-10#0.00105583#0.00105528#
0.00105583#-1.19209e-07#0.999999#0.999473#
1.16415e-10#1#-1.19209e-07#-1.19147e-07#
0#0#0#1#
2025-04-17T21:16:35.225967 [DEBUG] [15582]animator.hpp:82:calculateFinalTransform > 当前节点名称#骨骼
2025-04-17T21:16:35.226113 [DEBUG] [15582]keyframe.hpp:95:interpolate > 模型变换矩阵#
-0.999999#2.32831e-10#0.00156928#0.00156805#
0.00156928#1.19209e-07#0.999999#0.999217#
1.16415e-10#1#-1.19209e-07#-1.19116e-07#
0#0#0#1#
2025-04-17T21:16:35.242277 [DEBUG] [15582]animator.hpp:82:calculateFinalTransform > 当前节点名称#骨骼
2025-04-17T21:16:35.242474 [DEBUG] [15582]keyframe.hpp:95:interpolate > 模型变换矩阵#
-0.999991#6.98492e-10#0.00420246#0.00419366#
0.00420246#1.78814e-07#0.999991#0.997897#
2.32831e-10#1#-2.38419e-07#-2.37919e-07#
0#0#0#1#
2025-04-17T21:16:35.259067 [DEBUG] [15582]animator.hpp:82:calculateFinalTransform > 当前节点名称#骨骼
2025-04-17T21:16:35.259253 [DEBUG] [15582]keyframe.hpp:95:interpolate > 模型变换矩阵#
-0.999974#1.62981e-09#0.00719716#0.00717138#
0.00719716#2.38419e-07#0.999974#0.996392#
-2.32831e-10#1#-2.38419e-07#-2.37564e-07#
0#0#0#1#
2025-04-17T21:16:35.275803 [DEBUG] [15582]animator.hpp:82:calculateFinalTransform > 当前节点名称#骨骼
2025-04-17T21:16:35.275977 [DEBUG] [15582]keyframe.hpp:95:interpolate > 模型变换矩阵#
-0.999888#9.31323e-10#0.0149595#0.0148488#
0.0149595#5.96046e-08#0.999888#0.992486#
0#1#-1.19209e-07#-1.18327e-07#
0#0#0#1#
2025-04-17T21:16:35.292204 [DEBUG] [15582]animator.hpp:82:calculateFinalTransform > 当前节点名称#骨骼
2025-04-17T21:16:35.292379 [DEBUG] [15582]keyframe.hpp:95:interpolate > 模型变换矩阵#
-0.999742#0#0.0226982#0.0224437#
0.0226982#-1.19209e-07#0.999742#0.988534#
1.86265e-09#1#0#0#
0#0#0#1#
2025-04-17T21:16:35.309137 [DEBUG] [15582]animator.hpp:82:calculateFinalTransform > 当前节点名称#骨骼
2025-04-17T21:16:35.309287 [DEBUG] [15582]keyframe.hpp:95:interpolate > 模型变换矩阵#
-0.999449#1.86265e-09#0.0331843#0.0326439#
0.0331843#-1.19209e-07#0.999449#0.983174#
1.86265e-09#1#-1.19209e-07#-1.17268e-07#
0#0#0#1#
2025-04-17T21:16:35.326004 [DEBUG] [15582]animator.hpp:82:calculateFinalTransform > 当前节点名称#骨骼
2025-04-17T21:16:35.326176 [DEBUG] [15582]keyframe.hpp:95:interpolate > 模型变换矩阵#
-0.998938#1.86265e-09#0.0460858#0.0450497#
0.0460858#-2.38419e-07#0.998938#0.97648#
5.58794e-09#1#-1.19209e-07#-1.16529e-07#
0#0#0#1#
2025-04-17T21:16:35.342230 [DEBUG] [15582]animator.hpp:82:calculateFinalTransform > 当前节点名称#骨骼
2025-04-17T21:16:35.342409 [DEBUG] [15582]keyframe.hpp:95:interpolate > 模型变换矩阵#
-0.998228#3.72529e-09#0.0594969#0.0577777#
0.0594969#0#0.998229#0.969384#
3.72529e-09#1#0#0#
0#0#0#1#
2025-04-17T21:16:35.358829 [DEBUG] [15582]animator.hpp:82:calculateFinalTransform > 当前节点名称#骨骼
2025-04-17T21:16:35.358975 [DEBUG] [15582]keyframe.hpp:95:interpolate > 模型变换矩阵#
-0.997049#0#0.0767739#0.0739397#
0.0767739#-1.19209e-07#0.997049#0.960241#
0#1#-1.19209e-07#-1.14809e-07#
0#0#0#1#
2025-04-17T21:16:35.375631 [DEBUG] [15582]animator.hpp:82:calculateFinalTransform > 当前节点名称#骨骼
2025-04-17T21:16:35.375819 [DEBUG] [15582]keyframe.hpp:95:interpolate > 模型变换矩阵#
-0.995532#7.45058e-09#0.0944224#0.090162#
0.0944224#-1.19209e-07#0.995532#0.950613#
7.45058e-09#1#-1.19209e-07#-1.13831e-07#
0#0#0#1#
2025-04-17T21:16:35.392180 [DEBUG] [15582]animator.hpp:82:calculateFinalTransform > 当前节点名称#骨骼
2025-04-17T21:16:35.392331 [DEBUG] [15582]keyframe.hpp:95:interpolate > 模型变换矩阵#
-0.993329#7.45058e-09#0.115316#0.109023#
0.115316#0#0.993329#0.939122#
0#1#-1.19209e-07#-1.12704e-07#
0#0#0#1#
2025-04-17T21:16:35.408912 [DEBUG] [15582]animator.hpp:82:calculateFinalTransform > 当前节点名称#骨骼
2025-04-17T21:16:35.409101 [DEBUG] [15582]keyframe.hpp:95:interpolate > 模型变换矩阵#
-0.990435#1.49012e-08#0.137985#0.12906#
0.137985#5.96046e-08#0.990434#0.926373#
-1.49012e-08#1#-3.57628e-07#-3.34496e-07#
0#0#0#1#
2025-04-17T21:16:35.425594 [DEBUG] [15582]animator.hpp:82:calculateFinalTransform > 当前节点名称#骨骼
2025-04-17T21:16:35.425752 [DEBUG] [15582]keyframe.hpp:95:interpolate > 模型变换矩阵#
-0.986901#7.45058e-09#0.161329#0.149218#
0.161329#1.19209e-07#0.9869#0.912814#
-7.45058e-09#1#0#0#
0#0#0#1#
2025-04-17T21:16:35.442172 [DEBUG] [15582]animator.hpp:82:calculateFinalTransform > 当前节点名称#骨骼
2025-04-17T21:16:35.442331 [DEBUG] [15582]keyframe.hpp:95:interpolate > 模型变换矩阵#
-0.981881#7.45058e-09#0.189499#0.173003#
0.189499#1.19209e-07#0.981881#0.896403#
-7.45058e-09#1#0#0#
0#0#0#1#
2025-04-17T21:16:35.459015 [DEBUG] [15582]animator.hpp:82:calculateFinalTransform > 当前节点名称#骨骼
2025-04-17T21:16:35.459167 [DEBUG] [15582]keyframe.hpp:95:interpolate > 模型变换矩阵#
-0.976098#2.23517e-08#0.217329#0.195822#
0.217329#0#0.976098#0.879503#
0#1#-1.19209e-07#-1.07412e-07#
0#0#0#1#
2025-04-17T21:16:35.475825 [DEBUG] [15582]animator.hpp:82:calculateFinalTransform > 当前节点名称#骨骼
2025-04-17T21:16:35.475981 [DEBUG] [15582]keyframe.hpp:95:interpolate > 模型变换矩阵#
-0.968557#1.49012e-08#0.248791#0.220927#
0.248791#0#0.968557#0.860079#
0#1#-2.38419e-07#-2.11716e-07#
0#0#0#1#
2025-04-17T21:16:35.492259 [DEBUG] [15582]animator.hpp:82:calculateFinalTransform > 当前节点名称#骨骼
2025-04-17T21:16:35.492412 [DEBUG] [15582]keyframe.hpp:95:interpolate > 模型变换矩阵#
-0.959323#0#0.282312#0.24683#
0.282312#-1.19209e-07#0.959323#0.838749#
0#1#-1.19209e-07#-1.04226e-07#
0#0#0#1#
2025-04-17T21:16:35.508993 [DEBUG] [15582]animator.hpp:82:calculateFinalTransform > 当前节点名称#骨骼
2025-04-17T21:16:35.509177 [DEBUG] [15582]keyframe.hpp:95:interpolate > 模型变换矩阵#
-0.949008#-1.49012e-08#0.315252#0.271373#
0.315252#-2.38419e-07#0.949008#0.81692#
1.49012e-08#1#0#0#
0#0#0#1#
2025-04-17T21:16:35.525666 [DEBUG] [15582]animator.hpp:82:calculateFinalTransform > 当前节点名称#骨骼
2025-04-17T21:16:35.525823 [DEBUG] [15582]keyframe.hpp:95:interpolate > 模型变换矩阵#
-0.935315#2.98023e-08#0.353816#0.299244#
0.353816#0#0.935315#0.791052#
2.98023e-08#1#0#0#
0#0#0#1#
2025-04-17T21:16:35.541723 [DEBUG] [15582]animator.hpp:82:calculateFinalTransform > 当前节点名称#骨骼
2025-04-17T21:16:35.541826 [DEBUG] [15582]keyframe.hpp:95:interpolate > 模型变换矩阵#
-0.920129#2.98023e-08#0.391616#0.325345#
0.391616#-1.19209e-07#0.920129#0.764419#
2.98023e-08#1#-1.19209e-07#-9.9036e-08#
0#0#0#1#
2025-04-17T21:16:35.559035 [DEBUG] [15582]animator.hpp:82:calculateFinalTransform > 当前节点名称#骨骼
2025-04-17T21:16:35.559198 [DEBUG] [15582]keyframe.hpp:95:interpolate > 模型变换矩阵#
-0.902442#0#0.430811#0.351377#
0.430811#-2.38419e-07#0.902442#0.736047#
4.47035e-08#1#-1.19209e-07#-9.72291e-08#
0#0#0#1#
2025-04-17T21:16:35.575777 [DEBUG] [15582]animator.hpp:82:calculateFinalTransform > 当前节点名称#骨骼
2025-04-17T21:16:35.575938 [DEBUG] [15582]keyframe.hpp:95:interpolate > 模型变换矩阵#
-0.880168#1.49012e-08#0.474662#0.379144#
0.474662#0#0.880168#0.703048#
1.49012e-08#1#0#0#
0#0#0#1#
2025-04-17T21:16:35.592380 [DEBUG] [15582]animator.hpp:82:calculateFinalTransform > 当前节点名称#骨骼
2025-04-17T21:16:35.592649 [DEBUG] [15582]keyframe.hpp:95:interpolate > 模型变换矩阵#
-0.856248#-2.98023e-08#0.516566#0.404139#
0.516566#-2.38419e-07#0.856248#0.669891#
2.98023e-08#1#0#0#
0#0#0#1#
2025-04-17T21:16:35.610573 [DEBUG] [15582]animator.hpp:82:calculateFinalTransform > 当前节点名称#骨骼
2025-04-17T21:16:35.610749 [DEBUG] [15582]keyframe.hpp:95:interpolate > 模型变换矩阵#
-0.827131#0#0.562009#0.430019#
0.562009#-1.19209e-07#0.827131#0.632875#
0#1#-1.19209e-07#-9.12124e-08#
0#0#0#1#
2025-04-17T21:16:35.625386 [DEBUG] [15582]animator.hpp:82:calculateFinalTransform > 当前节点名称#骨骼
2025-04-17T21:16:35.625549 [DEBUG] [15582]keyframe.hpp:95:interpolate > 模型变换矩阵#
-0.792349#0#0.610068#0.455249#
0.610068#-1.19209e-07#0.792349#0.591272#
0#1#-1.19209e-07#-8.89571e-08#
0#0#0#1#
2025-04-17T21:16:35.642397 [DEBUG] [15582]animator.hpp:82:calculateFinalTransform > 当前节点名称#骨骼
2025-04-17T21:16:35.642625 [DEBUG] [15582]keyframe.hpp:95:interpolate > 模型变换矩阵#
-0.759498#2.98023e-08#0.65051#0.475102#
0.65051#5.96046e-08#0.759498#0.554701#
-2.98023e-08#1#-1.19209e-07#-8.70649e-08#
0#0#0#1#
2025-04-17T21:16:35.658950 [DEBUG] [15582]animator.hpp:82:calculateFinalTransform > 当前节点名称#骨骼
2025-04-17T21:16:35.659099 [DEBUG] [15582]keyframe.hpp:95:interpolate > 模型变换矩阵#
-0.717466#8.9407e-08#0.696594#0.495828#
0.696594#0#0.717466#0.510684#
2.98023e-08#1#-1.19209e-07#-8.48518e-08#
0#0#0#1#
2025-04-17T21:16:35.675790 [DEBUG] [15582]animator.hpp:82:calculateFinalTransform > 当前节点名称#骨骼
2025-04-17T21:16:35.675954 [DEBUG] [15582]keyframe.hpp:95:interpolate > 模型变换矩阵#
-0.673429#2.98023e-08#0.739253#0.512779#
0.739253#-2.38419e-07#0.673428#0.46712#
2.98023e-08#1#-2.38419e-07#-1.65378e-07#
0#0#0#1#
2025-04-17T21:16:35.692268 [DEBUG] [15582]animator.hpp:82:calculateFinalTransform > 当前节点名称#骨骼
2025-04-17T21:16:35.692443 [DEBUG] [15582]keyframe.hpp:95:interpolate > 模型变换矩阵#
-0.621388#2.98023e-08#0.783503#0.528507#
0.783503#-1.19209e-07#0.621388#0.419153#
2.98023e-08#1#-1.19209e-07#-8.04119e-08#
0#0#0#1#
2025-04-17T21:16:35.708908 [DEBUG] [15582]animator.hpp:82:calculateFinalTransform > 当前节点名称#骨骼
2025-04-17T21:16:35.709166 [DEBUG] [15582]keyframe.hpp:95:interpolate > 模型变换矩阵#
-0.567657#0#0.823265#0.539941#
0.823265#-1.19209e-07#0.567657#0.3723#
0#1#-1.19209e-07#-7.81838e-08#
0#0#0#1#
2025-04-17T21:16:35.725631 [DEBUG] [15582]animator.hpp:82:calculateFinalTransform > 当前节点名称#骨骼
2025-04-17T21:16:35.725836 [DEBUG] [15582]keyframe.hpp:95:interpolate > 模型变换矩阵#
-0.508018#0#0.861347#0.548393#
0.861346#0#0.508018#0.32344#
0#1#0#0#
0#0#0#1#
2025-04-17T21:16:35.742123 [DEBUG] [15582]animator.hpp:82:calculateFinalTransform > 当前节点名称#骨骼
2025-04-17T21:16:35.742303 [DEBUG] [15582]keyframe.hpp:95:interpolate > 模型变换矩阵#
-0.443429#-5.96046e-08#0.89631#0.553174#
0.89631#-1.19209e-07#0.443429#0.27367#
5.96046e-08#1#0#0#
0#0#0#1#
2025-04-17T21:16:35.758861 [DEBUG] [15582]animator.hpp:82:calculateFinalTransform > 当前节点名称#骨骼
2025-04-17T21:16:35.759084 [DEBUG] [15582]keyframe.hpp:95:interpolate > 模型变换矩阵#
-0.377094#0#0.926175#0.553769#
0.926175#-1.19209e-07#0.377094#0.225468#
0#1#-1.19209e-07#-7.12764e-08#
0#0#0#1#
2025-04-17T21:16:35.775354 [DEBUG] [15582]animator.hpp:82:calculateFinalTransform > 当前节点名称#骨骼
2025-04-17T21:16:35.775530 [DEBUG] [15582]keyframe.hpp:95:interpolate > 模型变换矩阵#
-0.304064#0#0.952652#0.550668#
0.952652#-2.38419e-07#0.304064#0.17576#
0#1#-2.38419e-07#-1.37815e-07#
0#0#0#1#
2025-04-17T21:16:35.792167 [DEBUG] [15582]animator.hpp:82:calculateFinalTransform > 当前节点名称#骨骼
2025-04-17T21:16:35.792345 [DEBUG] [15582]keyframe.hpp:95:interpolate > 模型变换矩阵#
-0.230255#2.98023e-08#0.97313#0.543437#
0.97313#0#0.230255#0.128584#
2.98023e-08#1#0#0#
0#0#0#1#
2025-04-17T21:16:35.808918 [DEBUG] [15582]animator.hpp:82:calculateFinalTransform > 当前节点名称#骨骼
2025-04-17T21:16:35.809088 [DEBUG] [15582]keyframe.hpp:95:interpolate > 模型变换矩阵#
-0.152396#5.96046e-08#0.988319#0.532086#
0.988319#0#0.152396#0.0820464#
5.96046e-08#1#0#0#
0#0#0#1#
2025-04-17T21:16:35.825665 [DEBUG] [15582]animator.hpp:82:calculateFinalTransform > 当前节点名称#骨骼
2025-04-17T21:16:35.825869 [DEBUG] [15582]keyframe.hpp:95:interpolate > 模型变换矩阵#
-0.0728984#1.19209e-07#0.99734#0.516922#
0.99734#-2.38419e-07#0.0728982#0.0377832#
1.19209e-07#1#-2.38419e-07#-1.23573e-07#
0#0#0#1#
2025-04-17T21:16:35.841311 [DEBUG] [15582]animator.hpp:82:calculateFinalTransform > 当前节点名称#骨骼
2025-04-17T21:16:35.841389 [DEBUG] [15582]keyframe.hpp:95:interpolate > 模型变换矩阵#
0.00702375#2.68221e-07#0.999976#0.498226#
0.999976#-2.38419e-07#-0.00702384#-0.00349955#
2.08616e-07#1#-3.57628e-07#-1.78184e-07#
0#0#0#1#
2025-04-17T21:16:35.858864 [DEBUG] [15582]animator.hpp:82:calculateFinalTransform > 当前节点名称#骨骼
2025-04-17T21:16:35.859046 [DEBUG] [15582]keyframe.hpp:95:interpolate > 模型变换矩阵#
0.0817857#2.38419e-07#0.99665#0.477857#
0.99665#-1.19209e-07#-0.0817858#-0.0392132#
8.9407e-08#1#-2.38419e-07#-1.14313e-07#
0#0#0#1#
2025-04-17T21:16:35.875729 [DEBUG] [15582]animator.hpp:82:calculateFinalTransform > 当前节点名称#骨骼
2025-04-17T21:16:35.875902 [DEBUG] [15582]keyframe.hpp:95:interpolate > 模型变换矩阵#
0.164877#1.19209e-07#0.986314#0.45218#
0.986314#-2.38419e-07#-0.164877#-0.0755886#
1.19209e-07#1#-2.38419e-07#-1.09304e-07#
0#0#0#1#
2025-04-17T21:16:35.891464 [DEBUG] [15582]animator.hpp:82:calculateFinalTransform > 当前节点名称#骨骼
2025-04-17T21:16:35.891553 [DEBUG] [15582]keyframe.hpp:95:interpolate > 模型变换矩阵#
0.242452#2.98023e-08#0.970163#0.425269#
0.970163#0#-0.242452#-0.106278#
-2.98023e-08#1#-1.19209e-07#-5.22551e-08#
0#0#0#1#
2025-04-17T21:16:35.908473 [DEBUG] [15582]animator.hpp:82:calculateFinalTransform > 当前节点名称#骨骼
2025-04-17T21:16:35.908634 [DEBUG] [15582]keyframe.hpp:95:interpolate > 模型变换矩阵#
0.312695#-2.98023e-08#0.949854#0.398599#
0.949854#5.96046e-08#-0.312695#-0.13122#
-8.9407e-08#1#0#0#
0#0#0#1#
2025-04-17T21:16:35.925164 [DEBUG] [15582]animator.hpp:82:calculateFinalTransform > 当前节点名称#骨骼
2025-04-17T21:16:35.925329 [DEBUG] [15582]keyframe.hpp:95:interpolate > 模型变换矩阵#
0.386377#0#0.922341#0.368458#
0.922341#2.38419e-07#-0.386377#-0.15435#
-1.78814e-07#1#1.19209e-07#4.76218e-08#
0#0#0#1#
2025-04-17T21:16:35.941235 [DEBUG] [15582]animator.hpp:82:calculateFinalTransform > 当前节点名称#骨骼
2025-04-17T21:16:35.941327 [DEBUG] [15582]keyframe.hpp:95:interpolate > 模型变换矩阵#
0.452853#-2.98023e-08#0.891585#0.338831#
0.891585#5.96046e-08#-0.452854#-0.172099#
-1.49012e-07#1#0#0#
0#0#0#1#
2025-04-17T21:16:35.958176 [DEBUG] [15582]animator.hpp:82:calculateFinalTransform > 当前节点名称#骨骼
2025-04-17T21:16:35.958328 [DEBUG] [15582]keyframe.hpp:95:interpolate > 模型变换矩阵#
0.514729#-2.98023e-08#0.857353#0.309725#
0.857353#0#-0.514729#-0.18595#
-2.98023e-08#1#0#0#
0#0#0#1#
2025-04-17T21:16:35.975255 [DEBUG] [15582]animator.hpp:82:calculateFinalTransform > 当前节点名称#骨骼
2025-04-17T21:16:35.975424 [DEBUG] [15582]keyframe.hpp:95:interpolate > 模型变换矩阵#
0.574534#-5.96046e-08#0.818481#0.279761#
0.818481#1.19209e-07#-0.574534#-0.196378#
-5.96046e-08#1#1.19209e-07#4.07463e-08#
0#0#0#1#
2025-04-17T21:16:35.992104 [DEBUG] [15582]animator.hpp:82:calculateFinalTransform > 当前节点名称#骨骼
2025-04-17T21:16:35.992261 [DEBUG] [15582]keyframe.hpp:95:interpolate > 模型变换矩阵#
0.629817#-2.98023e-08#0.776743#0.25045#
0.776743#1.78814e-07#-0.629817#-0.203075#
-8.9407e-08#1#1.19209e-07#3.84373e-08#
0#0#0#1#
2025-04-17T21:16:36.008687 [DEBUG] [15582]animator.hpp:82:calculateFinalTransform > 当前节点名称#骨骼
2025-04-17T21:16:36.008843 [DEBUG] [15582]keyframe.hpp:95:interpolate > 模型变换矩阵#
0.681034#0#0.732252#0.222153#
0.732252#1.78814e-07#-0.681034#-0.206614#
-2.38419e-07#1#5.96046e-08#1.80831e-08#
0#0#0#1#
2025-04-17T21:16:36.025380 [DEBUG] [15582]animator.hpp:82:calculateFinalTransform > 当前节点名称#骨骼
2025-04-17T21:16:36.025535 [DEBUG] [15582]keyframe.hpp:95:interpolate > 模型变换矩阵#
0.724301#2.98023e-08#0.689484#0.196693#
0.689483#5.96046e-08#-0.724301#-0.206626#
-8.9407e-08#1#0#0#
0#0#0#1#
2025-04-17T21:16:36.041992 [DEBUG] [15582]animator.hpp:82:calculateFinalTransform > 当前节点名称#骨骼
2025-04-17T21:16:36.042140 [DEBUG] [15582]keyframe.hpp:95:interpolate > 模型变换矩阵#
0.765057#2.98023e-08#0.643962#0.171996#
0.643962#-1.19209e-07#-0.765057#-0.20434#
2.98023e-08#1#-1.19209e-07#-3.18397e-08#
0#0#0#1#
2025-04-17T21:16:36.058691 [DEBUG] [15582]animator.hpp:82:calculateFinalTransform > 当前节点名称#骨骼
2025-04-17T21:16:36.058859 [DEBUG] [15582]keyframe.hpp:95:interpolate > 模型变换矩阵#
0.800592#0#0.59921#0.149459#
0.59921#0#-0.800592#-0.199689#
0#1#0#0#
0#0#0#1#
2025-04-17T21:16:36.075375 [DEBUG] [15582]animator.hpp:82:calculateFinalTransform > 当前节点名称#骨骼
2025-04-17T21:16:36.075526 [DEBUG] [15582]keyframe.hpp:95:interpolate > 模型变换矩阵#
0.831972#-2.98023e-08#0.554818#0.128768#
0.554818#0#-0.831972#-0.193093#
-2.98023e-08#1#0#0#
0#0#0#1#
2025-04-17T21:16:36.092116 [DEBUG] [15582]animator.hpp:82:calculateFinalTransform > 当前节点名称#骨骼
2025-04-17T21:16:36.092297 [DEBUG] [15582]keyframe.hpp:95:interpolate > 模型变换矩阵#
0.860592#-2.98023e-08#0.509294#0.109429#
0.509294#0#-0.860593#-0.18491#
-2.98023e-08#1#0#0#
0#0#0#1#
2025-04-17T21:16:36.108581 [DEBUG] [15582]animator.hpp:82:calculateFinalTransform > 当前节点名称#骨骼
2025-04-17T21:16:36.108728 [DEBUG] [15582]keyframe.hpp:95:interpolate > 模型变换矩阵#
0.883877#0#0.467719#0.0928598#
0.467719#5.96046e-08#-0.883877#-0.175483#
-2.98023e-08#1#0#0#
0#0#0#1#
2025-04-17T21:16:36.125330 [DEBUG] [15582]animator.hpp:82:calculateFinalTransform > 当前节点名称#骨骼
2025-04-17T21:16:36.125523 [DEBUG] [15582]keyframe.hpp:95:interpolate > 模型变换矩阵#
0.904794#2.98023e-08#0.425849#0.0777181#
0.425849#2.38419e-07#-0.904794#-0.165126#
-1.04308e-07#1#1.78814e-07#3.26338e-08#
0#0#0#1#
2025-04-17T21:16:36.142076 [DEBUG] [15582]animator.hpp:82:calculateFinalTransform > 当前节点名称#骨骼
2025-04-17T21:16:36.142266 [DEBUG] [15582]keyframe.hpp:95:interpolate > 模型变换矩阵#
0.922601#-1.49012e-08#0.385755#0.0643772#
0.385755#5.96046e-08#-0.922601#-0.153969#
-5.96046e-08#1#0#0#
0#0#0#1#
2025-04-17T21:16:36.161781 [DEBUG] [15582]animator.hpp:82:calculateFinalTransform > 当前节点名称#骨骼
2025-04-17T21:16:36.161948 [DEBUG] [15582]keyframe.hpp:95:interpolate > 模型变换矩阵#
0.93762#0#0.347661#0.0527827#
0.347661#0#-0.93762#-0.142352#
0#1#0#0#
0#0#0#1#
2025-04-17T21:16:36.178715 [DEBUG] [15582]animator.hpp:82:calculateFinalTransform > 当前节点名称#骨骼
2025-04-17T21:16:36.178901 [DEBUG] [15582]keyframe.hpp:95:interpolate > 模型变换矩阵#
0.952791#1.49012e-08#0.303626#0.0408261#
0.303626#-1.19209e-07#-0.952791#-0.128114#
1.49012e-08#1#-1.19209e-07#-1.60291e-08#
0#0#0#1#
2025-04-17T21:16:36.194994 [DEBUG] [15582]animator.hpp:82:calculateFinalTransform > 当前节点名称#骨骼
2025-04-17T21:16:36.195144 [DEBUG] [15582]keyframe.hpp:95:interpolate > 模型变换矩阵#
0.962835#1.49012e-08#0.270091#0.0325949#
0.270091#-1.19209e-07#-0.962835#-0.116196#
-1.49012e-08#1#-1.19209e-07#-1.43863e-08#
0#0#0#1#
2025-04-17T21:16:36.211660 [DEBUG] [15582]animator.hpp:82:calculateFinalTransform > 当前节点名称#骨骼
2025-04-17T21:16:36.211838 [DEBUG] [15582]keyframe.hpp:95:interpolate > 模型变换矩阵#
0.971383#4.47035e-08#0.237518#0.0255155#
0.237518#-2.38419e-07#-0.971383#-0.104351#
-2.23517e-08#1#-2.38419e-07#-2.56122e-08#
0#0#0#1#
2025-04-17T21:16:36.228087 [DEBUG] [15582]animator.hpp:82:calculateFinalTransform > 当前节点名称#骨骼
2025-04-17T21:16:36.228263 [DEBUG] [15582]keyframe.hpp:95:interpolate > 模型变换矩阵#
0.978087#1.49012e-08#0.208196#0.0197882#
0.208196#5.96046e-08#-0.978087#-0.0929631#
-1.49012e-08#1#5.96046e-08#5.66517e-09#
0#0#0#1#
2025-04-17T21:16:36.245003 [DEBUG] [15582]animator.hpp:82:calculateFinalTransform > 当前节点名称#骨骼
2025-04-17T21:16:36.245202 [DEBUG] [15582]keyframe.hpp:95:interpolate > 模型变换矩阵#
0.983564#-1.49012e-08#0.180559#0.0150306#
0.180559#1.19209e-07#-0.983564#-0.0818764#
-1.49012e-08#1#1.19209e-07#9.92353e-09#
0#0#0#1#
2025-04-17T21:16:36.261607 [DEBUG] [15582]animator.hpp:82:calculateFinalTransform > 当前节点名称#骨骼
2025-04-17T21:16:36.261761 [DEBUG] [15582]keyframe.hpp:95:interpolate > 模型变换矩阵#
0.988172#-7.45058e-09#0.153349#0.0109722#
0.153349#0#-0.988172#-0.0707045#
-7.45058e-09#1#0#0#
0#0#0#1#
2025-04-17T21:16:36.278418 [DEBUG] [15582]animator.hpp:82:calculateFinalTransform > 当前节点名称#骨骼
2025-04-17T21:16:36.278657 [DEBUG] [15582]keyframe.hpp:95:interpolate > 模型变换矩阵#
0.991434#-1.49012e-08#0.130605#0.00801733#
0.130605#1.78814e-07#-0.991434#-0.0608602#
-1.49012e-08#1#1.78814e-07#1.09767e-08#
0#0#0#1#
2025-04-17T21:16:36.294906 [DEBUG] [15582]animator.hpp:82:calculateFinalTransform > 当前节点名称#骨骼
2025-04-17T21:16:36.295072 [DEBUG] [15582]keyframe.hpp:95:interpolate > 模型变换矩阵#
0.994194#0#0.107605#0.00550266#
0.107605#5.96046e-08#-0.994194#-0.0508408#
-7.45058e-09#1#5.96046e-08#3.04805e-09#
0#0#0#1#
2025-04-17T21:16:36.311537 [DEBUG] [15582]animator.hpp:82:calculateFinalTransform > 当前节点名称#骨骼
2025-04-17T21:16:36.311761 [DEBUG] [15582]keyframe.hpp:95:interpolate > 模型变换矩阵#
0.996054#0#0.0887468#0.00377003#
0.0887468#1.19209e-07#-0.996054#-0.0423132#
-1.49012e-08#1#1.19209e-07#5.0641e-09#
0#0#0#1#
2025-04-17T21:16:36.328158 [DEBUG] [15582]animator.hpp:82:calculateFinalTransform > 当前节点名称#骨骼
2025-04-17T21:16:36.328326 [DEBUG] [15582]keyframe.hpp:95:interpolate > 模型变换矩阵#
0.997473#7.45058e-09#0.0710399#0.00243337#
0.0710399#-1.19209e-07#-0.997474#-0.034167#
-3.72529e-09#1#-1.19209e-07#-4.08334e-09#
0#0#0#1#
2025-04-17T21:16:36.344777 [DEBUG] [15582]animator.hpp:82:calculateFinalTransform > 当前节点名称#骨骼
2025-04-17T21:16:36.344936 [DEBUG] [15582]keyframe.hpp:95:interpolate > 模型变换矩阵#
0.998511#1.86265e-09#0.054544#0.001448#
0.054544#-1.19209e-07#-0.998511#-0.0265078#
1.86265e-09#1#-1.19209e-07#-3.16469e-09#
0#0#0#1#
2025-04-17T21:16:36.361491 [DEBUG] [15582]animator.hpp:82:calculateFinalTransform > 当前节点名称#骨骼
2025-04-17T21:16:36.361654 [DEBUG] [15582]keyframe.hpp:95:interpolate > 模型变换矩阵#
0.999123#5.58794e-09#0.0418794#0.000856888#
0.0418794#-1.19209e-07#-0.999123#-0.0204429#
1.86265e-09#1#-1.19209e-07#-2.43913e-09#
0#0#0#1#
2025-04-17T21:16:36.378304 [DEBUG] [15582]animator.hpp:82:calculateFinalTransform > 当前节点名称#骨骼
2025-04-17T21:16:36.378481 [DEBUG] [15582]keyframe.hpp:95:interpolate > 模型变换矩阵#
0.999575#3.72529e-09#0.0291372#0.000417839#
0.0291372#0#-0.999575#-0.0143343#
-1.86265e-09#1#0#0#
0#0#0#1#
2025-04-17T21:16:36.395013 [DEBUG] [15582]animator.hpp:82:calculateFinalTransform > 当前节点名称#骨骼
2025-04-17T21:16:36.395167 [DEBUG] [15582]keyframe.hpp:95:interpolate > 模型变换矩阵#
0.999799#1.86265e-09#0.0200543#0.000198734#
0.0200543#-1.19209e-07#-0.999799#-0.00990781#
-1.86265e-09#1#-1.19209e-07#-1.18134e-09#
0#0#0#1#
2025-04-17T21:16:36.411550 [DEBUG] [15582]animator.hpp:82:calculateFinalTransform > 当前节点名称#骨骼
2025-04-17T21:16:36.411716 [DEBUG] [15582]keyframe.hpp:95:interpolate > 模型变换矩阵#
0.999924#9.31323e-10#0.0123254#7.52623e-05#
0.0123254#0#-0.999924#-0.0061058#
-1.86265e-09#1#0#0#
0#0#0#1#
2025-04-17T21:16:36.428231 [DEBUG] [15582]animator.hpp:82:calculateFinalTransform > 当前节点名称#骨骼
2025-04-17T21:16:36.428424 [DEBUG] [15582]keyframe.hpp:95:interpolate > 模型变换矩阵#
0.999983#-6.98492e-10#0.00590804#1.73958e-05#
0.00590804#2.38419e-07#-0.999982#-0.00294437#
-6.98492e-10#1#2.38419e-07#7.02005e-10#
0#0#0#1#
2025-04-17T21:16:36.443988 [DEBUG] [15582]animator.hpp:82:calculateFinalTransform > 当前节点名称#骨骼
2025-04-17T21:16:36.444055 [DEBUG] [15582]keyframe.hpp:95:interpolate > 模型变换矩阵#
0.999995#-3.49246e-10#0.0032899#5.3941e-06#
0.0032899#5.96046e-08#-0.999995#-0.00163959#
-3.49246e-10#1#5.96046e-08#9.77276e-11#
0#0#0#1#
2025-04-17T21:16:36.461467 [DEBUG] [15582]animator.hpp:82:calculateFinalTransform > 当前节点名称#骨骼
2025-04-17T21:16:36.461620 [DEBUG] [15582]keyframe.hpp:95:interpolate > 模型变换矩阵#
1#-1.16415e-10#0.00081343#3.29757e-07#
0.00081343#1.78814e-07#-1#-0.000405391#
-1.16415e-10#1#1.78814e-07#7.24895e-11#
0#0#0#1#
