2025-04-17T21:44:11.007493 [DEBUG] [17054]model.hpp:155:processVertices > mesh预加载骨骼名称#骨骼 id#0 offset#
1#0#0#0#
0#1#0#0#
0#0#1#0#
0#0#0#1#
2025-04-17T21:44:11.012117 [DEBUG] [17054]animation.hpp:56:readKeyFrames > 本动画所有有关骨骼名称#骨架 id#1 offset#
1#0#0#0#
0#1#0#0#
0#0#1#0#
0#0#0#1#
2025-04-17T21:44:11.012181 [DEBUG] [17054]keyframe.hpp:50:KeyFrame > 0 tickStamp#0 pos#
0#0#0#
2025-04-17T21:44:11.012206 [DEBUG] [17054]keyframe.hpp:50:KeyFrame > 1 tickStamp#19 pos#
0#0#0#
2025-04-17T21:44:11.012226 [DEBUG] [17054]keyframe.hpp:63:KeyFrame > 0 tickStamp#0 ort#
-0.707107#0#0#0.707107#
2025-04-17T21:44:11.012248 [DEBUG] [17054]keyframe.hpp:63:KeyFrame > 1 tickStamp#19 ort#
-0.707107#0#0#0.707107#
2025-04-17T21:44:11.012267 [DEBUG] [17054]keyframe.hpp:77:KeyFrame > 0 tickStamp#0 scl#
1#1#1#
2025-04-17T21:44:11.012287 [DEBUG] [17054]keyframe.hpp:77:KeyFrame > 1 tickStamp#19 scl#
1#1#1#
2025-04-17T21:44:11.012322 [DEBUG] [17054]animation.hpp:56:readKeyFrames > 本动画所有有关骨骼名称#骨骼 id#0 offset#
1#0#0#0#
0#1#0#0#
0#0#1#0#
0#0#0#1#
2025-04-17T21:44:11.012378 [DEBUG] [17054]keyframe.hpp:50:KeyFrame > 0 tickStamp#0 pos#
0#0#0#
2025-04-17T21:44:11.012395 [DEBUG] [17054]keyframe.hpp:50:KeyFrame > 1 tickStamp#1 pos#
0#0#0#
2025-04-17T21:44:11.012410 [DEBUG] [17054]keyframe.hpp:50:KeyFrame > 2 tickStamp#2 pos#
0#0#0#
2025-04-17T21:44:11.012425 [DEBUG] [17054]keyframe.hpp:50:KeyFrame > 3 tickStamp#3 pos#
0#0#0#
2025-04-17T21:44:11.012439 [DEBUG] [17054]keyframe.hpp:50:KeyFrame > 4 tickStamp#4 pos#
0#0#0#
2025-04-17T21:44:11.012457 [DEBUG] [17054]keyframe.hpp:50:KeyFrame > 5 tickStamp#5 pos#
0#0#0#
2025-04-17T21:44:11.012472 [DEBUG] [17054]keyframe.hpp:50:KeyFrame > 6 tickStamp#6 pos#
0#0#0#
2025-04-17T21:44:11.012485 [DEBUG] [17054]keyframe.hpp:50:KeyFrame > 7 tickStamp#7 pos#
0#0#0#
2025-04-17T21:44:11.012511 [DEBUG] [17054]keyframe.hpp:50:KeyFrame > 8 tickStamp#8 pos#
0#0#0#
2025-04-17T21:44:11.012525 [DEBUG] [17054]keyframe.hpp:50:KeyFrame > 9 tickStamp#9 pos#
0#0#0#
2025-04-17T21:44:11.012537 [DEBUG] [17054]keyframe.hpp:50:KeyFrame > 10 tickStamp#10 pos#
0#0#0#
2025-04-17T21:44:11.012551 [DEBUG] [17054]keyframe.hpp:50:KeyFrame > 11 tickStamp#11 pos#
0#0#0#
2025-04-17T21:44:11.012564 [DEBUG] [17054]keyframe.hpp:50:KeyFrame > 12 tickStamp#12 pos#
0#0#0#
2025-04-17T21:44:11.012577 [DEBUG] [17054]keyframe.hpp:50:KeyFrame > 13 tickStamp#13 pos#
0#0#0#
2025-04-17T21:44:11.012590 [DEBUG] [17054]keyframe.hpp:50:KeyFrame > 14 tickStamp#14 pos#
0#0#0#
2025-04-17T21:44:11.012603 [DEBUG] [17054]keyframe.hpp:50:KeyFrame > 15 tickStamp#15 pos#
0#0#0#
2025-04-17T21:44:11.012620 [DEBUG] [17054]keyframe.hpp:50:KeyFrame > 16 tickStamp#16 pos#
0#0#0#
2025-04-17T21:44:11.012635 [DEBUG] [17054]keyframe.hpp:50:KeyFrame > 17 tickStamp#17 pos#
0#0#0#
2025-04-17T21:44:11.012650 [DEBUG] [17054]keyframe.hpp:50:KeyFrame > 18 tickStamp#18 pos#
0#0#0#
2025-04-17T21:44:11.012664 [DEBUG] [17054]keyframe.hpp:50:KeyFrame > 19 tickStamp#19 pos#
0#0#0#
2025-04-17T21:44:11.012677 [DEBUG] [17054]keyframe.hpp:63:KeyFrame > 0 tickStamp#0 ort#
0.707107#0#0#0.707107#
2025-04-17T21:44:11.012696 [DEBUG] [17054]keyframe.hpp:63:KeyFrame > 1 tickStamp#1 ort#
0.706895#-0.0173156#-0.0173156#0.706895#
2025-04-17T21:44:11.012711 [DEBUG] [17054]keyframe.hpp:63:KeyFrame > 2 tickStamp#2 ort#
0.70409#-0.0652425#-0.0652425#0.704091#
2025-04-17T21:44:11.012725 [DEBUG] [17054]keyframe.hpp:63:KeyFrame > 3 tickStamp#3 ort#
0.693589#-0.1376#-0.1376#0.693589#
2025-04-17T21:44:11.012742 [DEBUG] [17054]keyframe.hpp:63:KeyFrame > 4 tickStamp#4 ort#
0.670303#-0.225153#-0.225153#0.670303#
2025-04-17T21:44:11.012759 [DEBUG] [17054]keyframe.hpp:63:KeyFrame > 5 tickStamp#5 ort#
0.633183#-0.314769#-0.314769#0.633183#
2025-04-17T21:44:11.012786 [DEBUG] [17054]keyframe.hpp:63:KeyFrame > 6 tickStamp#6 ort#
0.58774#-0.393144#-0.393144#0.58774#
2025-04-17T21:44:11.012801 [DEBUG] [17054]keyframe.hpp:63:KeyFrame > 7 tickStamp#7 ort#
0.544001#-0.451734#-0.451734#0.544001#
2025-04-17T21:44:11.012815 [DEBUG] [17054]keyframe.hpp:63:KeyFrame > 8 tickStamp#8 ort#
0.512094#-0.487606#-0.487606#0.512094#
2025-04-17T21:44:11.012831 [DEBUG] [17054]keyframe.hpp:63:KeyFrame > 9 tickStamp#9 ort#
-0.5#0.5#0.5#-0.5#
2025-04-17T21:44:11.012846 [DEBUG] [17054]keyframe.hpp:63:KeyFrame > 10 tickStamp#10 ort#
0.51419#-0.485395#-0.485395#0.51419#
2025-04-17T21:44:11.012861 [DEBUG] [17054]keyframe.hpp:63:KeyFrame > 11 tickStamp#11 ort#
0.554314#-0.439017#-0.439017#0.554314#
2025-04-17T21:44:11.012876 [DEBUG] [17054]keyframe.hpp:63:KeyFrame > 12 tickStamp#12 ort#
0.614847#-0.349233#-0.349233#0.614847#
2025-04-17T21:44:11.012894 [DEBUG] [17054]keyframe.hpp:63:KeyFrame > 13 tickStamp#13 ort#
0.678027#-0.200696#-0.200696#0.678027#
2025-04-17T21:44:11.012909 [DEBUG] [17054]keyframe.hpp:63:KeyFrame > 14 tickStamp#14 ort#
0.707107#8.9407e-08#8.9407e-08#0.707107#
2025-04-17T21:44:11.012926 [DEBUG] [17054]keyframe.hpp:63:KeyFrame > 15 tickStamp#15 ort#
0.678027#0.200696#0.200696#0.678027#
2025-04-17T21:44:11.012941 [DEBUG] [17054]keyframe.hpp:63:KeyFrame > 16 tickStamp#16 ort#
0.614847#0.349233#0.349233#0.614847#
2025-04-17T21:44:11.012957 [DEBUG] [17054]keyframe.hpp:63:KeyFrame > 17 tickStamp#17 ort#
0.554314#0.439017#0.439017#0.554314#
2025-04-17T21:44:11.012972 [DEBUG] [17054]keyframe.hpp:63:KeyFrame > 18 tickStamp#18 ort#
0.51419#0.485395#0.485395#0.51419#
2025-04-17T21:44:11.012988 [DEBUG] [17054]keyframe.hpp:63:KeyFrame > 19 tickStamp#19 ort#
0.5#0.5#0.5#0.5#
2025-04-17T21:44:11.013007 [DEBUG] [17054]keyframe.hpp:77:KeyFrame > 0 tickStamp#0 scl#
1#1#1#
2025-04-17T21:44:11.013023 [DEBUG] [17054]keyframe.hpp:77:KeyFrame > 1 tickStamp#1 scl#
1#1#1#
2025-04-17T21:44:11.013037 [DEBUG] [17054]keyframe.hpp:77:KeyFrame > 2 tickStamp#2 scl#
1#1#1#
2025-04-17T21:44:11.013050 [DEBUG] [17054]keyframe.hpp:77:KeyFrame > 3 tickStamp#3 scl#
1#1#1#
2025-04-17T21:44:11.013063 [DEBUG] [17054]keyframe.hpp:77:KeyFrame > 4 tickStamp#4 scl#
1#1#1#
2025-04-17T21:44:11.013077 [DEBUG] [17054]keyframe.hpp:77:KeyFrame > 5 tickStamp#5 scl#
1#1#1#
2025-04-17T21:44:11.013090 [DEBUG] [17054]keyframe.hpp:77:KeyFrame > 6 tickStamp#6 scl#
1#1#1#
2025-04-17T21:44:11.013103 [DEBUG] [17054]keyframe.hpp:77:KeyFrame > 7 tickStamp#7 scl#
1#1#1#
2025-04-17T21:44:11.013116 [DEBUG] [17054]keyframe.hpp:77:KeyFrame > 8 tickStamp#8 scl#
1#1#1#
2025-04-17T21:44:11.013131 [DEBUG] [17054]keyframe.hpp:77:KeyFrame > 9 tickStamp#9 scl#
1#1#1#
2025-04-17T21:44:11.013144 [DEBUG] [17054]keyframe.hpp:77:KeyFrame > 10 tickStamp#10 scl#
1#1#1#
2025-04-17T21:44:11.013156 [DEBUG] [17054]keyframe.hpp:77:KeyFrame > 11 tickStamp#11 scl#
1#1#1#
2025-04-17T21:44:11.013171 [DEBUG] [17054]keyframe.hpp:77:KeyFrame > 12 tickStamp#12 scl#
1#1#1#
2025-04-17T21:44:11.013186 [DEBUG] [17054]keyframe.hpp:77:KeyFrame > 13 tickStamp#13 scl#
1#1#1#
2025-04-17T21:44:11.013200 [DEBUG] [17054]keyframe.hpp:77:KeyFrame > 14 tickStamp#14 scl#
1#1#1#
2025-04-17T21:44:11.013213 [DEBUG] [17054]keyframe.hpp:77:KeyFrame > 15 tickStamp#15 scl#
1#1#1#
2025-04-17T21:44:11.013227 [DEBUG] [17054]keyframe.hpp:77:KeyFrame > 16 tickStamp#16 scl#
1#1#1#
2025-04-17T21:44:11.013240 [DEBUG] [17054]keyframe.hpp:77:KeyFrame > 17 tickStamp#17 scl#
1#1#1#
2025-04-17T21:44:11.013255 [DEBUG] [17054]keyframe.hpp:77:KeyFrame > 18 tickStamp#18 scl#
1#1#1#
2025-04-17T21:44:11.013268 [DEBUG] [17054]keyframe.hpp:77:KeyFrame > 19 tickStamp#19 scl#
1#1#1#
2025-04-17T21:44:11.013318 [INFO ] [17054]animator.hpp:36:Animator > 骨架|Action
2025-04-17T21:44:11.013554 [INFO ] [17054]animator.hpp:58:setCurAnimation > Set animation: 骨架|Action, duration: 19, ticks/s: 24
2025-04-17T21:44:11.013582 [DEBUG] [17054]animator.hpp:82:calculateFinalTransform > 当前节点名称#骨骼
2025-04-17T21:44:11.013639 [DEBUG] [17054]keyframe.hpp:95:interpolate > 模型变换矩阵#
1#0#0#0#
0#1.78814e-07#-1#0#
0#1#1.78814e-07#0#
0#0#0#1#
2025-04-17T21:44:11.016944 [DEBUG] [17054]animator.hpp:82:calculateFinalTransform > 当前节点名称#骨骼
2025-04-17T21:44:11.016997 [DEBUG] [17054]keyframe.hpp:95:interpolate > 模型变换矩阵#
0.918055#8.9407e-08#-0.396453#0#
-0.396453#3.57628e-07#-0.918055#0#
8.9407e-08#1#3.57628e-07#0#
0#0#0#1#
2025-04-17T21:44:11.036052 [DEBUG] [17054]animator.hpp:82:calculateFinalTransform > 当前节点名称#骨骼
2025-04-17T21:44:11.036111 [DEBUG] [17054]keyframe.hpp:95:interpolate > 模型变换矩阵#
0.857223#-5.96046e-08#-0.514945#0#
-0.514945#-1.19209e-07#-0.857223#0#
-2.98023e-08#1#-1.19209e-07#0#
0#0#0#1#
2025-04-17T21:44:11.041069 [DEBUG] [17054]animator.hpp:82:calculateFinalTransform > 当前节点名称#骨骼
2025-04-17T21:44:11.041153 [DEBUG] [17054]keyframe.hpp:95:interpolate > 模型变换矩阵#
0.768542#0#-0.639799#0#
-0.639799#0#-0.768542#0#
0#1#0#0#
0#0#0#1#
2025-04-17T21:44:11.058330 [DEBUG] [17054]animator.hpp:82:calculateFinalTransform > 当前节点名称#骨骼
2025-04-17T21:44:11.058537 [DEBUG] [17054]keyframe.hpp:95:interpolate > 模型变换矩阵#
0.74485#-2.98023e-08#-0.667232#0#
-0.667232#0#-0.74485#0#
2.98023e-08#1#0#0#
0#0#0#1#
2025-04-17T21:44:11.211015 [DEBUG] [17054]animator.hpp:82:calculateFinalTransform > 当前节点名称#骨骼
2025-04-17T21:44:11.211126 [DEBUG] [17054]keyframe.hpp:95:interpolate > 模型变换矩阵#
0.664492#-5.96046e-08#-0.747295#0#
-0.747295#0#-0.664492#0#
0#1#-1.19209e-07#0#
0#0#0#1#
2025-04-17T21:44:11.311091 [DEBUG] [17054]animator.hpp:82:calculateFinalTransform > 当前节点名称#骨骼
2025-04-17T21:44:11.311158 [DEBUG] [17054]keyframe.hpp:95:interpolate > 模型变换矩阵#
-0.216522#5.96046e-08#-0.976278#0#
-0.976278#-4.76837e-07#0.216522#0#
-2.38419e-07#1#0#0#
0#0#0#1#
2025-04-17T21:44:11.311447 [DEBUG] [17054]animator.hpp:82:calculateFinalTransform > 当前节点名称#骨骼
2025-04-17T21:44:11.311509 [DEBUG] [17054]keyframe.hpp:95:interpolate > 模型变换矩阵#
-0.562527#1.78814e-07#-0.82678#0#
-0.826779#0#0.562526#0#
1.78814e-07#1#0#0#
0#0#0#1#
2025-04-17T21:44:11.319443 [DEBUG] [17054]animator.hpp:82:calculateFinalTransform > 当前节点名称#骨骼
2025-04-17T21:44:11.319536 [DEBUG] [17054]keyframe.hpp:95:interpolate > 模型变换矩阵#
-0.323926#4.47035e-07#-0.946082#0#
-0.946082#4.76837e-07#0.323926#0#
5.66244e-07#1#3.57628e-07#0#
0#0#0#1#
2025-04-17T21:44:11.334582 [DEBUG] [17054]animator.hpp:82:calculateFinalTransform > 当前节点名称#骨骼
2025-04-17T21:44:11.334747 [DEBUG] [17054]keyframe.hpp:95:interpolate > 模型变换矩阵#
-0.0968814#-1.19209e-07#-0.995296#0#
-0.995296#-4.76837e-07#0.0968813#0#
-3.27826e-07#1#-2.38419e-07#0#
0#0#0#1#
2025-04-17T21:44:11.351494 [DEBUG] [17054]animator.hpp:82:calculateFinalTransform > 当前节点名称#骨骼
2025-04-17T21:44:11.351561 [DEBUG] [17054]keyframe.hpp:95:interpolate > 模型变换矩阵#
0.134582#-2.38419e-07#-0.990902#0#
-0.990903#-4.76837e-07#-0.134582#0#
-5.36442e-07#1#-2.38419e-07#0#
0#0#0#1#
2025-04-17T21:44:11.368163 [DEBUG] [17054]animator.hpp:82:calculateFinalTransform > 当前节点名称#骨骼
2025-04-17T21:44:11.368233 [DEBUG] [17054]keyframe.hpp:95:interpolate > 模型变换矩阵#
0.353442#5.36442e-07#-0.935456#0#
-0.935456#7.15256e-07#-0.353442#0#
4.17232e-07#1#7.15256e-07#0#
0#0#0#1#
2025-04-17T21:44:11.385330 [DEBUG] [17054]animator.hpp:82:calculateFinalTransform > 当前节点名称#骨骼
2025-04-17T21:44:11.385545 [DEBUG] [17054]keyframe.hpp:95:interpolate > 模型变换矩阵#
0.551118#2.38419e-07#-0.834427#0#
-0.834427#-1.19209e-07#-0.551118#0#
-5.96046e-08#1#5.96046e-08#0#
0#0#0#1#
2025-04-17T21:44:11.402218 [DEBUG] [17054]animator.hpp:82:calculateFinalTransform > 当前节点名称#骨骼
2025-04-17T21:44:11.402473 [DEBUG] [17054]keyframe.hpp:95:interpolate > 模型变换矩阵#
0.713701#5.96046e-08#-0.70045#0#
-0.70045#-1.19209e-07#-0.713702#0#
-5.96046e-08#1#0#0#
0#0#0#1#
2025-04-17T21:44:11.418668 [DEBUG] [17054]animator.hpp:82:calculateFinalTransform > 当前节点名称#骨骼
2025-04-17T21:44:11.418920 [DEBUG] [17054]keyframe.hpp:95:interpolate > 模型变换矩阵#
0.830559#0#-0.55693#0#
-0.55693#-2.38419e-07#-0.830559#0#
-2.98023e-08#1#-2.38419e-07#0#
0#0#0#1#
2025-04-17T21:44:11.434503 [DEBUG] [17054]animator.hpp:82:calculateFinalTransform > 当前节点名称#骨骼
2025-04-17T21:44:11.434595 [DEBUG] [17054]keyframe.hpp:95:interpolate > 模型变换矩阵#
0.93328#2.98023e-08#-0.359149#0#
-0.359149#5.96046e-08#-0.93328#0#
0#1#5.96046e-08#0#
0#0#0#1#
2025-04-17T21:44:11.451559 [DEBUG] [17054]animator.hpp:82:calculateFinalTransform > 当前节点名称#骨骼
2025-04-17T21:44:11.451837 [DEBUG] [17054]keyframe.hpp:95:interpolate > 模型变换矩阵#
0.989009#2.98023e-08#-0.147853#0#
-0.147853#1.19209e-07#-0.989009#0#
0#1#1.19209e-07#0#
0#0#0#1#
2025-04-17T21:44:11.468587 [DEBUG] [17054]animator.hpp:82:calculateFinalTransform > 当前节点名称#骨骼
2025-04-17T21:44:11.468803 [DEBUG] [17054]keyframe.hpp:95:interpolate > 模型变换矩阵#
0.996225#-2.6077e-08#0.0868112#0#
0.0868112#1.78814e-07#-0.996225#0#
-3.72529e-09#1#1.78814e-07#0#
0#0#0#1#
2025-04-17T21:44:11.484920 [DEBUG] [17054]animator.hpp:82:calculateFinalTransform > 当前节点名称#骨骼
2025-04-17T21:44:11.485019 [DEBUG] [17054]keyframe.hpp:95:interpolate > 模型变换矩阵#
0.94855#-5.96046e-08#0.316626#0#
0.316626#5.96046e-08#-0.948551#0#
1.49012e-08#1#5.96046e-08#0#
0#0#0#1#
2025-04-17T21:44:11.501286 [DEBUG] [17054]animator.hpp:82:calculateFinalTransform > 当前节点名称#骨骼
2025-04-17T21:44:11.501378 [DEBUG] [17054]keyframe.hpp:95:interpolate > 模型变换矩阵#
0.853569#-5.96046e-08#0.52098#0#
0.52098#0#-0.853569#0#
5.96046e-08#1#5.96046e-08#0#
0#0#0#1#
2025-04-17T21:44:11.518514 [DEBUG] [17054]animator.hpp:82:calculateFinalTransform > 当前节点名称#骨骼
2025-04-17T21:44:11.518611 [DEBUG] [17054]keyframe.hpp:95:interpolate > 模型变换矩阵#
0.742871#-1.19209e-07#0.669434#0#
0.669434#0#-0.742871#0#
5.96046e-08#1#5.96046e-08#0#
0#0#0#1#
2025-04-17T21:44:11.534476 [DEBUG] [17054]animator.hpp:82:calculateFinalTransform > 当前节点名称#骨骼
2025-04-17T21:44:11.534579 [DEBUG] [17054]keyframe.hpp:95:interpolate > 模型变换矩阵#
0.603806#-1.49012e-07#0.797132#0#
0.797132#-1.19209e-07#-0.603806#0#
5.96046e-08#1#0#0#
0#0#0#1#
2025-04-17T21:44:11.551796 [DEBUG] [17054]animator.hpp:82:calculateFinalTransform > 当前节点名称#骨骼
2025-04-17T21:44:11.551948 [DEBUG] [17054]keyframe.hpp:95:interpolate > 模型变换矩阵#
0.474417#-2.08616e-07#0.8803#0#
0.880301#0#-0.474417#0#
2.98023e-08#1#1.19209e-07#0#
0#0#0#1#
2025-04-17T21:44:11.567881 [DEBUG] [17054]animator.hpp:82:calculateFinalTransform > 当前节点名称#骨骼
2025-04-17T21:44:11.567968 [DEBUG] [17054]keyframe.hpp:95:interpolate > 模型变换矩阵#
0.35872#-2.68221e-07#0.933445#0#
0.933445#0#-0.35872#0#
-2.98023e-08#1#1.19209e-07#0#
0#0#0#1#
2025-04-17T21:44:11.585052 [DEBUG] [17054]animator.hpp:82:calculateFinalTransform > 当前节点名称#骨骼
2025-04-17T21:44:11.585265 [DEBUG] [17054]keyframe.hpp:95:interpolate > 模型变换矩阵#
0.245873#-3.57628e-07#0.969302#0#
0.969302#2.38419e-07#-0.245873#0#
-1.49012e-07#1#3.57628e-07#0#
0#0#0#1#
2025-04-17T21:44:11.601145 [DEBUG] [17054]animator.hpp:82:calculateFinalTransform > 当前节点名称#骨骼
2025-04-17T21:44:11.601247 [DEBUG] [17054]keyframe.hpp:95:interpolate > 模型变换矩阵#
0.168703#-2.38419e-07#0.985667#0#
0.985667#0#-0.168703#0#
-5.96046e-08#1#1.19209e-07#0#
0#0#0#1#
2025-04-17T21:44:11.618010 [DEBUG] [17054]animator.hpp:82:calculateFinalTransform > 当前节点名称#骨骼
2025-04-17T21:44:11.618112 [DEBUG] [17054]keyframe.hpp:95:interpolate > 模型变换矩阵#
0.102228#-2.98023e-08#0.994761#0#
0.994761#-1.19209e-07#-0.102228#0#
2.98023e-08#1#0#0#
0#0#0#1#
2025-04-17T21:44:11.634453 [DEBUG] [17054]animator.hpp:82:calculateFinalTransform > 当前节点名称#骨骼
2025-04-17T21:44:11.634566 [DEBUG] [17054]keyframe.hpp:95:interpolate > 模型变换矩阵#
0.0491735#0#0.99879#0#
0.998791#-3.57628e-07#-0.0491737#0#
2.38419e-07#1#-1.19209e-07#0#
0#0#0#1#
2025-04-17T21:44:11.650984 [DEBUG] [17054]animator.hpp:82:calculateFinalTransform > 当前节点名称#骨骼
2025-04-17T21:44:11.651068 [DEBUG] [17054]keyframe.hpp:95:interpolate > 模型变换矩阵#
0.0264294#-5.96046e-08#0.999651#0#
0.999651#-2.38419e-07#-0.0264294#0#
1.78814e-07#1#0#0#
0#0#0#1#
2025-04-17T21:44:11.668290 [DEBUG] [17054]animator.hpp:82:calculateFinalTransform > 当前节点名称#骨骼
2025-04-17T21:44:11.668516 [DEBUG] [17054]keyframe.hpp:95:interpolate > 模型变换矩阵#
0.00358433#-1.49012e-07#0.999994#0#
0.999994#-1.19209e-07#-0.0035843#0#
1.49012e-07#1#1.78814e-07#0#
0#0#0#1#
