2025-04-17T20:58:05.976705 [DEBUG] [14456]model.hpp:122:processVertices > mesh预加载骨骼名称#骨骼 id#0 offset#
1#0#0#0#
0#1#0#0#
0#0#1#0#
0#0#0#1#
2025-04-17T20:58:05.980512 [DEBUG] [14456]model.hpp:122:processVertices > mesh预加载骨骼名称#骨骼 id#0 offset#
1#0#0#0#
0#1#0#0#
0#0#1#0#
0#0#0#1#
2025-04-17T20:58:05.983215 [DEBUG] [14456]animation.hpp:56:readKeyFrames > 本动画所有有关骨骼名称#骨架 id#1 offset#
1#0#0#0#
0#1#0#0#
0#0#1#0#
0#0#0#1#
2025-04-17T20:58:05.983271 [DEBUG] [14456]keyframe.hpp:50:KeyFrame > 0 tickStamp#0 pos#
0#0#0#
2025-04-17T20:58:05.983292 [DEBUG] [14456]keyframe.hpp:50:KeyFrame > 1 tickStamp#19 pos#
0#0#0#
2025-04-17T20:58:05.983308 [DEBUG] [14456]keyframe.hpp:63:KeyFrame > 0 tickStamp#0 ort#
-0.707107#0#0#0.707107#
2025-04-17T20:58:05.983329 [DEBUG] [14456]keyframe.hpp:63:KeyFrame > 1 tickStamp#19 ort#
-0.707107#0#0#0.707107#
2025-04-17T20:58:05.983347 [DEBUG] [14456]keyframe.hpp:77:KeyFrame > 0 tickStamp#0 scl#
1#1#1#
2025-04-17T20:58:05.983370 [DEBUG] [14456]keyframe.hpp:77:KeyFrame > 1 tickStamp#19 scl#
1#1#1#
2025-04-17T20:58:05.983403 [DEBUG] [14456]animation.hpp:56:readKeyFrames > 本动画所有有关骨骼名称#骨骼 id#0 offset#
1#0#0#0#
0#1#0#0#
0#0#1#0#
0#0#0#1#
2025-04-17T20:58:05.983442 [DEBUG] [14456]keyframe.hpp:50:KeyFrame > 0 tickStamp#0 pos#
0#0#0#
2025-04-17T20:58:05.983459 [DEBUG] [14456]keyframe.hpp:50:KeyFrame > 1 tickStamp#1 pos#
0#0#0#
2025-04-17T20:58:05.983471 [DEBUG] [14456]keyframe.hpp:50:KeyFrame > 2 tickStamp#2 pos#
0#0#0#
2025-04-17T20:58:05.983486 [DEBUG] [14456]keyframe.hpp:50:KeyFrame > 3 tickStamp#3 pos#
0#0#0#
2025-04-17T20:58:05.983498 [DEBUG] [14456]keyframe.hpp:50:KeyFrame > 4 tickStamp#4 pos#
0#0#0#
2025-04-17T20:58:05.983511 [DEBUG] [14456]keyframe.hpp:50:KeyFrame > 5 tickStamp#5 pos#
0#0#0#
2025-04-17T20:58:05.983524 [DEBUG] [14456]keyframe.hpp:50:KeyFrame > 6 tickStamp#6 pos#
0#0#0#
2025-04-17T20:58:05.983539 [DEBUG] [14456]keyframe.hpp:50:KeyFrame > 7 tickStamp#7 pos#
0#0#0#
2025-04-17T20:58:05.983552 [DEBUG] [14456]keyframe.hpp:50:KeyFrame > 8 tickStamp#8 pos#
0#0#0#
2025-04-17T20:58:05.983567 [DEBUG] [14456]keyframe.hpp:50:KeyFrame > 9 tickStamp#9 pos#
0#0#0#
2025-04-17T20:58:05.983579 [DEBUG] [14456]keyframe.hpp:50:KeyFrame > 10 tickStamp#10 pos#
0#0#0#
2025-04-17T20:58:05.983595 [DEBUG] [14456]keyframe.hpp:50:KeyFrame > 11 tickStamp#11 pos#
0#0#0#
2025-04-17T20:58:05.983607 [DEBUG] [14456]keyframe.hpp:50:KeyFrame > 12 tickStamp#12 pos#
0#0#0#
2025-04-17T20:58:05.983621 [DEBUG] [14456]keyframe.hpp:50:KeyFrame > 13 tickStamp#13 pos#
0#0#0#
2025-04-17T20:58:05.983635 [DEBUG] [14456]keyframe.hpp:50:KeyFrame > 14 tickStamp#14 pos#
0#0#0#
2025-04-17T20:58:05.983649 [DEBUG] [14456]keyframe.hpp:50:KeyFrame > 15 tickStamp#15 pos#
0#0#0#
2025-04-17T20:58:05.983660 [DEBUG] [14456]keyframe.hpp:50:KeyFrame > 16 tickStamp#16 pos#
0#0#0#
2025-04-17T20:58:05.983676 [DEBUG] [14456]keyframe.hpp:50:KeyFrame > 17 tickStamp#17 pos#
0#0#0#
2025-04-17T20:58:05.983688 [DEBUG] [14456]keyframe.hpp:50:KeyFrame > 18 tickStamp#18 pos#
0#0#0#
2025-04-17T20:58:05.983705 [DEBUG] [14456]keyframe.hpp:50:KeyFrame > 19 tickStamp#19 pos#
0#0#0#
2025-04-17T20:58:05.983717 [DEBUG] [14456]keyframe.hpp:63:KeyFrame > 0 tickStamp#0 ort#
0.707107#0#0#0.707107#
2025-04-17T20:58:05.983734 [DEBUG] [14456]keyframe.hpp:63:KeyFrame > 1 tickStamp#1 ort#
0.706895#-0.0173156#-0.0173156#0.706895#
2025-04-17T20:58:05.983750 [DEBUG] [14456]keyframe.hpp:63:KeyFrame > 2 tickStamp#2 ort#
0.70409#-0.0652425#-0.0652425#0.704091#
2025-04-17T20:58:05.983767 [DEBUG] [14456]keyframe.hpp:63:KeyFrame > 3 tickStamp#3 ort#
0.693589#-0.1376#-0.1376#0.693589#
2025-04-17T20:58:05.983782 [DEBUG] [14456]keyframe.hpp:63:KeyFrame > 4 tickStamp#4 ort#
0.670303#-0.225153#-0.225153#0.670303#
2025-04-17T20:58:05.983798 [DEBUG] [14456]keyframe.hpp:63:KeyFrame > 5 tickStamp#5 ort#
0.633183#-0.314769#-0.314769#0.633183#
2025-04-17T20:58:05.983813 [DEBUG] [14456]keyframe.hpp:63:KeyFrame > 6 tickStamp#6 ort#
0.58774#-0.393144#-0.393144#0.58774#
2025-04-17T20:58:05.983829 [DEBUG] [14456]keyframe.hpp:63:KeyFrame > 7 tickStamp#7 ort#
0.544001#-0.451734#-0.451734#0.544001#
2025-04-17T20:58:05.983843 [DEBUG] [14456]keyframe.hpp:63:KeyFrame > 8 tickStamp#8 ort#
0.512094#-0.487606#-0.487606#0.512094#
2025-04-17T20:58:05.983862 [DEBUG] [14456]keyframe.hpp:63:KeyFrame > 9 tickStamp#9 ort#
-0.5#0.5#0.5#-0.5#
2025-04-17T20:58:05.983876 [DEBUG] [14456]keyframe.hpp:63:KeyFrame > 10 tickStamp#10 ort#
0.51419#-0.485395#-0.485395#0.51419#
2025-04-17T20:58:05.983893 [DEBUG] [14456]keyframe.hpp:63:KeyFrame > 11 tickStamp#11 ort#
0.554314#-0.439017#-0.439017#0.554314#
2025-04-17T20:58:05.983921 [DEBUG] [14456]keyframe.hpp:63:KeyFrame > 12 tickStamp#12 ort#
0.614847#-0.349233#-0.349233#0.614847#
2025-04-17T20:58:05.983945 [DEBUG] [14456]keyframe.hpp:63:KeyFrame > 13 tickStamp#13 ort#
0.678027#-0.200696#-0.200696#0.678027#
2025-04-17T20:58:05.983960 [DEBUG] [14456]keyframe.hpp:63:KeyFrame > 14 tickStamp#14 ort#
0.707107#8.9407e-08#8.9407e-08#0.707107#
2025-04-17T20:58:05.983981 [DEBUG] [14456]keyframe.hpp:63:KeyFrame > 15 tickStamp#15 ort#
0.678027#0.200696#0.200696#0.678027#
2025-04-17T20:58:05.983995 [DEBUG] [14456]keyframe.hpp:63:KeyFrame > 16 tickStamp#16 ort#
0.614847#0.349233#0.349233#0.614847#
2025-04-17T20:58:05.984010 [DEBUG] [14456]keyframe.hpp:63:KeyFrame > 17 tickStamp#17 ort#
0.554314#0.439017#0.439017#0.554314#
2025-04-17T20:58:05.984038 [DEBUG] [14456]keyframe.hpp:63:KeyFrame > 18 tickStamp#18 ort#
0.51419#0.485395#0.485395#0.51419#
2025-04-17T20:58:05.984056 [DEBUG] [14456]keyframe.hpp:63:KeyFrame > 19 tickStamp#19 ort#
0.5#0.5#0.5#0.5#
2025-04-17T20:58:05.984072 [DEBUG] [14456]keyframe.hpp:77:KeyFrame > 0 tickStamp#0 scl#
1#1#1#
2025-04-17T20:58:05.984085 [DEBUG] [14456]keyframe.hpp:77:KeyFrame > 1 tickStamp#1 scl#
1#1#1#
2025-04-17T20:58:05.984099 [DEBUG] [14456]keyframe.hpp:77:KeyFrame > 2 tickStamp#2 scl#
1#1#1#
2025-04-17T20:58:05.984113 [DEBUG] [14456]keyframe.hpp:77:KeyFrame > 3 tickStamp#3 scl#
1#1#1#
2025-04-17T20:58:05.984125 [DEBUG] [14456]keyframe.hpp:77:KeyFrame > 4 tickStamp#4 scl#
1#1#1#
2025-04-17T20:58:05.984141 [DEBUG] [14456]keyframe.hpp:77:KeyFrame > 5 tickStamp#5 scl#
1#1#1#
2025-04-17T20:58:05.984155 [DEBUG] [14456]keyframe.hpp:77:KeyFrame > 6 tickStamp#6 scl#
1#1#1#
2025-04-17T20:58:05.984169 [DEBUG] [14456]keyframe.hpp:77:KeyFrame > 7 tickStamp#7 scl#
1#1#1#
2025-04-17T20:58:05.984183 [DEBUG] [14456]keyframe.hpp:77:KeyFrame > 8 tickStamp#8 scl#
1#1#1#
2025-04-17T20:58:05.984196 [DEBUG] [14456]keyframe.hpp:77:KeyFrame > 9 tickStamp#9 scl#
1#1#1#
2025-04-17T20:58:05.984209 [DEBUG] [14456]keyframe.hpp:77:KeyFrame > 10 tickStamp#10 scl#
1#1#1#
2025-04-17T20:58:05.984223 [DEBUG] [14456]keyframe.hpp:77:KeyFrame > 11 tickStamp#11 scl#
1#1#1#
2025-04-17T20:58:05.984236 [DEBUG] [14456]keyframe.hpp:77:KeyFrame > 12 tickStamp#12 scl#
1#1#1#
2025-04-17T20:58:05.984249 [DEBUG] [14456]keyframe.hpp:77:KeyFrame > 13 tickStamp#13 scl#
1#1#1#
2025-04-17T20:58:05.984263 [DEBUG] [14456]keyframe.hpp:77:KeyFrame > 14 tickStamp#14 scl#
1#1#1#
2025-04-17T20:58:05.984280 [DEBUG] [14456]keyframe.hpp:77:KeyFrame > 15 tickStamp#15 scl#
1#1#1#
2025-04-17T20:58:05.984292 [DEBUG] [14456]keyframe.hpp:77:KeyFrame > 16 tickStamp#16 scl#
1#1#1#
2025-04-17T20:58:05.984305 [DEBUG] [14456]keyframe.hpp:77:KeyFrame > 17 tickStamp#17 scl#
1#1#1#
2025-04-17T20:58:05.984319 [DEBUG] [14456]keyframe.hpp:77:KeyFrame > 18 tickStamp#18 scl#
1#1#1#
2025-04-17T20:58:05.984333 [DEBUG] [14456]keyframe.hpp:77:KeyFrame > 19 tickStamp#19 scl#
1#1#1#
2025-04-17T20:58:05.984408 [INFO ] [14456]animator.hpp:36:Animator > 骨架|Action
2025-04-17T20:58:05.984525 [INFO ] [14456]animator.hpp:58:setCurAnimation > Set animation: 骨架|Action, duration: 19, ticks/s: 24
2025-04-17T20:58:05.984550 [DEBUG] [14456]animator.hpp:82:calculateFinalTransform > 当前节点名称#骨骼
2025-04-17T20:58:05.984584 [DEBUG] [14456]keyframe.hpp:95:interpolate > 模型变换矩阵#
1#0#0#0#
0#1.78814e-07#-1#0#
0#1#1.78814e-07#0#
0#0#0#1#
2025-04-17T20:58:05.988018 [DEBUG] [14456]animator.hpp:82:calculateFinalTransform > 当前节点名称#骨骼
2025-04-17T20:58:05.988082 [DEBUG] [14456]keyframe.hpp:95:interpolate > 模型变换矩阵#
0.9127#2.23517e-07#-0.408631#0#
-0.408631#9.53674e-07#-0.912699#0#
1.93715e-07#1#9.53674e-07#0#
0#0#0#1#
2025-04-17T20:58:06.006138 [DEBUG] [14456]animator.hpp:82:calculateFinalTransform > 当前节点名称#骨骼
2025-04-17T20:58:06.006210 [DEBUG] [14456]keyframe.hpp:95:interpolate > 模型变换矩阵#
0.846321#-5.96046e-08#-0.532673#0#
-0.532673#-3.57628e-07#-0.846321#0#
-5.96046e-08#1#-3.57628e-07#0#
0#0#0#1#
2025-04-17T20:58:06.010524 [DEBUG] [14456]animator.hpp:82:calculateFinalTransform > 当前节点名称#骨骼
2025-04-17T20:58:06.010595 [DEBUG] [14456]keyframe.hpp:95:interpolate > 模型变换矩阵#
0.755788#0#-0.654816#0#
-0.654816#0#-0.755788#0#
0#1#0#0#
0#0#0#1#
2025-04-17T20:58:06.027504 [DEBUG] [14456]animator.hpp:82:calculateFinalTransform > 当前节点名称#骨骼
2025-04-17T20:58:06.027588 [DEBUG] [14456]keyframe.hpp:95:interpolate > 模型变换矩阵#
0.733402#-5.96046e-08#-0.679795#0#
-0.679795#0#-0.733402#0#
5.96046e-08#1#0#0#
0#0#0#1#
2025-04-17T20:58:06.062073 [DEBUG] [14456]animator.hpp:82:calculateFinalTransform > 当前节点名称#骨骼
2025-04-17T20:58:06.062257 [DEBUG] [14456]keyframe.hpp:95:interpolate > 模型变换矩阵#
0.652948#-1.49012e-07#-0.757403#0#
-0.757403#-1.19209e-07#-0.652948#0#
8.9407e-08#1#-2.38419e-07#0#
0#0#0#1#
2025-04-17T20:58:06.075848 [DEBUG] [14456]animator.hpp:82:calculateFinalTransform > 当前节点名称#骨骼
2025-04-17T20:58:06.075946 [DEBUG] [14456]keyframe.hpp:95:interpolate > 模型变换矩阵#
0.474777#-5.96046e-08#-0.880106#0#
-0.880106#-1.19209e-07#-0.474777#0#
-5.96046e-08#1#-1.19209e-07#0#
0#0#0#1#
2025-04-17T20:58:06.091949 [DEBUG] [14456]animator.hpp:82:calculateFinalTransform > 当前节点名称#骨骼
2025-04-17T20:58:06.092025 [DEBUG] [14456]keyframe.hpp:95:interpolate > 模型变换矩阵#
0.398391#-8.9407e-08#-0.917216#0#
-0.917216#-1.19209e-07#-0.398391#0#
-2.98023e-08#1#-2.38419e-07#0#
0#0#0#1#
2025-04-17T20:58:06.108445 [DEBUG] [14456]animator.hpp:82:calculateFinalTransform > 当前节点名称#骨骼
2025-04-17T20:58:06.108542 [DEBUG] [14456]keyframe.hpp:95:interpolate > 模型变换矩阵#
0.320567#-5.96046e-08#-0.947226#0#
-0.947226#-1.19209e-07#-0.320567#0#
-5.96046e-08#1#-1.19209e-07#0#
0#0#0#1#
2025-04-17T20:58:06.125758 [DEBUG] [14456]animator.hpp:82:calculateFinalTransform > 当前节点名称#骨骼
2025-04-17T20:58:06.125850 [DEBUG] [14456]keyframe.hpp:95:interpolate > 模型变换矩阵#
0.242033#0#-0.970268#0#
-0.970268#0#-0.242033#0#
0#1#0#0#
0#0#0#1#
2025-04-17T20:58:06.142022 [DEBUG] [14456]animator.hpp:82:calculateFinalTransform > 当前节点名称#骨骼
2025-04-17T20:58:06.142118 [DEBUG] [14456]keyframe.hpp:95:interpolate > 模型变换矩阵#
0.166713#5.96046e-08#-0.986006#0#
-0.986006#-1.19209e-07#-0.166713#0#
5.96046e-08#1#-1.19209e-07#0#
0#0#0#1#
2025-04-17T20:58:06.156712 [DEBUG] [14456]animator.hpp:82:calculateFinalTransform > 当前节点名称#骨骼
2025-04-17T20:58:06.156808 [DEBUG] [14456]keyframe.hpp:95:interpolate > 模型变换矩阵#
0.114249#5.96046e-08#-0.993452#0#
-0.993452#5.96046e-08#-0.114249#0#
5.96046e-08#1#5.96046e-08#0#
0#0#0#1#
2025-04-17T20:58:06.173439 [DEBUG] [14456]animator.hpp:82:calculateFinalTransform > 当前节点名称#骨骼
2025-04-17T20:58:06.173545 [DEBUG] [14456]keyframe.hpp:95:interpolate > 模型变换矩阵#
0.0666102#5.96046e-08#-0.997779#0#
-0.997779#0#-0.0666103#0#
1.78814e-07#1#-1.19209e-07#0#
0#0#0#1#
2025-04-17T20:58:06.190426 [DEBUG] [14456]animator.hpp:82:calculateFinalTransform > 当前节点名称#骨骼
2025-04-17T20:58:06.190528 [DEBUG] [14456]keyframe.hpp:95:interpolate > 模型变换矩阵#
0.0356749#5.96046e-08#-0.999364#0#
-0.999364#-1.19209e-07#-0.0356751#0#
5.96046e-08#1#-1.19209e-07#0#
0#0#0#1#
2025-04-17T20:58:06.206482 [DEBUG] [14456]animator.hpp:82:calculateFinalTransform > 当前节点名称#骨骼
2025-04-17T20:58:06.206627 [DEBUG] [14456]keyframe.hpp:95:interpolate > 模型变换矩阵#
0.0157093#-2.98023e-08#-0.999877#0#
-0.999877#-1.19209e-07#-0.0157095#0#
2.98023e-08#1#-2.38419e-07#0#
0#0#0#1#
2025-04-17T20:58:06.223570 [DEBUG] [14456]animator.hpp:82:calculateFinalTransform > 当前节点名称#骨骼
2025-04-17T20:58:06.223696 [DEBUG] [14456]keyframe.hpp:95:interpolate > 模型变换矩阵#
0.00371146#0#-0.999993#0#
-0.999993#-2.38419e-07#-0.00371164#0#
0#1#-2.38419e-07#0#
0#0#0#1#
2025-04-17T20:58:06.240511 [DEBUG] [14456]animator.hpp:82:calculateFinalTransform > 当前节点名称#骨骼
2025-04-17T20:58:06.240672 [DEBUG] [14456]keyframe.hpp:95:interpolate > 模型变换矩阵#
0.0273135#-8.9407e-08#-0.999627#0#
-0.999627#-2.38419e-07#-0.0273136#0#
-8.9407e-08#1#-2.38419e-07#0#
0#0#0#1#
2025-04-17T20:58:06.256688 [DEBUG] [14456]animator.hpp:82:calculateFinalTransform > 当前节点名称#骨骼
2025-04-17T20:58:06.256798 [DEBUG] [14456]keyframe.hpp:95:interpolate > 模型变换矩阵#
0.0506767#-8.9407e-08#-0.998715#0#
-0.998715#0#-0.0506766#0#
-1.49012e-07#1#0#0#
0#0#0#1#
2025-04-17T20:58:06.273202 [DEBUG] [14456]animator.hpp:82:calculateFinalTransform > 当前节点名称#骨骼
2025-04-17T20:58:06.273281 [DEBUG] [14456]keyframe.hpp:95:interpolate > 模型变换矩阵#
0.10409#5.96046e-08#-0.994568#0#
-0.994568#0#-0.10409#0#
-5.96046e-08#1#1.19209e-07#0#
0#0#0#1#
2025-04-17T20:58:06.290516 [DEBUG] [14456]animator.hpp:82:calculateFinalTransform > 当前节点名称#骨骼
2025-04-17T20:58:06.290667 [DEBUG] [14456]keyframe.hpp:95:interpolate > 模型变换矩阵#
0.172303#8.9407e-08#-0.985044#0#
-0.985044#-1.19209e-07#-0.172303#0#
0#1#0#0#
0#0#0#1#
2025-04-17T20:58:06.307230 [DEBUG] [14456]animator.hpp:82:calculateFinalTransform > 当前节点名称#骨骼
2025-04-17T20:58:06.307494 [DEBUG] [14456]keyframe.hpp:95:interpolate > 模型变换矩阵#
0.253208#3.27826e-07#-0.967412#0#
-0.967412#0#-0.253208#0#
5.96046e-08#1#2.38419e-07#0#
0#0#0#1#
2025-04-17T20:58:06.324033 [DEBUG] [14456]animator.hpp:82:calculateFinalTransform > 当前节点名称#骨骼
2025-04-17T20:58:06.324221 [DEBUG] [14456]keyframe.hpp:95:interpolate > 模型变换矩阵#
0.36974#2.98023e-07#-0.929135#0#
-0.929135#1.19209e-07#-0.36974#0#
8.9407e-08#1#2.38419e-07#0#
0#0#0#1#
2025-04-17T20:58:06.340668 [DEBUG] [14456]animator.hpp:82:calculateFinalTransform > 当前节点名称#骨骼
2025-04-17T20:58:06.340824 [DEBUG] [14456]keyframe.hpp:95:interpolate > 模型变换矩阵#
0.481621#2.38419e-07#-0.87638#0#
-0.87638#0#-0.481621#0#
2.98023e-08#1#1.78814e-07#0#
0#0#0#1#
2025-04-17T20:58:06.357618 [DEBUG] [14456]animator.hpp:82:calculateFinalTransform > 当前节点名称#骨骼
2025-04-17T20:58:06.357798 [DEBUG] [14456]keyframe.hpp:95:interpolate > 模型变换矩阵#
0.619359#1.19209e-07#-0.785107#0#
-0.785107#0#-0.61936#0#
-5.96046e-08#1#5.96046e-08#0#
0#0#0#1#
2025-04-17T20:58:06.374091 [DEBUG] [14456]animator.hpp:82:calculateFinalTransform > 当前节点名称#骨骼
2025-04-17T20:58:06.374272 [DEBUG] [14456]keyframe.hpp:95:interpolate > 模型变换矩阵#
0.753979#2.98023e-08#-0.656898#0#
-0.656898#-2.38419e-07#-0.75398#0#
-8.9407e-08#1#-1.19209e-07#0#
0#0#0#1#
2025-04-17T20:58:06.390654 [DEBUG] [14456]animator.hpp:82:calculateFinalTransform > 当前节点名称#骨骼
2025-04-17T20:58:06.390818 [DEBUG] [14456]keyframe.hpp:95:interpolate > 模型变换矩阵#
0.864982#5.96046e-08#-0.501803#0#
-0.501803#0#-0.864982#0#
-5.96046e-08#1#0#0#
0#0#0#1#
2025-04-17T20:58:06.407417 [DEBUG] [14456]animator.hpp:82:calculateFinalTransform > 当前节点名称#骨骼
2025-04-17T20:58:06.407578 [DEBUG] [14456]keyframe.hpp:95:interpolate > 模型变换矩阵#
0.956286#5.96046e-08#-0.292434#0#
-0.292434#1.78814e-07#-0.956286#0#
0#1#1.78814e-07#0#
0#0#0#1#
2025-04-17T20:58:06.423232 [DEBUG] [14456]animator.hpp:82:calculateFinalTransform > 当前节点名称#骨骼
2025-04-17T20:58:06.423311 [DEBUG] [14456]keyframe.hpp:95:interpolate > 模型变换矩阵#
0.99785#1.49012e-08#-0.0655321#0#
-0.0655321#1.78814e-07#-0.99785#0#
3.72529e-09#1#1.78814e-07#0#
0#0#0#1#
2025-04-17T20:58:06.440663 [DEBUG] [14456]animator.hpp:82:calculateFinalTransform > 当前节点名称#骨骼
2025-04-17T20:58:06.440828 [DEBUG] [14456]keyframe.hpp:95:interpolate > 模型变换矩阵#
0.988235#-3.72529e-08#0.152941#0#
0.152941#2.98023e-07#-0.988235#0#
-7.45058e-09#1#2.98023e-07#0#
0#0#0#1#
2025-04-17T20:58:06.457307 [DEBUG] [14456]animator.hpp:82:calculateFinalTransform > 当前节点名称#骨骼
2025-04-17T20:58:06.457493 [DEBUG] [14456]keyframe.hpp:95:interpolate > 模型变换矩阵#
0.923416#-5.96046e-08#0.3838#0#
0.3838#1.78814e-07#-0.923416#0#
-2.98023e-08#1#1.78814e-07#0#
0#0#0#1#
2025-04-17T20:58:06.474645 [DEBUG] [14456]animator.hpp:82:calculateFinalTransform > 当前节点名称#骨骼
2025-04-17T20:58:06.474787 [DEBUG] [14456]keyframe.hpp:95:interpolate > 模型变换矩阵#
0.817373#-1.19209e-07#0.576109#0#
0.576109#0#-0.817373#0#
8.9407e-08#1#1.19209e-07#0#
0#0#0#1#
2025-04-17T20:58:06.490344 [DEBUG] [14456]animator.hpp:82:calculateFinalTransform > 当前节点名称#骨骼
2025-04-17T20:58:06.490519 [DEBUG] [14456]keyframe.hpp:95:interpolate > 模型变换矩阵#
0.693567#-1.19209e-07#0.720392#0#
0.720392#-1.19209e-07#-0.693567#0#
2.98023e-08#1#0#0#
0#0#0#1#
2025-04-17T20:58:06.506465 [DEBUG] [14456]animator.hpp:82:calculateFinalTransform > 当前节点名称#骨骼
2025-04-17T20:58:06.506554 [DEBUG] [14456]keyframe.hpp:95:interpolate > 模型变换矩阵#
0.559583#-2.68221e-07#0.828774#0#
0.828774#5.96046e-08#-0.559583#0#
1.19209e-07#1#2.38419e-07#0#
0#0#0#1#
2025-04-17T20:58:06.523617 [DEBUG] [14456]animator.hpp:82:calculateFinalTransform > 当前节点名称#骨骼
2025-04-17T20:58:06.523762 [DEBUG] [14456]keyframe.hpp:95:interpolate > 模型变换矩阵#
0.440932#-2.38419e-07#0.897541#0#
0.897541#1.19209e-07#-0.440932#0#
5.96046e-08#1#2.98023e-07#0#
0#0#0#1#
2025-04-17T20:58:06.540502 [DEBUG] [14456]animator.hpp:82:calculateFinalTransform > 当前节点名称#骨骼
2025-04-17T20:58:06.540657 [DEBUG] [14456]keyframe.hpp:95:interpolate > 模型变换矩阵#
0.324591#-2.68221e-07#0.945854#0#
0.945855#0#-0.324591#0#
-1.49012e-07#1#1.19209e-07#0#
0#0#0#1#
2025-04-17T20:58:06.557340 [DEBUG] [14456]animator.hpp:82:calculateFinalTransform > 当前节点名称#骨骼
2025-04-17T20:58:06.557599 [DEBUG] [14456]keyframe.hpp:95:interpolate > 模型变换矩阵#
0.215417#-3.27826e-07#0.976522#0#
0.976522#1.19209e-07#-0.215418#0#
-8.9407e-08#1#2.38419e-07#0#
0#0#0#1#
2025-04-17T20:58:06.573544 [DEBUG] [14456]animator.hpp:82:calculateFinalTransform > 当前节点名称#骨骼
2025-04-17T20:58:06.573631 [DEBUG] [14456]keyframe.hpp:95:interpolate > 模型变换矩阵#
0.146467#-1.49012e-07#0.989216#0#
0.989216#-1.19209e-07#-0.146467#0#
5.96046e-08#1#1.19209e-07#0#
0#0#0#1#
2025-04-17T20:58:06.590083 [DEBUG] [14456]animator.hpp:82:calculateFinalTransform > 当前节点名称#骨骼
2025-04-17T20:58:06.590183 [DEBUG] [14456]keyframe.hpp:95:interpolate > 模型变换矩阵#
0.0793115#2.98023e-08#0.99685#0#
0.99685#-3.57628e-07#-0.0793116#0#
2.08616e-07#1#-1.19209e-07#0#
0#0#0#1#
2025-04-17T20:58:06.606822 [DEBUG] [14456]animator.hpp:82:calculateFinalTransform > 当前节点名称#骨骼
2025-04-17T20:58:06.606937 [DEBUG] [14456]keyframe.hpp:95:interpolate > 模型变换矩阵#
0.0419714#5.96046e-08#0.999119#0#
0.999119#-2.38419e-07#-0.0419715#0#
1.78814e-07#1#-1.19209e-07#0#
0#0#0#1#
2025-04-17T20:58:06.623632 [DEBUG] [14456]animator.hpp:82:calculateFinalTransform > 当前节点名称#骨骼
2025-04-17T20:58:06.623780 [DEBUG] [14456]keyframe.hpp:95:interpolate > 模型变换矩阵#
0.0188452#-5.96046e-08#0.999822#0#
0.999823#-2.38419e-07#-0.0188453#0#
1.78814e-07#1#0#0#
0#0#0#1#
