2025-04-17T21:57:23.586366 [DEBUG] [17421]model.hpp:155:processVertices > mesh预加载骨骼名称#骨骼 id#0 offset#
1#0#0#0#
0#1#0#0#
0#0#1#0#
0#0#0#1#
2025-04-17T21:57:23.590523 [DEBUG] [17421]model.hpp:155:processVertices > mesh预加载骨骼名称#骨骼 id#0 offset#
1#0#0#0#
0#1#-4.37114e-08#0#
0#4.37114e-08#1#0#
0#0#0#1#
2025-04-17T21:57:23.593118 [DEBUG] [17421]animation.hpp:56:readKeyFrames > 本动画所有有关骨骼名称#骨架 id#1 offset#
1#0#0#0#
0#1#0#0#
0#0#1#0#
0#0#0#1#
2025-04-17T21:57:23.593173 [DEBUG] [17421]keyframe.hpp:50:KeyFrame > 0 tickStamp#0 pos#
0#0#0#
2025-04-17T21:57:23.593194 [DEBUG] [17421]keyframe.hpp:50:KeyFrame > 1 tickStamp#19 pos#
0#0#0#
2025-04-17T21:57:23.593211 [DEBUG] [17421]keyframe.hpp:63:KeyFrame > 0 tickStamp#0 ort#
-0.707107#0#0#0.707107#
2025-04-17T21:57:23.593229 [DEBUG] [17421]keyframe.hpp:63:KeyFrame > 1 tickStamp#19 ort#
-0.707107#0#0#0.707107#
2025-04-17T21:57:23.593264 [DEBUG] [17421]keyframe.hpp:77:KeyFrame > 0 tickStamp#0 scl#
1#1#1#
2025-04-17T21:57:23.593283 [DEBUG] [17421]keyframe.hpp:77:KeyFrame > 1 tickStamp#19 scl#
1#1#1#
2025-04-17T21:57:23.593314 [DEBUG] [17421]animation.hpp:56:readKeyFrames > 本动画所有有关骨骼名称#骨骼 id#0 offset#
1#0#0#0#
0#1#0#0#
0#0#1#0#
0#0#0#1#
2025-04-17T21:57:23.593364 [DEBUG] [17421]keyframe.hpp:50:KeyFrame > 0 tickStamp#0 pos#
0#0#0#
2025-04-17T21:57:23.593381 [DEBUG] [17421]keyframe.hpp:50:KeyFrame > 1 tickStamp#1 pos#
0#0#0#
2025-04-17T21:57:23.593394 [DEBUG] [17421]keyframe.hpp:50:KeyFrame > 2 tickStamp#2 pos#
0#0#0#
2025-04-17T21:57:23.593411 [DEBUG] [17421]keyframe.hpp:50:KeyFrame > 3 tickStamp#3 pos#
0#0#0#
2025-04-17T21:57:23.593432 [DEBUG] [17421]keyframe.hpp:50:KeyFrame > 4 tickStamp#4 pos#
0#0#0#
2025-04-17T21:57:23.593461 [DEBUG] [17421]keyframe.hpp:50:KeyFrame > 5 tickStamp#5 pos#
0#0#0#
2025-04-17T21:57:23.593478 [DEBUG] [17421]keyframe.hpp:50:KeyFrame > 6 tickStamp#6 pos#
0#0#0#
2025-04-17T21:57:23.593493 [DEBUG] [17421]keyframe.hpp:50:KeyFrame > 7 tickStamp#7 pos#
0#0#0#
2025-04-17T21:57:23.593514 [DEBUG] [17421]keyframe.hpp:50:KeyFrame > 8 tickStamp#8 pos#
0#0#0#
2025-04-17T21:57:23.593528 [DEBUG] [17421]keyframe.hpp:50:KeyFrame > 9 tickStamp#9 pos#
0#0#0#
2025-04-17T21:57:23.593540 [DEBUG] [17421]keyframe.hpp:50:KeyFrame > 10 tickStamp#10 pos#
0#0#0#
2025-04-17T21:57:23.593557 [DEBUG] [17421]keyframe.hpp:50:KeyFrame > 11 tickStamp#11 pos#
0#0#0#
2025-04-17T21:57:23.593569 [DEBUG] [17421]keyframe.hpp:50:KeyFrame > 12 tickStamp#12 pos#
0#0#0#
2025-04-17T21:57:23.593582 [DEBUG] [17421]keyframe.hpp:50:KeyFrame > 13 tickStamp#13 pos#
0#0#0#
2025-04-17T21:57:23.593595 [DEBUG] [17421]keyframe.hpp:50:KeyFrame > 14 tickStamp#14 pos#
0#0#0#
2025-04-17T21:57:23.593610 [DEBUG] [17421]keyframe.hpp:50:KeyFrame > 15 tickStamp#15 pos#
0#0#0#
2025-04-17T21:57:23.593625 [DEBUG] [17421]keyframe.hpp:50:KeyFrame > 16 tickStamp#16 pos#
0#0#0#
2025-04-17T21:57:23.593640 [DEBUG] [17421]keyframe.hpp:50:KeyFrame > 17 tickStamp#17 pos#
0#0#0#
2025-04-17T21:57:23.593652 [DEBUG] [17421]keyframe.hpp:50:KeyFrame > 18 tickStamp#18 pos#
0#0#0#
2025-04-17T21:57:23.593670 [DEBUG] [17421]keyframe.hpp:50:KeyFrame > 19 tickStamp#19 pos#
0#0#0#
2025-04-17T21:57:23.593683 [DEBUG] [17421]keyframe.hpp:63:KeyFrame > 0 tickStamp#0 ort#
0.707107#0#0#0.707107#
2025-04-17T21:57:23.593700 [DEBUG] [17421]keyframe.hpp:63:KeyFrame > 1 tickStamp#1 ort#
0.706895#-0.0173156#-0.0173156#0.706895#
2025-04-17T21:57:23.593739 [DEBUG] [17421]keyframe.hpp:63:KeyFrame > 2 tickStamp#2 ort#
0.70409#-0.0652425#-0.0652425#0.704091#
2025-04-17T21:57:23.593774 [DEBUG] [17421]keyframe.hpp:63:KeyFrame > 3 tickStamp#3 ort#
0.693589#-0.1376#-0.1376#0.693589#
2025-04-17T21:57:23.593796 [DEBUG] [17421]keyframe.hpp:63:KeyFrame > 4 tickStamp#4 ort#
0.670303#-0.225153#-0.225153#0.670303#
2025-04-17T21:57:23.593820 [DEBUG] [17421]keyframe.hpp:63:KeyFrame > 5 tickStamp#5 ort#
0.633183#-0.314769#-0.314769#0.633183#
2025-04-17T21:57:23.593847 [DEBUG] [17421]keyframe.hpp:63:KeyFrame > 6 tickStamp#6 ort#
0.58774#-0.393144#-0.393144#0.58774#
2025-04-17T21:57:23.593871 [DEBUG] [17421]keyframe.hpp:63:KeyFrame > 7 tickStamp#7 ort#
0.544001#-0.451734#-0.451734#0.544001#
2025-04-17T21:57:23.593894 [DEBUG] [17421]keyframe.hpp:63:KeyFrame > 8 tickStamp#8 ort#
0.512094#-0.487606#-0.487606#0.512094#
2025-04-17T21:57:23.593925 [DEBUG] [17421]keyframe.hpp:63:KeyFrame > 9 tickStamp#9 ort#
-0.5#0.5#0.5#-0.5#
2025-04-17T21:57:23.593942 [DEBUG] [17421]keyframe.hpp:63:KeyFrame > 10 tickStamp#10 ort#
0.51419#-0.485395#-0.485395#0.51419#
2025-04-17T21:57:23.593961 [DEBUG] [17421]keyframe.hpp:63:KeyFrame > 11 tickStamp#11 ort#
0.554314#-0.439017#-0.439017#0.554314#
2025-04-17T21:57:23.593977 [DEBUG] [17421]keyframe.hpp:63:KeyFrame > 12 tickStamp#12 ort#
0.614847#-0.349233#-0.349233#0.614847#
2025-04-17T21:57:23.593994 [DEBUG] [17421]keyframe.hpp:63:KeyFrame > 13 tickStamp#13 ort#
0.678027#-0.200696#-0.200696#0.678027#
2025-04-17T21:57:23.594011 [DEBUG] [17421]keyframe.hpp:63:KeyFrame > 14 tickStamp#14 ort#
0.707107#8.9407e-08#8.9407e-08#0.707107#
2025-04-17T21:57:23.594030 [DEBUG] [17421]keyframe.hpp:63:KeyFrame > 15 tickStamp#15 ort#
0.678027#0.200696#0.200696#0.678027#
2025-04-17T21:57:23.594047 [DEBUG] [17421]keyframe.hpp:63:KeyFrame > 16 tickStamp#16 ort#
0.614847#0.349233#0.349233#0.614847#
2025-04-17T21:57:23.594064 [DEBUG] [17421]keyframe.hpp:63:KeyFrame > 17 tickStamp#17 ort#
0.554314#0.439017#0.439017#0.554314#
2025-04-17T21:57:23.594081 [DEBUG] [17421]keyframe.hpp:63:KeyFrame > 18 tickStamp#18 ort#
0.51419#0.485395#0.485395#0.51419#
2025-04-17T21:57:23.594112 [DEBUG] [17421]keyframe.hpp:63:KeyFrame > 19 tickStamp#19 ort#
0.5#0.5#0.5#0.5#
2025-04-17T21:57:23.594130 [DEBUG] [17421]keyframe.hpp:77:KeyFrame > 0 tickStamp#0 scl#
1#1#1#
2025-04-17T21:57:23.594146 [DEBUG] [17421]keyframe.hpp:77:KeyFrame > 1 tickStamp#1 scl#
1#1#1#
2025-04-17T21:57:23.594164 [DEBUG] [17421]keyframe.hpp:77:KeyFrame > 2 tickStamp#2 scl#
1#1#1#
2025-04-17T21:57:23.594179 [DEBUG] [17421]keyframe.hpp:77:KeyFrame > 3 tickStamp#3 scl#
1#1#1#
2025-04-17T21:57:23.594195 [DEBUG] [17421]keyframe.hpp:77:KeyFrame > 4 tickStamp#4 scl#
1#1#1#
2025-04-17T21:57:23.594211 [DEBUG] [17421]keyframe.hpp:77:KeyFrame > 5 tickStamp#5 scl#
1#1#1#
2025-04-17T21:57:23.594226 [DEBUG] [17421]keyframe.hpp:77:KeyFrame > 6 tickStamp#6 scl#
1#1#1#
2025-04-17T21:57:23.594241 [DEBUG] [17421]keyframe.hpp:77:KeyFrame > 7 tickStamp#7 scl#
1#1#1#
2025-04-17T21:57:23.594255 [DEBUG] [17421]keyframe.hpp:77:KeyFrame > 8 tickStamp#8 scl#
1#1#1#
2025-04-17T21:57:23.594270 [DEBUG] [17421]keyframe.hpp:77:KeyFrame > 9 tickStamp#9 scl#
1#1#1#
2025-04-17T21:57:23.594284 [DEBUG] [17421]keyframe.hpp:77:KeyFrame > 10 tickStamp#10 scl#
1#1#1#
2025-04-17T21:57:23.594301 [DEBUG] [17421]keyframe.hpp:77:KeyFrame > 11 tickStamp#11 scl#
1#1#1#
2025-04-17T21:57:23.594316 [DEBUG] [17421]keyframe.hpp:77:KeyFrame > 12 tickStamp#12 scl#
1#1#1#
2025-04-17T21:57:23.594331 [DEBUG] [17421]keyframe.hpp:77:KeyFrame > 13 tickStamp#13 scl#
1#1#1#
2025-04-17T21:57:23.594344 [DEBUG] [17421]keyframe.hpp:77:KeyFrame > 14 tickStamp#14 scl#
1#1#1#
2025-04-17T21:57:23.594369 [DEBUG] [17421]keyframe.hpp:77:KeyFrame > 15 tickStamp#15 scl#
1#1#1#
2025-04-17T21:57:23.594384 [DEBUG] [17421]keyframe.hpp:77:KeyFrame > 16 tickStamp#16 scl#
1#1#1#
2025-04-17T21:57:23.594398 [DEBUG] [17421]keyframe.hpp:77:KeyFrame > 17 tickStamp#17 scl#
1#1#1#
2025-04-17T21:57:23.594415 [DEBUG] [17421]keyframe.hpp:77:KeyFrame > 18 tickStamp#18 scl#
1#1#1#
2025-04-17T21:57:23.594430 [DEBUG] [17421]keyframe.hpp:77:KeyFrame > 19 tickStamp#19 scl#
1#1#1#
2025-04-17T21:57:23.594480 [INFO ] [17421]animator.hpp:36:Animator > 骨架|Action
2025-04-17T21:57:23.594594 [INFO ] [17421]animator.hpp:58:setCurAnimation > Set animation: 骨架|Action, duration: 19, ticks/s: 24
2025-04-17T21:57:23.594618 [DEBUG] [17421]animator.hpp:82:calculateFinalTransform > 当前节点名称#骨骼
2025-04-17T21:57:23.594656 [DEBUG] [17421]keyframe.hpp:95:interpolate > 模型变换矩阵#
1#0#0#0#
0#1.78814e-07#-1#0#
0#1#1.78814e-07#0#
0#0#0#1#
2025-04-17T21:57:23.598028 [DEBUG] [17421]animator.hpp:82:calculateFinalTransform > 当前节点名称#骨骼
2025-04-17T21:57:23.598084 [DEBUG] [17421]keyframe.hpp:95:interpolate > 模型变换矩阵#
0.904827#1.49012e-07#-0.42578#0#
-0.42578#4.17232e-07#-0.904827#0#
1.04308e-07#1#4.17233e-07#0#
0#0#0#1#
2025-04-17T21:57:23.620167 [DEBUG] [17421]animator.hpp:82:calculateFinalTransform > 当前节点名称#骨骼
2025-04-17T21:57:23.620249 [DEBUG] [17421]keyframe.hpp:95:interpolate > 模型变换矩阵#
0.830827#-8.9407e-08#-0.556531#0#
-0.556531#-2.38419e-07#-0.830827#0#
0#1#-2.38419e-07#0#
0#0#0#1#
2025-04-17T21:57:23.623153 [DEBUG] [17421]animator.hpp:82:calculateFinalTransform > 当前节点名称#骨骼
2025-04-17T21:57:23.623260 [DEBUG] [17421]keyframe.hpp:95:interpolate > 模型变换矩阵#
0.715192#0#-0.698928#0#
-0.698928#-1.19209e-07#-0.715193#0#
0#1#-1.19209e-07#0#
0#0#0#1#
2025-04-17T21:57:23.638743 [DEBUG] [17421]animator.hpp:82:calculateFinalTransform > 当前节点名称#骨骼
2025-04-17T21:57:23.638841 [DEBUG] [17421]keyframe.hpp:95:interpolate > 模型变换矩阵#
0.694924#-2.98023e-08#-0.719083#0#
-0.719083#0#-0.694924#0#
2.98023e-08#1#-1.19209e-07#0#
0#0#0#1#
2025-04-17T21:57:23.671681 [DEBUG] [17421]animator.hpp:82:calculateFinalTransform > 当前节点名称#骨骼
2025-04-17T21:57:23.671861 [DEBUG] [17421]keyframe.hpp:95:interpolate > 模型变换矩阵#
0.617542#-1.19209e-07#-0.786538#0#
-0.786538#-2.38419e-07#-0.617542#0#
5.96046e-08#1#-2.38419e-07#0#
0#0#0#1#
2025-04-17T21:57:23.685704 [DEBUG] [17421]animator.hpp:82:calculateFinalTransform > 当前节点名称#骨骼
2025-04-17T21:57:23.685852 [DEBUG] [17421]keyframe.hpp:95:interpolate > 模型变换矩阵#
0.445613#-5.96046e-08#-0.895225#0#
-0.895226#-1.19209e-07#-0.445614#0#
-5.96046e-08#1#-1.19209e-07#0#
0#0#0#1#
2025-04-17T21:57:23.717625 [DEBUG] [17421]animator.hpp:82:calculateFinalTransform > 当前节点名称#骨骼
2025-04-17T21:57:23.717699 [DEBUG] [17421]keyframe.hpp:95:interpolate > 模型变换矩阵#
0.369721#-5.96046e-08#-0.929143#0#
-0.929143#-1.19209e-07#-0.369721#0#
-5.96046e-08#1#-1.19209e-07#0#
0#0#0#1#
2025-04-17T21:57:23.734516 [DEBUG] [17421]animator.hpp:82:calculateFinalTransform > 当前节点名称#骨骼
2025-04-17T21:57:23.734593 [DEBUG] [17421]keyframe.hpp:95:interpolate > 模型变换矩阵#
0.218326#-5.96046e-08#-0.975876#0#
-0.975876#0#-0.218326#0#
-5.96046e-08#1#0#0#
0#0#0#1#
2025-04-17T21:57:23.751040 [DEBUG] [17421]animator.hpp:82:calculateFinalTransform > 当前节点名称#骨骼
2025-04-17T21:57:23.751124 [DEBUG] [17421]keyframe.hpp:95:interpolate > 模型变换矩阵#
0.152291#5.96046e-08#-0.988336#0#
-0.988336#0#-0.152291#0#
5.96046e-08#1#0#0#
0#0#0#1#
2025-04-17T21:57:23.765688 [DEBUG] [17421]animator.hpp:82:calculateFinalTransform > 当前节点名称#骨骼
2025-04-17T21:57:23.765783 [DEBUG] [17421]keyframe.hpp:95:interpolate > 模型变换矩阵#
0.0989072#5.96046e-08#-0.995097#0#
-0.995097#1.19209e-07#-0.0989071#0#
5.96046e-08#1#1.19209e-07#0#
0#0#0#1#
2025-04-17T21:57:23.782310 [DEBUG] [17421]animator.hpp:82:calculateFinalTransform > 当前节点名称#骨骼
2025-04-17T21:57:23.782438 [DEBUG] [17421]keyframe.hpp:95:interpolate > 模型变换矩阵#
0.0513065#2.98023e-08#-0.998683#0#
-0.998683#0#-0.0513067#0#
1.78814e-07#1#-1.19209e-07#0#
0#0#0#1#
2025-04-17T21:57:23.799009 [DEBUG] [17421]animator.hpp:82:calculateFinalTransform > 当前节点名称#骨骼
2025-04-17T21:57:23.799122 [DEBUG] [17421]keyframe.hpp:95:interpolate > 模型变换矩阵#
0.0302749#2.98023e-08#-0.999542#0#
-0.999542#5.96046e-08#-0.030275#0#
8.9407e-08#1#0#0#
0#0#0#1#
2025-04-17T21:57:23.815818 [DEBUG] [17421]animator.hpp:82:calculateFinalTransform > 当前节点名称#骨骼
2025-04-17T21:57:23.815960 [DEBUG] [17421]keyframe.hpp:95:interpolate > 模型变换矩阵#
0.0106519#0#-0.999943#0#
-0.999943#0#-0.0106519#0#
0#1#0#0#
0#0#0#1#
2025-04-17T21:57:23.832387 [DEBUG] [17421]animator.hpp:82:calculateFinalTransform > 当前节点名称#骨骼
2025-04-17T21:57:23.832512 [DEBUG] [17421]keyframe.hpp:95:interpolate > 模型变换矩阵#
0.0106631#-5.96046e-08#-0.999943#0#
-0.999943#0#-0.0106631#0#
-5.96046e-08#1#0#0#
0#0#0#1#
2025-04-17T21:57:23.849172 [DEBUG] [17421]animator.hpp:82:calculateFinalTransform > 当前节点名称#骨骼
2025-04-17T21:57:23.849246 [DEBUG] [17421]keyframe.hpp:95:interpolate > 模型变换矩阵#
0.0335872#-8.9407e-08#-0.999436#0#
-0.999436#-1.19209e-07#-0.0335872#0#
-1.49012e-07#1#0#0#
0#0#0#1#
2025-04-17T21:57:23.865475 [DEBUG] [17421]animator.hpp:82:calculateFinalTransform > 当前节点名称#骨骼
2025-04-17T21:57:23.865561 [DEBUG] [17421]keyframe.hpp:95:interpolate > 模型变换矩阵#
0.0567997#-1.19209e-07#-0.998386#0#
-0.998386#-2.38419e-07#-0.0567997#0#
-2.38419e-07#1#-2.38419e-07#0#
0#0#0#1#
2025-04-17T21:57:23.882247 [DEBUG] [17421]animator.hpp:82:calculateFinalTransform > 当前节点名称#骨骼
2025-04-17T21:57:23.882315 [DEBUG] [17421]keyframe.hpp:95:interpolate > 模型变换矩阵#
0.122824#8.9407e-08#-0.992428#0#
-0.992429#-1.19209e-07#-0.122824#0#
-8.9407e-08#1#0#0#
0#0#0#1#
2025-04-17T21:57:23.899419 [DEBUG] [17421]animator.hpp:82:calculateFinalTransform > 当前节点名称#骨骼
2025-04-17T21:57:23.899613 [DEBUG] [17421]keyframe.hpp:95:interpolate > 模型变换矩阵#
0.191813#2.38419e-07#-0.981431#0#
-0.981432#-1.19209e-07#-0.191813#0#
5.96046e-08#1#1.19209e-07#0#
0#0#0#1#
2025-04-17T21:57:23.916256 [DEBUG] [17421]animator.hpp:82:calculateFinalTransform > 当前节点名称#骨骼
2025-04-17T21:57:23.916480 [DEBUG] [17421]keyframe.hpp:95:interpolate > 模型变换矩阵#
0.285779#3.57628e-07#-0.958295#0#
-0.958296#1.19209e-07#-0.28578#0#
1.49012e-07#1#2.98023e-07#0#
0#0#0#1#
2025-04-17T21:57:23.932974 [DEBUG] [17421]animator.hpp:82:calculateFinalTransform > 当前节点名称#骨骼
2025-04-17T21:57:23.933187 [DEBUG] [17421]keyframe.hpp:95:interpolate > 模型变换矩阵#
0.402154#2.68221e-07#-0.915572#0#
-0.915572#-1.19209e-07#-0.402154#0#
2.98023e-08#1#5.96046e-08#0#
0#0#0#1#
2025-04-17T21:57:23.949536 [DEBUG] [17421]animator.hpp:82:calculateFinalTransform > 当前节点名称#骨骼
2025-04-17T21:57:23.949696 [DEBUG] [17421]keyframe.hpp:95:interpolate > 模型变换矩阵#
0.511462#2.68221e-07#-0.859306#0#
-0.859306#1.19209e-07#-0.511462#0#
-2.98023e-08#1#2.38419e-07#0#
0#0#0#1#
2025-04-17T21:57:23.966194 [DEBUG] [17421]animator.hpp:82:calculateFinalTransform > 当前节点名称#骨骼
2025-04-17T21:57:23.966275 [DEBUG] [17421]keyframe.hpp:95:interpolate > 模型变换矩阵#
0.658032#1.19209e-07#-0.75299#0#
-0.75299#-1.19209e-07#-0.658032#0#
-5.96046e-08#1#0#0#
0#0#0#1#
2025-04-17T21:57:23.982930 [DEBUG] [17421]animator.hpp:82:calculateFinalTransform > 当前节点名称#骨骼
2025-04-17T21:57:23.983165 [DEBUG] [17421]keyframe.hpp:95:interpolate > 模型变换矩阵#
0.784265#2.98023e-08#-0.620426#0#
-0.620426#0#-0.784265#0#
-2.98023e-08#1#0#0#
0#0#0#1#
2025-04-17T21:57:23.999730 [DEBUG] [17421]animator.hpp:82:calculateFinalTransform > 当前节点名称#骨骼
2025-04-17T21:57:23.999968 [DEBUG] [17421]keyframe.hpp:95:interpolate > 模型变换矩阵#
0.894723#1.49012e-08#-0.446621#0#
-0.446621#-2.38419e-07#-0.894723#0#
-5.96046e-08#1#-2.38419e-07#0#
0#0#0#1#
2025-04-17T21:57:24.016274 [DEBUG] [17421]animator.hpp:82:calculateFinalTransform > 当前节点名称#骨骼
2025-04-17T21:57:24.016442 [DEBUG] [17421]keyframe.hpp:95:interpolate > 模型变换矩阵#
0.973515#2.98023e-08#-0.228624#0#
-0.228624#5.96046e-08#-0.973515#0#
7.45058e-09#1#5.96046e-08#0#
0#0#0#1#
2025-04-17T21:57:24.032960 [DEBUG] [17421]animator.hpp:82:calculateFinalTransform > 当前节点名称#骨骼
2025-04-17T21:57:24.033208 [DEBUG] [17421]keyframe.hpp:95:interpolate > 模型变换矩阵#
0.999997#5.82077e-10#-0.00238391#0#
-0.00238391#2.98023e-07#-0.999997#0#
3.49246e-10#1#2.98023e-07#0#
0#0#0#1#
2025-04-17T21:57:24.049703 [DEBUG] [17421]animator.hpp:82:calculateFinalTransform > 当前节点名称#骨骼
2025-04-17T21:57:24.049935 [DEBUG] [17421]keyframe.hpp:95:interpolate > 模型变换矩阵#
0.97405#-4.47035e-08#0.226331#0#
0.226331#1.78814e-07#-0.97405#0#
-7.45058e-09#1#1.78814e-07#0#
0#0#0#1#
2025-04-17T21:57:24.065996 [DEBUG] [17421]animator.hpp:82:calculateFinalTransform > 当前节点名称#骨骼
2025-04-17T21:57:24.066104 [DEBUG] [17421]keyframe.hpp:95:interpolate > 模型变换矩阵#
0.896217#-8.9407e-08#0.443616#0#
0.443616#5.96046e-08#-0.896217#0#
2.98023e-08#1#5.96046e-08#0#
0#0#0#1#
2025-04-17T21:57:24.082835 [DEBUG] [17421]animator.hpp:82:calculateFinalTransform > 当前节点名称#骨骼
2025-04-17T21:57:24.082981 [DEBUG] [17421]keyframe.hpp:95:interpolate > 模型变换矩阵#
0.788465#-8.9407e-08#0.61508#0#
0.61508#-1.19209e-07#-0.788465#0#
2.98023e-08#1#0#0#
0#0#0#1#
2025-04-17T21:57:24.098777 [DEBUG] [17421]animator.hpp:82:calculateFinalTransform > 当前节点名称#骨骼
2025-04-17T21:57:24.098865 [DEBUG] [17421]keyframe.hpp:95:interpolate > 模型变换矩阵#
0.661987#-1.78814e-07#0.749515#0#
0.749515#5.96046e-08#-0.661988#0#
2.98023e-08#1#1.78814e-07#0#
0#0#0#1#
2025-04-17T21:57:24.116333 [DEBUG] [17421]animator.hpp:82:calculateFinalTransform > 当前节点名称#骨骼
2025-04-17T21:57:24.116507 [DEBUG] [17421]keyframe.hpp:95:interpolate > 模型变换矩阵#
0.521084#-1.78814e-07#0.853505#0#
0.853505#0#-0.521085#0#
2.98023e-08#1#5.96046e-08#0#
0#0#0#1#
2025-04-17T21:57:24.132629 [DEBUG] [17421]animator.hpp:82:calculateFinalTransform > 当前节点名称#骨骼
2025-04-17T21:57:24.132795 [DEBUG] [17421]keyframe.hpp:95:interpolate > 模型变换矩阵#
0.403774#-3.27826e-07#0.914859#0#
0.914859#0#-0.403774#0#
2.98023e-08#1#2.38419e-07#0#
0#0#0#1#
2025-04-17T21:57:24.148705 [DEBUG] [17421]animator.hpp:82:calculateFinalTransform > 当前节点名称#骨骼
2025-04-17T21:57:24.148777 [DEBUG] [17421]keyframe.hpp:95:interpolate > 模型变换矩阵#
0.291498#-3.57628e-07#0.956571#0#
0.956571#0#-0.291499#0#
-5.96046e-08#1#1.78814e-07#0#
0#0#0#1#
2025-04-17T21:57:24.165766 [DEBUG] [17421]animator.hpp:82:calculateFinalTransform > 当前节点名称#骨骼
2025-04-17T21:57:24.165833 [DEBUG] [17421]keyframe.hpp:95:interpolate > 模型变换矩阵#
0.199335#-2.98023e-07#0.979932#0#
0.979932#0#-0.199335#0#
-1.19209e-07#1#1.19209e-07#0#
0#0#0#1#
2025-04-17T21:57:24.182195 [DEBUG] [17421]animator.hpp:82:calculateFinalTransform > 当前节点名称#骨骼
2025-04-17T21:57:24.182270 [DEBUG] [17421]keyframe.hpp:95:interpolate > 模型变换矩阵#
0.129247#-8.9407e-08#0.991613#0#
0.991613#-2.38419e-07#-0.129247#0#
8.9407e-08#1#-1.19209e-07#0#
0#0#0#1#
2025-04-17T21:57:24.198819 [DEBUG] [17421]animator.hpp:82:calculateFinalTransform > 当前节点名称#骨骼
2025-04-17T21:57:24.198908 [DEBUG] [17421]keyframe.hpp:95:interpolate > 模型变换矩阵#
0.061156#8.9407e-08#0.998128#0#
0.998128#-4.76837e-07#-0.0611561#0#
2.68221e-07#1#-2.38419e-07#0#
0#0#0#1#
2025-04-17T21:57:24.215489 [DEBUG] [17421]animator.hpp:82:calculateFinalTransform > 当前节点名称#骨骼
2025-04-17T21:57:24.215570 [DEBUG] [17421]keyframe.hpp:95:interpolate > 模型变换矩阵#
0.0358154#-2.98023e-08#0.999358#0#
0.999359#-2.38419e-07#-0.0358154#0#
2.38419e-07#1#0#0#
0#0#0#1#
2025-04-17T21:57:24.232103 [DEBUG] [17421]animator.hpp:82:calculateFinalTransform > 当前节点名称#骨骼
2025-04-17T21:57:24.232170 [DEBUG] [17421]keyframe.hpp:95:interpolate > 模型变换矩阵#
0.0127807#-2.98023e-08#0.999918#0#
0.999919#-3.57628e-07#-0.0127808#0#
2.68221e-07#1#-1.19209e-07#0#
0#0#0#1#
