2025-04-17T21:13:44.577468 [DEBUG] [15356]model.hpp:122:processVertices > mesh预加载骨骼名称#骨骼 id#0 offset#
1#0#0#0#
0#1#0#0#
0#0#1#0#
0#0#0#1#
2025-04-17T21:13:44.581175 [DEBUG] [15356]model.hpp:122:processVertices > mesh预加载骨骼名称#骨骼 id#0 offset#
1#0#0#0#
0#1#0#0#
0#0#1#0#
0#0#0#1#
2025-04-17T21:13:44.584770 [DEBUG] [15356]model.hpp:122:processVertices > mesh预加载骨骼名称#骨骼 id#0 offset#
0.999995#0#0#0#
0#0.999995#0#0#
0#0#0.999995#0#
0#0#0#1#
2025-04-17T21:13:44.588378 [DEBUG] [15356]animation.hpp:56:readKeyFrames > 本动画所有有关骨骼名称#骨架 id#1 offset#
1#0#0#0#
0#1#0#0#
0#0#1#0#
0#0#0#1#
2025-04-17T21:13:44.588463 [DEBUG] [15356]keyframe.hpp:50:KeyFrame > 0 tickStamp#0 pos#
0#0#0#
2025-04-17T21:13:44.588501 [DEBUG] [15356]keyframe.hpp:50:KeyFrame > 1 tickStamp#19 pos#
0#0#0#
2025-04-17T21:13:44.588527 [DEBUG] [15356]keyframe.hpp:63:KeyFrame > 0 tickStamp#0 ort#
-0.707107#0#0#0.707107#
2025-04-17T21:13:44.588545 [DEBUG] [15356]keyframe.hpp:63:KeyFrame > 1 tickStamp#19 ort#
-0.707107#0#0#0.707107#
2025-04-17T21:13:44.588566 [DEBUG] [15356]keyframe.hpp:77:KeyFrame > 0 tickStamp#0 scl#
1#1#1#
2025-04-17T21:13:44.588583 [DEBUG] [15356]keyframe.hpp:77:KeyFrame > 1 tickStamp#19 scl#
1#1#1#
2025-04-17T21:13:44.588617 [DEBUG] [15356]animation.hpp:56:readKeyFrames > 本动画所有有关骨骼名称#骨骼 id#0 offset#
1#0#0#0#
0#1#0#0#
0#0#1#0#
0#0#0#1#
2025-04-17T21:13:44.588655 [DEBUG] [15356]keyframe.hpp:50:KeyFrame > 0 tickStamp#0 pos#
0#0#0#
2025-04-17T21:13:44.588670 [DEBUG] [15356]keyframe.hpp:50:KeyFrame > 1 tickStamp#1 pos#
0#0#0#
2025-04-17T21:13:44.588683 [DEBUG] [15356]keyframe.hpp:50:KeyFrame > 2 tickStamp#2 pos#
0#0#0#
2025-04-17T21:13:44.588695 [DEBUG] [15356]keyframe.hpp:50:KeyFrame > 3 tickStamp#3 pos#
0#0#0#
2025-04-17T21:13:44.588712 [DEBUG] [15356]keyframe.hpp:50:KeyFrame > 4 tickStamp#4 pos#
0#0#0#
2025-04-17T21:13:44.588726 [DEBUG] [15356]keyframe.hpp:50:KeyFrame > 5 tickStamp#5 pos#
0#0#0#
2025-04-17T21:13:44.588739 [DEBUG] [15356]keyframe.hpp:50:KeyFrame > 6 tickStamp#6 pos#
0#0#0#
2025-04-17T21:13:44.588753 [DEBUG] [15356]keyframe.hpp:50:KeyFrame > 7 tickStamp#7 pos#
0#0#0#
2025-04-17T21:13:44.588765 [DEBUG] [15356]keyframe.hpp:50:KeyFrame > 8 tickStamp#8 pos#
0#0#0#
2025-04-17T21:13:44.588782 [DEBUG] [15356]keyframe.hpp:50:KeyFrame > 9 tickStamp#9 pos#
0#0#0#
2025-04-17T21:13:44.588796 [DEBUG] [15356]keyframe.hpp:50:KeyFrame > 10 tickStamp#10 pos#
0#0#0#
2025-04-17T21:13:44.588808 [DEBUG] [15356]keyframe.hpp:50:KeyFrame > 11 tickStamp#11 pos#
0#0#0#
2025-04-17T21:13:44.588832 [DEBUG] [15356]keyframe.hpp:50:KeyFrame > 12 tickStamp#12 pos#
0#0#0#
2025-04-17T21:13:44.588847 [DEBUG] [15356]keyframe.hpp:50:KeyFrame > 13 tickStamp#13 pos#
0#0#0#
2025-04-17T21:13:44.588861 [DEBUG] [15356]keyframe.hpp:50:KeyFrame > 14 tickStamp#14 pos#
0#0#0#
2025-04-17T21:13:44.588875 [DEBUG] [15356]keyframe.hpp:50:KeyFrame > 15 tickStamp#15 pos#
0#0#0#
2025-04-17T21:13:44.588889 [DEBUG] [15356]keyframe.hpp:50:KeyFrame > 16 tickStamp#16 pos#
0#0#0#
2025-04-17T21:13:44.588904 [DEBUG] [15356]keyframe.hpp:50:KeyFrame > 17 tickStamp#17 pos#
0#0#0#
2025-04-17T21:13:44.588917 [DEBUG] [15356]keyframe.hpp:50:KeyFrame > 18 tickStamp#18 pos#
0#0#0#
2025-04-17T21:13:44.588929 [DEBUG] [15356]keyframe.hpp:50:KeyFrame > 19 tickStamp#19 pos#
0#0#0#
2025-04-17T21:13:44.588947 [DEBUG] [15356]keyframe.hpp:63:KeyFrame > 0 tickStamp#0 ort#
0.707107#0#0#0.707107#
2025-04-17T21:13:44.588963 [DEBUG] [15356]keyframe.hpp:63:KeyFrame > 1 tickStamp#1 ort#
0.706895#-0.0173156#-0.0173156#0.706895#
2025-04-17T21:13:44.588979 [DEBUG] [15356]keyframe.hpp:63:KeyFrame > 2 tickStamp#2 ort#
0.70409#-0.0652425#-0.0652425#0.704091#
2025-04-17T21:13:44.588994 [DEBUG] [15356]keyframe.hpp:63:KeyFrame > 3 tickStamp#3 ort#
0.693589#-0.1376#-0.1376#0.693589#
2025-04-17T21:13:44.589010 [DEBUG] [15356]keyframe.hpp:63:KeyFrame > 4 tickStamp#4 ort#
0.670303#-0.225153#-0.225153#0.670303#
2025-04-17T21:13:44.589026 [DEBUG] [15356]keyframe.hpp:63:KeyFrame > 5 tickStamp#5 ort#
0.633183#-0.314769#-0.314769#0.633183#
2025-04-17T21:13:44.589040 [DEBUG] [15356]keyframe.hpp:63:KeyFrame > 6 tickStamp#6 ort#
0.58774#-0.393144#-0.393144#0.58774#
2025-04-17T21:13:44.589060 [DEBUG] [15356]keyframe.hpp:63:KeyFrame > 7 tickStamp#7 ort#
0.544001#-0.451734#-0.451734#0.544001#
2025-04-17T21:13:44.589075 [DEBUG] [15356]keyframe.hpp:63:KeyFrame > 8 tickStamp#8 ort#
0.512094#-0.487606#-0.487606#0.512094#
2025-04-17T21:13:44.589091 [DEBUG] [15356]keyframe.hpp:63:KeyFrame > 9 tickStamp#9 ort#
-0.5#0.5#0.5#-0.5#
2025-04-17T21:13:44.589107 [DEBUG] [15356]keyframe.hpp:63:KeyFrame > 10 tickStamp#10 ort#
0.51419#-0.485395#-0.485395#0.51419#
2025-04-17T21:13:44.589123 [DEBUG] [15356]keyframe.hpp:63:KeyFrame > 11 tickStamp#11 ort#
0.554314#-0.439017#-0.439017#0.554314#
2025-04-17T21:13:44.589138 [DEBUG] [15356]keyframe.hpp:63:KeyFrame > 12 tickStamp#12 ort#
0.614847#-0.349233#-0.349233#0.614847#
2025-04-17T21:13:44.589154 [DEBUG] [15356]keyframe.hpp:63:KeyFrame > 13 tickStamp#13 ort#
0.678027#-0.200696#-0.200696#0.678027#
2025-04-17T21:13:44.589172 [DEBUG] [15356]keyframe.hpp:63:KeyFrame > 14 tickStamp#14 ort#
0.707107#8.9407e-08#8.9407e-08#0.707107#
2025-04-17T21:13:44.589188 [DEBUG] [15356]keyframe.hpp:63:KeyFrame > 15 tickStamp#15 ort#
0.678027#0.200696#0.200696#0.678027#
2025-04-17T21:13:44.589204 [DEBUG] [15356]keyframe.hpp:63:KeyFrame > 16 tickStamp#16 ort#
0.614847#0.349233#0.349233#0.614847#
2025-04-17T21:13:44.589219 [DEBUG] [15356]keyframe.hpp:63:KeyFrame > 17 tickStamp#17 ort#
0.554314#0.439017#0.439017#0.554314#
2025-04-17T21:13:44.589235 [DEBUG] [15356]keyframe.hpp:63:KeyFrame > 18 tickStamp#18 ort#
0.51419#0.485395#0.485395#0.51419#
2025-04-17T21:13:44.589250 [DEBUG] [15356]keyframe.hpp:63:KeyFrame > 19 tickStamp#19 ort#
0.5#0.5#0.5#0.5#
2025-04-17T21:13:44.589267 [DEBUG] [15356]keyframe.hpp:77:KeyFrame > 0 tickStamp#0 scl#
1#1#1#
2025-04-17T21:13:44.589280 [DEBUG] [15356]keyframe.hpp:77:KeyFrame > 1 tickStamp#1 scl#
1#1#1#
2025-04-17T21:13:44.589296 [DEBUG] [15356]keyframe.hpp:77:KeyFrame > 2 tickStamp#2 scl#
1#1#1#
2025-04-17T21:13:44.589308 [DEBUG] [15356]keyframe.hpp:77:KeyFrame > 3 tickStamp#3 scl#
1#1#1#
2025-04-17T21:13:44.589321 [DEBUG] [15356]keyframe.hpp:77:KeyFrame > 4 tickStamp#4 scl#
1#1#1#
2025-04-17T21:13:44.589335 [DEBUG] [15356]keyframe.hpp:77:KeyFrame > 5 tickStamp#5 scl#
1#1#1#
2025-04-17T21:13:44.589372 [DEBUG] [15356]keyframe.hpp:77:KeyFrame > 6 tickStamp#6 scl#
1#1#1#
2025-04-17T21:13:44.589384 [DEBUG] [15356]keyframe.hpp:77:KeyFrame > 7 tickStamp#7 scl#
1#1#1#
2025-04-17T21:13:44.589401 [DEBUG] [15356]keyframe.hpp:77:KeyFrame > 8 tickStamp#8 scl#
1#1#1#
2025-04-17T21:13:44.589415 [DEBUG] [15356]keyframe.hpp:77:KeyFrame > 9 tickStamp#9 scl#
1#1#1#
2025-04-17T21:13:44.589430 [DEBUG] [15356]keyframe.hpp:77:KeyFrame > 10 tickStamp#10 scl#
1#1#1#
2025-04-17T21:13:44.589443 [DEBUG] [15356]keyframe.hpp:77:KeyFrame > 11 tickStamp#11 scl#
1#1#1#
2025-04-17T21:13:44.589456 [DEBUG] [15356]keyframe.hpp:77:KeyFrame > 12 tickStamp#12 scl#
1#1#1#
2025-04-17T21:13:44.589470 [DEBUG] [15356]keyframe.hpp:77:KeyFrame > 13 tickStamp#13 scl#
1#1#1#
2025-04-17T21:13:44.589485 [DEBUG] [15356]keyframe.hpp:77:KeyFrame > 14 tickStamp#14 scl#
1#1#1#
2025-04-17T21:13:44.589497 [DEBUG] [15356]keyframe.hpp:77:KeyFrame > 15 tickStamp#15 scl#
1#1#1#
2025-04-17T21:13:44.589511 [DEBUG] [15356]keyframe.hpp:77:KeyFrame > 16 tickStamp#16 scl#
1#1#1#
2025-04-17T21:13:44.589524 [DEBUG] [15356]keyframe.hpp:77:KeyFrame > 17 tickStamp#17 scl#
1#1#1#
2025-04-17T21:13:44.589539 [DEBUG] [15356]keyframe.hpp:77:KeyFrame > 18 tickStamp#18 scl#
1#1#1#
2025-04-17T21:13:44.589552 [DEBUG] [15356]keyframe.hpp:77:KeyFrame > 19 tickStamp#19 scl#
1#1#1#
2025-04-17T21:13:44.589607 [INFO ] [15356]animator.hpp:36:Animator > 骨架|Action
2025-04-17T21:13:44.589710 [INFO ] [15356]animator.hpp:58:setCurAnimation > Set animation: 骨架|Action, duration: 19, ticks/s: 24
2025-04-17T21:13:44.589735 [DEBUG] [15356]animator.hpp:82:calculateFinalTransform > 当前节点名称#骨骼
2025-04-17T21:13:44.589770 [DEBUG] [15356]keyframe.hpp:95:interpolate > 模型变换矩阵#
1#0#0#0#
0#1.78814e-07#-1#0#
0#1#1.78814e-07#0#
0#0#0#1#
2025-04-17T21:13:44.593157 [DEBUG] [15356]animator.hpp:82:calculateFinalTransform > 当前节点名称#骨骼
2025-04-17T21:13:44.593215 [DEBUG] [15356]keyframe.hpp:95:interpolate > 模型变换矩阵#
0.910348#1.93715e-07#-0.413845#0#
-0.413845#7.15256e-07#-0.910348#0#
1.93715e-07#1#7.15256e-07#0#
0#0#0#1#
2025-04-17T21:13:44.612331 [DEBUG] [15356]animator.hpp:82:calculateFinalTransform > 当前节点名称#骨骼
2025-04-17T21:13:44.612411 [DEBUG] [15356]keyframe.hpp:95:interpolate > 模型变换矩阵#
0.841782#-1.19209e-07#-0.539817#0#
-0.539817#-3.57628e-07#-0.841782#0#
-2.98023e-08#1#-3.57628e-07#0#
0#0#0#1#
2025-04-17T21:13:44.616932 [DEBUG] [15356]animator.hpp:82:calculateFinalTransform > 当前节点名称#骨骼
2025-04-17T21:13:44.617031 [DEBUG] [15356]keyframe.hpp:95:interpolate > 模型变换矩阵#
0.744563#2.98023e-08#-0.667552#0#
-0.667552#0#-0.744563#0#
-2.98023e-08#1#0#0#
0#0#0#1#
2025-04-17T21:13:44.652620 [DEBUG] [15356]animator.hpp:82:calculateFinalTransform > 当前节点名称#骨骼
2025-04-17T21:13:44.652866 [DEBUG] [15356]keyframe.hpp:95:interpolate > 模型变换矩阵#
0.719946#-5.96046e-08#-0.69403#0#
-0.69403#0#-0.719946#0#
5.96046e-08#1#-1.19209e-07#0#
0#0#0#1#
2025-04-17T21:13:44.666857 [DEBUG] [15356]animator.hpp:82:calculateFinalTransform > 当前节点名称#骨骼
2025-04-17T21:13:44.667195 [DEBUG] [15356]keyframe.hpp:95:interpolate > 模型变换矩阵#
0.543108#-1.19209e-07#-0.839663#0#
-0.839663#0#-0.543109#0#
1.19209e-07#1#-1.19209e-07#0#
0#0#0#1#
2025-04-17T21:13:44.695094 [DEBUG] [15356]animator.hpp:82:calculateFinalTransform > 当前节点名称#骨骼
2025-04-17T21:13:44.695169 [DEBUG] [15356]keyframe.hpp:95:interpolate > 模型变换矩阵#
0.467644#-1.19209e-07#-0.883917#0#
-0.883917#-2.38419e-07#-0.467644#0#
2.98023e-08#1#-2.38419e-07#0#
0#0#0#1#
2025-04-17T21:13:44.712650 [DEBUG] [15356]animator.hpp:82:calculateFinalTransform > 当前节点名称#骨骼
2025-04-17T21:13:44.712744 [DEBUG] [15356]keyframe.hpp:95:interpolate > 模型变换矩阵#
0.321871#0#-0.946784#0#
-0.946784#-1.19209e-07#-0.321871#0#
0#1#-1.19209e-07#0#
0#0#0#1#
2025-04-17T21:13:44.729380 [DEBUG] [15356]animator.hpp:82:calculateFinalTransform > 当前节点名称#骨骼
2025-04-17T21:13:44.729492 [DEBUG] [15356]keyframe.hpp:95:interpolate > 模型变换矩阵#
0.238257#-5.96046e-08#-0.971202#0#
-0.971202#0#-0.238257#0#
-5.96046e-08#1#0#0#
0#0#0#1#
2025-04-17T21:13:44.745334 [DEBUG] [15356]animator.hpp:82:calculateFinalTransform > 当前节点名称#骨骼
2025-04-17T21:13:44.745442 [DEBUG] [15356]keyframe.hpp:95:interpolate > 模型变换矩阵#
0.166122#5.96046e-08#-0.986105#0#
-0.986105#1.19209e-07#-0.166122#0#
5.96046e-08#1#1.19209e-07#0#
0#0#0#1#
2025-04-17T21:13:44.760553 [DEBUG] [15356]animator.hpp:82:calculateFinalTransform > 当前节点名称#骨骼
2025-04-17T21:13:44.760661 [DEBUG] [15356]keyframe.hpp:95:interpolate > 模型变换矩阵#
0.114624#5.96046e-08#-0.993409#0#
-0.993409#0#-0.114624#0#
5.96046e-08#1#0#0#
0#0#0#1#
2025-04-17T21:13:44.777276 [DEBUG] [15356]animator.hpp:82:calculateFinalTransform > 当前节点名称#骨骼
2025-04-17T21:13:44.777418 [DEBUG] [15356]keyframe.hpp:95:interpolate > 模型变换矩阵#
0.0652339#0#-0.99787#0#
-0.99787#0#-0.0652341#0#
1.19209e-07#1#-1.19209e-07#0#
0#0#0#1#
2025-04-17T21:13:44.794105 [DEBUG] [15356]animator.hpp:82:calculateFinalTransform > 当前节点名称#骨骼
2025-04-17T21:13:44.794285 [DEBUG] [15356]keyframe.hpp:95:interpolate > 模型变换矩阵#
0.0351976#1.19209e-07#-0.99938#0#
-0.999381#0#-0.0351977#0#
1.19209e-07#1#0#0#
0#0#0#1#
2025-04-17T21:13:44.810926 [DEBUG] [15356]animator.hpp:82:calculateFinalTransform > 当前节点名称#骨骼
2025-04-17T21:13:44.811125 [DEBUG] [15356]keyframe.hpp:95:interpolate > 模型变换矩阵#
0.0154388#0#-0.999881#0#
-0.999881#0#-0.0154388#0#
0#1#0#0#
0#0#0#1#
2025-04-17T21:13:44.827206 [DEBUG] [15356]animator.hpp:82:calculateFinalTransform > 当前节点名称#骨骼
2025-04-17T21:13:44.827364 [DEBUG] [15356]keyframe.hpp:95:interpolate > 模型变换矩阵#
0.00509989#2.98023e-08#-0.999987#0#
-0.999987#-1.19209e-07#-0.00509995#0#
-2.98023e-08#1#0#0#
0#0#0#1#
2025-04-17T21:13:44.844225 [DEBUG] [15356]animator.hpp:82:calculateFinalTransform > 当前节点名称#骨骼
2025-04-17T21:13:44.844435 [DEBUG] [15356]keyframe.hpp:95:interpolate > 模型变换矩阵#
0.0276194#-1.19209e-07#-0.999618#0#
-0.999618#-1.19209e-07#-0.0276194#0#
-1.19209e-07#1#-1.19209e-07#0#
0#0#0#1#
2025-04-17T21:13:44.860312 [DEBUG] [15356]animator.hpp:82:calculateFinalTransform > 当前节点名称#骨骼
2025-04-17T21:13:44.860492 [DEBUG] [15356]keyframe.hpp:95:interpolate > 模型变换矩阵#
0.0510836#-8.9407e-08#-0.998694#0#
-0.998695#-3.57628e-07#-0.0510837#0#
-2.38419e-07#1#-2.38419e-07#0#
0#0#0#1#
2025-04-17T21:13:44.877028 [DEBUG] [15356]animator.hpp:82:calculateFinalTransform > 当前节点名称#骨骼
2025-04-17T21:13:44.877109 [DEBUG] [15356]keyframe.hpp:95:interpolate > 模型变换矩阵#
0.104994#2.98023e-08#-0.994473#0#
-0.994473#-2.38419e-07#-0.104995#0#
-1.19209e-07#1#-1.19209e-07#0#
0#0#0#1#
2025-04-17T21:13:44.895018 [DEBUG] [15356]animator.hpp:82:calculateFinalTransform > 当前节点名称#骨骼
2025-04-17T21:13:44.895175 [DEBUG] [15356]keyframe.hpp:95:interpolate > 模型变换矩阵#
0.17394#2.68221e-07#-0.984756#0#
-0.984756#0#-0.17394#0#
8.9407e-08#1#2.38419e-07#0#
0#0#0#1#
2025-04-17T21:13:44.911607 [DEBUG] [15356]animator.hpp:82:calculateFinalTransform > 当前节点名称#骨骼
2025-04-17T21:13:44.911836 [DEBUG] [15356]keyframe.hpp:95:interpolate > 模型变换矩阵#
0.260762#3.27826e-07#-0.965403#0#
-0.965403#0#-0.260762#0#
8.9407e-08#1#2.38419e-07#0#
0#0#0#1#
2025-04-17T21:13:44.928210 [DEBUG] [15356]animator.hpp:82:calculateFinalTransform > 当前节点名称#骨骼
2025-04-17T21:13:44.928461 [DEBUG] [15356]keyframe.hpp:95:interpolate > 模型变换矩阵#
0.376148#2.68221e-07#-0.926559#0#
-0.92656#0#-0.376148#0#
0#1#1.78814e-07#0#
0#0#0#1#
2025-04-17T21:13:44.944280 [DEBUG] [15356]animator.hpp:82:calculateFinalTransform > 当前节点名称#骨骼
2025-04-17T21:13:44.944503 [DEBUG] [15356]keyframe.hpp:95:interpolate > 模型变换矩阵#
0.486471#2.98023e-07#-0.873697#0#
-0.873697#0#-0.486471#0#
0#1#2.38419e-07#0#
0#0#0#1#
2025-04-17T21:13:44.961394 [DEBUG] [15356]animator.hpp:82:calculateFinalTransform > 当前节点名称#骨骼
2025-04-17T21:13:44.961626 [DEBUG] [15356]keyframe.hpp:95:interpolate > 模型变换矩阵#
0.62099#1.49012e-07#-0.783818#0#
-0.783818#5.96046e-08#-0.62099#0#
-8.9407e-08#1#1.78814e-07#0#
0#0#0#1#
2025-04-17T21:13:44.977694 [DEBUG] [15356]animator.hpp:82:calculateFinalTransform > 当前节点名称#骨骼
2025-04-17T21:13:44.977884 [DEBUG] [15356]keyframe.hpp:95:interpolate > 模型变换矩阵#
0.756401#1.19209e-07#-0.654109#0#
-0.654109#0#-0.756401#0#
-1.19209e-07#1#0#0#
0#0#0#1#
2025-04-17T21:13:44.994208 [DEBUG] [15356]animator.hpp:82:calculateFinalTransform > 当前节点名称#骨骼
2025-04-17T21:13:44.994473 [DEBUG] [15356]keyframe.hpp:95:interpolate > 模型变换矩阵#
0.866128#2.98023e-08#-0.499821#0#
-0.499821#-1.19209e-07#-0.866129#0#
-2.98023e-08#1#-1.19209e-07#0#
0#0#0#1#
2025-04-17T21:13:45.011337 [DEBUG] [15356]animator.hpp:82:calculateFinalTransform > 当前节点名称#骨骼
2025-04-17T21:13:45.011584 [DEBUG] [15356]keyframe.hpp:95:interpolate > 模型变换矩阵#
0.956801#4.47035e-08#-0.290743#0#
-0.290743#1.19209e-07#-0.956801#0#
0#1#1.19209e-07#0#
0#0#0#1#
2025-04-17T21:13:45.027507 [DEBUG] [15356]animator.hpp:82:calculateFinalTransform > 当前节点名称#骨骼
2025-04-17T21:13:45.027690 [DEBUG] [15356]keyframe.hpp:95:interpolate > 模型变换矩阵#
0.998291#1.30385e-08#-0.0584411#0#
-0.0584411#5.96046e-08#-0.998291#0#
1.86264e-09#1#5.96046e-08#0#
0#0#0#1#
2025-04-17T21:13:45.044103 [DEBUG] [15356]animator.hpp:82:calculateFinalTransform > 当前节点名称#骨骼
2025-04-17T21:13:45.044311 [DEBUG] [15356]keyframe.hpp:95:interpolate > 模型变换矩阵#
0.986413#-4.47035e-08#0.164283#0#
0.164283#1.78814e-07#-0.986413#0#
0#1#1.78814e-07#0#
0#0#0#1#
2025-04-17T21:13:45.060712 [DEBUG] [15356]animator.hpp:82:calculateFinalTransform > 当前节点名称#骨骼
2025-04-17T21:13:45.060887 [DEBUG] [15356]keyframe.hpp:95:interpolate > 模型变换矩阵#
0.923281#-7.45058e-08#0.384125#0#
0.384125#1.19209e-07#-0.923281#0#
0#1#1.19209e-07#0#
0#0#0#1#
2025-04-17T21:13:45.078577 [DEBUG] [15356]animator.hpp:82:calculateFinalTransform > 当前节点名称#骨骼
2025-04-17T21:13:45.078725 [DEBUG] [15356]keyframe.hpp:95:interpolate > 模型变换矩阵#
0.81746#-1.19209e-07#0.575985#0#
0.575985#5.96046e-08#-0.81746#0#
5.96046e-08#1#5.96046e-08#0#
0#0#0#1#
2025-04-17T21:13:45.093556 [DEBUG] [15356]animator.hpp:82:calculateFinalTransform > 当前节点名称#骨骼
2025-04-17T21:13:45.093648 [DEBUG] [15356]keyframe.hpp:95:interpolate > 模型变换矩阵#
0.689447#-1.19209e-07#0.724336#0#
0.724336#0#-0.689447#0#
5.96046e-08#1#0#0#
0#0#0#1#
2025-04-17T21:13:45.111123 [DEBUG] [15356]animator.hpp:82:calculateFinalTransform > 当前节点名称#骨骼
2025-04-17T21:13:45.111290 [DEBUG] [15356]keyframe.hpp:95:interpolate > 模型变换矩阵#
0.561429#-2.08616e-07#0.827525#0#
0.827525#-1.19209e-07#-0.561429#0#
8.9407e-08#1#5.96046e-08#0#
0#0#0#1#
2025-04-17T21:13:45.127297 [DEBUG] [15356]animator.hpp:82:calculateFinalTransform > 当前节点名称#骨骼
2025-04-17T21:13:45.127504 [DEBUG] [15356]keyframe.hpp:95:interpolate > 模型变换矩阵#
0.432882#-2.68221e-07#0.901451#0#
0.901451#-1.19209e-07#-0.432882#0#
2.98023e-08#1#5.96046e-08#0#
0#0#0#1#
2025-04-17T21:13:45.143896 [DEBUG] [15356]animator.hpp:82:calculateFinalTransform > 当前节点名称#骨骼
2025-04-17T21:13:45.144051 [DEBUG] [15356]keyframe.hpp:95:interpolate > 模型变换矩阵#
0.322855#-2.98023e-07#0.946448#0#
0.946449#2.38419e-07#-0.322855#0#
-8.9407e-08#1#3.57628e-07#0#
0#0#0#1#
2025-04-17T21:13:45.160405 [DEBUG] [15356]animator.hpp:82:calculateFinalTransform > 当前节点名称#骨骼
2025-04-17T21:13:45.160572 [DEBUG] [15356]keyframe.hpp:95:interpolate > 模型变换矩阵#
0.215534#-3.57628e-07#0.976496#0#
0.976496#1.19209e-07#-0.215534#0#
-1.49012e-07#1#2.38419e-07#0#
0#0#0#1#
2025-04-17T21:13:45.177002 [DEBUG] [15356]animator.hpp:82:calculateFinalTransform > 当前节点名称#骨骼
2025-04-17T21:13:45.177105 [DEBUG] [15356]keyframe.hpp:95:interpolate > 模型变换矩阵#
0.147983#-1.19209e-07#0.98899#0#
0.98899#-1.19209e-07#-0.147983#0#
0#1#0#0#
0#0#0#1#
2025-04-17T21:13:45.193521 [DEBUG] [15356]animator.hpp:82:calculateFinalTransform > 当前节点名称#骨骼
2025-04-17T21:13:45.193610 [DEBUG] [15356]keyframe.hpp:95:interpolate > 模型变换矩阵#
0.0792152#0#0.996858#0#
0.996858#-2.38419e-07#-0.0792153#0#
2.08616e-07#1#-1.19209e-07#0#
0#0#0#1#
2025-04-17T21:13:45.209742 [DEBUG] [15356]animator.hpp:82:calculateFinalTransform > 当前节点名称#骨骼
2025-04-17T21:13:45.209834 [DEBUG] [15356]keyframe.hpp:95:interpolate > 模型变换矩阵#
0.0419493#5.96046e-08#0.99912#0#
0.99912#-2.38419e-07#-0.0419493#0#
1.78814e-07#1#-1.19209e-07#0#
0#0#0#1#
2025-04-17T21:13:45.227141 [DEBUG] [15356]animator.hpp:82:calculateFinalTransform > 当前节点名称#骨骼
2025-04-17T21:13:45.227304 [DEBUG] [15356]keyframe.hpp:95:interpolate > 模型变换矩阵#
0.0195399#-5.96046e-08#0.999809#0#
0.999809#-2.38419e-07#-0.01954#0#
1.78814e-07#1#0#0#
0#0#0#1#
