2025-04-17T22:06:36.635652 [DEBUG] [17650]model.hpp:155:processVertices > mesh预加载骨骼名称#骨骼 id#0 offset#
1#0#0#0#
0#1#0#0#
0#0#1#0#
0#0#0#1#
2025-04-17T22:06:36.640051 [DEBUG] [17650]model.hpp:155:processVertices > mesh预加载骨骼名称#骨骼 id#0 offset#
1#0#0#0#
0#1#-4.37114e-08#0#
0#4.37114e-08#1#0#
0#0#0#1#
2025-04-17T22:06:36.642794 [DEBUG] [17650]animation.hpp:56:readKeyFrames > 本动画所有有关骨骼名称#骨架 id#1 offset#
1#0#0#0#
0#1#0#0#
0#0#1#0#
0#0#0#1#
2025-04-17T22:06:36.642855 [DEBUG] [17650]keyframe.hpp:50:KeyFrame > 0 tickStamp#0 pos#
0#0#0#
2025-04-17T22:06:36.642894 [DEBUG] [17650]keyframe.hpp:50:KeyFrame > 1 tickStamp#19 pos#
0#0#0#
2025-04-17T22:06:36.642913 [DEBUG] [17650]keyframe.hpp:63:KeyFrame > 0 tickStamp#0 ort#
-0.707107#0#0#0.707107#
2025-04-17T22:06:36.642936 [DEBUG] [17650]keyframe.hpp:63:KeyFrame > 1 tickStamp#19 ort#
-0.707107#0#0#0.707107#
2025-04-17T22:06:36.642981 [DEBUG] [17650]keyframe.hpp:77:KeyFrame > 0 tickStamp#0 scl#
1#1#1#
2025-04-17T22:06:36.643008 [DEBUG] [17650]keyframe.hpp:77:KeyFrame > 1 tickStamp#19 scl#
1#1#1#
2025-04-17T22:06:36.643041 [DEBUG] [17650]animation.hpp:56:readKeyFrames > 本动画所有有关骨骼名称#骨骼 id#0 offset#
1#0#0#0#
0#1#0#0#
0#0#1#0#
0#0#0#1#
2025-04-17T22:06:36.643104 [DEBUG] [17650]keyframe.hpp:50:KeyFrame > 0 tickStamp#0 pos#
0#0#0#
2025-04-17T22:06:36.643122 [DEBUG] [17650]keyframe.hpp:50:KeyFrame > 1 tickStamp#1 pos#
0#0#0#
2025-04-17T22:06:36.643136 [DEBUG] [17650]keyframe.hpp:50:KeyFrame > 2 tickStamp#2 pos#
0#0#0#
2025-04-17T22:06:36.643162 [DEBUG] [17650]keyframe.hpp:50:KeyFrame > 3 tickStamp#3 pos#
0#0#0#
2025-04-17T22:06:36.643174 [DEBUG] [17650]keyframe.hpp:50:KeyFrame > 4 tickStamp#4 pos#
0#0#0#
2025-04-17T22:06:36.643204 [DEBUG] [17650]keyframe.hpp:50:KeyFrame > 5 tickStamp#5 pos#
0#0#0#
2025-04-17T22:06:36.643224 [DEBUG] [17650]keyframe.hpp:50:KeyFrame > 6 tickStamp#6 pos#
0#0#0#
2025-04-17T22:06:36.643240 [DEBUG] [17650]keyframe.hpp:50:KeyFrame > 7 tickStamp#7 pos#
0#0#0#
2025-04-17T22:06:36.643255 [DEBUG] [17650]keyframe.hpp:50:KeyFrame > 8 tickStamp#8 pos#
0#0#0#
2025-04-17T22:06:36.643271 [DEBUG] [17650]keyframe.hpp:50:KeyFrame > 9 tickStamp#9 pos#
0#0#0#
2025-04-17T22:06:36.643284 [DEBUG] [17650]keyframe.hpp:50:KeyFrame > 10 tickStamp#10 pos#
0#0#0#
2025-04-17T22:06:36.643305 [DEBUG] [17650]keyframe.hpp:50:KeyFrame > 11 tickStamp#11 pos#
0#0#0#
2025-04-17T22:06:36.643323 [DEBUG] [17650]keyframe.hpp:50:KeyFrame > 12 tickStamp#12 pos#
0#0#0#
2025-04-17T22:06:36.643338 [DEBUG] [17650]keyframe.hpp:50:KeyFrame > 13 tickStamp#13 pos#
0#0#0#
2025-04-17T22:06:36.643355 [DEBUG] [17650]keyframe.hpp:50:KeyFrame > 14 tickStamp#14 pos#
0#0#0#
2025-04-17T22:06:36.643379 [DEBUG] [17650]keyframe.hpp:50:KeyFrame > 15 tickStamp#15 pos#
0#0#0#
2025-04-17T22:06:36.643393 [DEBUG] [17650]keyframe.hpp:50:KeyFrame > 16 tickStamp#16 pos#
0#0#0#
2025-04-17T22:06:36.643410 [DEBUG] [17650]keyframe.hpp:50:KeyFrame > 17 tickStamp#17 pos#
0#0#0#
2025-04-17T22:06:36.643423 [DEBUG] [17650]keyframe.hpp:50:KeyFrame > 18 tickStamp#18 pos#
0#0#0#
2025-04-17T22:06:36.643444 [DEBUG] [17650]keyframe.hpp:50:KeyFrame > 19 tickStamp#19 pos#
0#0#0#
2025-04-17T22:06:36.643459 [DEBUG] [17650]keyframe.hpp:63:KeyFrame > 0 tickStamp#0 ort#
0.707107#0#0#0.707107#
2025-04-17T22:06:36.643479 [DEBUG] [17650]keyframe.hpp:63:KeyFrame > 1 tickStamp#1 ort#
0.706895#-0.0173156#-0.0173156#0.706895#
2025-04-17T22:06:36.643518 [DEBUG] [17650]keyframe.hpp:63:KeyFrame > 2 tickStamp#2 ort#
0.70409#-0.0652425#-0.0652425#0.704091#
2025-04-17T22:06:36.643537 [DEBUG] [17650]keyframe.hpp:63:KeyFrame > 3 tickStamp#3 ort#
0.693589#-0.1376#-0.1376#0.693589#
2025-04-17T22:06:36.643553 [DEBUG] [17650]keyframe.hpp:63:KeyFrame > 4 tickStamp#4 ort#
0.670303#-0.225153#-0.225153#0.670303#
2025-04-17T22:06:36.643568 [DEBUG] [17650]keyframe.hpp:63:KeyFrame > 5 tickStamp#5 ort#
0.633183#-0.314769#-0.314769#0.633183#
2025-04-17T22:06:36.643586 [DEBUG] [17650]keyframe.hpp:63:KeyFrame > 6 tickStamp#6 ort#
0.58774#-0.393144#-0.393144#0.58774#
2025-04-17T22:06:36.643602 [DEBUG] [17650]keyframe.hpp:63:KeyFrame > 7 tickStamp#7 ort#
0.544001#-0.451734#-0.451734#0.544001#
2025-04-17T22:06:36.643618 [DEBUG] [17650]keyframe.hpp:63:KeyFrame > 8 tickStamp#8 ort#
0.512094#-0.487606#-0.487606#0.512094#
2025-04-17T22:06:36.643636 [DEBUG] [17650]keyframe.hpp:63:KeyFrame > 9 tickStamp#9 ort#
-0.5#0.5#0.5#-0.5#
2025-04-17T22:06:36.643651 [DEBUG] [17650]keyframe.hpp:63:KeyFrame > 10 tickStamp#10 ort#
0.51419#-0.485395#-0.485395#0.51419#
2025-04-17T22:06:36.643670 [DEBUG] [17650]keyframe.hpp:63:KeyFrame > 11 tickStamp#11 ort#
0.554314#-0.439017#-0.439017#0.554314#
2025-04-17T22:06:36.643684 [DEBUG] [17650]keyframe.hpp:63:KeyFrame > 12 tickStamp#12 ort#
0.614847#-0.349233#-0.349233#0.614847#
2025-04-17T22:06:36.643700 [DEBUG] [17650]keyframe.hpp:63:KeyFrame > 13 tickStamp#13 ort#
0.678027#-0.200696#-0.200696#0.678027#
2025-04-17T22:06:36.643716 [DEBUG] [17650]keyframe.hpp:63:KeyFrame > 14 tickStamp#14 ort#
0.707107#8.9407e-08#8.9407e-08#0.707107#
2025-04-17T22:06:36.643734 [DEBUG] [17650]keyframe.hpp:63:KeyFrame > 15 tickStamp#15 ort#
0.678027#0.200696#0.200696#0.678027#
2025-04-17T22:06:36.643751 [DEBUG] [17650]keyframe.hpp:63:KeyFrame > 16 tickStamp#16 ort#
0.614847#0.349233#0.349233#0.614847#
2025-04-17T22:06:36.643775 [DEBUG] [17650]keyframe.hpp:63:KeyFrame > 17 tickStamp#17 ort#
0.554314#0.439017#0.439017#0.554314#
2025-04-17T22:06:36.643792 [DEBUG] [17650]keyframe.hpp:63:KeyFrame > 18 tickStamp#18 ort#
0.51419#0.485395#0.485395#0.51419#
2025-04-17T22:06:36.643809 [DEBUG] [17650]keyframe.hpp:63:KeyFrame > 19 tickStamp#19 ort#
0.5#0.5#0.5#0.5#
2025-04-17T22:06:36.643826 [DEBUG] [17650]keyframe.hpp:77:KeyFrame > 0 tickStamp#0 scl#
1#1#1#
2025-04-17T22:06:36.643842 [DEBUG] [17650]keyframe.hpp:77:KeyFrame > 1 tickStamp#1 scl#
1#1#1#
2025-04-17T22:06:36.643859 [DEBUG] [17650]keyframe.hpp:77:KeyFrame > 2 tickStamp#2 scl#
1#1#1#
2025-04-17T22:06:36.643875 [DEBUG] [17650]keyframe.hpp:77:KeyFrame > 3 tickStamp#3 scl#
1#1#1#
2025-04-17T22:06:36.643888 [DEBUG] [17650]keyframe.hpp:77:KeyFrame > 4 tickStamp#4 scl#
1#1#1#
2025-04-17T22:06:36.643903 [DEBUG] [17650]keyframe.hpp:77:KeyFrame > 5 tickStamp#5 scl#
1#1#1#
2025-04-17T22:06:36.643916 [DEBUG] [17650]keyframe.hpp:77:KeyFrame > 6 tickStamp#6 scl#
1#1#1#
2025-04-17T22:06:36.643930 [DEBUG] [17650]keyframe.hpp:77:KeyFrame > 7 tickStamp#7 scl#
1#1#1#
2025-04-17T22:06:36.643943 [DEBUG] [17650]keyframe.hpp:77:KeyFrame > 8 tickStamp#8 scl#
1#1#1#
2025-04-17T22:06:36.643957 [DEBUG] [17650]keyframe.hpp:77:KeyFrame > 9 tickStamp#9 scl#
1#1#1#
2025-04-17T22:06:36.643971 [DEBUG] [17650]keyframe.hpp:77:KeyFrame > 10 tickStamp#10 scl#
1#1#1#
2025-04-17T22:06:36.643988 [DEBUG] [17650]keyframe.hpp:77:KeyFrame > 11 tickStamp#11 scl#
1#1#1#
2025-04-17T22:06:36.644003 [DEBUG] [17650]keyframe.hpp:77:KeyFrame > 12 tickStamp#12 scl#
1#1#1#
2025-04-17T22:06:36.644017 [DEBUG] [17650]keyframe.hpp:77:KeyFrame > 13 tickStamp#13 scl#
1#1#1#
2025-04-17T22:06:36.644030 [DEBUG] [17650]keyframe.hpp:77:KeyFrame > 14 tickStamp#14 scl#
1#1#1#
2025-04-17T22:06:36.644047 [DEBUG] [17650]keyframe.hpp:77:KeyFrame > 15 tickStamp#15 scl#
1#1#1#
2025-04-17T22:06:36.644060 [DEBUG] [17650]keyframe.hpp:77:KeyFrame > 16 tickStamp#16 scl#
1#1#1#
2025-04-17T22:06:36.644073 [DEBUG] [17650]keyframe.hpp:77:KeyFrame > 17 tickStamp#17 scl#
1#1#1#
2025-04-17T22:06:36.644089 [DEBUG] [17650]keyframe.hpp:77:KeyFrame > 18 tickStamp#18 scl#
1#1#1#
2025-04-17T22:06:36.644103 [DEBUG] [17650]keyframe.hpp:77:KeyFrame > 19 tickStamp#19 scl#
1#1#1#
2025-04-17T22:06:36.644153 [INFO ] [17650]animator.hpp:36:Animator > 骨架|Action
2025-04-17T22:06:36.644259 [INFO ] [17650]animator.hpp:58:setCurAnimation > Set animation: 骨架|Action, duration: 19, ticks/s: 24
2025-04-17T22:06:36.644282 [DEBUG] [17650]animator.hpp:82:calculateFinalTransform > 当前节点名称#骨骼
2025-04-17T22:06:36.644318 [DEBUG] [17650]keyframe.hpp:95:interpolate > 模型变换矩阵#
1#0#0#0#
0#1.78814e-07#-1#0#
0#1#1.78814e-07#0#
0#0#0#1#
2025-04-17T22:06:36.647778 [DEBUG] [17650]animator.hpp:82:calculateFinalTransform > 当前节点名称#骨骼
2025-04-17T22:06:36.647837 [DEBUG] [17650]keyframe.hpp:95:interpolate > 模型变换矩阵#
0.910537#1.19209e-07#-0.413427#0#
-0.413427#5.96046e-07#-0.910537#0#
1.19209e-07#1#5.96046e-07#0#
0#0#0#1#
2025-04-17T22:06:36.666772 [DEBUG] [17650]animator.hpp:82:calculateFinalTransform > 当前节点名称#骨骼
2025-04-17T22:06:36.666838 [DEBUG] [17650]keyframe.hpp:95:interpolate > 模型变换矩阵#
0.841969#-5.96046e-08#-0.539526#0#
-0.539526#0#-0.841969#0#
0#1#0#0#
0#0#0#1#
2025-04-17T22:06:36.671833 [DEBUG] [17650]animator.hpp:82:calculateFinalTransform > 当前节点名称#骨骼
2025-04-17T22:06:36.671904 [DEBUG] [17650]keyframe.hpp:95:interpolate > 模型变换矩阵#
0.745574#0#-0.666423#0#
-0.666423#-1.19209e-07#-0.745574#0#
0#1#-1.19209e-07#0#
0#0#0#1#
2025-04-17T22:06:36.708152 [DEBUG] [17650]animator.hpp:82:calculateFinalTransform > 当前节点名称#骨骼
2025-04-17T22:06:36.708317 [DEBUG] [17650]keyframe.hpp:95:interpolate > 模型变换矩阵#
0.718941#-1.19209e-07#-0.695071#0#
-0.695071#0#-0.718941#0#
2.98023e-08#1#0#0#
0#0#0#1#
2025-04-17T22:06:36.721630 [DEBUG] [17650]animator.hpp:82:calculateFinalTransform > 当前节点名称#骨骼
2025-04-17T22:06:36.721773 [DEBUG] [17650]keyframe.hpp:95:interpolate > 模型变换矩阵#
0.538559#-1.49012e-07#-0.842588#0#
-0.842588#-1.19209e-07#-0.538559#0#
5.96046e-08#1#-2.38419e-07#0#
0#0#0#1#
2025-04-17T22:06:36.749395 [DEBUG] [17650]animator.hpp:82:calculateFinalTransform > 当前节点名称#骨骼
2025-04-17T22:06:36.749477 [DEBUG] [17650]keyframe.hpp:95:interpolate > 模型变换矩阵#
0.46694#-5.96046e-08#-0.884289#0#
-0.884289#-1.19209e-07#-0.46694#0#
-5.96046e-08#1#-1.19209e-07#0#
0#0#0#1#
2025-04-17T22:06:36.765750 [DEBUG] [17650]animator.hpp:82:calculateFinalTransform > 当前节点名称#骨骼
2025-04-17T22:06:36.765822 [DEBUG] [17650]keyframe.hpp:95:interpolate > 模型变换矩阵#
0.323706#-5.96046e-08#-0.946158#0#
-0.946158#-1.19209e-07#-0.323706#0#
-5.96046e-08#1#-1.19209e-07#0#
0#0#0#1#
2025-04-17T22:06:36.782385 [DEBUG] [17650]animator.hpp:82:calculateFinalTransform > 当前节点名称#骨骼
2025-04-17T22:06:36.782465 [DEBUG] [17650]keyframe.hpp:95:interpolate > 模型变换矩阵#
0.245891#0#-0.969298#0#
-0.969298#0#-0.245891#0#
0#1#0#0#
0#0#0#1#
2025-04-17T22:06:36.798698 [DEBUG] [17650]animator.hpp:82:calculateFinalTransform > 当前节点名称#骨骼
2025-04-17T22:06:36.798777 [DEBUG] [17650]keyframe.hpp:95:interpolate > 模型变换矩阵#
0.171518#0#-0.985181#0#
-0.985181#0#-0.171518#0#
0#1#0#0#
0#0#0#1#
2025-04-17T22:06:36.814052 [DEBUG] [17650]animator.hpp:82:calculateFinalTransform > 当前节点名称#骨骼
2025-04-17T22:06:36.814145 [DEBUG] [17650]keyframe.hpp:95:interpolate > 模型变换矩阵#
0.118914#0#-0.992905#0#
-0.992905#0#-0.118914#0#
1.19209e-07#1#0#0#
0#0#0#1#
2025-04-17T22:06:36.830745 [DEBUG] [17650]animator.hpp:82:calculateFinalTransform > 当前节点名称#骨骼
2025-04-17T22:06:36.830856 [DEBUG] [17650]keyframe.hpp:95:interpolate > 模型变换矩阵#
0.069118#5.96046e-08#-0.997608#0#
-0.997608#2.38419e-07#-0.0691179#0#
1.78814e-07#1#1.19209e-07#0#
0#0#0#1#
2025-04-17T22:06:36.847393 [DEBUG] [17650]animator.hpp:82:calculateFinalTransform > 当前节点名称#骨骼
2025-04-17T22:06:36.847501 [DEBUG] [17650]keyframe.hpp:95:interpolate > 模型变换矩阵#
0.0366539#0#-0.999328#0#
-0.999328#0#-0.0366541#0#
1.19209e-07#1#-1.19209e-07#0#
0#0#0#1#
2025-04-17T22:06:36.864147 [DEBUG] [17650]animator.hpp:82:calculateFinalTransform > 当前节点名称#骨骼
2025-04-17T22:06:36.864283 [DEBUG] [17650]keyframe.hpp:95:interpolate > 模型变换矩阵#
0.0170742#5.96046e-08#-0.999854#0#
-0.999854#0#-0.0170742#0#
5.96046e-08#1#0#0#
0#0#0#1#
2025-04-17T22:06:36.880946 [DEBUG] [17650]animator.hpp:82:calculateFinalTransform > 当前节点名称#骨骼
2025-04-17T22:06:36.881091 [DEBUG] [17650]keyframe.hpp:95:interpolate > 模型变换矩阵#
0.00306857#0#-0.999995#0#
-0.999995#0#-0.00306863#0#
0#1#0#0#
0#0#0#1#
2025-04-17T22:06:36.897975 [DEBUG] [17650]animator.hpp:82:calculateFinalTransform > 当前节点名称#骨骼
2025-04-17T22:06:36.898147 [DEBUG] [17650]keyframe.hpp:95:interpolate > 模型变换矩阵#
0.0262914#-5.96046e-08#-0.999654#0#
-0.999654#0#-0.0262914#0#
-5.96046e-08#1#0#0#
0#0#0#1#
2025-04-17T22:06:36.914707 [DEBUG] [17650]animator.hpp:82:calculateFinalTransform > 当前节点名称#骨骼
2025-04-17T22:06:36.914949 [DEBUG] [17650]keyframe.hpp:95:interpolate > 模型变换矩阵#
0.049814#-1.19209e-07#-0.998759#0#
-0.998759#-2.38419e-07#-0.0498141#0#
-2.38419e-07#1#-2.38419e-07#0#
0#0#0#1#
2025-04-17T22:06:36.930381 [DEBUG] [17650]animator.hpp:82:calculateFinalTransform > 当前节点名称#骨骼
2025-04-17T22:06:36.930462 [DEBUG] [17650]keyframe.hpp:95:interpolate > 模型变换矩阵#
0.103474#2.98023e-08#-0.994632#0#
-0.994632#-2.38419e-07#-0.103474#0#
-1.49012e-07#1#0#0#
0#0#0#1#
2025-04-17T22:06:36.947218 [DEBUG] [17650]animator.hpp:82:calculateFinalTransform > 当前节点名称#骨骼
2025-04-17T22:06:36.947340 [DEBUG] [17650]keyframe.hpp:95:interpolate > 模型变换矩阵#
0.168389#2.68221e-07#-0.985721#0#
-0.985721#5.96046e-08#-0.168389#0#
5.96046e-08#1#2.38419e-07#0#
0#0#0#1#
2025-04-17T22:06:36.963926 [DEBUG] [17650]animator.hpp:82:calculateFinalTransform > 当前节点名称#骨骼
2025-04-17T22:06:36.964074 [DEBUG] [17650]keyframe.hpp:95:interpolate > 模型变换矩阵#
0.243198#2.98023e-07#-0.969977#0#
-0.969977#3.57628e-07#-0.243198#0#
2.38419e-07#1#3.57628e-07#0#
0#0#0#1#
2025-04-17T22:06:36.980486 [DEBUG] [17650]animator.hpp:82:calculateFinalTransform > 当前节点名称#骨骼
2025-04-17T22:06:36.980638 [DEBUG] [17650]keyframe.hpp:95:interpolate > 模型变换矩阵#
0.360313#2.98023e-07#-0.932831#0#
-0.932831#2.38419e-07#-0.360313#0#
8.9407e-08#1#3.57628e-07#0#
0#0#0#1#
2025-04-17T22:06:36.997195 [DEBUG] [17650]animator.hpp:82:calculateFinalTransform > 当前节点名称#骨骼
2025-04-17T22:06:36.997306 [DEBUG] [17650]keyframe.hpp:95:interpolate > 模型变换矩阵#
0.471011#2.68221e-07#-0.882127#0#
-0.882127#1.19209e-07#-0.471011#0#
0#1#2.38419e-07#0#
0#0#0#1#
2025-04-17T22:06:37.013801 [DEBUG] [17650]animator.hpp:82:calculateFinalTransform > 当前节点名称#骨骼
2025-04-17T22:06:37.013921 [DEBUG] [17650]keyframe.hpp:95:interpolate > 模型变换矩阵#
0.60569#2.08616e-07#-0.795701#0#
-0.795701#0#-0.60569#0#
-8.9407e-08#1#1.78814e-07#0#
0#0#0#1#
2025-04-17T22:06:37.031051 [DEBUG] [17650]animator.hpp:82:calculateFinalTransform > 当前节点名称#骨骼
2025-04-17T22:06:37.031252 [DEBUG] [17650]keyframe.hpp:95:interpolate > 模型变换矩阵#
0.739912#8.9407e-08#-0.672704#0#
-0.672704#-1.19209e-07#-0.739912#0#
-8.9407e-08#1#0#0#
0#0#0#1#
2025-04-17T22:06:37.048541 [DEBUG] [17650]animator.hpp:82:calculateFinalTransform > 当前节点名称#骨骼
2025-04-17T22:06:37.048691 [DEBUG] [17650]keyframe.hpp:95:interpolate > 模型变换矩阵#
0.856766#5.96046e-08#-0.515705#0#
-0.515705#-1.19209e-07#-0.856766#0#
-5.96046e-08#1#-1.19209e-07#0#
0#0#0#1#
2025-04-17T22:06:37.064534 [DEBUG] [17650]animator.hpp:82:calculateFinalTransform > 当前节点名称#骨骼
2025-04-17T22:06:37.064708 [DEBUG] [17650]keyframe.hpp:95:interpolate > 模型变换矩阵#
0.955299#4.47035e-08#-0.295642#0#
-0.295642#5.96046e-08#-0.955299#0#
-1.49012e-08#1#5.96046e-08#0#
0#0#0#1#
2025-04-17T22:06:37.081495 [DEBUG] [17650]animator.hpp:82:calculateFinalTransform > 当前节点名称#骨骼
2025-04-17T22:06:37.081685 [DEBUG] [17650]keyframe.hpp:95:interpolate > 模型变换矩阵#
0.996866#1.49012e-08#-0.0791087#0#
-0.0791087#2.98023e-07#-0.996866#0#
3.72529e-09#1#2.98023e-07#0#
0#0#0#1#
2025-04-17T22:06:37.098014 [DEBUG] [17650]animator.hpp:82:calculateFinalTransform > 当前节点名称#骨骼
2025-04-17T22:06:37.098233 [DEBUG] [17650]keyframe.hpp:95:interpolate > 模型变换矩阵#
0.987992#-5.96046e-08#0.154504#0#
0.154504#4.17232e-07#-0.987992#0#
-1.49012e-08#1#4.17232e-07#0#
0#0#0#1#
2025-04-17T22:06:37.114828 [DEBUG] [17650]animator.hpp:82:calculateFinalTransform > 当前节点名称#骨骼
2025-04-17T22:06:37.115043 [DEBUG] [17650]keyframe.hpp:95:interpolate > 模型变换矩阵#
0.927454#-7.45058e-08#0.373938#0#
0.373938#5.96046e-08#-0.927454#0#
1.49012e-08#1#1.19209e-07#0#
0#0#0#1#
2025-04-17T22:06:37.131324 [DEBUG] [17650]animator.hpp:82:calculateFinalTransform > 当前节点名称#骨骼
2025-04-17T22:06:37.131556 [DEBUG] [17650]keyframe.hpp:95:interpolate > 模型变换矩阵#
0.821238#-1.19209e-07#0.570585#0#
0.570585#1.19209e-07#-0.821239#0#
0#1#1.19209e-07#0#
0#0#0#1#
2025-04-17T22:06:37.147487 [DEBUG] [17650]animator.hpp:82:calculateFinalTransform > 当前节点名称#骨骼
2025-04-17T22:06:37.147705 [DEBUG] [17650]keyframe.hpp:95:interpolate > 模型变换矩阵#
0.705059#-8.9407e-08#0.709149#0#
0.709149#0#-0.705059#0#
8.9407e-08#1#5.96046e-08#0#
0#0#0#1#
2025-04-17T22:06:37.164270 [DEBUG] [17650]animator.hpp:82:calculateFinalTransform > 当前节点名称#骨骼
2025-04-17T22:06:37.164519 [DEBUG] [17650]keyframe.hpp:95:interpolate > 模型变换矩阵#
0.568617#-2.08616e-07#0.822603#0#
0.822603#0#-0.568617#0#
2.98023e-08#1#1.19209e-07#0#
0#0#0#1#
2025-04-17T22:06:37.181437 [DEBUG] [17650]animator.hpp:82:calculateFinalTransform > 当前节点名称#骨骼
2025-04-17T22:06:37.181597 [DEBUG] [17650]keyframe.hpp:95:interpolate > 模型变换矩阵#
0.443259#-2.68221e-07#0.896394#0#
0.896394#0#-0.443259#0#
2.98023e-08#1#1.19209e-07#0#
0#0#0#1#
2025-04-17T22:06:37.197462 [DEBUG] [17650]animator.hpp:82:calculateFinalTransform > 当前节点名称#骨骼
2025-04-17T22:06:37.197557 [DEBUG] [17650]keyframe.hpp:95:interpolate > 模型变换矩阵#
0.326686#-3.27826e-07#0.945133#0#
0.945133#2.38419e-07#-0.326686#0#
-1.78814e-07#1#3.57628e-07#0#
0#0#0#1#
2025-04-17T22:06:37.213771 [DEBUG] [17650]animator.hpp:82:calculateFinalTransform > 当前节点名称#骨骼
2025-04-17T22:06:37.213911 [DEBUG] [17650]keyframe.hpp:95:interpolate > 模型变换矩阵#
0.22003#-3.57628e-07#0.975493#0#
0.975493#2.38419e-07#-0.22003#0#
-1.49012e-07#1#4.17232e-07#0#
0#0#0#1#
2025-04-17T22:06:37.230385 [DEBUG] [17650]animator.hpp:82:calculateFinalTransform > 当前节点名称#骨骼
2025-04-17T22:06:37.230500 [DEBUG] [17650]keyframe.hpp:95:interpolate > 模型变换矩阵#
0.153372#-1.49012e-07#0.988168#0#
0.988168#0#-0.153372#0#
2.98023e-08#1#1.19209e-07#0#
0#0#0#1#
2025-04-17T22:06:37.247307 [DEBUG] [17650]animator.hpp:82:calculateFinalTransform > 当前节点名称#骨骼
2025-04-17T22:06:37.247441 [DEBUG] [17650]keyframe.hpp:95:interpolate > 模型变换矩阵#
0.08468#2.98023e-08#0.996408#0#
0.996408#-2.38419e-07#-0.08468#0#
2.08616e-07#1#0#0#
0#0#0#1#
2025-04-17T22:06:37.263894 [DEBUG] [17650]animator.hpp:82:calculateFinalTransform > 当前节点名称#骨骼
2025-04-17T22:06:37.263991 [DEBUG] [17650]keyframe.hpp:95:interpolate > 模型变换矩阵#
0.0432133#-2.98023e-08#0.999066#0#
0.999066#-4.76837e-07#-0.0432135#0#
2.68221e-07#1#-1.19209e-07#0#
0#0#0#1#
2025-04-17T22:06:37.280516 [DEBUG] [17650]animator.hpp:82:calculateFinalTransform > 当前节点名称#骨骼
2025-04-17T22:06:37.280621 [DEBUG] [17650]keyframe.hpp:95:interpolate > 模型变换矩阵#
0.0203241#-5.96046e-08#0.999793#0#
0.999794#-2.38419e-07#-0.0203241#0#
1.78814e-07#1#5.96046e-08#0#
0#0#0#1#
