2025-04-17T21:47:48.513069 [DEBUG] [17125]model.hpp:155:processVertices > mesh预加载骨骼名称#骨骼 id#0 offset#
1#0#0#0#
0#1#0#0#
0#0#1#0#
0#0#0#1#
2025-04-17T21:47:48.517498 [DEBUG] [17125]animation.hpp:56:readKeyFrames > 本动画所有有关骨骼名称#骨架 id#1 offset#
1#0#0#0#
0#1#0#0#
0#0#1#0#
0#0#0#1#
2025-04-17T21:47:48.517587 [DEBUG] [17125]keyframe.hpp:50:KeyFrame > 0 tickStamp#0 pos#
0#0#0#
2025-04-17T21:47:48.517614 [DEBUG] [17125]keyframe.hpp:50:KeyFrame > 1 tickStamp#19 pos#
0#0#0#
2025-04-17T21:47:48.517639 [DEBUG] [17125]keyframe.hpp:63:KeyFrame > 0 tickStamp#0 ort#
-0.707107#0#0#0.707107#
2025-04-17T21:47:48.517673 [DEBUG] [17125]keyframe.hpp:63:KeyFrame > 1 tickStamp#19 ort#
-0.707107#0#0#0.707107#
2025-04-17T21:47:48.517707 [DEBUG] [17125]keyframe.hpp:77:KeyFrame > 0 tickStamp#0 scl#
1#1#1#
2025-04-17T21:47:48.517728 [DEBUG] [17125]keyframe.hpp:77:KeyFrame > 1 tickStamp#19 scl#
1#1#1#
2025-04-17T21:47:48.517769 [DEBUG] [17125]animation.hpp:56:readKeyFrames > 本动画所有有关骨骼名称#骨骼 id#0 offset#
1#0#0#0#
0#1#0#0#
0#0#1#0#
0#0#0#1#
2025-04-17T21:47:48.517824 [DEBUG] [17125]keyframe.hpp:50:KeyFrame > 0 tickStamp#0 pos#
0#0#0#
2025-04-17T21:47:48.517843 [DEBUG] [17125]keyframe.hpp:50:KeyFrame > 1 tickStamp#1 pos#
0#0#0#
2025-04-17T21:47:48.517858 [DEBUG] [17125]keyframe.hpp:50:KeyFrame > 2 tickStamp#2 pos#
0#0#0#
2025-04-17T21:47:48.517873 [DEBUG] [17125]keyframe.hpp:50:KeyFrame > 3 tickStamp#3 pos#
0#0#0#
2025-04-17T21:47:48.517888 [DEBUG] [17125]keyframe.hpp:50:KeyFrame > 4 tickStamp#4 pos#
0#0#0#
2025-04-17T21:47:48.517908 [DEBUG] [17125]keyframe.hpp:50:KeyFrame > 5 tickStamp#5 pos#
0#0#0#
2025-04-17T21:47:48.517923 [DEBUG] [17125]keyframe.hpp:50:KeyFrame > 6 tickStamp#6 pos#
0#0#0#
2025-04-17T21:47:48.517946 [DEBUG] [17125]keyframe.hpp:50:KeyFrame > 7 tickStamp#7 pos#
0#0#0#
2025-04-17T21:47:48.517974 [DEBUG] [17125]keyframe.hpp:50:KeyFrame > 8 tickStamp#8 pos#
0#0#0#
2025-04-17T21:47:48.518001 [DEBUG] [17125]keyframe.hpp:50:KeyFrame > 9 tickStamp#9 pos#
0#0#0#
2025-04-17T21:47:48.518024 [DEBUG] [17125]keyframe.hpp:50:KeyFrame > 10 tickStamp#10 pos#
0#0#0#
2025-04-17T21:47:48.518042 [DEBUG] [17125]keyframe.hpp:50:KeyFrame > 11 tickStamp#11 pos#
0#0#0#
2025-04-17T21:47:48.518058 [DEBUG] [17125]keyframe.hpp:50:KeyFrame > 12 tickStamp#12 pos#
0#0#0#
2025-04-17T21:47:48.518073 [DEBUG] [17125]keyframe.hpp:50:KeyFrame > 13 tickStamp#13 pos#
0#0#0#
2025-04-17T21:47:48.518089 [DEBUG] [17125]keyframe.hpp:50:KeyFrame > 14 tickStamp#14 pos#
0#0#0#
2025-04-17T21:47:48.518106 [DEBUG] [17125]keyframe.hpp:50:KeyFrame > 15 tickStamp#15 pos#
0#0#0#
2025-04-17T21:47:48.518129 [DEBUG] [17125]keyframe.hpp:50:KeyFrame > 16 tickStamp#16 pos#
0#0#0#
2025-04-17T21:47:48.518144 [DEBUG] [17125]keyframe.hpp:50:KeyFrame > 17 tickStamp#17 pos#
0#0#0#
2025-04-17T21:47:48.518163 [DEBUG] [17125]keyframe.hpp:50:KeyFrame > 18 tickStamp#18 pos#
0#0#0#
2025-04-17T21:47:48.518179 [DEBUG] [17125]keyframe.hpp:50:KeyFrame > 19 tickStamp#19 pos#
0#0#0#
2025-04-17T21:47:48.518195 [DEBUG] [17125]keyframe.hpp:63:KeyFrame > 0 tickStamp#0 ort#
0.707107#0#0#0.707107#
2025-04-17T21:47:48.518216 [DEBUG] [17125]keyframe.hpp:63:KeyFrame > 1 tickStamp#1 ort#
0.706895#-0.0173156#-0.0173156#0.706895#
2025-04-17T21:47:48.518233 [DEBUG] [17125]keyframe.hpp:63:KeyFrame > 2 tickStamp#2 ort#
0.70409#-0.0652425#-0.0652425#0.704091#
2025-04-17T21:47:48.518250 [DEBUG] [17125]keyframe.hpp:63:KeyFrame > 3 tickStamp#3 ort#
0.693589#-0.1376#-0.1376#0.693589#
2025-04-17T21:47:48.518274 [DEBUG] [17125]keyframe.hpp:63:KeyFrame > 4 tickStamp#4 ort#
0.670303#-0.225153#-0.225153#0.670303#
2025-04-17T21:47:48.518293 [DEBUG] [17125]keyframe.hpp:63:KeyFrame > 5 tickStamp#5 ort#
0.633183#-0.314769#-0.314769#0.633183#
2025-04-17T21:47:48.518311 [DEBUG] [17125]keyframe.hpp:63:KeyFrame > 6 tickStamp#6 ort#
0.58774#-0.393144#-0.393144#0.58774#
2025-04-17T21:47:48.518340 [DEBUG] [17125]keyframe.hpp:63:KeyFrame > 7 tickStamp#7 ort#
0.544001#-0.451734#-0.451734#0.544001#
2025-04-17T21:47:48.518403 [DEBUG] [17125]keyframe.hpp:63:KeyFrame > 8 tickStamp#8 ort#
0.512094#-0.487606#-0.487606#0.512094#
2025-04-17T21:47:48.518423 [DEBUG] [17125]keyframe.hpp:63:KeyFrame > 9 tickStamp#9 ort#
-0.5#0.5#0.5#-0.5#
2025-04-17T21:47:48.518441 [DEBUG] [17125]keyframe.hpp:63:KeyFrame > 10 tickStamp#10 ort#
0.51419#-0.485395#-0.485395#0.51419#
2025-04-17T21:47:48.518458 [DEBUG] [17125]keyframe.hpp:63:KeyFrame > 11 tickStamp#11 ort#
0.554314#-0.439017#-0.439017#0.554314#
2025-04-17T21:47:48.518475 [DEBUG] [17125]keyframe.hpp:63:KeyFrame > 12 tickStamp#12 ort#
0.614847#-0.349233#-0.349233#0.614847#
2025-04-17T21:47:48.518493 [DEBUG] [17125]keyframe.hpp:63:KeyFrame > 13 tickStamp#13 ort#
0.678027#-0.200696#-0.200696#0.678027#
2025-04-17T21:47:48.518513 [DEBUG] [17125]keyframe.hpp:63:KeyFrame > 14 tickStamp#14 ort#
0.707107#8.9407e-08#8.9407e-08#0.707107#
2025-04-17T21:47:48.518532 [DEBUG] [17125]keyframe.hpp:63:KeyFrame > 15 tickStamp#15 ort#
0.678027#0.200696#0.200696#0.678027#
2025-04-17T21:47:48.518549 [DEBUG] [17125]keyframe.hpp:63:KeyFrame > 16 tickStamp#16 ort#
0.614847#0.349233#0.349233#0.614847#
2025-04-17T21:47:48.518568 [DEBUG] [17125]keyframe.hpp:63:KeyFrame > 17 tickStamp#17 ort#
0.554314#0.439017#0.439017#0.554314#
2025-04-17T21:47:48.518588 [DEBUG] [17125]keyframe.hpp:63:KeyFrame > 18 tickStamp#18 ort#
0.51419#0.485395#0.485395#0.51419#
2025-04-17T21:47:48.518606 [DEBUG] [17125]keyframe.hpp:63:KeyFrame > 19 tickStamp#19 ort#
0.5#0.5#0.5#0.5#
2025-04-17T21:47:48.518626 [DEBUG] [17125]keyframe.hpp:77:KeyFrame > 0 tickStamp#0 scl#
1#1#1#
2025-04-17T21:47:48.518642 [DEBUG] [17125]keyframe.hpp:77:KeyFrame > 1 tickStamp#1 scl#
1#1#1#
2025-04-17T21:47:48.518660 [DEBUG] [17125]keyframe.hpp:77:KeyFrame > 2 tickStamp#2 scl#
1#1#1#
2025-04-17T21:47:48.518675 [DEBUG] [17125]keyframe.hpp:77:KeyFrame > 3 tickStamp#3 scl#
1#1#1#
2025-04-17T21:47:48.518689 [DEBUG] [17125]keyframe.hpp:77:KeyFrame > 4 tickStamp#4 scl#
1#1#1#
2025-04-17T21:47:48.518704 [DEBUG] [17125]keyframe.hpp:77:KeyFrame > 5 tickStamp#5 scl#
1#1#1#
2025-04-17T21:47:48.518720 [DEBUG] [17125]keyframe.hpp:77:KeyFrame > 6 tickStamp#6 scl#
1#1#1#
2025-04-17T21:47:48.518735 [DEBUG] [17125]keyframe.hpp:77:KeyFrame > 7 tickStamp#7 scl#
1#1#1#
2025-04-17T21:47:48.518749 [DEBUG] [17125]keyframe.hpp:77:KeyFrame > 8 tickStamp#8 scl#
1#1#1#
2025-04-17T21:47:48.518765 [DEBUG] [17125]keyframe.hpp:77:KeyFrame > 9 tickStamp#9 scl#
1#1#1#
2025-04-17T21:47:48.518782 [DEBUG] [17125]keyframe.hpp:77:KeyFrame > 10 tickStamp#10 scl#
1#1#1#
2025-04-17T21:47:48.518796 [DEBUG] [17125]keyframe.hpp:77:KeyFrame > 11 tickStamp#11 scl#
1#1#1#
2025-04-17T21:47:48.518811 [DEBUG] [17125]keyframe.hpp:77:KeyFrame > 12 tickStamp#12 scl#
1#1#1#
2025-04-17T21:47:48.518829 [DEBUG] [17125]keyframe.hpp:77:KeyFrame > 13 tickStamp#13 scl#
1#1#1#
2025-04-17T21:47:48.518844 [DEBUG] [17125]keyframe.hpp:77:KeyFrame > 14 tickStamp#14 scl#
1#1#1#
2025-04-17T21:47:48.518866 [DEBUG] [17125]keyframe.hpp:77:KeyFrame > 15 tickStamp#15 scl#
1#1#1#
2025-04-17T21:47:48.518884 [DEBUG] [17125]keyframe.hpp:77:KeyFrame > 16 tickStamp#16 scl#
1#1#1#
2025-04-17T21:47:48.518899 [DEBUG] [17125]keyframe.hpp:77:KeyFrame > 17 tickStamp#17 scl#
1#1#1#
2025-04-17T21:47:48.518916 [DEBUG] [17125]keyframe.hpp:77:KeyFrame > 18 tickStamp#18 scl#
1#1#1#
2025-04-17T21:47:48.518931 [DEBUG] [17125]keyframe.hpp:77:KeyFrame > 19 tickStamp#19 scl#
1#1#1#
2025-04-17T21:47:48.518989 [INFO ] [17125]animator.hpp:36:Animator > 骨架|Action
2025-04-17T21:47:48.519172 [INFO ] [17125]animator.hpp:58:setCurAnimation > Set animation: 骨架|Action, duration: 19, ticks/s: 24
2025-04-17T21:47:48.519200 [DEBUG] [17125]animator.hpp:82:calculateFinalTransform > 当前节点名称#骨骼
2025-04-17T21:47:48.519241 [DEBUG] [17125]keyframe.hpp:95:interpolate > 模型变换矩阵#
1#0#0#0#
0#1.78814e-07#-1#0#
0#1#1.78814e-07#0#
0#0#0#1#
2025-04-17T21:47:48.522779 [DEBUG] [17125]animator.hpp:82:calculateFinalTransform > 当前节点名称#骨骼
2025-04-17T21:47:48.522839 [DEBUG] [17125]keyframe.hpp:95:interpolate > 模型变换矩阵#
0.917281#1.3411e-07#-0.398241#0#
-0.398241#4.76837e-07#-0.917281#0#
1.04308e-07#1#5.36442e-07#0#
0#0#0#1#
2025-04-17T21:47:48.540943 [DEBUG] [17125]animator.hpp:82:calculateFinalTransform > 当前节点名称#骨骼
2025-04-17T21:47:48.541018 [DEBUG] [17125]keyframe.hpp:95:interpolate > 模型变换矩阵#
0.855135#-2.98023e-08#-0.518406#0#
-0.518406#0#-0.855135#0#
2.98023e-08#1#0#0#
0#0#0#1#
2025-04-17T21:47:48.543043 [DEBUG] [17125]animator.hpp:82:calculateFinalTransform > 当前节点名称#骨骼
2025-04-17T21:47:48.543108 [DEBUG] [17125]keyframe.hpp:95:interpolate > 模型变换矩阵#
0.76906#0#-0.639177#0#
-0.639177#0#-0.76906#0#
0#1#0#0#
0#0#0#1#
2025-04-17T21:47:48.696560 [DEBUG] [17125]animator.hpp:82:calculateFinalTransform > 当前节点名称#骨骼
2025-04-17T21:47:48.696642 [DEBUG] [17125]keyframe.hpp:95:interpolate > 模型变换矩阵#
0.758036#-5.96046e-08#-0.652213#0#
-0.652213#0#-0.758036#0#
5.96046e-08#1#0#0#
0#0#0#1#
2025-04-17T21:47:48.706032 [DEBUG] [17125]animator.hpp:82:calculateFinalTransform > 当前节点名称#骨骼
2025-04-17T21:47:48.706134 [DEBUG] [17125]keyframe.hpp:95:interpolate > 模型变换矩阵#
-0.0982885#1.49012e-07#-0.995158#0#
-0.995158#-1.19209e-07#0.0982886#0#
-1.49012e-07#1#2.38419e-07#0#
0#0#0#1#
2025-04-17T21:47:48.706498 [DEBUG] [17125]animator.hpp:82:calculateFinalTransform > 当前节点名称#骨骼
2025-04-17T21:47:48.706567 [DEBUG] [17125]keyframe.hpp:95:interpolate > 模型变换矩阵#
-0.0507944#5.96047e-08#-0.998709#0#
-0.998709#5.96046e-08#0.0507944#0#
5.96047e-08#1#5.96047e-08#0#
0#0#0#1#
2025-04-17T21:47:48.723232 [DEBUG] [17125]animator.hpp:82:calculateFinalTransform > 当前节点名称#骨骼
2025-04-17T21:47:48.723370 [DEBUG] [17125]keyframe.hpp:95:interpolate > 模型变换矩阵#
0.0285707#5.96046e-08#-0.999592#0#
-0.999592#5.96046e-08#-0.0285708#0#
1.78814e-07#1#0#0#
0#0#0#1#
2025-04-17T21:47:48.739554 [DEBUG] [17125]animator.hpp:82:calculateFinalTransform > 当前节点名称#骨骼
2025-04-17T21:47:48.739729 [DEBUG] [17125]keyframe.hpp:95:interpolate > 模型变换矩阵#
0.0219888#5.96046e-08#-0.999758#0#
-0.999758#-1.19209e-07#-0.021989#0#
5.96046e-08#1#-1.19209e-07#0#
0#0#0#1#
2025-04-17T21:47:48.756420 [DEBUG] [17125]animator.hpp:82:calculateFinalTransform > 当前节点名称#骨骼
2025-04-17T21:47:48.756578 [DEBUG] [17125]keyframe.hpp:95:interpolate > 模型变换矩阵#
0.00281435#0#-0.999996#0#
-0.999996#0#-0.00281438#0#
0#1#0#0#
0#0#0#1#
2025-04-17T21:47:48.773151 [DEBUG] [17125]animator.hpp:82:calculateFinalTransform > 当前节点名称#骨骼
2025-04-17T21:47:48.773436 [DEBUG] [17125]keyframe.hpp:95:interpolate > 模型变换矩阵#
0.0200109#-2.98023e-08#-0.9998#0#
-0.9998#-2.38419e-07#-0.0200111#0#
-8.9407e-08#1#-2.38419e-07#0#
0#0#0#1#
2025-04-17T21:47:48.789734 [DEBUG] [17125]animator.hpp:82:calculateFinalTransform > 当前节点名称#骨骼
2025-04-17T21:47:48.789814 [DEBUG] [17125]keyframe.hpp:95:interpolate > 模型变换矩阵#
0.0431356#-8.9407e-08#-0.999069#0#
-0.999069#-2.38419e-07#-0.0431358#0#
-1.49012e-07#1#-2.38419e-07#0#
0#0#0#1#
2025-04-17T21:47:48.806318 [DEBUG] [17125]animator.hpp:82:calculateFinalTransform > 当前节点名称#骨骼
2025-04-17T21:47:48.806400 [DEBUG] [17125]keyframe.hpp:95:interpolate > 模型变换矩阵#
0.083095#-1.19209e-07#-0.996542#0#
-0.996542#-2.38419e-07#-0.0830951#0#
-1.78814e-07#1#-2.38419e-07#0#
0#0#0#1#
2025-04-17T21:47:48.822950 [DEBUG] [17125]animator.hpp:82:calculateFinalTransform > 当前节点名称#骨骼
2025-04-17T21:47:48.823058 [DEBUG] [17125]keyframe.hpp:95:interpolate > 模型变换矩阵#
0.151687#2.08616e-07#-0.988429#0#
-0.988429#-1.19209e-07#-0.151687#0#
2.98023e-08#1#0#0#
0#0#0#1#
2025-04-17T21:47:48.840307 [DEBUG] [17125]animator.hpp:82:calculateFinalTransform > 当前节点名称#骨骼
2025-04-17T21:47:48.840515 [DEBUG] [17125]keyframe.hpp:95:interpolate > 模型变换矩阵#
0.219727#2.98023e-07#-0.975561#0#
-0.975561#1.19209e-07#-0.219727#0#
1.19209e-07#1#2.38419e-07#0#
0#0#0#1#
2025-04-17T21:47:48.857113 [DEBUG] [17125]animator.hpp:82:calculateFinalTransform > 当前节点名称#骨骼
2025-04-17T21:47:48.857296 [DEBUG] [17125]keyframe.hpp:95:interpolate > 模型变换矩阵#
0.335167#2.68221e-07#-0.942159#0#
-0.942159#0#-0.335167#0#
2.98023e-08#1#2.38419e-07#0#
0#0#0#1#
2025-04-17T21:47:48.873743 [DEBUG] [17125]animator.hpp:82:calculateFinalTransform > 当前节点名称#骨骼
2025-04-17T21:47:48.873930 [DEBUG] [17125]keyframe.hpp:95:interpolate > 模型变换矩阵#
0.44873#2.68221e-07#-0.893667#0#
-0.893667#1.78814e-07#-0.44873#0#
-2.98023e-08#1#3.57628e-07#0#
0#0#0#1#
2025-04-17T21:47:48.890375 [DEBUG] [17125]animator.hpp:82:calculateFinalTransform > 当前节点名称#骨骼
2025-04-17T21:47:48.890559 [DEBUG] [17125]keyframe.hpp:95:interpolate > 模型变换矩阵#
0.574904#2.98023e-07#-0.818221#0#
-0.818221#1.19209e-07#-0.574904#0#
-5.96046e-08#1#2.98023e-07#0#
0#0#0#1#
2025-04-17T21:47:48.906389 [DEBUG] [17125]animator.hpp:82:calculateFinalTransform > 当前节点名称#骨骼
2025-04-17T21:47:48.906467 [DEBUG] [17125]keyframe.hpp:95:interpolate > 模型变换矩阵#
0.713864#5.96046e-08#-0.700285#0#
-0.700285#-1.19209e-07#-0.713864#0#
-5.96046e-08#1#0#0#
0#0#0#1#
2025-04-17T21:47:48.923747 [DEBUG] [17125]animator.hpp:82:calculateFinalTransform > 当前节点名称#骨骼
2025-04-17T21:47:48.923927 [DEBUG] [17125]keyframe.hpp:95:interpolate > 模型变换矩阵#
0.825426#5.96046e-08#-0.56451#0#
-0.56451#-2.38419e-07#-0.825426#0#
-1.19209e-07#1#-1.19209e-07#0#
0#0#0#1#
2025-04-17T21:47:48.940473 [DEBUG] [17125]animator.hpp:82:calculateFinalTransform > 当前节点名称#骨骼
2025-04-17T21:47:48.940671 [DEBUG] [17125]keyframe.hpp:95:interpolate > 模型变换矩阵#
0.933575#1.49012e-08#-0.358382#0#
-0.358382#5.96046e-08#-0.933575#0#
1.49012e-08#1#5.96046e-08#0#
0#0#0#1#
2025-04-17T21:47:48.957224 [DEBUG] [17125]animator.hpp:82:calculateFinalTransform > 当前节点名称#骨骼
2025-04-17T21:47:48.957414 [DEBUG] [17125]keyframe.hpp:95:interpolate > 模型变换矩阵#
0.990867#2.98023e-08#-0.134843#0#
-0.134843#2.38419e-07#-0.990867#0#
1.49012e-08#1#2.38419e-07#0#
0#0#0#1#
2025-04-17T21:47:48.973771 [DEBUG] [17125]animator.hpp:82:calculateFinalTransform > 当前节点名称#骨骼
2025-04-17T21:47:48.973945 [DEBUG] [17125]keyframe.hpp:95:interpolate > 模型变换矩阵#
0.995379#-2.23517e-08#0.0960282#0#
0.0960282#1.78814e-07#-0.995379#0#
-1.11759e-08#1#1.78814e-07#0#
0#0#0#1#
2025-04-17T21:47:48.990198 [DEBUG] [17125]animator.hpp:82:calculateFinalTransform > 当前节点名称#骨骼
2025-04-17T21:47:48.990284 [DEBUG] [17125]keyframe.hpp:95:interpolate > 模型变换矩阵#
0.947731#-7.45058e-08#0.319071#0#
0.319071#5.96046e-08#-0.947731#0#
1.49012e-08#1#5.96046e-08#0#
0#0#0#1#
2025-04-17T21:47:49.007579 [DEBUG] [17125]animator.hpp:82:calculateFinalTransform > 当前节点名称#骨骼
2025-04-17T21:47:49.007754 [DEBUG] [17125]keyframe.hpp:95:interpolate > 模型变换矩阵#
0.851567#-8.9407e-08#0.524245#0#
0.524245#0#-0.851567#0#
2.98023e-08#1#5.96046e-08#0#
0#0#0#1#
2025-04-17T21:47:49.023345 [DEBUG] [17125]animator.hpp:82:calculateFinalTransform > 当前节点名称#骨骼
2025-04-17T21:47:49.023575 [DEBUG] [17125]keyframe.hpp:95:interpolate > 模型变换矩阵#
0.73344#-1.19209e-07#0.679754#0#
0.679755#5.96046e-08#-0.73344#0#
0#1#1.19209e-07#0#
0#0#0#1#
2025-04-17T21:47:49.040238 [DEBUG] [17125]animator.hpp:82:calculateFinalTransform > 当前节点名称#骨骼
2025-04-17T21:47:49.040439 [DEBUG] [17125]keyframe.hpp:95:interpolate > 模型变换矩阵#
0.605403#-1.78814e-07#0.795919#0#
0.795919#-1.19209e-07#-0.605403#0#
1.19209e-07#1#5.96046e-08#0#
0#0#0#1#
2025-04-17T21:47:49.056727 [DEBUG] [17125]animator.hpp:82:calculateFinalTransform > 当前节点名称#骨骼
2025-04-17T21:47:49.056964 [DEBUG] [17125]keyframe.hpp:95:interpolate > 模型变换矩阵#
0.46959#-2.68221e-07#0.882885#0#
0.882885#1.19209e-07#-0.46959#0#
2.98023e-08#1#2.38419e-07#0#
0#0#0#1#
2025-04-17T21:47:49.073715 [DEBUG] [17125]animator.hpp:82:calculateFinalTransform > 当前节点名称#骨骼
2025-04-17T21:47:49.073910 [DEBUG] [17125]keyframe.hpp:95:interpolate > 模型变换矩阵#
0.359302#-2.98023e-07#0.933221#0#
0.933221#1.19209e-07#-0.359302#0#
-5.96046e-08#1#2.38419e-07#0#
0#0#0#1#
2025-04-17T21:47:49.090117 [DEBUG] [17125]animator.hpp:82:calculateFinalTransform > 当前节点名称#骨骼
2025-04-17T21:47:49.090307 [DEBUG] [17125]keyframe.hpp:95:interpolate > 模型变换矩阵#
0.240189#-3.8743e-07#0.970726#0#
0.970726#1.19209e-07#-0.240189#0#
-1.49012e-07#1#3.57628e-07#0#
0#0#0#1#
2025-04-17T21:47:49.106714 [DEBUG] [17125]animator.hpp:82:calculateFinalTransform > 当前节点名称#骨骼
2025-04-17T21:47:49.106903 [DEBUG] [17125]keyframe.hpp:95:interpolate > 模型变换矩阵#
0.168452#-1.78814e-07#0.98571#0#
0.98571#-1.19209e-07#-0.168452#0#
0#1#5.96046e-08#0#
0#0#0#1#
2025-04-17T21:47:49.122951 [DEBUG] [17125]animator.hpp:82:calculateFinalTransform > 当前节点名称#骨骼
2025-04-17T21:47:49.123043 [DEBUG] [17125]keyframe.hpp:95:interpolate > 模型变换矩阵#
0.0999907#5.96046e-08#0.994988#0#
0.994989#-2.38419e-07#-0.0999907#0#
1.78814e-07#1#-1.19209e-07#0#
0#0#0#1#
2025-04-17T21:47:49.139518 [DEBUG] [17125]animator.hpp:82:calculateFinalTransform > 当前节点名称#骨骼
2025-04-17T21:47:49.139609 [DEBUG] [17125]keyframe.hpp:95:interpolate > 模型变换矩阵#
0.0492486#8.9407e-08#0.998787#0#
0.998787#-2.38419e-07#-0.0492487#0#
1.49012e-07#1#-2.38419e-07#0#
0#0#0#1#
2025-04-17T21:47:49.157078 [DEBUG] [17125]animator.hpp:82:calculateFinalTransform > 当前节点名称#骨骼
2025-04-17T21:47:49.157256 [DEBUG] [17125]keyframe.hpp:95:interpolate > 模型变换矩阵#
0.0263517#-5.96046e-08#0.999653#0#
0.999653#-2.38419e-07#-0.0263517#0#
1.78814e-07#1#5.96046e-08#0#
0#0#0#1#
2025-04-17T21:47:49.173596 [DEBUG] [17125]animator.hpp:82:calculateFinalTransform > 当前节点名称#骨骼
2025-04-17T21:47:49.173809 [DEBUG] [17125]keyframe.hpp:95:interpolate > 模型变换矩阵#
0.00209671#-2.08616e-07#0.999998#0#
0.999998#-3.57628e-07#-0.00209686#0#
2.08616e-07#1#5.96046e-08#0#
0#0#0#1#
