2025-04-17T20:48:37.642278 [DEBUG] [14155]model.hpp:122:processVertices > mesh预加载骨骼名称#骨骼 id#0 offset#
1#0#0#0#
0#1#0#0#
0#0#1#0#
0#0#0#1#
2025-04-17T20:48:37.646475 [DEBUG] [14155]animation.hpp:56:readKeyFrames > 本动画所有有关骨骼名称#骨架 id#1 offset#
1#0#0#0#
0#1#0#0#
0#0#1#0#
0#0#0#1#
2025-04-17T20:48:37.646535 [DEBUG] [14155]keyframe.hpp:50:KeyFrame > 0 tickStamp#0 pos#
0#0#0#
2025-04-17T20:48:37.646557 [DEBUG] [14155]keyframe.hpp:50:KeyFrame > 1 tickStamp#19 pos#
0#0#0#
2025-04-17T20:48:37.646575 [DEBUG] [14155]keyframe.hpp:63:KeyFrame > 0 tickStamp#0 ort#
-0.707107#0#0#0.707107#
2025-04-17T20:48:37.646615 [DEBUG] [14155]keyframe.hpp:63:KeyFrame > 1 tickStamp#19 ort#
-0.707107#0#0#0.707107#
2025-04-17T20:48:37.646634 [DEBUG] [14155]keyframe.hpp:77:KeyFrame > 0 tickStamp#0 scl#
1#1#1#
2025-04-17T20:48:37.646654 [DEBUG] [14155]keyframe.hpp:77:KeyFrame > 1 tickStamp#19 scl#
1#1#1#
2025-04-17T20:48:37.646682 [DEBUG] [14155]animation.hpp:56:readKeyFrames > 本动画所有有关骨骼名称#骨骼 id#0 offset#
1#0#0#0#
0#1#0#0#
0#0#1#0#
0#0#0#1#
2025-04-17T20:48:37.646726 [DEBUG] [14155]keyframe.hpp:50:KeyFrame > 0 tickStamp#0 pos#
0#0#0#
2025-04-17T20:48:37.646741 [DEBUG] [14155]keyframe.hpp:50:KeyFrame > 1 tickStamp#1 pos#
0#0#0#
2025-04-17T20:48:37.646759 [DEBUG] [14155]keyframe.hpp:50:KeyFrame > 2 tickStamp#2 pos#
0#0#0#
2025-04-17T20:48:37.646774 [DEBUG] [14155]keyframe.hpp:50:KeyFrame > 3 tickStamp#3 pos#
0#0#0#
2025-04-17T20:48:37.646792 [DEBUG] [14155]keyframe.hpp:50:KeyFrame > 4 tickStamp#4 pos#
0#0#0#
2025-04-17T20:48:37.646808 [DEBUG] [14155]keyframe.hpp:50:KeyFrame > 5 tickStamp#5 pos#
0#0#0#
2025-04-17T20:48:37.646824 [DEBUG] [14155]keyframe.hpp:50:KeyFrame > 6 tickStamp#6 pos#
0#0#0#
2025-04-17T20:48:37.646838 [DEBUG] [14155]keyframe.hpp:50:KeyFrame > 7 tickStamp#7 pos#
0#0#0#
2025-04-17T20:48:37.646854 [DEBUG] [14155]keyframe.hpp:50:KeyFrame > 8 tickStamp#8 pos#
0#0#0#
2025-04-17T20:48:37.646868 [DEBUG] [14155]keyframe.hpp:50:KeyFrame > 9 tickStamp#9 pos#
0#0#0#
2025-04-17T20:48:37.646884 [DEBUG] [14155]keyframe.hpp:50:KeyFrame > 10 tickStamp#10 pos#
0#0#0#
2025-04-17T20:48:37.646899 [DEBUG] [14155]keyframe.hpp:50:KeyFrame > 11 tickStamp#11 pos#
0#0#0#
2025-04-17T20:48:37.646914 [DEBUG] [14155]keyframe.hpp:50:KeyFrame > 12 tickStamp#12 pos#
0#0#0#
2025-04-17T20:48:37.646931 [DEBUG] [14155]keyframe.hpp:50:KeyFrame > 13 tickStamp#13 pos#
0#0#0#
2025-04-17T20:48:37.646945 [DEBUG] [14155]keyframe.hpp:50:KeyFrame > 14 tickStamp#14 pos#
0#0#0#
2025-04-17T20:48:37.646959 [DEBUG] [14155]keyframe.hpp:50:KeyFrame > 15 tickStamp#15 pos#
0#0#0#
2025-04-17T20:48:37.646977 [DEBUG] [14155]keyframe.hpp:50:KeyFrame > 16 tickStamp#16 pos#
0#0#0#
2025-04-17T20:48:37.646991 [DEBUG] [14155]keyframe.hpp:50:KeyFrame > 17 tickStamp#17 pos#
0#0#0#
2025-04-17T20:48:37.647009 [DEBUG] [14155]keyframe.hpp:50:KeyFrame > 18 tickStamp#18 pos#
0#0#0#
2025-04-17T20:48:37.647024 [DEBUG] [14155]keyframe.hpp:50:KeyFrame > 19 tickStamp#19 pos#
0#0#0#
2025-04-17T20:48:37.647039 [DEBUG] [14155]keyframe.hpp:63:KeyFrame > 0 tickStamp#0 ort#
0.707107#0#0#0.707107#
2025-04-17T20:48:37.647062 [DEBUG] [14155]keyframe.hpp:63:KeyFrame > 1 tickStamp#1 ort#
0.706895#-0.0173156#-0.0173156#0.706895#
2025-04-17T20:48:37.647078 [DEBUG] [14155]keyframe.hpp:63:KeyFrame > 2 tickStamp#2 ort#
0.70409#-0.0652425#-0.0652425#0.704091#
2025-04-17T20:48:37.647096 [DEBUG] [14155]keyframe.hpp:63:KeyFrame > 3 tickStamp#3 ort#
0.693589#-0.1376#-0.1376#0.693589#
2025-04-17T20:48:37.647114 [DEBUG] [14155]keyframe.hpp:63:KeyFrame > 4 tickStamp#4 ort#
0.670303#-0.225153#-0.225153#0.670303#
2025-04-17T20:48:37.647133 [DEBUG] [14155]keyframe.hpp:63:KeyFrame > 5 tickStamp#5 ort#
0.633183#-0.314769#-0.314769#0.633183#
2025-04-17T20:48:37.647151 [DEBUG] [14155]keyframe.hpp:63:KeyFrame > 6 tickStamp#6 ort#
0.58774#-0.393144#-0.393144#0.58774#
2025-04-17T20:48:37.647179 [DEBUG] [14155]keyframe.hpp:63:KeyFrame > 7 tickStamp#7 ort#
0.544001#-0.451734#-0.451734#0.544001#
2025-04-17T20:48:37.647196 [DEBUG] [14155]keyframe.hpp:63:KeyFrame > 8 tickStamp#8 ort#
0.512094#-0.487606#-0.487606#0.512094#
2025-04-17T20:48:37.647213 [DEBUG] [14155]keyframe.hpp:63:KeyFrame > 9 tickStamp#9 ort#
-0.5#0.5#0.5#-0.5#
2025-04-17T20:48:37.647231 [DEBUG] [14155]keyframe.hpp:63:KeyFrame > 10 tickStamp#10 ort#
0.51419#-0.485395#-0.485395#0.51419#
2025-04-17T20:48:37.647247 [DEBUG] [14155]keyframe.hpp:63:KeyFrame > 11 tickStamp#11 ort#
0.554314#-0.439017#-0.439017#0.554314#
2025-04-17T20:48:37.647264 [DEBUG] [14155]keyframe.hpp:63:KeyFrame > 12 tickStamp#12 ort#
0.614847#-0.349233#-0.349233#0.614847#
2025-04-17T20:48:37.647282 [DEBUG] [14155]keyframe.hpp:63:KeyFrame > 13 tickStamp#13 ort#
0.678027#-0.200696#-0.200696#0.678027#
2025-04-17T20:48:37.647301 [DEBUG] [14155]keyframe.hpp:63:KeyFrame > 14 tickStamp#14 ort#
0.707107#8.9407e-08#8.9407e-08#0.707107#
2025-04-17T20:48:37.647320 [DEBUG] [14155]keyframe.hpp:63:KeyFrame > 15 tickStamp#15 ort#
0.678027#0.200696#0.200696#0.678027#
2025-04-17T20:48:37.647336 [DEBUG] [14155]keyframe.hpp:63:KeyFrame > 16 tickStamp#16 ort#
0.614847#0.349233#0.349233#0.614847#
2025-04-17T20:48:37.647355 [DEBUG] [14155]keyframe.hpp:63:KeyFrame > 17 tickStamp#17 ort#
0.554314#0.439017#0.439017#0.554314#
2025-04-17T20:48:37.647379 [DEBUG] [14155]keyframe.hpp:63:KeyFrame > 18 tickStamp#18 ort#
0.51419#0.485395#0.485395#0.51419#
2025-04-17T20:48:37.647399 [DEBUG] [14155]keyframe.hpp:63:KeyFrame > 19 tickStamp#19 ort#
0.5#0.5#0.5#0.5#
2025-04-17T20:48:37.647417 [DEBUG] [14155]keyframe.hpp:77:KeyFrame > 0 tickStamp#0 scl#
1#1#1#
2025-04-17T20:48:37.647435 [DEBUG] [14155]keyframe.hpp:77:KeyFrame > 1 tickStamp#1 scl#
1#1#1#
2025-04-17T20:48:37.647451 [DEBUG] [14155]keyframe.hpp:77:KeyFrame > 2 tickStamp#2 scl#
1#1#1#
2025-04-17T20:48:37.647465 [DEBUG] [14155]keyframe.hpp:77:KeyFrame > 3 tickStamp#3 scl#
1#1#1#
2025-04-17T20:48:37.647480 [DEBUG] [14155]keyframe.hpp:77:KeyFrame > 4 tickStamp#4 scl#
1#1#1#
2025-04-17T20:48:37.647494 [DEBUG] [14155]keyframe.hpp:77:KeyFrame > 5 tickStamp#5 scl#
1#1#1#
2025-04-17T20:48:37.647517 [DEBUG] [14155]keyframe.hpp:77:KeyFrame > 6 tickStamp#6 scl#
1#1#1#
2025-04-17T20:48:37.647529 [DEBUG] [14155]keyframe.hpp:77:KeyFrame > 7 tickStamp#7 scl#
1#1#1#
2025-04-17T20:48:37.647542 [DEBUG] [14155]keyframe.hpp:77:KeyFrame > 8 tickStamp#8 scl#
1#1#1#
2025-04-17T20:48:37.647555 [DEBUG] [14155]keyframe.hpp:77:KeyFrame > 9 tickStamp#9 scl#
1#1#1#
2025-04-17T20:48:37.647573 [DEBUG] [14155]keyframe.hpp:77:KeyFrame > 10 tickStamp#10 scl#
1#1#1#
2025-04-17T20:48:37.647585 [DEBUG] [14155]keyframe.hpp:77:KeyFrame > 11 tickStamp#11 scl#
1#1#1#
2025-04-17T20:48:37.647599 [DEBUG] [14155]keyframe.hpp:77:KeyFrame > 12 tickStamp#12 scl#
1#1#1#
2025-04-17T20:48:37.647614 [DEBUG] [14155]keyframe.hpp:77:KeyFrame > 13 tickStamp#13 scl#
1#1#1#
2025-04-17T20:48:37.647627 [DEBUG] [14155]keyframe.hpp:77:KeyFrame > 14 tickStamp#14 scl#
1#1#1#
2025-04-17T20:48:37.647640 [DEBUG] [14155]keyframe.hpp:77:KeyFrame > 15 tickStamp#15 scl#
1#1#1#
2025-04-17T20:48:37.647653 [DEBUG] [14155]keyframe.hpp:77:KeyFrame > 16 tickStamp#16 scl#
1#1#1#
2025-04-17T20:48:37.647666 [DEBUG] [14155]keyframe.hpp:77:KeyFrame > 17 tickStamp#17 scl#
1#1#1#
2025-04-17T20:48:37.647684 [DEBUG] [14155]keyframe.hpp:77:KeyFrame > 18 tickStamp#18 scl#
1#1#1#
2025-04-17T20:48:37.647697 [DEBUG] [14155]keyframe.hpp:77:KeyFrame > 19 tickStamp#19 scl#
1#1#1#
2025-04-17T20:48:37.647745 [INFO ] [14155]animator.hpp:36:Animator > 骨架|Action
2025-04-17T20:48:37.647892 [INFO ] [14155]animator.hpp:58:setCurAnimation > Set animation: 骨架|Action, duration: 19, ticks/s: 24
2025-04-17T20:48:37.647918 [DEBUG] [14155]animator.hpp:82:calculateFinalTransform > 当前节点名称#骨骼
2025-04-17T20:48:37.647955 [DEBUG] [14155]keyframe.hpp:95:interpolate > 模型变换矩阵#
1#0#0#0#
0#1.78814e-07#-1#0#
0#1#1.78814e-07#0#
0#0#0#1#
2025-04-17T20:48:37.651205 [DEBUG] [14155]animator.hpp:82:calculateFinalTransform > 当前节点名称#骨骼
2025-04-17T20:48:37.651272 [DEBUG] [14155]keyframe.hpp:95:interpolate > 模型变换矩阵#
0.918476#2.08616e-07#-0.395476#0#
-0.395476#7.7486e-07#-0.918476#0#
1.78814e-07#1#7.7486e-07#0#
0#0#0#1#
2025-04-17T20:48:37.681478 [DEBUG] [14155]animator.hpp:82:calculateFinalTransform > 当前节点名称#骨骼
2025-04-17T20:48:37.681573 [DEBUG] [14155]keyframe.hpp:95:interpolate > 模型变换矩阵#
0.85825#-1.19209e-07#-0.513232#0#
-0.513232#-2.38419e-07#-0.85825#0#
0#1#-3.57628e-07#0#
0#0#0#1#
2025-04-17T20:48:37.686284 [DEBUG] [14155]animator.hpp:82:calculateFinalTransform > 当前节点名称#骨骼
2025-04-17T20:48:37.686356 [DEBUG] [14155]keyframe.hpp:95:interpolate > 模型变换矩阵#
0.724536#5.96046e-08#-0.689237#0#
-0.689237#0#-0.724536#0#
-5.96046e-08#1#0#0#
0#0#0#1#
2025-04-17T20:48:37.702513 [DEBUG] [14155]animator.hpp:82:calculateFinalTransform > 当前节点名称#骨骼
2025-04-17T20:48:37.702648 [DEBUG] [14155]keyframe.hpp:95:interpolate > 模型变换矩阵#
0.696659#-5.96046e-08#-0.717402#0#
-0.717402#-1.19209e-07#-0.69666#0#
0#1#-1.19209e-07#0#
0#0#0#1#
2025-04-17T20:48:37.732429 [DEBUG] [14155]animator.hpp:82:calculateFinalTransform > 当前节点名称#骨骼
2025-04-17T20:48:37.732516 [DEBUG] [14155]keyframe.hpp:95:interpolate > 模型变换矩阵#
0.616217#-1.19209e-07#-0.787576#0#
-0.787576#0#-0.616217#0#
5.96046e-08#1#-1.19209e-07#0#
0#0#0#1#
2025-04-17T20:48:37.748456 [DEBUG] [14155]animator.hpp:82:calculateFinalTransform > 当前节点名称#骨骼
2025-04-17T20:48:37.748535 [DEBUG] [14155]keyframe.hpp:95:interpolate > 模型变换矩阵#
0.460604#-8.9407e-08#-0.887606#0#
-0.887606#-2.38419e-07#-0.460605#0#
0#1#-2.38419e-07#0#
0#0#0#1#
2025-04-17T20:48:37.764117 [DEBUG] [14155]animator.hpp:82:calculateFinalTransform > 当前节点名称#骨骼
2025-04-17T20:48:37.764207 [DEBUG] [14155]keyframe.hpp:95:interpolate > 模型变换矩阵#
0.373028#0#-0.92782#0#
-0.92782#0#-0.373028#0#
0#1#0#0#
0#0#0#1#
2025-04-17T20:48:37.781078 [DEBUG] [14155]animator.hpp:82:calculateFinalTransform > 当前节点名称#骨骼
2025-04-17T20:48:37.781173 [DEBUG] [14155]keyframe.hpp:95:interpolate > 模型变换矩阵#
0.299842#-2.98023e-08#-0.953989#0#
-0.953989#-2.38419e-07#-0.299842#0#
-2.98023e-08#1#-2.38419e-07#0#
0#0#0#1#
2025-04-17T20:48:37.797219 [DEBUG] [14155]animator.hpp:82:calculateFinalTransform > 当前节点名称#骨骼
2025-04-17T20:48:37.797325 [DEBUG] [14155]keyframe.hpp:95:interpolate > 模型变换矩阵#
0.218497#0#-0.975838#0#
-0.975838#-1.19209e-07#-0.218497#0#
0#1#-1.19209e-07#0#
0#0#0#1#
2025-04-17T20:48:37.813859 [DEBUG] [14155]animator.hpp:82:calculateFinalTransform > 当前节点名称#骨骼
2025-04-17T20:48:37.813953 [DEBUG] [14155]keyframe.hpp:95:interpolate > 模型变换矩阵#
0.154853#0#-0.987938#0#
-0.987938#0#-0.154853#0#
0#1#0#0#
0#0#0#1#
2025-04-17T20:48:37.828991 [DEBUG] [14155]animator.hpp:82:calculateFinalTransform > 当前节点名称#骨骼
2025-04-17T20:48:37.829114 [DEBUG] [14155]keyframe.hpp:95:interpolate > 模型变换矩阵#
0.101069#0#-0.994879#0#
-0.99488#0#-0.101069#0#
1.19209e-07#1#-1.19209e-07#0#
0#0#0#1#
2025-04-17T20:48:37.845616 [DEBUG] [14155]animator.hpp:82:calculateFinalTransform > 当前节点名称#骨骼
2025-04-17T20:48:37.845727 [DEBUG] [14155]keyframe.hpp:95:interpolate > 模型变换矩阵#
0.051899#5.96046e-08#-0.998652#0#
-0.998652#1.19209e-07#-0.051899#0#
1.78814e-07#1#0#0#
0#0#0#1#
2025-04-17T20:48:37.862420 [DEBUG] [14155]animator.hpp:82:calculateFinalTransform > 当前节点名称#骨骼
2025-04-17T20:48:37.862523 [DEBUG] [14155]keyframe.hpp:95:interpolate > 模型变换矩阵#
0.0304896#8.9407e-08#-0.999535#0#
-0.999535#0#-0.0304898#0#
1.49012e-07#1#0#0#
0#0#0#1#
2025-04-17T20:48:37.878951 [DEBUG] [14155]animator.hpp:82:calculateFinalTransform > 当前节点名称#骨骼
2025-04-17T20:48:37.879057 [DEBUG] [14155]keyframe.hpp:95:interpolate > 模型变换矩阵#
0.0107395#2.98023e-08#-0.999942#0#
-0.999942#5.96046e-08#-0.0107395#0#
8.9407e-08#1#0#0#
0#0#0#1#
2025-04-17T20:48:37.895483 [DEBUG] [14155]animator.hpp:82:calculateFinalTransform > 当前节点名称#骨骼
2025-04-17T20:48:37.895558 [DEBUG] [14155]keyframe.hpp:95:interpolate > 模型变换矩阵#
0.0102171#-5.96046e-08#-0.999948#0#
-0.999948#0#-0.0102171#0#
-5.96046e-08#1#0#0#
0#0#0#1#
2025-04-17T20:48:37.912284 [DEBUG] [14155]animator.hpp:82:calculateFinalTransform > 当前节点名称#骨骼
2025-04-17T20:48:37.912407 [DEBUG] [14155]keyframe.hpp:95:interpolate > 模型变换矩阵#
0.0330624#-8.9407e-08#-0.999453#0#
-0.999454#-2.38419e-07#-0.0330625#0#
-1.49012e-07#1#-2.38419e-07#0#
0#0#0#1#
2025-04-17T20:48:37.929139 [DEBUG] [14155]animator.hpp:82:calculateFinalTransform > 当前节点名称#骨骼
2025-04-17T20:48:37.929327 [DEBUG] [14155]keyframe.hpp:95:interpolate > 模型变换矩阵#
0.0562608#-2.08616e-07#-0.998416#0#
-0.998416#-3.57628e-07#-0.056261#0#
-2.68221e-07#1#-3.57628e-07#0#
0#0#0#1#
2025-04-17T20:48:37.946215 [DEBUG] [14155]animator.hpp:82:calculateFinalTransform > 当前节点名称#骨骼
2025-04-17T20:48:37.946405 [DEBUG] [14155]keyframe.hpp:95:interpolate > 模型变换矩阵#
0.123479#5.96046e-08#-0.992347#0#
-0.992347#0#-0.123479#0#
-5.96046e-08#1#5.96046e-08#0#
0#0#0#1#
2025-04-17T20:48:37.962807 [DEBUG] [14155]animator.hpp:82:calculateFinalTransform > 当前节点名称#骨骼
2025-04-17T20:48:37.963000 [DEBUG] [14155]keyframe.hpp:95:interpolate > 模型变换矩阵#
0.193644#3.27826e-07#-0.981072#0#
-0.981072#0#-0.193645#0#
0#1#2.38419e-07#0#
0#0#0#1#
2025-04-17T20:48:37.979588 [DEBUG] [14155]animator.hpp:82:calculateFinalTransform > 当前节点名称#骨骼
2025-04-17T20:48:37.979787 [DEBUG] [14155]keyframe.hpp:95:interpolate > 模型变换矩阵#
0.285021#2.98023e-07#-0.958521#0#
-0.958521#1.19209e-07#-0.285022#0#
8.9407e-08#1#2.38419e-07#0#
0#0#0#1#
2025-04-17T20:48:37.996142 [DEBUG] [14155]animator.hpp:82:calculateFinalTransform > 当前节点名称#骨骼
2025-04-17T20:48:37.996336 [DEBUG] [14155]keyframe.hpp:95:interpolate > 模型变换矩阵#
0.401058#2.68221e-07#-0.916053#0#
-0.916053#1.78814e-07#-0.401058#0#
0#1#3.57628e-07#0#
0#0#0#1#
2025-04-17T20:48:38.012978 [DEBUG] [14155]animator.hpp:82:calculateFinalTransform > 当前节点名称#骨骼
2025-04-17T20:48:38.013189 [DEBUG] [14155]keyframe.hpp:95:interpolate > 模型变换矩阵#
0.509424#2.38419e-07#-0.860516#0#
-0.860516#-1.19209e-07#-0.509424#0#
-5.96046e-08#1#0#0#
0#0#0#1#
2025-04-17T20:48:38.029452 [DEBUG] [14155]animator.hpp:82:calculateFinalTransform > 当前节点名称#骨骼
2025-04-17T20:48:38.029631 [DEBUG] [14155]keyframe.hpp:95:interpolate > 模型变换矩阵#
0.657681#1.19209e-07#-0.753296#0#
-0.753297#-1.19209e-07#-0.657681#0#
-2.98023e-08#1#0#0#
0#0#0#1#
2025-04-17T20:48:38.046176 [DEBUG] [14155]animator.hpp:82:calculateFinalTransform > 当前节点名称#骨骼
2025-04-17T20:48:38.046376 [DEBUG] [14155]keyframe.hpp:95:interpolate > 模型变换矩阵#
0.78239#5.96046e-08#-0.622789#0#
-0.622789#-1.19209e-07#-0.78239#0#
-5.96046e-08#1#0#0#
0#0#0#1#
2025-04-17T20:48:38.062946 [DEBUG] [14155]animator.hpp:82:calculateFinalTransform > 当前节点名称#骨骼
2025-04-17T20:48:38.063155 [DEBUG] [14155]keyframe.hpp:95:interpolate > 模型变换矩阵#
0.893366#4.47035e-08#-0.44933#0#
-0.44933#-1.19209e-07#-0.893366#0#
-4.47035e-08#1#-1.19209e-07#0#
0#0#0#1#
2025-04-17T20:48:38.079593 [DEBUG] [14155]animator.hpp:82:calculateFinalTransform > 当前节点名称#骨骼
2025-04-17T20:48:38.079787 [DEBUG] [14155]keyframe.hpp:95:interpolate > 模型变换矩阵#
0.972665#2.98023e-08#-0.232214#0#
-0.232214#1.19209e-07#-0.972665#0#
7.45058e-09#1#1.19209e-07#0#
0#0#0#1#
2025-04-17T20:48:38.096051 [DEBUG] [14155]animator.hpp:82:calculateFinalTransform > 当前节点名称#骨骼
2025-04-17T20:48:38.096279 [DEBUG] [14155]keyframe.hpp:95:interpolate > 模型变换矩阵#
0.99999#1.16415e-09#-0.00441363#0#
-0.00441363#3.57628e-07#-0.99999#0#
2.32831e-10#1#3.57628e-07#0#
0#0#0#1#
2025-04-17T20:48:38.112742 [DEBUG] [14155]animator.hpp:82:calculateFinalTransform > 当前节点名称#骨骼
2025-04-17T20:48:38.112968 [DEBUG] [14155]keyframe.hpp:95:interpolate > 模型变换矩阵#
0.975281#-5.21541e-08#0.22097#0#
0.22097#1.78814e-07#-0.975281#0#
-7.45058e-09#1#1.78814e-07#0#
0#0#0#1#
2025-04-17T20:48:38.129384 [DEBUG] [14155]animator.hpp:82:calculateFinalTransform > 当前节点名称#骨骼
2025-04-17T20:48:38.129610 [DEBUG] [14155]keyframe.hpp:95:interpolate > 模型变换矩阵#
0.898958#-8.9407e-08#0.438035#0#
0.438035#1.19209e-07#-0.898958#0#
2.98023e-08#1#1.19209e-07#0#
0#0#0#1#
2025-04-17T20:48:38.145880 [DEBUG] [14155]animator.hpp:82:calculateFinalTransform > 当前节点名称#骨骼
2025-04-17T20:48:38.146118 [DEBUG] [14155]keyframe.hpp:95:interpolate > 模型变换矩阵#
0.789359#-1.49012e-07#0.613931#0#
0.613931#0#-0.789359#0#
8.9407e-08#1#5.96046e-08#0#
0#0#0#1#
2025-04-17T20:48:38.162714 [DEBUG] [14155]animator.hpp:82:calculateFinalTransform > 当前节点名称#骨骼
2025-04-17T20:48:38.162926 [DEBUG] [14155]keyframe.hpp:95:interpolate > 模型变换矩阵#
0.665691#-1.78814e-07#0.746228#0#
0.746228#5.96046e-08#-0.665691#0#
5.96046e-08#1#1.19209e-07#0#
0#0#0#1#
2025-04-17T20:48:38.179326 [DEBUG] [14155]animator.hpp:82:calculateFinalTransform > 当前节点名称#骨骼
2025-04-17T20:48:38.179572 [DEBUG] [14155]keyframe.hpp:95:interpolate > 模型变换矩阵#
0.517224#-2.38419e-07#0.85585#0#
0.85585#5.96046e-08#-0.517224#0#
5.96046e-08#1#2.38419e-07#0#
0#0#0#1#
2025-04-17T20:48:38.195264 [DEBUG] [14155]animator.hpp:82:calculateFinalTransform > 当前节点名称#骨骼
2025-04-17T20:48:38.195371 [DEBUG] [14155]keyframe.hpp:95:interpolate > 模型变换矩阵#
0.407201#-2.38419e-07#0.913338#0#
0.913339#0#-0.407201#0#
-2.98023e-08#1#1.19209e-07#0#
0#0#0#1#
2025-04-17T20:48:38.211931 [DEBUG] [14155]animator.hpp:82:calculateFinalTransform > 当前节点名称#骨骼
2025-04-17T20:48:38.212010 [DEBUG] [14155]keyframe.hpp:95:interpolate > 模型变换矩阵#
0.297391#-3.8743e-07#0.954756#0#
0.954756#1.78814e-07#-0.297391#0#
-1.19209e-07#1#3.57628e-07#0#
0#0#0#1#
2025-04-17T20:48:38.228606 [DEBUG] [14155]animator.hpp:82:calculateFinalTransform > 当前节点名称#骨骼
2025-04-17T20:48:38.228703 [DEBUG] [14155]keyframe.hpp:95:interpolate > 模型变换矩阵#
0.200467#-2.38419e-07#0.9797#0#
0.9797#2.38419e-07#-0.200467#0#
-1.78814e-07#1#2.38419e-07#0#
0#0#0#1#
2025-04-17T20:48:38.245232 [DEBUG] [14155]animator.hpp:82:calculateFinalTransform > 当前节点名称#骨骼
2025-04-17T20:48:38.245306 [DEBUG] [14155]keyframe.hpp:95:interpolate > 模型变换矩阵#
0.132017#-1.49012e-07#0.991247#0#
0.991248#0#-0.132017#0#
2.98023e-08#1#1.19209e-07#0#
0#0#0#1#
2025-04-17T20:48:38.262109 [DEBUG] [14155]animator.hpp:82:calculateFinalTransform > 当前节点名称#骨骼
2025-04-17T20:48:38.262233 [DEBUG] [14155]keyframe.hpp:95:interpolate > 模型变换矩阵#
0.063082#8.9407e-08#0.998008#0#
0.998008#-3.57628e-07#-0.063082#0#
2.68221e-07#1#-1.19209e-07#0#
0#0#0#1#
2025-04-17T20:48:38.278936 [DEBUG] [14155]animator.hpp:82:calculateFinalTransform > 当前节点名称#骨骼
2025-04-17T20:48:38.279071 [DEBUG] [14155]keyframe.hpp:95:interpolate > 模型变换矩阵#
0.0360997#-5.96046e-08#0.999348#0#
0.999348#-2.38419e-07#-0.0360998#0#
1.78814e-07#1#0#0#
0#0#0#1#
2025-04-17T20:48:38.295715 [DEBUG] [14155]animator.hpp:82:calculateFinalTransform > 当前节点名称#骨骼
2025-04-17T20:48:38.295892 [DEBUG] [14155]keyframe.hpp:95:interpolate > 模型变换矩阵#
0.012982#-5.96046e-08#0.999916#0#
0.999916#-3.57628e-07#-0.0129822#0#
1.78814e-07#1#-1.19209e-07#0#
0#0#0#1#
